[2023-07-19 13:02:58,658][shap][INFO] - num_full_subsets = 1
[2023-07-19 13:02:58,660][shap][INFO] - phi = [  1.79882456 -50.27031168 -25.48153396]
[2023-07-19 13:02:58,665][shap][INFO] - num_full_subsets = 1
[2023-07-19 13:02:58,668][shap][INFO] - phi = [  1.83546588 -32.74406285 -20.66104493]
[2023-07-19 13:02:58,674][shap][INFO] - num_full_subsets = 1
[2023-07-19 13:02:58,677][shap][INFO] - phi = [  1.697067   -15.95572939 -16.08281046]
[2023-07-19 13:02:58,682][shap][INFO] - num_full_subsets = 1
[2023-07-19 13:02:58,684][shap][INFO] - phi = [  1.18352415   1.94073835 -11.1534952 ]
[2023-07-19 13:02:58,688][shap][INFO] - num_full_subsets = 1
[2023-07-19 13:02:58,690][shap][INFO] - phi = [ 1.42007716 19.17869588 -6.90173945]
[2023-07-19 13:02:58,694][shap][INFO] - num_full_subsets = 1
[2023-07-19 13:02:58,696][shap][INFO] - phi = [ 1.44567084 37.67152612 -2.2989029 ]
[2023-07-19 13:02:58,701][shap][INFO] - num_full_subsets = 1
[2023-07-19 13:02:58,703][shap][INFO] - phi = [ 1.16165463 92.84045256 11.13392386]
[2023-07-19 13:02:58,707][shap][INFO] - num_full_subsets = 1
[2023-07-19 13:02:58,709][shap][INFO] - phi = [  1.14406392 171.37310433  29.06076092]
[2023-07-19 13:02:58,716][shap][INFO] - num_full_subsets = 1
[2023-07-19 13:02:58,718][shap][INFO] - phi = [  2.23767264 -56.71194776 -40.67794002]
[2023-07-19 13:02:58,723][shap][INFO] - num_full_subsets = 1
[2023-07-19 13:02:58,725][shap][INFO] - phi = [  1.20254113 -71.03386066 -30.53385959]
[2023-07-19 13:02:58,730][shap][INFO] - num_full_subsets = 1
[2023-07-19 13:02:58,732][shap][INFO] - phi = [  1.18804069 -15.90188757 -15.75633174]
[2023-07-19 13:02:58,738][shap][INFO] - num_full_subsets = 1
[2023-07-19 13:02:58,741][shap][INFO] - phi = [-2.70874944 -4.06413889 45.07414349]
[2023-07-19 13:02:58,747][shap][INFO] - num_full_subsets = 1
[2023-07-19 13:02:58,748][shap][INFO] - phi = [-17.57199178 -30.43115001 239.63090305]
[2023-07-19 13:02:58,752][shap][INFO] - num_full_subsets = 1
[2023-07-19 13:02:58,754][shap][INFO] - phi = [ -1.60195781 -17.8132064  -16.04747826]
[2023-07-19 13:02:58,761][shap][INFO] - num_full_subsets = 1
[2023-07-19 13:02:58,764][shap][INFO] - phi = [  1.73187799 -32.6975901  -20.55221869]
[2023-07-19 13:02:58,770][shap][INFO] - num_full_subsets = 1
[2023-07-19 13:02:58,772][shap][INFO] - phi = [  1.15285927 131.50300261  20.09734239]
[2023-07-19 13:02:58,776][shap][INFO] - num_full_subsets = 1
[2023-07-19 13:02:58,777][shap][INFO] - phi = [  1.51516868 -67.01788611 -30.38624716]
[2023-07-19 13:02:58,782][shap][INFO] - num_full_subsets = 1
[2023-07-19 13:02:58,785][shap][INFO] - phi = [ -1.10917692  -9.13417748 -47.65411797]
[2023-07-19 13:02:58,790][shap][INFO] - num_full_subsets = 1
[2023-07-19 13:02:58,793][shap][INFO] - phi = [  0.29146433 -33.60994877 -44.19410372]
[2023-07-19 13:02:58,798][shap][INFO] - num_full_subsets = 1
[2023-07-19 13:02:58,800][shap][INFO] - phi = [  1.98590307 -17.1216222  -16.61524966]
[2023-07-19 13:02:58,811][shap][INFO] - num_full_subsets = 1
[2023-07-19 13:02:58,815][shap][INFO] - phi = [ -1.65528818 -54.21457453 -18.05036985]
[2023-07-19 13:02:58,821][shap][INFO] - num_full_subsets = 1
[2023-07-19 13:02:58,824][shap][INFO] - phi = [ -1.70785234 -36.29779964 -15.28738607]
[2023-07-19 13:02:58,828][shap][INFO] - num_full_subsets = 1
[2023-07-19 13:02:58,829][shap][INFO] - phi = [ -1.41444388 -18.20983655 -12.55025954]
[2023-07-19 13:02:58,833][shap][INFO] - num_full_subsets = 1
[2023-07-19 13:02:58,835][shap][INFO] - phi = [-0.56851057  1.81093542 -9.47467117]
[2023-07-19 13:02:58,841][shap][INFO] - num_full_subsets = 1
[2023-07-19 13:02:58,844][shap][INFO] - phi = [-0.74465875 21.38282676 -7.04613558]
[2023-07-19 13:02:58,851][shap][INFO] - num_full_subsets = 1
[2023-07-19 13:02:58,853][shap][INFO] - phi = [-0.62404948 42.49009149 -4.32641907]
[2023-07-19 13:02:58,856][shap][INFO] - num_full_subsets = 1
[2023-07-19 13:02:58,859][shap][INFO] - phi = [4.11546608e-03 1.04220041e+02 3.50698340e+00]
[2023-07-19 13:02:58,862][shap][INFO] - num_full_subsets = 1
[2023-07-19 13:02:58,864][shap][INFO] - phi = [  0.42641094 181.57844092  12.63097494]
[2023-07-19 13:02:58,870][shap][INFO] - num_full_subsets = 1
[2023-07-19 13:02:58,873][shap][INFO] - phi = [  2.52289693 -69.06170608 -26.40561683]
[2023-07-19 13:02:58,879][shap][INFO] - num_full_subsets = 1
[2023-07-19 13:02:58,882][shap][INFO] - phi = [ -1.01447581 -75.90286392 -20.1169338 ]
[2023-07-19 13:02:58,886][shap][INFO] - num_full_subsets = 1
[2023-07-19 13:02:58,888][shap][INFO] - phi = [ -0.68225278 -18.21278738 -12.13743742]
[2023-07-19 13:02:58,892][shap][INFO] - num_full_subsets = 1
[2023-07-19 13:02:58,893][shap][INFO] - phi = [  2.41598463 -16.86542092  57.42722613]
[2023-07-19 13:02:58,899][shap][INFO] - num_full_subsets = 1
[2023-07-19 13:02:58,901][shap][INFO] - phi = [ 10.8275799   13.47440641 162.63547747]
[2023-07-19 13:02:58,907][shap][INFO] - num_full_subsets = 1
[2023-07-19 13:02:58,910][shap][INFO] - phi = [ -1.12680028 -30.72978802  -4.23173458]
[2023-07-19 13:02:58,915][shap][INFO] - num_full_subsets = 1
[2023-07-19 13:02:58,917][shap][INFO] - phi = [ -1.62976546 -36.34676134 -15.15125561]
[2023-07-19 13:02:58,921][shap][INFO] - num_full_subsets = 1
[2023-07-19 13:02:58,924][shap][INFO] - phi = [  0.22436773 144.32941156   8.31851021]
[2023-07-19 13:02:58,930][shap][INFO] - num_full_subsets = 1
[2023-07-19 13:02:58,932][shap][INFO] - phi = [-5.18677556e-02 -6.90465068e+01 -2.08392392e+01]
[2023-07-19 13:02:58,937][shap][INFO] - num_full_subsets = 1
[2023-07-19 13:02:58,939][shap][INFO] - phi = [ -2.40877273 -12.0064471  -40.44362504]
[2023-07-19 13:02:58,943][shap][INFO] - num_full_subsets = 1
[2023-07-19 13:02:58,945][shap][INFO] - phi = [ -2.18904429 -43.9408221  -35.41719756]
[2023-07-19 13:02:58,949][shap][INFO] - num_full_subsets = 1
[2023-07-19 13:02:58,951][shap][INFO] - phi = [ -0.60357327 -28.45083941  -3.04089083]
[2023-07-19 13:02:59,720][shap][INFO] - num_full_subsets = 1
[2023-07-19 13:02:59,731][shap][INFO] - phi = [ 11.04532495 -79.36310196 -10.7335155 ]
[2023-07-19 13:02:59,742][shap][INFO] - num_full_subsets = 1
[2023-07-19 13:02:59,751][shap][INFO] - phi = [  2.85855395 -37.97337149 -10.73352354]
[2023-07-19 13:02:59,760][shap][INFO] - num_full_subsets = 1
[2023-07-19 13:02:59,769][shap][INFO] - phi = [  3.57197361 -22.16713517 -10.73352621]
[2023-07-19 13:02:59,779][shap][INFO] - num_full_subsets = 1
[2023-07-19 13:02:59,788][shap][INFO] - phi = [  2.56730818   3.62781562 -10.73354362]
[2023-07-19 13:02:59,801][shap][INFO] - num_full_subsets = 1
[2023-07-19 13:02:59,810][shap][INFO] - phi = [-57.26705704  74.00879794 -10.73354512]
[2023-07-19 13:02:59,821][shap][INFO] - num_full_subsets = 1
[2023-07-19 13:02:59,832][shap][INFO] - phi = [-57.26693096 101.09952613 -10.73351041]
[2023-07-19 13:02:59,844][shap][INFO] - num_full_subsets = 1
[2023-07-19 13:02:59,852][shap][INFO] - phi = [  2.56721453 126.40332793 -10.73347247]
[2023-07-19 13:02:59,862][shap][INFO] - num_full_subsets = 1
[2023-07-19 13:02:59,871][shap][INFO] - phi = [  2.56728383 180.26046434 -10.73350045]
[2023-07-19 13:02:59,883][shap][INFO] - num_full_subsets = 1
[2023-07-19 13:02:59,892][shap][INFO] - phi = [ 10.33844442 -90.66874096 -10.51939494]
[2023-07-19 13:02:59,902][shap][INFO] - num_full_subsets = 1
[2023-07-19 13:02:59,911][shap][INFO] - phi = [  2.56731146 -90.66873086 -10.73351112]
[2023-07-19 13:02:59,921][shap][INFO] - num_full_subsets = 1
[2023-07-19 13:02:59,930][shap][INFO] - phi = [  2.56729995 -22.16713394 -10.73353058]
[2023-07-19 13:02:59,942][shap][INFO] - num_full_subsets = 1
[2023-07-19 13:02:59,951][shap][INFO] - phi = [ 14.60911471 -27.98319472  50.053426  ]
[2023-07-19 13:02:59,961][shap][INFO] - num_full_subsets = 1
[2023-07-19 13:02:59,971][shap][INFO] - phi = [ 14.60909494 127.36966141  50.05302189]
[2023-07-19 13:02:59,982][shap][INFO] - num_full_subsets = 1
[2023-07-19 13:02:59,991][shap][INFO] - phi = [ 14.60904129 -81.56202926  35.493746  ]
[2023-07-19 13:03:00,002][shap][INFO] - num_full_subsets = 1
[2023-07-19 13:03:00,010][shap][INFO] - phi = [  1.41993358 -37.97340372 -10.73353061]
[2023-07-19 13:03:00,023][shap][INFO] - num_full_subsets = 1
[2023-07-19 13:03:00,031][shap][INFO] - phi = [  2.56728383 180.26046434 -10.73350045]
[2023-07-19 13:03:00,041][shap][INFO] - num_full_subsets = 1
[2023-07-19 13:03:00,049][shap][INFO] - phi = [ 11.04531785 -92.36753419 -10.73351267]
[2023-07-19 13:03:00,059][shap][INFO] - num_full_subsets = 1
[2023-07-19 13:03:00,068][shap][INFO] - phi = [ 14.60905166 -55.24122901 -10.51940546]
[2023-07-19 13:03:00,080][shap][INFO] - num_full_subsets = 1
[2023-07-19 13:03:00,089][shap][INFO] - phi = [  0.89165425 -84.79109681 -10.51940176]
[2023-07-19 13:03:00,100][shap][INFO] - num_full_subsets = 1
[2023-07-19 13:03:00,109][shap][INFO] - phi = [ -0.47721897 -70.10335564  35.49373103]
[2023-07-19 13:03:00,679][shap][INFO] - num_full_subsets = 1
[2023-07-19 13:03:00,681][shap][INFO] - phi = [  3.93454846 -62.89523049 -18.14039932]
[2023-07-19 13:03:00,685][shap][INFO] - num_full_subsets = 1
[2023-07-19 13:03:00,687][shap][INFO] - phi = [  3.72142755 -36.58881168 -14.24496404]
[2023-07-19 13:03:00,691][shap][INFO] - num_full_subsets = 1
[2023-07-19 13:03:00,693][shap][INFO] - phi = [  0.81627274 -14.94008639 -11.86770419]
[2023-07-19 13:03:00,697][shap][INFO] - num_full_subsets = 1
[2023-07-19 13:03:00,699][shap][INFO] - phi = [ -1.21928803   5.26471171 -10.71948389]
[2023-07-19 13:03:00,703][shap][INFO] - num_full_subsets = 1
[2023-07-19 13:03:00,705][shap][INFO] - phi = [-0.57749008 24.48976875 -8.37221118]
[2023-07-19 13:03:00,709][shap][INFO] - num_full_subsets = 1
[2023-07-19 13:03:00,711][shap][INFO] - phi = [-0.48799804 44.85510008 -6.45392533]
[2023-07-19 13:03:00,715][shap][INFO] - num_full_subsets = 1
[2023-07-19 13:03:00,717][shap][INFO] - phi = [ -1.09304811 110.19958323  -0.19847436]
[2023-07-19 13:03:00,721][shap][INFO] - num_full_subsets = 1
[2023-07-19 13:03:00,723][shap][INFO] - phi = [ -0.65471963 178.90446147   3.54832246]
[2023-07-19 13:03:00,727][shap][INFO] - num_full_subsets = 1
[2023-07-19 13:03:00,728][shap][INFO] - phi = [ -0.98922348 -52.24283967 -35.25569523]
[2023-07-19 13:03:00,732][shap][INFO] - num_full_subsets = 1
[2023-07-19 13:03:00,735][shap][INFO] - phi = [ -1.00945697 -73.20337104 -20.2776332 ]
[2023-07-19 13:03:00,741][shap][INFO] - num_full_subsets = 1
[2023-07-19 13:03:00,743][shap][INFO] - phi = [ -1.23766619 -14.96520758 -12.84429566]
[2023-07-19 13:03:00,747][shap][INFO] - num_full_subsets = 1
[2023-07-19 13:03:00,750][shap][INFO] - phi = [ -1.71455303 -22.20390181  67.11793714]
[2023-07-19 13:03:00,756][shap][INFO] - num_full_subsets = 1
[2023-07-19 13:03:00,758][shap][INFO] - phi = [ -3.69781695  14.0198026  171.58493152]
[2023-07-19 13:03:00,762][shap][INFO] - num_full_subsets = 1
[2023-07-19 13:03:00,764][shap][INFO] - phi = [ -0.91995393 -38.36633376   6.69624958]
[2023-07-19 13:03:00,770][shap][INFO] - num_full_subsets = 1
[2023-07-19 13:03:00,772][shap][INFO] - phi = [  2.81495506 -36.87383874 -14.55895333]
[2023-07-19 13:03:00,776][shap][INFO] - num_full_subsets = 1
[2023-07-19 13:03:00,777][shap][INFO] - phi = [ -0.83482532 151.1631088    3.17432523]
[2023-07-19 13:03:00,782][shap][INFO] - num_full_subsets = 1
[2023-07-19 13:03:00,784][shap][INFO] - phi = [  2.14234395 -77.92427648 -19.06780777]
[2023-07-19 13:03:00,788][shap][INFO] - num_full_subsets = 1
[2023-07-19 13:03:00,790][shap][INFO] - phi = [  3.87383593 -12.80611569 -43.73439614]
[2023-07-19 13:03:00,794][shap][INFO] - num_full_subsets = 1
[2023-07-19 13:03:00,796][shap][INFO] - phi = [ -1.69678789 -51.38934378 -38.14915586]
[2023-07-19 13:03:00,800][shap][INFO] - num_full_subsets = 1
[2023-07-19 13:03:00,802][shap][INFO] - phi = [ -1.17055605 -34.49717951   1.76333359]
[2023-07-19 13:03:02,027][shap][INFO] - num_full_subsets = 1
[2023-07-19 13:03:02,039][shap][INFO] - phi = [  3.78085245 -61.68580466 -18.10145466]
[2023-07-19 13:03:02,056][shap][INFO] - num_full_subsets = 1
[2023-07-19 13:03:02,067][shap][INFO] - phi = [  1.67689876 -35.90101141 -15.23172965]
[2023-07-19 13:03:02,080][shap][INFO] - num_full_subsets = 1
[2023-07-19 13:03:02,093][shap][INFO] - phi = [  1.16771737 -17.81819687 -12.8085751 ]
[2023-07-19 13:03:02,106][shap][INFO] - num_full_subsets = 1
[2023-07-19 13:03:02,118][shap][INFO] - phi = [  0.49075843   3.16105027 -10.52029847]
[2023-07-19 13:03:02,132][shap][INFO] - num_full_subsets = 1
[2023-07-19 13:03:02,144][shap][INFO] - phi = [-14.29228218  34.76502233  -8.26340783]
[2023-07-19 13:03:02,158][shap][INFO] - num_full_subsets = 1
[2023-07-19 13:03:02,171][shap][INFO] - phi = [-14.23332691  56.52906095  -5.95318943]
[2023-07-19 13:03:02,185][shap][INFO] - num_full_subsets = 1
[2023-07-19 13:03:02,196][shap][INFO] - phi = [  0.65998413 108.41585124   0.9272401 ]
[2023-07-19 13:03:02,208][shap][INFO] - num_full_subsets = 1
[2023-07-19 13:03:02,221][shap][INFO] - phi = [  0.87075976 178.02911777   8.62663947]
[2023-07-19 13:03:02,235][shap][INFO] - num_full_subsets = 1
[2023-07-19 13:03:02,246][shap][INFO] - phi = [  3.52744763 -67.17130862 -28.21466176]
[2023-07-19 13:03:02,260][shap][INFO] - num_full_subsets = 1
[2023-07-19 13:03:02,272][shap][INFO] - phi = [  0.43647995 -77.70220662 -20.41548443]
[2023-07-19 13:03:02,285][shap][INFO] - num_full_subsets = 1
[2023-07-19 13:03:02,296][shap][INFO] - phi = [  0.45885542 -17.81175412 -12.86789885]
[2023-07-19 13:03:02,309][shap][INFO] - num_full_subsets = 1
[2023-07-19 13:03:02,321][shap][INFO] - phi = [  3.15044922 -17.77916408  54.91818319]
[2023-07-19 13:03:02,336][shap][INFO] - num_full_subsets = 1
[2023-07-19 13:03:02,347][shap][INFO] - phi = [  1.04171653  31.1081801  155.97608348]
[2023-07-19 13:03:02,364][shap][INFO] - num_full_subsets = 1
[2023-07-19 13:03:02,376][shap][INFO] - phi = [  2.74008232 -42.11783936   5.47769569]
[2023-07-19 13:03:02,391][shap][INFO] - num_full_subsets = 1
[2023-07-19 13:03:02,402][shap][INFO] - phi = [  1.0842503  -35.97289847 -15.24898956]
[2023-07-19 13:03:02,418][shap][INFO] - num_full_subsets = 1
[2023-07-19 13:03:02,429][shap][INFO] - phi = [  0.77742138 151.81399683   5.21416935]
[2023-07-19 13:03:02,442][shap][INFO] - num_full_subsets = 1
[2023-07-19 13:03:02,454][shap][INFO] - phi = [  3.66274068 -76.58905091 -20.2567017 ]
[2023-07-19 13:03:02,468][shap][INFO] - num_full_subsets = 1
[2023-07-19 13:03:02,480][shap][INFO] - phi = [  3.74123448 -22.29699232 -35.58788615]
[2023-07-19 13:03:02,495][shap][INFO] - num_full_subsets = 1
[2023-07-19 13:03:02,507][shap][INFO] - phi = [ -0.6756784  -53.43280286 -32.06996472]
[2023-07-19 13:03:02,521][shap][INFO] - num_full_subsets = 1
[2023-07-19 13:03:02,532][shap][INFO] - phi = [ -0.0663613  -37.54324919   4.40023103]
[2023-07-19 13:03:03,209][shap][INFO] - num_full_subsets = 1
[2023-07-19 13:03:03,214][shap][INFO] - phi = [ -1.23783802 -58.64471875]
[2023-07-19 13:03:03,218][shap][INFO] - num_full_subsets = 1
[2023-07-19 13:03:03,220][shap][INFO] - phi = [ -0.58532217 -35.35273134]
[2023-07-19 13:03:03,223][shap][INFO] - num_full_subsets = 1
[2023-07-19 13:03:03,225][shap][INFO] - phi = [ -0.1224989  -13.45242513]
[2023-07-19 13:03:03,228][shap][INFO] - num_full_subsets = 1
[2023-07-19 13:03:03,229][shap][INFO] - phi = [0.24984803 9.46023726]
[2023-07-19 13:03:03,232][shap][INFO] - num_full_subsets = 1
[2023-07-19 13:03:03,234][shap][INFO] - phi = [ 0.20596381 31.15130425]
[2023-07-19 13:03:03,237][shap][INFO] - num_full_subsets = 1
[2023-07-19 13:03:03,239][shap][INFO] - phi = [ 0.24481651 54.02794069]
[2023-07-19 13:03:03,242][shap][INFO] - num_full_subsets = 1
[2023-07-19 13:03:03,243][shap][INFO] - phi = [  0.21664882 120.0099909 ]
[2023-07-19 13:03:03,246][shap][INFO] - num_full_subsets = 1
[2023-07-19 13:03:03,248][shap][INFO] - phi = [1.89945111e-01 2.08930445e+02]
[2023-07-19 13:03:03,251][shap][INFO] - num_full_subsets = 1
[2023-07-19 13:03:03,252][shap][INFO] - phi = [  -1.57129408 -105.954887  ]
[2023-07-19 13:03:03,255][shap][INFO] - num_full_subsets = 1
[2023-07-19 13:03:03,257][shap][INFO] - phi = [  0.27871691 -86.6699833 ]
[2023-07-19 13:03:03,260][shap][INFO] - num_full_subsets = 1
[2023-07-19 13:03:03,262][shap][INFO] - phi = [  0.25670439 -13.37069012]
[2023-07-19 13:03:03,265][shap][INFO] - num_full_subsets = 1
[2023-07-19 13:03:03,266][shap][INFO] - phi = [  1.22224515 -29.82792656]
[2023-07-19 13:03:03,269][shap][INFO] - num_full_subsets = 1
[2023-07-19 13:03:03,271][shap][INFO] - phi = [ 0.42511803 42.80752361]
[2023-07-19 13:03:03,274][shap][INFO] - num_full_subsets = 1
[2023-07-19 13:03:03,275][shap][INFO] - phi = [  1.54774174 -55.94617957]
[2023-07-19 13:03:03,278][shap][INFO] - num_full_subsets = 1
[2023-07-19 13:03:03,280][shap][INFO] - phi = [ -0.41561776 -35.28218302]
[2023-07-19 13:03:03,283][shap][INFO] - num_full_subsets = 1
[2023-07-19 13:03:03,284][shap][INFO] - phi = [  0.20329697 164.4702179 ]
[2023-07-19 13:03:03,287][shap][INFO] - num_full_subsets = 1
[2023-07-19 13:03:03,289][shap][INFO] - phi = [ -2.82804964 -81.37494503]
[2023-07-19 13:03:03,292][shap][INFO] - num_full_subsets = 1
[2023-07-19 13:03:03,293][shap][INFO] - phi = [ 0.94113446 -7.27125351]
[2023-07-19 13:03:03,296][shap][INFO] - num_full_subsets = 1
[2023-07-19 13:03:03,298][shap][INFO] - phi = [  0.9125076  -56.88493974]
[2023-07-19 13:03:03,301][shap][INFO] - num_full_subsets = 1
[2023-07-19 13:03:03,302][shap][INFO] - phi = [ -0.13406698 -50.82479646]
[2023-07-19 13:03:03,311][shap][INFO] - num_full_subsets = 1
[2023-07-19 13:03:03,313][shap][INFO] - phi = [-21.40594386 -51.11245642]
[2023-07-19 13:03:03,316][shap][INFO] - num_full_subsets = 1
[2023-07-19 13:03:03,317][shap][INFO] - phi = [-16.3920135  -33.53696853]
[2023-07-19 13:03:03,320][shap][INFO] - num_full_subsets = 1
[2023-07-19 13:03:03,321][shap][INFO] - phi = [-10.81913158 -16.09179194]
[2023-07-19 13:03:03,324][shap][INFO] - num_full_subsets = 1
[2023-07-19 13:03:03,326][shap][INFO] - phi = [-1.43951507  3.18550845]
[2023-07-19 13:03:03,329][shap][INFO] - num_full_subsets = 1
[2023-07-19 13:03:03,330][shap][INFO] - phi = [-4.73272989 22.11966741]
[2023-07-19 13:03:03,333][shap][INFO] - num_full_subsets = 1
[2023-07-19 13:03:03,334][shap][INFO] - phi = [-4.76463092 42.81690562]
[2023-07-19 13:03:03,337][shap][INFO] - num_full_subsets = 1
[2023-07-19 13:03:03,339][shap][INFO] - phi = [ -1.41225599 106.951571  ]
[2023-07-19 13:03:03,342][shap][INFO] - num_full_subsets = 1
[2023-07-19 13:03:03,343][shap][INFO] - phi = [ -1.39033021 202.56291405]
[2023-07-19 13:03:03,346][shap][INFO] - num_full_subsets = 1
[2023-07-19 13:03:03,348][shap][INFO] - phi = [-18.40770317 -85.3619157 ]
[2023-07-19 13:03:03,351][shap][INFO] - num_full_subsets = 1
[2023-07-19 13:03:03,352][shap][INFO] - phi = [ -1.46321862 -73.43893507]
[2023-07-19 13:03:03,355][shap][INFO] - num_full_subsets = 1
[2023-07-19 13:03:03,357][shap][INFO] - phi = [ -1.44514467 -16.15890261]
[2023-07-19 13:03:03,360][shap][INFO] - num_full_subsets = 1
[2023-07-19 13:03:03,361][shap][INFO] - phi = [ 19.85435287 -30.25596526]
[2023-07-19 13:03:03,364][shap][INFO] - num_full_subsets = 1
[2023-07-19 13:03:03,365][shap][INFO] - phi = [70.43615685 35.31924945]
[2023-07-19 13:03:03,368][shap][INFO] - num_full_subsets = 1
[2023-07-19 13:03:03,370][shap][INFO] - phi = [ 19.58709537 -51.41438431]
[2023-07-19 13:03:03,373][shap][INFO] - num_full_subsets = 1
[2023-07-19 13:03:03,374][shap][INFO] - phi = [-13.60530615 -33.59489407]
[2023-07-19 13:03:03,377][shap][INFO] - num_full_subsets = 1
[2023-07-19 13:03:03,379][shap][INFO] - phi = [ -1.4012931  153.40347312]
[2023-07-19 13:03:03,382][shap][INFO] - num_full_subsets = 1
[2023-07-19 13:03:03,383][shap][INFO] - phi = [-32.21050009 -66.55902436]
[2023-07-19 13:03:03,386][shap][INFO] - num_full_subsets = 1
[2023-07-19 13:03:03,387][shap][INFO] - phi = [ 20.08516617 -11.21245181]
[2023-07-19 13:03:03,390][shap][INFO] - num_full_subsets = 1
[2023-07-19 13:03:03,392][shap][INFO] - phi = [  8.60893152 -51.60072709]
[2023-07-19 13:03:03,395][shap][INFO] - num_full_subsets = 1
[2023-07-19 13:03:03,396][shap][INFO] - phi = [ -7.68198595 -46.02087195]
[2023-07-19 13:03:04,365][shap][INFO] - num_full_subsets = 1
[2023-07-19 13:03:04,373][shap][INFO] - phi = [  2.49852474 -78.91406629]
[2023-07-19 13:03:04,378][shap][INFO] - num_full_subsets = 1
[2023-07-19 13:03:04,380][shap][INFO] - phi = [ -0.19024024 -47.52209239]
[2023-07-19 13:03:04,391][shap][INFO] - num_full_subsets = 1
[2023-07-19 13:03:04,394][shap][INFO] - phi = [  1.73515732 -28.19550631]
[2023-07-19 13:03:04,400][shap][INFO] - num_full_subsets = 1
[2023-07-19 13:03:04,403][shap][INFO] - phi = [  1.80618556 -10.41762707]
[2023-07-19 13:03:04,410][shap][INFO] - num_full_subsets = 1
[2023-07-19 13:03:04,413][shap][INFO] - phi = [-87.74397895  91.52875478]
[2023-07-19 13:03:04,418][shap][INFO] - num_full_subsets = 1
[2023-07-19 13:03:04,420][shap][INFO] - phi = [-87.74384124 122.41984479]
[2023-07-19 13:03:04,425][shap][INFO] - num_full_subsets = 1
[2023-07-19 13:03:04,431][shap][INFO] - phi = [  1.80621998 151.36046045]
[2023-07-19 13:03:04,436][shap][INFO] - num_full_subsets = 1
[2023-07-19 13:03:04,438][shap][INFO] - phi = [  1.80621998 151.36046045]
[2023-07-19 13:03:04,445][shap][INFO] - num_full_subsets = 1
[2023-07-19 13:03:04,448][shap][INFO] - phi = [  2.49854167 -96.09300587]
[2023-07-19 13:03:04,457][shap][INFO] - num_full_subsets = 1
[2023-07-19 13:03:04,461][shap][INFO] - phi = [  1.80622528 -96.09303224]
[2023-07-19 13:03:04,467][shap][INFO] - num_full_subsets = 1
[2023-07-19 13:03:04,469][shap][INFO] - phi = [  1.80623136 -28.19546676]
[2023-07-19 13:03:04,473][shap][INFO] - num_full_subsets = 1
[2023-07-19 13:03:04,475][shap][INFO] - phi = [41.71327567 -0.49866738]
[2023-07-19 13:03:04,480][shap][INFO] - num_full_subsets = 1
[2023-07-19 13:03:04,482][shap][INFO] - phi = [ 41.7133368  149.67349744]
[2023-07-19 13:03:04,491][shap][INFO] - num_full_subsets = 1
[2023-07-19 13:03:04,494][shap][INFO] - phi = [ 41.71336522 -71.09054618]
[2023-07-19 13:03:04,503][shap][INFO] - num_full_subsets = 1
[2023-07-19 13:03:04,506][shap][INFO] - phi = [ -4.0040061  -47.52212353]
[2023-07-19 13:03:04,513][shap][INFO] - num_full_subsets = 1
[2023-07-19 13:03:04,516][shap][INFO] - phi = [  1.80621998 151.36046045]
[2023-07-19 13:03:04,520][shap][INFO] - num_full_subsets = 1
[2023-07-19 13:03:04,522][shap][INFO] - phi = [  2.49854167 -96.09300587]
[2023-07-19 13:03:04,527][shap][INFO] - num_full_subsets = 1
[2023-07-19 13:03:04,529][shap][INFO] - phi = [ 41.71339872 -96.86964386]
[2023-07-19 13:03:04,533][shap][INFO] - num_full_subsets = 1
[2023-07-19 13:03:04,536][shap][INFO] - phi = [ -3.526372  -89.3082541]
[2023-07-19 13:03:04,540][shap][INFO] - num_full_subsets = 1
[2023-07-19 13:03:04,542][shap][INFO] - phi = [ -3.7130054  -30.89044051]
[2023-07-19 13:03:04,724][shap][INFO] - num_full_subsets = 1
[2023-07-19 13:03:04,725][shap][INFO] - phi = [-17.22430275 -50.64631589]
[2023-07-19 13:03:04,728][shap][INFO] - num_full_subsets = 1
[2023-07-19 13:03:04,730][shap][INFO] - phi = [-12.95022807 -33.40297079]
[2023-07-19 13:03:04,733][shap][INFO] - num_full_subsets = 1
[2023-07-19 13:03:04,734][shap][INFO] - phi = [-10.93877421 -15.07966323]
[2023-07-19 13:03:04,737][shap][INFO] - num_full_subsets = 1
[2023-07-19 13:03:04,738][shap][INFO] - phi = [-11.56027369   7.38203462]
[2023-07-19 13:03:04,741][shap][INFO] - num_full_subsets = 1
[2023-07-19 13:03:04,743][shap][INFO] - phi = [-9.73184403 28.21926071]
[2023-07-19 13:03:04,746][shap][INFO] - num_full_subsets = 1
[2023-07-19 13:03:04,747][shap][INFO] - phi = [-8.31319968 50.98736456]
[2023-07-19 13:03:04,750][shap][INFO] - num_full_subsets = 1
[2023-07-19 13:03:04,751][shap][INFO] - phi = [ -4.07266904 116.21345496]
[2023-07-19 13:03:04,754][shap][INFO] - num_full_subsets = 1
[2023-07-19 13:03:04,756][shap][INFO] - phi = [ -0.93827164 183.68608913]
[2023-07-19 13:03:04,759][shap][INFO] - num_full_subsets = 1
[2023-07-19 13:03:04,760][shap][INFO] - phi = [ -6.75212273 -89.02425952]
[2023-07-19 13:03:04,763][shap][INFO] - num_full_subsets = 1
[2023-07-19 13:03:04,764][shap][INFO] - phi = [-15.7023294  -85.62750799]
[2023-07-19 13:03:04,767][shap][INFO] - num_full_subsets = 1
[2023-07-19 13:03:04,769][shap][INFO] - phi = [-12.87296985 -14.90792158]
[2023-07-19 13:03:04,771][shap][INFO] - num_full_subsets = 1
[2023-07-19 13:03:04,773][shap][INFO] - phi = [ 12.92772478 -27.16370939]
[2023-07-19 13:03:04,776][shap][INFO] - num_full_subsets = 1
[2023-07-19 13:03:04,777][shap][INFO] - phi = [146.8291868   39.09558341]
[2023-07-19 13:03:04,780][shap][INFO] - num_full_subsets = 1
[2023-07-19 13:03:04,782][shap][INFO] - phi = [ 11.34178946 -53.05257294]
[2023-07-19 13:03:04,785][shap][INFO] - num_full_subsets = 1
[2023-07-19 13:03:04,787][shap][INFO] - phi = [-11.07563843 -33.91875186]
[2023-07-19 13:03:04,790][shap][INFO] - num_full_subsets = 1
[2023-07-19 13:03:04,791][shap][INFO] - phi = [ -2.09324287 153.39894908]
[2023-07-19 13:03:04,794][shap][INFO] - num_full_subsets = 1
[2023-07-19 13:03:04,795][shap][INFO] - phi = [-37.64904181 -64.4767253 ]
[2023-07-19 13:03:04,798][shap][INFO] - num_full_subsets = 1
[2023-07-19 13:03:04,800][shap][INFO] - phi = [13.49463385 -5.70987735]
[2023-07-19 13:03:04,803][shap][INFO] - num_full_subsets = 1
[2023-07-19 13:03:04,804][shap][INFO] - phi = [-11.59092527 -56.69200763]
[2023-07-19 13:03:04,807][shap][INFO] - num_full_subsets = 1
[2023-07-19 13:03:04,809][shap][INFO] - phi = [-11.12750143 -49.280453  ]
[2023-07-19 13:03:05,905][shap][INFO] - num_full_subsets = 1
[2023-07-19 13:03:05,915][shap][INFO] - phi = [ -9.34238997 -59.82938934]
[2023-07-19 13:03:05,928][shap][INFO] - num_full_subsets = 1
[2023-07-19 13:03:05,933][shap][INFO] - phi = [ -7.529451   -37.45369076]
[2023-07-19 13:03:05,938][shap][INFO] - num_full_subsets = 1
[2023-07-19 13:03:05,948][shap][INFO] - phi = [ -5.03631184 -18.20484665]
[2023-07-19 13:03:05,958][shap][INFO] - num_full_subsets = 1
[2023-07-19 13:03:05,969][shap][INFO] - phi = [-2.73593879  2.40253831]
[2023-07-19 13:03:05,981][shap][INFO] - num_full_subsets = 1
[2023-07-19 13:03:05,992][shap][INFO] - phi = [-25.50064727  43.25474679]
[2023-07-19 13:03:06,004][shap][INFO] - num_full_subsets = 1
[2023-07-19 13:03:06,016][shap][INFO] - phi = [-25.14421383  67.56301391]
[2023-07-19 13:03:06,025][shap][INFO] - num_full_subsets = 1
[2023-07-19 13:03:06,036][shap][INFO] - phi = [ -0.86551406 123.63386933]
[2023-07-19 13:03:06,047][shap][INFO] - num_full_subsets = 1
[2023-07-19 13:03:06,055][shap][INFO] - phi = [-8.31091903e-02  1.86634977e+02]
[2023-07-19 13:03:06,067][shap][INFO] - num_full_subsets = 1
[2023-07-19 13:03:06,072][shap][INFO] - phi = [ -6.05814458 -94.10851702]
[2023-07-19 13:03:06,084][shap][INFO] - num_full_subsets = 1
[2023-07-19 13:03:06,094][shap][INFO] - phi = [ -3.77015146 -85.45736465]
[2023-07-19 13:03:06,101][shap][INFO] - num_full_subsets = 1
[2023-07-19 13:03:06,113][shap][INFO] - phi = [ -3.06379469 -18.15824527]
[2023-07-19 13:03:06,124][shap][INFO] - num_full_subsets = 1
[2023-07-19 13:03:06,136][shap][INFO] - phi = [ 18.92939962 -21.93656715]
[2023-07-19 13:03:06,144][shap][INFO] - num_full_subsets = 1
[2023-07-19 13:03:06,156][shap][INFO] - phi = [64.85094962 66.72396348]
[2023-07-19 13:03:06,169][shap][INFO] - num_full_subsets = 1
[2023-07-19 13:03:06,180][shap][INFO] - phi = [ 18.54749795 -57.87592075]
[2023-07-19 13:03:06,187][shap][INFO] - num_full_subsets = 1
[2023-07-19 13:03:06,198][shap][INFO] - phi = [ -7.27514211 -37.57948812]
[2023-07-19 13:03:06,209][shap][INFO] - num_full_subsets = 1
[2023-07-19 13:03:06,215][shap][INFO] - phi = [ -0.37125476 155.65827514]
[2023-07-19 13:03:06,228][shap][INFO] - num_full_subsets = 1
[2023-07-19 13:03:06,238][shap][INFO] - phi = [-17.54726247 -77.12592514]
[2023-07-19 13:03:06,251][shap][INFO] - num_full_subsets = 1
[2023-07-19 13:03:06,261][shap][INFO] - phi = [ 19.0585833  -30.26580663]
[2023-07-19 13:03:06,274][shap][INFO] - num_full_subsets = 1
[2023-07-19 13:03:06,286][shap][INFO] - phi = [ -1.39896454 -63.62148214]
[2023-07-19 13:03:06,296][shap][INFO] - num_full_subsets = 1
[2023-07-19 13:03:06,306][shap][INFO] - phi = [ -5.66413994 -44.25414048]
[2023-07-19 13:03:06,589][shap][INFO] - num_full_subsets = 1
[2023-07-19 13:03:06,591][shap][INFO] - phi = [-47.34506868  -1.3895927 ]
[2023-07-19 13:03:06,594][shap][INFO] - num_full_subsets = 1
[2023-07-19 13:03:06,595][shap][INFO] - phi = [-25.98463497   1.97530108]
[2023-07-19 13:03:06,599][shap][INFO] - num_full_subsets = 1
[2023-07-19 13:03:06,600][shap][INFO] - phi = [-6.13274188  5.34019486]
[2023-07-19 13:03:06,603][shap][INFO] - num_full_subsets = 1
[2023-07-19 13:03:06,605][shap][INFO] - phi = [20.81658409 10.38753553]
[2023-07-19 13:03:06,608][shap][INFO] - num_full_subsets = 1
[2023-07-19 13:03:06,610][shap][INFO] - phi = [12.21061058  8.70508864]
[2023-07-19 13:03:06,613][shap][INFO] - num_full_subsets = 1
[2023-07-19 13:03:06,615][shap][INFO] - phi = [12.21061058  8.70508864]
[2023-07-19 13:03:06,618][shap][INFO] - num_full_subsets = 1
[2023-07-19 13:03:06,620][shap][INFO] - phi = [20.81658409 10.38753553]
[2023-07-19 13:03:06,623][shap][INFO] - num_full_subsets = 1
[2023-07-19 13:03:06,625][shap][INFO] - phi = [20.81658409 10.38753553]
[2023-07-19 13:03:06,628][shap][INFO] - num_full_subsets = 1
[2023-07-19 13:03:06,630][shap][INFO] - phi = [-23.35319851 -66.41181917]
[2023-07-19 13:03:06,633][shap][INFO] - num_full_subsets = 1
[2023-07-19 13:03:06,635][shap][INFO] - phi = [20.81658409 10.38753553]
[2023-07-19 13:03:06,638][shap][INFO] - num_full_subsets = 1
[2023-07-19 13:03:06,639][shap][INFO] - phi = [20.81658409 10.38753553]
[2023-07-19 13:03:06,643][shap][INFO] - num_full_subsets = 1
[2023-07-19 13:03:06,644][shap][INFO] - phi = [23.14439335 -9.29079701]
[2023-07-19 13:03:06,647][shap][INFO] - num_full_subsets = 1
[2023-07-19 13:03:06,649][shap][INFO] - phi = [-82.94330617 284.48543247]
[2023-07-19 13:03:06,652][shap][INFO] - num_full_subsets = 1
[2023-07-19 13:03:06,654][shap][INFO] - phi = [ 36.94045785 -83.06594469]
[2023-07-19 13:03:06,657][shap][INFO] - num_full_subsets = 1
[2023-07-19 13:03:06,659][shap][INFO] - phi = [-15.87012085   3.65774797]
[2023-07-19 13:03:06,662][shap][INFO] - num_full_subsets = 1
[2023-07-19 13:03:06,664][shap][INFO] - phi = [20.81658409 10.38753553]
[2023-07-19 13:03:06,667][shap][INFO] - num_full_subsets = 1
[2023-07-19 13:03:06,669][shap][INFO] - phi = [-107.34601816   -9.80182715]
[2023-07-19 13:03:06,672][shap][INFO] - num_full_subsets = 1
[2023-07-19 13:03:06,675][shap][INFO] - phi = [ 50.73652235 -73.14160673]
[2023-07-19 13:03:06,679][shap][INFO] - num_full_subsets = 1
[2023-07-19 13:03:06,682][shap][INFO] - phi = [ 37.30541672 -71.45915984]
[2023-07-19 13:03:06,686][shap][INFO] - num_full_subsets = 1
[2023-07-19 13:03:06,687][shap][INFO] - phi = [ 11.52757325 -60.63331949]
[2023-07-19 13:03:06,696][shap][INFO] - num_full_subsets = 1
[2023-07-19 13:03:06,698][shap][INFO] - phi = [-46.75455045   0.23517053]
[2023-07-19 13:03:06,702][shap][INFO] - num_full_subsets = 1
[2023-07-19 13:03:06,705][shap][INFO] - phi = [-32.13155088   3.02749453]
[2023-07-19 13:03:06,710][shap][INFO] - num_full_subsets = 1
[2023-07-19 13:03:06,712][shap][INFO] - phi = [-16.74226985   5.8775251 ]
[2023-07-19 13:03:06,715][shap][INFO] - num_full_subsets = 1
[2023-07-19 13:03:06,717][shap][INFO] - phi = [ 7.29814512 10.17066734]
[2023-07-19 13:03:06,720][shap][INFO] - num_full_subsets = 1
[2023-07-19 13:03:06,721][shap][INFO] - phi = [-0.80498087  8.74412662]
[2023-07-19 13:03:06,725][shap][INFO] - num_full_subsets = 1
[2023-07-19 13:03:06,728][shap][INFO] - phi = [-0.80498087  8.74412662]
[2023-07-19 13:03:06,731][shap][INFO] - num_full_subsets = 1
[2023-07-19 13:03:06,733][shap][INFO] - phi = [ 7.29814512 10.17066734]
[2023-07-19 13:03:06,737][shap][INFO] - num_full_subsets = 1
[2023-07-19 13:03:06,739][shap][INFO] - phi = [ 7.29814512 10.17066734]
[2023-07-19 13:03:06,742][shap][INFO] - num_full_subsets = 1
[2023-07-19 13:03:06,744][shap][INFO] - phi = [-21.38633798 -53.79239617]
[2023-07-19 13:03:06,747][shap][INFO] - num_full_subsets = 1
[2023-07-19 13:03:06,748][shap][INFO] - phi = [ 7.29814512 10.17066734]
[2023-07-19 13:03:06,751][shap][INFO] - num_full_subsets = 1
[2023-07-19 13:03:06,754][shap][INFO] - phi = [ 7.29814512 10.17066734]
[2023-07-19 13:03:06,758][shap][INFO] - num_full_subsets = 1
[2023-07-19 13:03:06,761][shap][INFO] - phi = [26.54157992 34.56581888]
[2023-07-19 13:03:06,766][shap][INFO] - num_full_subsets = 1
[2023-07-19 13:03:06,768][shap][INFO] - phi = [ 70.10748073 134.77178192]
[2023-07-19 13:03:06,771][shap][INFO] - num_full_subsets = 1
[2023-07-19 13:03:06,773][shap][INFO] - phi = [ 24.50791819 -42.658493  ]
[2023-07-19 13:03:06,775][shap][INFO] - num_full_subsets = 1
[2023-07-19 13:03:06,777][shap][INFO] - phi = [-24.51934394   4.44784789]
[2023-07-19 13:03:06,782][shap][INFO] - num_full_subsets = 1
[2023-07-19 13:03:06,784][shap][INFO] - phi = [ 7.29814512 10.17066734]
[2023-07-19 13:03:06,789][shap][INFO] - num_full_subsets = 1
[2023-07-19 13:03:06,791][shap][INFO] - phi = [-78.67417328  -6.23769472]
[2023-07-19 13:03:06,795][shap][INFO] - num_full_subsets = 1
[2023-07-19 13:03:06,797][shap][INFO] - phi = [ 36.52917498 -74.707976  ]
[2023-07-19 13:03:06,800][shap][INFO] - num_full_subsets = 1
[2023-07-19 13:03:06,801][shap][INFO] - phi = [ 20.70697348 -70.3080569 ]
[2023-07-19 13:03:06,804][shap][INFO] - num_full_subsets = 1
[2023-07-19 13:03:06,806][shap][INFO] - phi = [ -0.36380988 -13.73327935]
[2023-07-19 13:03:07,676][shap][INFO] - num_full_subsets = 1
[2023-07-19 13:03:07,684][shap][INFO] - phi = [-68.1268836   7.2893919]
[2023-07-19 13:03:07,690][shap][INFO] - num_full_subsets = 1
[2023-07-19 13:03:07,698][shap][INFO] - phi = [-54.861707     7.28939016]
[2023-07-19 13:03:07,703][shap][INFO] - num_full_subsets = 1
[2023-07-19 13:03:07,706][shap][INFO] - phi = [-49.63785388   7.28939111]
[2023-07-19 13:03:07,712][shap][INFO] - num_full_subsets = 1
[2023-07-19 13:03:07,714][shap][INFO] - phi = [46.32335944  7.28937469]
[2023-07-19 13:03:07,723][shap][INFO] - num_full_subsets = 1
[2023-07-19 13:03:07,725][shap][INFO] - phi = [6.50744452 7.28934875]
[2023-07-19 13:03:07,735][shap][INFO] - num_full_subsets = 1
[2023-07-19 13:03:07,737][shap][INFO] - phi = [6.50744452 7.28934875]
[2023-07-19 13:03:07,747][shap][INFO] - num_full_subsets = 1
[2023-07-19 13:03:07,751][shap][INFO] - phi = [46.32335944  7.28937469]
[2023-07-19 13:03:07,756][shap][INFO] - num_full_subsets = 1
[2023-07-19 13:03:07,758][shap][INFO] - phi = [46.32335944  7.28937469]
[2023-07-19 13:03:07,768][shap][INFO] - num_full_subsets = 1
[2023-07-19 13:03:07,770][shap][INFO] - phi = [-61.10033217 -61.80931072]
[2023-07-19 13:03:07,777][shap][INFO] - num_full_subsets = 1
[2023-07-19 13:03:07,782][shap][INFO] - phi = [46.32335944  7.28937469]
[2023-07-19 13:03:07,789][shap][INFO] - num_full_subsets = 1
[2023-07-19 13:03:07,791][shap][INFO] - phi = [46.32335944  7.28937469]
[2023-07-19 13:03:07,797][shap][INFO] - num_full_subsets = 1
[2023-07-19 13:03:07,799][shap][INFO] - phi = [16.39946895 60.49536967]
[2023-07-19 13:03:07,809][shap][INFO] - num_full_subsets = 1
[2023-07-19 13:03:07,811][shap][INFO] - phi = [16.39946895 60.49536967]
[2023-07-19 13:03:07,816][shap][INFO] - num_full_subsets = 1
[2023-07-19 13:03:07,818][shap][INFO] - phi = [ 16.39953728 -15.16227617]
[2023-07-19 13:03:07,824][shap][INFO] - num_full_subsets = 1
[2023-07-19 13:03:07,827][shap][INFO] - phi = [-43.98738936   7.2893935 ]
[2023-07-19 13:03:07,837][shap][INFO] - num_full_subsets = 1
[2023-07-19 13:03:07,839][shap][INFO] - phi = [46.32335944  7.28937469]
[2023-07-19 13:03:07,843][shap][INFO] - num_full_subsets = 1
[2023-07-19 13:03:07,845][shap][INFO] - phi = [-68.1268836   7.2893919]
[2023-07-19 13:03:07,855][shap][INFO] - num_full_subsets = 1
[2023-07-19 13:03:07,860][shap][INFO] - phi = [ 16.39947471 -61.80934648]
[2023-07-19 13:03:07,866][shap][INFO] - num_full_subsets = 1
[2023-07-19 13:03:07,868][shap][INFO] - phi = [-23.65814539 -61.80934929]
[2023-07-19 13:03:07,875][shap][INFO] - num_full_subsets = 1
[2023-07-19 13:03:07,877][shap][INFO] - phi = [ 12.94619942 -15.16236086]
[2023-07-19 13:03:08,497][shap][INFO] - num_full_subsets = 1
[2023-07-19 13:03:08,499][shap][INFO] - phi = [-81.73872947  -1.52120507]
[2023-07-19 13:03:08,502][shap][INFO] - num_full_subsets = 1
[2023-07-19 13:03:08,504][shap][INFO] - phi = [-56.28850954   3.34393407]
[2023-07-19 13:03:08,507][shap][INFO] - num_full_subsets = 1
[2023-07-19 13:03:08,508][shap][INFO] - phi = [-28.48386966   8.40847932]
[2023-07-19 13:03:08,511][shap][INFO] - num_full_subsets = 1
[2023-07-19 13:03:08,513][shap][INFO] - phi = [32.9971351  20.30210241]
[2023-07-19 13:03:08,516][shap][INFO] - num_full_subsets = 1
[2023-07-19 13:03:08,518][shap][INFO] - phi = [12.54983784 16.13105513]
[2023-07-19 13:03:08,520][shap][INFO] - num_full_subsets = 1
[2023-07-19 13:03:08,522][shap][INFO] - phi = [12.54983784 16.13105513]
[2023-07-19 13:03:08,525][shap][INFO] - num_full_subsets = 1
[2023-07-19 13:03:08,527][shap][INFO] - phi = [32.9971351  20.30210241]
[2023-07-19 13:03:08,530][shap][INFO] - num_full_subsets = 1
[2023-07-19 13:03:08,531][shap][INFO] - phi = [32.9971351  20.30210241]
[2023-07-19 13:03:08,535][shap][INFO] - num_full_subsets = 1
[2023-07-19 13:03:08,537][shap][INFO] - phi = [-31.85110078 -53.85805354]
[2023-07-19 13:03:08,541][shap][INFO] - num_full_subsets = 1
[2023-07-19 13:03:08,544][shap][INFO] - phi = [32.9971351  20.30210241]
[2023-07-19 13:03:08,548][shap][INFO] - num_full_subsets = 1
[2023-07-19 13:03:08,550][shap][INFO] - phi = [32.9971351  20.30210241]
[2023-07-19 13:03:08,555][shap][INFO] - num_full_subsets = 1
[2023-07-19 13:03:08,556][shap][INFO] - phi = [16.97603706 25.79181386]
[2023-07-19 13:03:08,559][shap][INFO] - num_full_subsets = 1
[2023-07-19 13:03:08,561][shap][INFO] - phi = [ 32.34849844 129.34023486]
[2023-07-19 13:03:08,564][shap][INFO] - num_full_subsets = 1
[2023-07-19 13:03:08,566][shap][INFO] - phi = [ 23.49677541 -52.4773818 ]
[2023-07-19 13:03:08,570][shap][INFO] - num_full_subsets = 1
[2023-07-19 13:03:08,572][shap][INFO] - phi = [-43.52366189   5.73676596]
[2023-07-19 13:03:08,576][shap][INFO] - num_full_subsets = 1
[2023-07-19 13:03:08,578][shap][INFO] - phi = [32.9971351  20.30210241]
[2023-07-19 13:03:08,583][shap][INFO] - num_full_subsets = 1
[2023-07-19 13:03:08,585][shap][INFO] - phi = [-96.48724131  -2.47973351]
[2023-07-19 13:03:08,588][shap][INFO] - num_full_subsets = 1
[2023-07-19 13:03:08,590][shap][INFO] - phi = [ 31.10774376 -84.31952072]
[2023-07-19 13:03:08,593][shap][INFO] - num_full_subsets = 1
[2023-07-19 13:03:08,594][shap][INFO] - phi = [ 11.6218221  -99.60887419]
[2023-07-19 13:03:08,597][shap][INFO] - num_full_subsets = 1
[2023-07-19 13:03:08,599][shap][INFO] - phi = [ -0.26025043 -32.43118398]
[2023-07-19 13:03:09,970][shap][INFO] - num_full_subsets = 1
[2023-07-19 13:03:09,982][shap][INFO] - phi = [-60.99130805   1.15344116]
[2023-07-19 13:03:09,996][shap][INFO] - num_full_subsets = 1
[2023-07-19 13:03:10,006][shap][INFO] - phi = [-42.3166006    3.90902996]
[2023-07-19 13:03:10,017][shap][INFO] - num_full_subsets = 1
[2023-07-19 13:03:10,029][shap][INFO] - phi = [-25.24918382   6.7288976 ]
[2023-07-19 13:03:10,037][shap][INFO] - num_full_subsets = 1
[2023-07-19 13:03:10,042][shap][INFO] - phi = [26.85880594 12.03741999]
[2023-07-19 13:03:10,055][shap][INFO] - num_full_subsets = 1
[2023-07-19 13:03:10,066][shap][INFO] - phi = [ 7.61572802 10.21740478]
[2023-07-19 13:03:10,080][shap][INFO] - num_full_subsets = 1
[2023-07-19 13:03:10,088][shap][INFO] - phi = [ 7.61572802 10.21740478]
[2023-07-19 13:03:10,094][shap][INFO] - num_full_subsets = 1
[2023-07-19 13:03:10,105][shap][INFO] - phi = [26.85880594 12.03741999]
[2023-07-19 13:03:10,113][shap][INFO] - num_full_subsets = 1
[2023-07-19 13:03:10,124][shap][INFO] - phi = [26.85880594 12.03741999]
[2023-07-19 13:03:10,131][shap][INFO] - num_full_subsets = 1
[2023-07-19 13:03:10,143][shap][INFO] - phi = [-34.42274236 -58.9678949 ]
[2023-07-19 13:03:10,155][shap][INFO] - num_full_subsets = 1
[2023-07-19 13:03:10,166][shap][INFO] - phi = [26.85880594 12.03741999]
[2023-07-19 13:03:10,178][shap][INFO] - num_full_subsets = 1
[2023-07-19 13:03:10,190][shap][INFO] - phi = [26.85880594 12.03741999]
[2023-07-19 13:03:10,201][shap][INFO] - num_full_subsets = 1
[2023-07-19 13:03:10,213][shap][INFO] - phi = [20.76536982 27.89055135]
[2023-07-19 13:03:10,224][shap][INFO] - num_full_subsets = 1
[2023-07-19 13:03:10,236][shap][INFO] - phi = [  8.97803549 152.27320473]
[2023-07-19 13:03:10,248][shap][INFO] - num_full_subsets = 1
[2023-07-19 13:03:10,259][shap][INFO] - phi = [ 25.33617218 -48.34102392]
[2023-07-19 13:03:10,270][shap][INFO] - num_full_subsets = 1
[2023-07-19 13:03:10,281][shap][INFO] - phi = [-31.97512901   5.28293883]
[2023-07-19 13:03:10,290][shap][INFO] - num_full_subsets = 1
[2023-07-19 13:03:10,300][shap][INFO] - phi = [26.85880594 12.03741999]
[2023-07-19 13:03:10,310][shap][INFO] - num_full_subsets = 1
[2023-07-19 13:03:10,321][shap][INFO] - phi = [-87.65857909  -2.80746587]
[2023-07-19 13:03:10,332][shap][INFO] - num_full_subsets = 1
[2023-07-19 13:03:10,344][shap][INFO] - phi = [ 33.69322895 -73.49461248]
[2023-07-19 13:03:10,356][shap][INFO] - num_full_subsets = 1
[2023-07-19 13:03:10,367][shap][INFO] - phi = [ 11.49401673 -75.79636006]
[2023-07-19 13:03:10,382][shap][INFO] - num_full_subsets = 1
[2023-07-19 13:03:10,391][shap][INFO] - phi = [  5.96242809 -30.49003592]
[2023-07-19 13:03:10,688][shap][INFO] - num_full_subsets = 1
[2023-07-19 13:03:10,689][shap][INFO] - phi = [-55.55795375 -12.79702159]
[2023-07-19 13:03:10,693][shap][INFO] - num_full_subsets = 1
[2023-07-19 13:03:10,694][shap][INFO] - phi = [-33.2695841  -14.30734442]
[2023-07-19 13:03:10,698][shap][INFO] - num_full_subsets = 1
[2023-07-19 13:03:10,701][shap][INFO] - phi = [-12.15428653 -15.73817658]
[2023-07-19 13:03:10,706][shap][INFO] - num_full_subsets = 1
[2023-07-19 13:03:10,708][shap][INFO] - phi = [ 10.13408313 -17.24849942]
[2023-07-19 13:03:10,712][shap][INFO] - num_full_subsets = 1
[2023-07-19 13:03:10,714][shap][INFO] - phi = [ 31.2493807  -18.67933158]
[2023-07-19 13:03:10,717][shap][INFO] - num_full_subsets = 1
[2023-07-19 13:03:10,718][shap][INFO] - phi = [ 53.53775035 -20.18965441]
[2023-07-19 13:03:10,722][shap][INFO] - num_full_subsets = 1
[2023-07-19 13:03:10,723][shap][INFO] - phi = [118.05671514 -24.56164157]
[2023-07-19 13:03:10,726][shap][INFO] - num_full_subsets = 1
[2023-07-19 13:03:10,728][shap][INFO] - phi = [204.86404959 -30.44395156]
[2023-07-19 13:03:10,731][shap][INFO] - num_full_subsets = 1
[2023-07-19 13:03:10,732][shap][INFO] - phi = [-110.56312947    4.73996823]
[2023-07-19 13:03:10,736][shap][INFO] - num_full_subsets = 1
[2023-07-19 13:03:10,738][shap][INFO] - phi = [-83.71168384 -10.88924538]
[2023-07-19 13:03:10,743][shap][INFO] - num_full_subsets = 1
[2023-07-19 13:03:10,746][shap][INFO] - phi = [-12.15428653 -15.73817658]
[2023-07-19 13:03:10,749][shap][INFO] - num_full_subsets = 1
[2023-07-19 13:03:10,750][shap][INFO] - phi = [-36.62970118  48.39894082]
[2023-07-19 13:03:10,753][shap][INFO] - num_full_subsets = 1
[2023-07-19 13:03:10,755][shap][INFO] - phi = [ 63.58864382 118.34283012]
[2023-07-19 13:03:10,758][shap][INFO] - num_full_subsets = 1
[2023-07-19 13:03:10,760][shap][INFO] - phi = [-64.41660492  24.47620007]
[2023-07-19 13:03:10,763][shap][INFO] - num_full_subsets = 1
[2023-07-19 13:03:10,766][shap][INFO] - phi = [-33.2695841  -14.30734442]
[2023-07-19 13:03:10,770][shap][INFO] - num_full_subsets = 1
[2023-07-19 13:03:10,773][shap][INFO] - phi = [161.46038237 -27.50279656]
[2023-07-19 13:03:10,776][shap][INFO] - num_full_subsets = 1
[2023-07-19 13:03:10,778][shap][INFO] - phi = [-76.67325132 -11.36618943]
[2023-07-19 13:03:10,781][shap][INFO] - num_full_subsets = 1
[2023-07-19 13:03:10,784][shap][INFO] - phi = [-6.95929746  6.88621647]
[2023-07-19 13:03:10,788][shap][INFO] - num_full_subsets = 1
[2023-07-19 13:03:10,791][shap][INFO] - phi = [-60.04027312   5.78659545]
[2023-07-19 13:03:10,794][shap][INFO] - num_full_subsets = 1
[2023-07-19 13:03:10,796][shap][INFO] - phi = [-57.49136881  25.13862236]
[2023-07-19 13:03:10,805][shap][INFO] - num_full_subsets = 1
[2023-07-19 13:03:10,807][shap][INFO] - phi = [-54.81513218 -18.47312875]
[2023-07-19 13:03:10,810][shap][INFO] - num_full_subsets = 1
[2023-07-19 13:03:10,812][shap][INFO] - phi = [-36.85226949 -15.61057487]
[2023-07-19 13:03:10,815][shap][INFO] - num_full_subsets = 1
[2023-07-19 13:03:10,818][shap][INFO] - phi = [-18.63372727 -12.78059257]
[2023-07-19 13:03:10,822][shap][INFO] - num_full_subsets = 1
[2023-07-19 13:03:10,825][shap][INFO] - phi = [ 1.59125575 -9.71150815]
[2023-07-19 13:03:10,828][shap][INFO] - num_full_subsets = 1
[2023-07-19 13:03:10,830][shap][INFO] - phi = [21.41889782 -6.76797847]
[2023-07-19 13:03:10,834][shap][INFO] - num_full_subsets = 1
[2023-07-19 13:03:10,837][shap][INFO] - phi = [42.74216322 -3.66850977]
[2023-07-19 13:03:10,841][shap][INFO] - num_full_subsets = 1
[2023-07-19 13:03:10,843][shap][INFO] - phi = [103.74053052   4.83571407]
[2023-07-19 13:03:10,848][shap][INFO] - num_full_subsets = 1
[2023-07-19 13:03:10,849][shap][INFO] - phi = [173.62838894  13.79573369]
[2023-07-19 13:03:10,852][shap][INFO] - num_full_subsets = 1
[2023-07-19 13:03:10,855][shap][INFO] - phi = [-61.74846376 -29.69090787]
[2023-07-19 13:03:10,859][shap][INFO] - num_full_subsets = 1
[2023-07-19 13:03:10,862][shap][INFO] - phi = [-75.2559578  -21.84279493]
[2023-07-19 13:03:10,866][shap][INFO] - num_full_subsets = 1
[2023-07-19 13:03:10,868][shap][INFO] - phi = [-18.63372727 -12.78059257]
[2023-07-19 13:03:10,871][shap][INFO] - num_full_subsets = 1
[2023-07-19 13:03:10,873][shap][INFO] - phi = [-17.29582412  55.93700378]
[2023-07-19 13:03:10,878][shap][INFO] - num_full_subsets = 1
[2023-07-19 13:03:10,880][shap][INFO] - phi = [ 14.46180267 174.18532846]
[2023-07-19 13:03:10,884][shap][INFO] - num_full_subsets = 1
[2023-07-19 13:03:10,885][shap][INFO] - phi = [-28.44372926  -5.56131698]
[2023-07-19 13:03:10,889][shap][INFO] - num_full_subsets = 1
[2023-07-19 13:03:10,891][shap][INFO] - phi = [-36.85226949 -15.61057487]
[2023-07-19 13:03:10,896][shap][INFO] - num_full_subsets = 1
[2023-07-19 13:03:10,898][shap][INFO] - phi = [141.26688718   9.77631381]
[2023-07-19 13:03:10,901][shap][INFO] - num_full_subsets = 1
[2023-07-19 13:03:10,903][shap][INFO] - phi = [-70.40325261 -21.02987254]
[2023-07-19 13:03:10,907][shap][INFO] - num_full_subsets = 1
[2023-07-19 13:03:10,910][shap][INFO] - phi = [-12.53947988 -41.86158922]
[2023-07-19 13:03:10,914][shap][INFO] - num_full_subsets = 1
[2023-07-19 13:03:10,916][shap][INFO] - phi = [-40.87423717 -35.65418666]
[2023-07-19 13:03:10,919][shap][INFO] - num_full_subsets = 1
[2023-07-19 13:03:10,921][shap][INFO] - phi = [-26.50185579  -7.48596559]
[2023-07-19 13:03:11,450][shap][INFO] - num_full_subsets = 1
[2023-07-19 13:03:11,460][shap][INFO] - phi = [-3.405111    0.03004344]
[2023-07-19 13:03:11,471][shap][INFO] - num_full_subsets = 1
[2023-07-19 13:03:11,479][shap][INFO] - phi = [-2.92601347  0.03004327]
[2023-07-19 13:03:11,486][shap][INFO] - num_full_subsets = 1
[2023-07-19 13:03:11,488][shap][INFO] - phi = [0.07498312 0.03004327]
[2023-07-19 13:03:11,498][shap][INFO] - num_full_subsets = 1
[2023-07-19 13:03:11,500][shap][INFO] - phi = [2.70341775 0.03004377]
[2023-07-19 13:03:11,510][shap][INFO] - num_full_subsets = 1
[2023-07-19 13:03:11,512][shap][INFO] - phi = [4.38156984 0.03004377]
[2023-07-19 13:03:11,522][shap][INFO] - num_full_subsets = 1
[2023-07-19 13:03:11,531][shap][INFO] - phi = [4.38156984 0.03004377]
[2023-07-19 13:03:11,538][shap][INFO] - num_full_subsets = 1
[2023-07-19 13:03:11,543][shap][INFO] - phi = [4.38156984 0.03004377]
[2023-07-19 13:03:11,547][shap][INFO] - num_full_subsets = 1
[2023-07-19 13:03:11,549][shap][INFO] - phi = [4.38156984 0.03004377]
[2023-07-19 13:03:11,559][shap][INFO] - num_full_subsets = 1
[2023-07-19 13:03:11,569][shap][INFO] - phi = [-3.40511079 -0.0557951 ]
[2023-07-19 13:03:11,573][shap][INFO] - num_full_subsets = 1
[2023-07-19 13:03:11,575][shap][INFO] - phi = [-3.405111    0.03004344]
[2023-07-19 13:03:11,582][shap][INFO] - num_full_subsets = 1
[2023-07-19 13:03:11,583][shap][INFO] - phi = [0.07498312 0.03004327]
[2023-07-19 13:03:11,589][shap][INFO] - num_full_subsets = 1
[2023-07-19 13:03:11,591][shap][INFO] - phi = [-0.33471215 -0.05579541]
[2023-07-19 13:03:11,594][shap][INFO] - num_full_subsets = 1
[2023-07-19 13:03:11,596][shap][INFO] - phi = [ 4.3815691  -0.05579572]
[2023-07-19 13:03:11,601][shap][INFO] - num_full_subsets = 1
[2023-07-19 13:03:11,603][shap][INFO] - phi = [-3.40511079 -0.0557951 ]
[2023-07-19 13:03:11,608][shap][INFO] - num_full_subsets = 1
[2023-07-19 13:03:11,610][shap][INFO] - phi = [-2.92601347  0.03004327]
[2023-07-19 13:03:11,618][shap][INFO] - num_full_subsets = 1
[2023-07-19 13:03:11,624][shap][INFO] - phi = [4.38156984 0.03004377]
[2023-07-19 13:03:11,628][shap][INFO] - num_full_subsets = 1
[2023-07-19 13:03:11,630][shap][INFO] - phi = [-3.405111    0.03004344]
[2023-07-19 13:03:11,636][shap][INFO] - num_full_subsets = 1
[2023-07-19 13:03:11,642][shap][INFO] - phi = [ 0.67392275 -0.05579479]
[2023-07-19 13:03:11,652][shap][INFO] - num_full_subsets = 1
[2023-07-19 13:03:11,654][shap][INFO] - phi = [-3.40511079 -0.0557951 ]
[2023-07-19 13:03:11,661][shap][INFO] - num_full_subsets = 1
[2023-07-19 13:03:11,663][shap][INFO] - phi = [-3.19932058 -0.05579479]
[2023-07-19 13:03:11,686][shap][INFO] - num_full_subsets = 1
[2023-07-19 13:03:11,688][shap][INFO] - phi = [1.77635684e-15 1.77635684e-15]
[2023-07-19 13:03:11,691][shap][INFO] - num_full_subsets = 1
[2023-07-19 13:03:11,693][shap][INFO] - phi = [1.77635684e-15 1.77635684e-15]
[2023-07-19 13:03:11,696][shap][INFO] - num_full_subsets = 1
[2023-07-19 13:03:11,697][shap][INFO] - phi = [1.77635684e-15 1.77635684e-15]
[2023-07-19 13:03:11,700][shap][INFO] - num_full_subsets = 1
[2023-07-19 13:03:11,702][shap][INFO] - phi = [1.77635684e-15 1.77635684e-15]
[2023-07-19 13:03:11,705][shap][INFO] - num_full_subsets = 1
[2023-07-19 13:03:11,707][shap][INFO] - phi = [1.77635684e-15 1.77635684e-15]
[2023-07-19 13:03:11,710][shap][INFO] - num_full_subsets = 1
[2023-07-19 13:03:11,711][shap][INFO] - phi = [1.77635684e-15 1.77635684e-15]
[2023-07-19 13:03:11,715][shap][INFO] - num_full_subsets = 1
[2023-07-19 13:03:11,717][shap][INFO] - phi = [1.77635684e-15 1.77635684e-15]
[2023-07-19 13:03:11,720][shap][INFO] - num_full_subsets = 1
[2023-07-19 13:03:11,722][shap][INFO] - phi = [1.77635684e-15 1.77635684e-15]
[2023-07-19 13:03:11,725][shap][INFO] - num_full_subsets = 1
[2023-07-19 13:03:11,727][shap][INFO] - phi = [1.77635684e-15 1.77635684e-15]
[2023-07-19 13:03:11,730][shap][INFO] - num_full_subsets = 1
[2023-07-19 13:03:11,732][shap][INFO] - phi = [1.77635684e-15 1.77635684e-15]
[2023-07-19 13:03:11,735][shap][INFO] - num_full_subsets = 1
[2023-07-19 13:03:11,737][shap][INFO] - phi = [1.77635684e-15 1.77635684e-15]
[2023-07-19 13:03:11,740][shap][INFO] - num_full_subsets = 1
[2023-07-19 13:03:11,742][shap][INFO] - phi = [1.77635684e-15 1.77635684e-15]
[2023-07-19 13:03:11,745][shap][INFO] - num_full_subsets = 1
[2023-07-19 13:03:11,747][shap][INFO] - phi = [1.77635684e-15 1.77635684e-15]
[2023-07-19 13:03:11,750][shap][INFO] - num_full_subsets = 1
[2023-07-19 13:03:11,752][shap][INFO] - phi = [1.77635684e-15 1.77635684e-15]
[2023-07-19 13:03:11,755][shap][INFO] - num_full_subsets = 1
[2023-07-19 13:03:11,757][shap][INFO] - phi = [1.77635684e-15 1.77635684e-15]
[2023-07-19 13:03:11,760][shap][INFO] - num_full_subsets = 1
[2023-07-19 13:03:11,762][shap][INFO] - phi = [1.77635684e-15 1.77635684e-15]
[2023-07-19 13:03:11,765][shap][INFO] - num_full_subsets = 1
[2023-07-19 13:03:11,766][shap][INFO] - phi = [1.77635684e-15 1.77635684e-15]
[2023-07-19 13:03:11,770][shap][INFO] - num_full_subsets = 1
[2023-07-19 13:03:11,771][shap][INFO] - phi = [1.77635684e-15 1.77635684e-15]
[2023-07-19 13:03:11,775][shap][INFO] - num_full_subsets = 1
[2023-07-19 13:03:11,776][shap][INFO] - phi = [1.77635684e-15 1.77635684e-15]
[2023-07-19 13:03:11,780][shap][INFO] - num_full_subsets = 1
[2023-07-19 13:03:11,781][shap][INFO] - phi = [1.77635684e-15 1.77635684e-15]
[2023-07-19 13:03:12,205][shap][INFO] - num_full_subsets = 1
[2023-07-19 13:03:12,212][shap][INFO] - phi = [-28.44454923  -7.81002672]
[2023-07-19 13:03:12,225][shap][INFO] - num_full_subsets = 1
[2023-07-19 13:03:12,235][shap][INFO] - phi = [-18.26196676  -7.47196901]
[2023-07-19 13:03:12,249][shap][INFO] - num_full_subsets = 1
[2023-07-19 13:03:12,261][shap][INFO] - phi = [-7.67825767 -7.12218147]
[2023-07-19 13:03:12,274][shap][INFO] - num_full_subsets = 1
[2023-07-19 13:03:12,282][shap][INFO] - phi = [ 3.60718916 -6.73249095]
[2023-07-19 13:03:12,290][shap][INFO] - num_full_subsets = 1
[2023-07-19 13:03:12,296][shap][INFO] - phi = [14.26246209 -6.35431657]
[2023-07-19 13:03:12,310][shap][INFO] - num_full_subsets = 1
[2023-07-19 13:03:12,321][shap][INFO] - phi = [25.16537085 -5.9570301 ]
[2023-07-19 13:03:12,330][shap][INFO] - num_full_subsets = 1
[2023-07-19 13:03:12,335][shap][INFO] - phi = [56.54470388 -4.92397093]
[2023-07-19 13:03:12,341][shap][INFO] - num_full_subsets = 1
[2023-07-19 13:03:12,347][shap][INFO] - phi = [95.71850209 -4.15454353]
[2023-07-19 13:03:12,358][shap][INFO] - num_full_subsets = 1
[2023-07-19 13:03:12,369][shap][INFO] - phi = [-43.929176    -6.25168369]
[2023-07-19 13:03:12,381][shap][INFO] - num_full_subsets = 1
[2023-07-19 13:03:12,388][shap][INFO] - phi = [-40.59318816  -8.17549922]
[2023-07-19 13:03:12,400][shap][INFO] - num_full_subsets = 1
[2023-07-19 13:03:12,413][shap][INFO] - phi = [-7.67825767 -7.12218147]
[2023-07-19 13:03:12,421][shap][INFO] - num_full_subsets = 1
[2023-07-19 13:03:12,425][shap][INFO] - phi = [-13.56505936  26.0700373 ]
[2023-07-19 13:03:12,434][shap][INFO] - num_full_subsets = 1
[2023-07-19 13:03:12,445][shap][INFO] - phi = [20.6080039  73.11809072]
[2023-07-19 13:03:12,456][shap][INFO] - num_full_subsets = 1
[2023-07-19 13:03:12,462][shap][INFO] - phi = [-24.06636124   4.714772  ]
[2023-07-19 13:03:12,468][shap][INFO] - num_full_subsets = 1
[2023-07-19 13:03:12,477][shap][INFO] - phi = [-18.26196676  -7.47196901]
[2023-07-19 13:03:12,488][shap][INFO] - num_full_subsets = 1
[2023-07-19 13:03:12,497][shap][INFO] - phi = [76.77720985 -4.42410975]
[2023-07-19 13:03:12,509][shap][INFO] - num_full_subsets = 1
[2023-07-19 13:03:12,515][shap][INFO] - phi = [-37.62040373  -8.09150463]
[2023-07-19 13:03:12,523][shap][INFO] - num_full_subsets = 1
[2023-07-19 13:03:12,528][shap][INFO] - phi = [-4.70621365 -8.75779189]
[2023-07-19 13:03:12,538][shap][INFO] - num_full_subsets = 1
[2023-07-19 13:03:12,547][shap][INFO] - phi = [-26.07990527  -7.48084657]
[2023-07-19 13:03:12,553][shap][INFO] - num_full_subsets = 1
[2023-07-19 13:03:12,558][shap][INFO] - phi = [-21.79813629   4.3992155 ]
