[2023-07-19 13:01:52,106][shap][INFO] - num_full_subsets = 1
[2023-07-19 13:01:52,109][shap][INFO] - phi = [  1.79882456 -50.27031168 -25.48153396]
[2023-07-19 13:01:52,113][shap][INFO] - num_full_subsets = 1
[2023-07-19 13:01:52,116][shap][INFO] - phi = [  1.83546588 -32.74406285 -20.66104493]
[2023-07-19 13:01:52,123][shap][INFO] - num_full_subsets = 1
[2023-07-19 13:01:52,126][shap][INFO] - phi = [  1.697067   -15.95572939 -16.08281046]
[2023-07-19 13:01:52,131][shap][INFO] - num_full_subsets = 1
[2023-07-19 13:01:52,133][shap][INFO] - phi = [  1.18352415   1.94073835 -11.1534952 ]
[2023-07-19 13:01:52,139][shap][INFO] - num_full_subsets = 1
[2023-07-19 13:01:52,141][shap][INFO] - phi = [ 1.42007716 19.17869588 -6.90173945]
[2023-07-19 13:01:52,146][shap][INFO] - num_full_subsets = 1
[2023-07-19 13:01:52,150][shap][INFO] - phi = [ 1.44567084 37.67152612 -2.2989029 ]
[2023-07-19 13:01:52,157][shap][INFO] - num_full_subsets = 1
[2023-07-19 13:01:52,160][shap][INFO] - phi = [ 1.16165463 92.84045256 11.13392386]
[2023-07-19 13:01:52,166][shap][INFO] - num_full_subsets = 1
[2023-07-19 13:01:52,168][shap][INFO] - phi = [  1.14406392 171.37310433  29.06076092]
[2023-07-19 13:01:52,173][shap][INFO] - num_full_subsets = 1
[2023-07-19 13:01:52,175][shap][INFO] - phi = [  2.23767264 -56.71194776 -40.67794002]
[2023-07-19 13:01:52,183][shap][INFO] - num_full_subsets = 1
[2023-07-19 13:01:52,186][shap][INFO] - phi = [  1.20254113 -71.03386066 -30.53385959]
[2023-07-19 13:01:52,191][shap][INFO] - num_full_subsets = 1
[2023-07-19 13:01:52,193][shap][INFO] - phi = [  1.18804069 -15.90188757 -15.75633174]
[2023-07-19 13:01:52,197][shap][INFO] - num_full_subsets = 1
[2023-07-19 13:01:52,199][shap][INFO] - phi = [-2.70874944 -4.06413889 45.07414349]
[2023-07-19 13:01:52,203][shap][INFO] - num_full_subsets = 1
[2023-07-19 13:01:52,205][shap][INFO] - phi = [-17.57199178 -30.43115001 239.63090305]
[2023-07-19 13:01:52,210][shap][INFO] - num_full_subsets = 1
[2023-07-19 13:01:52,213][shap][INFO] - phi = [ -1.60195781 -17.8132064  -16.04747826]
[2023-07-19 13:01:52,219][shap][INFO] - num_full_subsets = 1
[2023-07-19 13:01:52,223][shap][INFO] - phi = [  1.73187799 -32.6975901  -20.55221869]
[2023-07-19 13:01:52,227][shap][INFO] - num_full_subsets = 1
[2023-07-19 13:01:52,229][shap][INFO] - phi = [  1.15285927 131.50300261  20.09734239]
[2023-07-19 13:01:52,233][shap][INFO] - num_full_subsets = 1
[2023-07-19 13:01:52,235][shap][INFO] - phi = [  1.51516868 -67.01788611 -30.38624716]
[2023-07-19 13:01:52,239][shap][INFO] - num_full_subsets = 1
[2023-07-19 13:01:52,243][shap][INFO] - phi = [ -1.10917692  -9.13417748 -47.65411797]
[2023-07-19 13:01:52,249][shap][INFO] - num_full_subsets = 1
[2023-07-19 13:01:52,251][shap][INFO] - phi = [  0.29146433 -33.60994877 -44.19410372]
[2023-07-19 13:01:52,257][shap][INFO] - num_full_subsets = 1
[2023-07-19 13:01:52,259][shap][INFO] - phi = [  1.98590307 -17.1216222  -16.61524966]
[2023-07-19 13:01:52,269][shap][INFO] - num_full_subsets = 1
[2023-07-19 13:01:52,272][shap][INFO] - phi = [ -1.65528818 -54.21457453 -18.05036985]
[2023-07-19 13:01:52,278][shap][INFO] - num_full_subsets = 1
[2023-07-19 13:01:52,281][shap][INFO] - phi = [ -1.70785234 -36.29779964 -15.28738607]
[2023-07-19 13:01:52,287][shap][INFO] - num_full_subsets = 1
[2023-07-19 13:01:52,289][shap][INFO] - phi = [ -1.41444388 -18.20983655 -12.55025954]
[2023-07-19 13:01:52,293][shap][INFO] - num_full_subsets = 1
[2023-07-19 13:01:52,295][shap][INFO] - phi = [-0.56851057  1.81093542 -9.47467117]
[2023-07-19 13:01:52,299][shap][INFO] - num_full_subsets = 1
[2023-07-19 13:01:52,301][shap][INFO] - phi = [-0.74465875 21.38282676 -7.04613558]
[2023-07-19 13:01:52,307][shap][INFO] - num_full_subsets = 1
[2023-07-19 13:01:52,310][shap][INFO] - phi = [-0.62404948 42.49009149 -4.32641907]
[2023-07-19 13:01:52,317][shap][INFO] - num_full_subsets = 1
[2023-07-19 13:01:52,320][shap][INFO] - phi = [4.11546608e-03 1.04220041e+02 3.50698340e+00]
[2023-07-19 13:01:52,325][shap][INFO] - num_full_subsets = 1
[2023-07-19 13:01:52,326][shap][INFO] - phi = [  0.42641094 181.57844092  12.63097494]
[2023-07-19 13:01:52,330][shap][INFO] - num_full_subsets = 1
[2023-07-19 13:01:52,332][shap][INFO] - phi = [  2.52289693 -69.06170608 -26.40561683]
[2023-07-19 13:01:52,337][shap][INFO] - num_full_subsets = 1
[2023-07-19 13:01:52,340][shap][INFO] - phi = [ -1.01447581 -75.90286392 -20.1169338 ]
[2023-07-19 13:01:52,344][shap][INFO] - num_full_subsets = 1
[2023-07-19 13:01:52,347][shap][INFO] - phi = [ -0.68225278 -18.21278738 -12.13743742]
[2023-07-19 13:01:52,353][shap][INFO] - num_full_subsets = 1
[2023-07-19 13:01:52,355][shap][INFO] - phi = [  2.41598463 -16.86542092  57.42722613]
[2023-07-19 13:01:52,358][shap][INFO] - num_full_subsets = 1
[2023-07-19 13:01:52,360][shap][INFO] - phi = [ 10.8275799   13.47440641 162.63547747]
[2023-07-19 13:01:52,364][shap][INFO] - num_full_subsets = 1
[2023-07-19 13:01:52,368][shap][INFO] - phi = [ -1.12680028 -30.72978802  -4.23173458]
[2023-07-19 13:01:52,372][shap][INFO] - num_full_subsets = 1
[2023-07-19 13:01:52,374][shap][INFO] - phi = [ -1.62976546 -36.34676134 -15.15125561]
[2023-07-19 13:01:52,380][shap][INFO] - num_full_subsets = 1
[2023-07-19 13:01:52,383][shap][INFO] - phi = [  0.22436773 144.32941156   8.31851021]
[2023-07-19 13:01:52,388][shap][INFO] - num_full_subsets = 1
[2023-07-19 13:01:52,390][shap][INFO] - phi = [-5.18677556e-02 -6.90465068e+01 -2.08392392e+01]
[2023-07-19 13:01:52,394][shap][INFO] - num_full_subsets = 1
[2023-07-19 13:01:52,396][shap][INFO] - phi = [ -2.40877273 -12.0064471  -40.44362504]
[2023-07-19 13:01:52,400][shap][INFO] - num_full_subsets = 1
[2023-07-19 13:01:52,402][shap][INFO] - phi = [ -2.18904429 -43.9408221  -35.41719756]
[2023-07-19 13:01:52,407][shap][INFO] - num_full_subsets = 1
[2023-07-19 13:01:52,410][shap][INFO] - phi = [ -0.60357327 -28.45083941  -3.04089083]
[2023-07-19 13:01:53,121][shap][INFO] - num_full_subsets = 1
[2023-07-19 13:01:53,131][shap][INFO] - phi = [ 11.04532495 -79.36310196 -10.7335155 ]
[2023-07-19 13:01:53,145][shap][INFO] - num_full_subsets = 1
[2023-07-19 13:01:53,154][shap][INFO] - phi = [  2.85855395 -37.97337149 -10.73352354]
[2023-07-19 13:01:53,164][shap][INFO] - num_full_subsets = 1
[2023-07-19 13:01:53,173][shap][INFO] - phi = [  3.57197361 -22.16713517 -10.73352621]
[2023-07-19 13:01:53,184][shap][INFO] - num_full_subsets = 1
[2023-07-19 13:01:53,194][shap][INFO] - phi = [  2.56730818   3.62781562 -10.73354362]
[2023-07-19 13:01:53,205][shap][INFO] - num_full_subsets = 1
[2023-07-19 13:01:53,216][shap][INFO] - phi = [-57.26705704  74.00879794 -10.73354512]
[2023-07-19 13:01:53,228][shap][INFO] - num_full_subsets = 1
[2023-07-19 13:01:53,236][shap][INFO] - phi = [-57.26693096 101.09952613 -10.73351041]
[2023-07-19 13:01:53,248][shap][INFO] - num_full_subsets = 1
[2023-07-19 13:01:53,257][shap][INFO] - phi = [  2.56721453 126.40332793 -10.73347247]
[2023-07-19 13:01:53,267][shap][INFO] - num_full_subsets = 1
[2023-07-19 13:01:53,276][shap][INFO] - phi = [  2.56728383 180.26046434 -10.73350045]
[2023-07-19 13:01:53,288][shap][INFO] - num_full_subsets = 1
[2023-07-19 13:01:53,296][shap][INFO] - phi = [ 10.33844442 -90.66874096 -10.51939494]
[2023-07-19 13:01:53,306][shap][INFO] - num_full_subsets = 1
[2023-07-19 13:01:53,315][shap][INFO] - phi = [  2.56731146 -90.66873086 -10.73351112]
[2023-07-19 13:01:53,325][shap][INFO] - num_full_subsets = 1
[2023-07-19 13:01:53,334][shap][INFO] - phi = [  2.56729995 -22.16713394 -10.73353058]
[2023-07-19 13:01:53,344][shap][INFO] - num_full_subsets = 1
[2023-07-19 13:01:53,355][shap][INFO] - phi = [ 14.60911471 -27.98319472  50.053426  ]
[2023-07-19 13:01:53,365][shap][INFO] - num_full_subsets = 1
[2023-07-19 13:01:53,373][shap][INFO] - phi = [ 14.60909494 127.36966141  50.05302189]
[2023-07-19 13:01:53,384][shap][INFO] - num_full_subsets = 1
[2023-07-19 13:01:53,393][shap][INFO] - phi = [ 14.60904129 -81.56202926  35.493746  ]
[2023-07-19 13:01:53,402][shap][INFO] - num_full_subsets = 1
[2023-07-19 13:01:53,418][shap][INFO] - phi = [  1.41993358 -37.97340372 -10.73353061]
[2023-07-19 13:01:53,431][shap][INFO] - num_full_subsets = 1
[2023-07-19 13:01:53,440][shap][INFO] - phi = [  2.56728383 180.26046434 -10.73350045]
[2023-07-19 13:01:53,450][shap][INFO] - num_full_subsets = 1
[2023-07-19 13:01:53,459][shap][INFO] - phi = [ 11.04531785 -92.36753419 -10.73351267]
[2023-07-19 13:01:53,469][shap][INFO] - num_full_subsets = 1
[2023-07-19 13:01:53,479][shap][INFO] - phi = [ 14.60905166 -55.24122901 -10.51940546]
[2023-07-19 13:01:53,488][shap][INFO] - num_full_subsets = 1
[2023-07-19 13:01:53,497][shap][INFO] - phi = [  0.89165425 -84.79109681 -10.51940176]
[2023-07-19 13:01:53,508][shap][INFO] - num_full_subsets = 1
[2023-07-19 13:01:53,518][shap][INFO] - phi = [ -0.47721897 -70.10335564  35.49373103]
[2023-07-19 13:01:54,086][shap][INFO] - num_full_subsets = 1
[2023-07-19 13:01:54,088][shap][INFO] - phi = [  3.93454846 -62.89523049 -18.14039932]
[2023-07-19 13:01:54,092][shap][INFO] - num_full_subsets = 1
[2023-07-19 13:01:54,094][shap][INFO] - phi = [  3.72142755 -36.58881168 -14.24496404]
[2023-07-19 13:01:54,098][shap][INFO] - num_full_subsets = 1
[2023-07-19 13:01:54,100][shap][INFO] - phi = [  0.81627274 -14.94008639 -11.86770419]
[2023-07-19 13:01:54,104][shap][INFO] - num_full_subsets = 1
[2023-07-19 13:01:54,106][shap][INFO] - phi = [ -1.21928803   5.26471171 -10.71948389]
[2023-07-19 13:01:54,110][shap][INFO] - num_full_subsets = 1
[2023-07-19 13:01:54,112][shap][INFO] - phi = [-0.57749008 24.48976875 -8.37221118]
[2023-07-19 13:01:54,116][shap][INFO] - num_full_subsets = 1
[2023-07-19 13:01:54,118][shap][INFO] - phi = [-0.48799804 44.85510008 -6.45392533]
[2023-07-19 13:01:54,121][shap][INFO] - num_full_subsets = 1
[2023-07-19 13:01:54,123][shap][INFO] - phi = [ -1.09304811 110.19958323  -0.19847436]
[2023-07-19 13:01:54,127][shap][INFO] - num_full_subsets = 1
[2023-07-19 13:01:54,129][shap][INFO] - phi = [ -0.65471963 178.90446147   3.54832246]
[2023-07-19 13:01:54,133][shap][INFO] - num_full_subsets = 1
[2023-07-19 13:01:54,135][shap][INFO] - phi = [ -0.98922348 -52.24283967 -35.25569523]
[2023-07-19 13:01:54,139][shap][INFO] - num_full_subsets = 1
[2023-07-19 13:01:54,141][shap][INFO] - phi = [ -1.00945697 -73.20337104 -20.2776332 ]
[2023-07-19 13:01:54,145][shap][INFO] - num_full_subsets = 1
[2023-07-19 13:01:54,147][shap][INFO] - phi = [ -1.23766619 -14.96520758 -12.84429566]
[2023-07-19 13:01:54,151][shap][INFO] - num_full_subsets = 1
[2023-07-19 13:01:54,153][shap][INFO] - phi = [ -1.71455303 -22.20390181  67.11793714]
[2023-07-19 13:01:54,157][shap][INFO] - num_full_subsets = 1
[2023-07-19 13:01:54,159][shap][INFO] - phi = [ -3.69781695  14.0198026  171.58493152]
[2023-07-19 13:01:54,162][shap][INFO] - num_full_subsets = 1
[2023-07-19 13:01:54,164][shap][INFO] - phi = [ -0.91995393 -38.36633376   6.69624958]
[2023-07-19 13:01:54,168][shap][INFO] - num_full_subsets = 1
[2023-07-19 13:01:54,170][shap][INFO] - phi = [  2.81495506 -36.87383874 -14.55895333]
[2023-07-19 13:01:54,174][shap][INFO] - num_full_subsets = 1
[2023-07-19 13:01:54,176][shap][INFO] - phi = [ -0.83482532 151.1631088    3.17432523]
[2023-07-19 13:01:54,179][shap][INFO] - num_full_subsets = 1
[2023-07-19 13:01:54,181][shap][INFO] - phi = [  2.14234395 -77.92427648 -19.06780777]
[2023-07-19 13:01:54,185][shap][INFO] - num_full_subsets = 1
[2023-07-19 13:01:54,187][shap][INFO] - phi = [  3.87383593 -12.80611569 -43.73439614]
[2023-07-19 13:01:54,191][shap][INFO] - num_full_subsets = 1
[2023-07-19 13:01:54,193][shap][INFO] - phi = [ -1.69678789 -51.38934378 -38.14915586]
[2023-07-19 13:01:54,196][shap][INFO] - num_full_subsets = 1
[2023-07-19 13:01:54,198][shap][INFO] - phi = [ -1.17055605 -34.49717951   1.76333359]
[2023-07-19 13:01:55,541][shap][INFO] - num_full_subsets = 1
[2023-07-19 13:01:55,553][shap][INFO] - phi = [  3.78085245 -61.68580466 -18.10145466]
[2023-07-19 13:01:55,571][shap][INFO] - num_full_subsets = 1
[2023-07-19 13:01:55,583][shap][INFO] - phi = [  1.67689876 -35.90101141 -15.23172965]
[2023-07-19 13:01:55,597][shap][INFO] - num_full_subsets = 1
[2023-07-19 13:01:55,608][shap][INFO] - phi = [  1.16771737 -17.81819687 -12.8085751 ]
[2023-07-19 13:01:55,623][shap][INFO] - num_full_subsets = 1
[2023-07-19 13:01:55,635][shap][INFO] - phi = [  0.49075843   3.16105027 -10.52029847]
[2023-07-19 13:01:55,650][shap][INFO] - num_full_subsets = 1
[2023-07-19 13:01:55,661][shap][INFO] - phi = [-14.29228218  34.76502233  -8.26340783]
[2023-07-19 13:01:55,675][shap][INFO] - num_full_subsets = 1
[2023-07-19 13:01:55,686][shap][INFO] - phi = [-14.23332691  56.52906095  -5.95318943]
[2023-07-19 13:01:55,702][shap][INFO] - num_full_subsets = 1
[2023-07-19 13:01:55,713][shap][INFO] - phi = [  0.65998413 108.41585124   0.9272401 ]
[2023-07-19 13:01:55,727][shap][INFO] - num_full_subsets = 1
[2023-07-19 13:01:55,739][shap][INFO] - phi = [  0.87075976 178.02911777   8.62663947]
[2023-07-19 13:01:55,753][shap][INFO] - num_full_subsets = 1
[2023-07-19 13:01:55,766][shap][INFO] - phi = [  3.52744763 -67.17130862 -28.21466176]
[2023-07-19 13:01:55,778][shap][INFO] - num_full_subsets = 1
[2023-07-19 13:01:55,789][shap][INFO] - phi = [  0.43647995 -77.70220662 -20.41548443]
[2023-07-19 13:01:55,802][shap][INFO] - num_full_subsets = 1
[2023-07-19 13:01:55,816][shap][INFO] - phi = [  0.45885542 -17.81175412 -12.86789885]
[2023-07-19 13:01:55,828][shap][INFO] - num_full_subsets = 1
[2023-07-19 13:01:55,840][shap][INFO] - phi = [  3.15044922 -17.77916408  54.91818319]
[2023-07-19 13:01:55,859][shap][INFO] - num_full_subsets = 1
[2023-07-19 13:01:55,870][shap][INFO] - phi = [  1.04171653  31.1081801  155.97608348]
[2023-07-19 13:01:55,883][shap][INFO] - num_full_subsets = 1
[2023-07-19 13:01:55,896][shap][INFO] - phi = [  2.74008232 -42.11783936   5.47769569]
[2023-07-19 13:01:55,909][shap][INFO] - num_full_subsets = 1
[2023-07-19 13:01:55,920][shap][INFO] - phi = [  1.0842503  -35.97289847 -15.24898956]
[2023-07-19 13:01:55,933][shap][INFO] - num_full_subsets = 1
[2023-07-19 13:01:55,945][shap][INFO] - phi = [  0.77742138 151.81399683   5.21416935]
[2023-07-19 13:01:55,960][shap][INFO] - num_full_subsets = 1
[2023-07-19 13:01:55,971][shap][INFO] - phi = [  3.66274068 -76.58905091 -20.2567017 ]
[2023-07-19 13:01:55,984][shap][INFO] - num_full_subsets = 1
[2023-07-19 13:01:55,995][shap][INFO] - phi = [  3.74123448 -22.29699232 -35.58788615]
[2023-07-19 13:01:56,008][shap][INFO] - num_full_subsets = 1
[2023-07-19 13:01:56,019][shap][INFO] - phi = [ -0.6756784  -53.43280286 -32.06996472]
[2023-07-19 13:01:56,036][shap][INFO] - num_full_subsets = 1
[2023-07-19 13:01:56,051][shap][INFO] - phi = [ -0.0663613  -37.54324919   4.40023103]
