[2023-07-18 23:41:27,626][shap][INFO] - num_full_subsets = 1
[2023-07-18 23:41:27,628][shap][INFO] - phi = [-55.55795375 -12.79702159]
[2023-07-18 23:41:27,631][shap][INFO] - num_full_subsets = 1
[2023-07-18 23:41:27,633][shap][INFO] - phi = [-33.2695841  -14.30734442]
[2023-07-18 23:41:27,636][shap][INFO] - num_full_subsets = 1
[2023-07-18 23:41:27,638][shap][INFO] - phi = [-12.15428653 -15.73817658]
[2023-07-18 23:41:27,641][shap][INFO] - num_full_subsets = 1
[2023-07-18 23:41:27,643][shap][INFO] - phi = [ 10.13408313 -17.24849942]
[2023-07-18 23:41:27,646][shap][INFO] - num_full_subsets = 1
[2023-07-18 23:41:27,648][shap][INFO] - phi = [ 31.2493807  -18.67933158]
[2023-07-18 23:41:27,653][shap][INFO] - num_full_subsets = 1
[2023-07-18 23:41:27,654][shap][INFO] - phi = [ 53.53775035 -20.18965441]
[2023-07-18 23:41:27,658][shap][INFO] - num_full_subsets = 1
[2023-07-18 23:41:27,659][shap][INFO] - phi = [118.05671514 -24.56164157]
[2023-07-18 23:41:27,663][shap][INFO] - num_full_subsets = 1
[2023-07-18 23:41:27,665][shap][INFO] - phi = [204.86404959 -30.44395156]
[2023-07-18 23:41:27,670][shap][INFO] - num_full_subsets = 1
[2023-07-18 23:41:27,672][shap][INFO] - phi = [-110.56312947    4.73996823]
[2023-07-18 23:41:27,676][shap][INFO] - num_full_subsets = 1
[2023-07-18 23:41:27,678][shap][INFO] - phi = [-83.71168384 -10.88924538]
[2023-07-18 23:41:27,683][shap][INFO] - num_full_subsets = 1
[2023-07-18 23:41:27,686][shap][INFO] - phi = [-12.15428653 -15.73817658]
[2023-07-18 23:41:27,690][shap][INFO] - num_full_subsets = 1
[2023-07-18 23:41:27,691][shap][INFO] - phi = [-36.62970118  48.39894082]
[2023-07-18 23:41:27,695][shap][INFO] - num_full_subsets = 1
[2023-07-18 23:41:27,697][shap][INFO] - phi = [ 63.58864382 118.34283012]
[2023-07-18 23:41:27,700][shap][INFO] - num_full_subsets = 1
[2023-07-18 23:41:27,703][shap][INFO] - phi = [-64.41660492  24.47620007]
[2023-07-18 23:41:27,706][shap][INFO] - num_full_subsets = 1
[2023-07-18 23:41:27,708][shap][INFO] - phi = [-33.2695841  -14.30734442]
[2023-07-18 23:41:27,711][shap][INFO] - num_full_subsets = 1
[2023-07-18 23:41:27,713][shap][INFO] - phi = [161.46038237 -27.50279656]
[2023-07-18 23:41:27,717][shap][INFO] - num_full_subsets = 1
[2023-07-18 23:41:27,718][shap][INFO] - phi = [-76.67325132 -11.36618943]
[2023-07-18 23:41:27,722][shap][INFO] - num_full_subsets = 1
[2023-07-18 23:41:27,725][shap][INFO] - phi = [-6.95929746  6.88621647]
[2023-07-18 23:41:27,730][shap][INFO] - num_full_subsets = 1
[2023-07-18 23:41:27,732][shap][INFO] - phi = [-60.04027312   5.78659545]
[2023-07-18 23:41:27,736][shap][INFO] - num_full_subsets = 1
[2023-07-18 23:41:27,739][shap][INFO] - phi = [-57.49136881  25.13862236]
[2023-07-18 23:41:27,750][shap][INFO] - num_full_subsets = 1
[2023-07-18 23:41:27,752][shap][INFO] - phi = [-54.81513218 -18.47312875]
[2023-07-18 23:41:27,755][shap][INFO] - num_full_subsets = 1
[2023-07-18 23:41:27,758][shap][INFO] - phi = [-36.85226949 -15.61057487]
[2023-07-18 23:41:27,763][shap][INFO] - num_full_subsets = 1
[2023-07-18 23:41:27,766][shap][INFO] - phi = [-18.63372727 -12.78059257]
[2023-07-18 23:41:27,771][shap][INFO] - num_full_subsets = 1
[2023-07-18 23:41:27,773][shap][INFO] - phi = [ 1.59125575 -9.71150815]
[2023-07-18 23:41:27,778][shap][INFO] - num_full_subsets = 1
[2023-07-18 23:41:27,780][shap][INFO] - phi = [21.41889782 -6.76797847]
[2023-07-18 23:41:27,783][shap][INFO] - num_full_subsets = 1
[2023-07-18 23:41:27,784][shap][INFO] - phi = [42.74216322 -3.66850977]
[2023-07-18 23:41:27,788][shap][INFO] - num_full_subsets = 1
[2023-07-18 23:41:27,790][shap][INFO] - phi = [103.74053052   4.83571407]
[2023-07-18 23:41:27,794][shap][INFO] - num_full_subsets = 1
[2023-07-18 23:41:27,796][shap][INFO] - phi = [173.62838894  13.79573369]
[2023-07-18 23:41:27,801][shap][INFO] - num_full_subsets = 1
[2023-07-18 23:41:27,803][shap][INFO] - phi = [-61.74846376 -29.69090787]
[2023-07-18 23:41:27,807][shap][INFO] - num_full_subsets = 1
[2023-07-18 23:41:27,810][shap][INFO] - phi = [-75.2559578  -21.84279493]
[2023-07-18 23:41:27,814][shap][INFO] - num_full_subsets = 1
[2023-07-18 23:41:27,816][shap][INFO] - phi = [-18.63372727 -12.78059257]
[2023-07-18 23:41:27,819][shap][INFO] - num_full_subsets = 1
[2023-07-18 23:41:27,820][shap][INFO] - phi = [-17.29582412  55.93700378]
[2023-07-18 23:41:27,824][shap][INFO] - num_full_subsets = 1
[2023-07-18 23:41:27,827][shap][INFO] - phi = [ 14.46180267 174.18532846]
[2023-07-18 23:41:27,831][shap][INFO] - num_full_subsets = 1
[2023-07-18 23:41:27,833][shap][INFO] - phi = [-28.44372926  -5.56131698]
[2023-07-18 23:41:27,837][shap][INFO] - num_full_subsets = 1
[2023-07-18 23:41:27,839][shap][INFO] - phi = [-36.85226949 -15.61057487]
[2023-07-18 23:41:27,844][shap][INFO] - num_full_subsets = 1
[2023-07-18 23:41:27,846][shap][INFO] - phi = [141.26688718   9.77631381]
[2023-07-18 23:41:27,851][shap][INFO] - num_full_subsets = 1
[2023-07-18 23:41:27,853][shap][INFO] - phi = [-70.40325261 -21.02987254]
[2023-07-18 23:41:27,856][shap][INFO] - num_full_subsets = 1
[2023-07-18 23:41:27,858][shap][INFO] - phi = [-12.53947988 -41.86158922]
[2023-07-18 23:41:27,861][shap][INFO] - num_full_subsets = 1
[2023-07-18 23:41:27,862][shap][INFO] - phi = [-40.87423717 -35.65418666]
[2023-07-18 23:41:27,867][shap][INFO] - num_full_subsets = 1
[2023-07-18 23:41:27,869][shap][INFO] - phi = [-26.50185579  -7.48596559]
[2023-07-18 23:41:28,685][shap][INFO] - num_full_subsets = 1
[2023-07-18 23:41:28,694][shap][INFO] - phi = [-3.405111    0.03004344]
[2023-07-18 23:41:28,703][shap][INFO] - num_full_subsets = 1
[2023-07-18 23:41:28,711][shap][INFO] - phi = [-2.92601347  0.03004327]
[2023-07-18 23:41:28,721][shap][INFO] - num_full_subsets = 1
[2023-07-18 23:41:28,730][shap][INFO] - phi = [0.07498312 0.03004327]
[2023-07-18 23:41:28,739][shap][INFO] - num_full_subsets = 1
[2023-07-18 23:41:28,741][shap][INFO] - phi = [2.70341775 0.03004377]
[2023-07-18 23:41:28,744][shap][INFO] - num_full_subsets = 1
[2023-07-18 23:41:28,746][shap][INFO] - phi = [4.38156984 0.03004377]
[2023-07-18 23:41:28,750][shap][INFO] - num_full_subsets = 1
[2023-07-18 23:41:28,752][shap][INFO] - phi = [4.38156984 0.03004377]
[2023-07-18 23:41:28,760][shap][INFO] - num_full_subsets = 1
[2023-07-18 23:41:28,762][shap][INFO] - phi = [4.38156984 0.03004377]
[2023-07-18 23:41:28,771][shap][INFO] - num_full_subsets = 1
[2023-07-18 23:41:28,773][shap][INFO] - phi = [4.38156984 0.03004377]
[2023-07-18 23:41:28,783][shap][INFO] - num_full_subsets = 1
[2023-07-18 23:41:28,785][shap][INFO] - phi = [-3.40511079 -0.0557951 ]
[2023-07-18 23:41:28,792][shap][INFO] - num_full_subsets = 1
[2023-07-18 23:41:28,796][shap][INFO] - phi = [-3.405111    0.03004344]
[2023-07-18 23:41:28,805][shap][INFO] - num_full_subsets = 1
[2023-07-18 23:41:28,813][shap][INFO] - phi = [0.07498312 0.03004327]
[2023-07-18 23:41:28,819][shap][INFO] - num_full_subsets = 1
[2023-07-18 23:41:28,821][shap][INFO] - phi = [-0.33471215 -0.05579541]
[2023-07-18 23:41:28,826][shap][INFO] - num_full_subsets = 1
[2023-07-18 23:41:28,828][shap][INFO] - phi = [ 4.3815691  -0.05579572]
[2023-07-18 23:41:28,835][shap][INFO] - num_full_subsets = 1
[2023-07-18 23:41:28,837][shap][INFO] - phi = [-3.40511079 -0.0557951 ]
[2023-07-18 23:41:28,847][shap][INFO] - num_full_subsets = 1
[2023-07-18 23:41:28,852][shap][INFO] - phi = [-2.92601347  0.03004327]
[2023-07-18 23:41:28,861][shap][INFO] - num_full_subsets = 1
[2023-07-18 23:41:28,864][shap][INFO] - phi = [4.38156984 0.03004377]
[2023-07-18 23:41:28,873][shap][INFO] - num_full_subsets = 1
[2023-07-18 23:41:28,875][shap][INFO] - phi = [-3.405111    0.03004344]
[2023-07-18 23:41:28,881][shap][INFO] - num_full_subsets = 1
[2023-07-18 23:41:28,891][shap][INFO] - phi = [ 0.67392275 -0.05579479]
[2023-07-18 23:41:28,896][shap][INFO] - num_full_subsets = 1
[2023-07-18 23:41:28,899][shap][INFO] - phi = [-3.40511079 -0.0557951 ]
[2023-07-18 23:41:28,909][shap][INFO] - num_full_subsets = 1
[2023-07-18 23:41:28,919][shap][INFO] - phi = [-3.19932058 -0.05579479]
[2023-07-18 23:41:28,947][shap][INFO] - num_full_subsets = 1
[2023-07-18 23:41:28,948][shap][INFO] - phi = [1.77635684e-15 1.77635684e-15]
[2023-07-18 23:41:28,953][shap][INFO] - num_full_subsets = 1
[2023-07-18 23:41:28,955][shap][INFO] - phi = [1.77635684e-15 1.77635684e-15]
[2023-07-18 23:41:28,958][shap][INFO] - num_full_subsets = 1
[2023-07-18 23:41:28,960][shap][INFO] - phi = [1.77635684e-15 1.77635684e-15]
[2023-07-18 23:41:28,963][shap][INFO] - num_full_subsets = 1
[2023-07-18 23:41:28,965][shap][INFO] - phi = [1.77635684e-15 1.77635684e-15]
[2023-07-18 23:41:28,969][shap][INFO] - num_full_subsets = 1
[2023-07-18 23:41:28,972][shap][INFO] - phi = [1.77635684e-15 1.77635684e-15]
[2023-07-18 23:41:28,976][shap][INFO] - num_full_subsets = 1
[2023-07-18 23:41:28,978][shap][INFO] - phi = [1.77635684e-15 1.77635684e-15]
[2023-07-18 23:41:28,981][shap][INFO] - num_full_subsets = 1
[2023-07-18 23:41:28,983][shap][INFO] - phi = [1.77635684e-15 1.77635684e-15]
[2023-07-18 23:41:28,986][shap][INFO] - num_full_subsets = 1
[2023-07-18 23:41:28,988][shap][INFO] - phi = [1.77635684e-15 1.77635684e-15]
[2023-07-18 23:41:28,992][shap][INFO] - num_full_subsets = 1
[2023-07-18 23:41:28,995][shap][INFO] - phi = [1.77635684e-15 1.77635684e-15]
[2023-07-18 23:41:28,998][shap][INFO] - num_full_subsets = 1
[2023-07-18 23:41:29,000][shap][INFO] - phi = [1.77635684e-15 1.77635684e-15]
[2023-07-18 23:41:29,004][shap][INFO] - num_full_subsets = 1
[2023-07-18 23:41:29,006][shap][INFO] - phi = [1.77635684e-15 1.77635684e-15]
[2023-07-18 23:41:29,009][shap][INFO] - num_full_subsets = 1
[2023-07-18 23:41:29,011][shap][INFO] - phi = [1.77635684e-15 1.77635684e-15]
[2023-07-18 23:41:29,014][shap][INFO] - num_full_subsets = 1
[2023-07-18 23:41:29,016][shap][INFO] - phi = [1.77635684e-15 1.77635684e-15]
[2023-07-18 23:41:29,019][shap][INFO] - num_full_subsets = 1
[2023-07-18 23:41:29,021][shap][INFO] - phi = [1.77635684e-15 1.77635684e-15]
[2023-07-18 23:41:29,024][shap][INFO] - num_full_subsets = 1
[2023-07-18 23:41:29,026][shap][INFO] - phi = [1.77635684e-15 1.77635684e-15]
[2023-07-18 23:41:29,029][shap][INFO] - num_full_subsets = 1
[2023-07-18 23:41:29,031][shap][INFO] - phi = [1.77635684e-15 1.77635684e-15]
[2023-07-18 23:41:29,034][shap][INFO] - num_full_subsets = 1
[2023-07-18 23:41:29,036][shap][INFO] - phi = [1.77635684e-15 1.77635684e-15]
[2023-07-18 23:41:29,040][shap][INFO] - num_full_subsets = 1
[2023-07-18 23:41:29,041][shap][INFO] - phi = [1.77635684e-15 1.77635684e-15]
[2023-07-18 23:41:29,045][shap][INFO] - num_full_subsets = 1
[2023-07-18 23:41:29,046][shap][INFO] - phi = [1.77635684e-15 1.77635684e-15]
[2023-07-18 23:41:29,050][shap][INFO] - num_full_subsets = 1
[2023-07-18 23:41:29,052][shap][INFO] - phi = [1.77635684e-15 1.77635684e-15]
[2023-07-18 23:41:29,527][shap][INFO] - num_full_subsets = 1
[2023-07-18 23:41:29,535][shap][INFO] - phi = [-28.44454923  -7.81002672]
[2023-07-18 23:41:29,548][shap][INFO] - num_full_subsets = 1
[2023-07-18 23:41:29,560][shap][INFO] - phi = [-18.26196676  -7.47196901]
[2023-07-18 23:41:29,570][shap][INFO] - num_full_subsets = 1
[2023-07-18 23:41:29,578][shap][INFO] - phi = [-7.67825767 -7.12218147]
[2023-07-18 23:41:29,592][shap][INFO] - num_full_subsets = 1
[2023-07-18 23:41:29,604][shap][INFO] - phi = [ 3.60718916 -6.73249095]
[2023-07-18 23:41:29,616][shap][INFO] - num_full_subsets = 1
[2023-07-18 23:41:29,626][shap][INFO] - phi = [14.26246209 -6.35431657]
[2023-07-18 23:41:29,640][shap][INFO] - num_full_subsets = 1
[2023-07-18 23:41:29,651][shap][INFO] - phi = [25.16537085 -5.9570301 ]
[2023-07-18 23:41:29,664][shap][INFO] - num_full_subsets = 1
[2023-07-18 23:41:29,675][shap][INFO] - phi = [56.54470388 -4.92397093]
[2023-07-18 23:41:29,687][shap][INFO] - num_full_subsets = 1
[2023-07-18 23:41:29,700][shap][INFO] - phi = [95.71850209 -4.15454353]
[2023-07-18 23:41:29,712][shap][INFO] - num_full_subsets = 1
[2023-07-18 23:41:29,723][shap][INFO] - phi = [-43.929176    -6.25168369]
[2023-07-18 23:41:29,735][shap][INFO] - num_full_subsets = 1
[2023-07-18 23:41:29,743][shap][INFO] - phi = [-40.59318816  -8.17549922]
[2023-07-18 23:41:29,757][shap][INFO] - num_full_subsets = 1
[2023-07-18 23:41:29,764][shap][INFO] - phi = [-7.67825767 -7.12218147]
[2023-07-18 23:41:29,776][shap][INFO] - num_full_subsets = 1
[2023-07-18 23:41:29,787][shap][INFO] - phi = [-13.56505936  26.0700373 ]
[2023-07-18 23:41:29,796][shap][INFO] - num_full_subsets = 1
[2023-07-18 23:41:29,807][shap][INFO] - phi = [20.6080039  73.11809072]
[2023-07-18 23:41:29,817][shap][INFO] - num_full_subsets = 1
[2023-07-18 23:41:29,825][shap][INFO] - phi = [-24.06636124   4.714772  ]
[2023-07-18 23:41:29,837][shap][INFO] - num_full_subsets = 1
[2023-07-18 23:41:29,848][shap][INFO] - phi = [-18.26196676  -7.47196901]
[2023-07-18 23:41:29,860][shap][INFO] - num_full_subsets = 1
[2023-07-18 23:41:29,873][shap][INFO] - phi = [76.77720985 -4.42410975]
[2023-07-18 23:41:29,886][shap][INFO] - num_full_subsets = 1
[2023-07-18 23:41:29,897][shap][INFO] - phi = [-37.62040373  -8.09150463]
[2023-07-18 23:41:29,907][shap][INFO] - num_full_subsets = 1
[2023-07-18 23:41:29,919][shap][INFO] - phi = [-4.70621365 -8.75779189]
[2023-07-18 23:41:29,932][shap][INFO] - num_full_subsets = 1
[2023-07-18 23:41:29,943][shap][INFO] - phi = [-26.07990527  -7.48084657]
[2023-07-18 23:41:29,957][shap][INFO] - num_full_subsets = 1
[2023-07-18 23:41:29,969][shap][INFO] - phi = [-21.79813629   4.3992155 ]
