[2023-07-19 12:58:11,592][shap][INFO] - num_full_subsets = 1
[2023-07-19 12:58:11,595][shap][INFO] - phi = [  1.79882456 -50.27031168 -25.48153396]
[2023-07-19 12:58:11,601][shap][INFO] - num_full_subsets = 1
[2023-07-19 12:58:11,605][shap][INFO] - phi = [  1.83546588 -32.74406285 -20.66104493]
[2023-07-19 12:58:11,612][shap][INFO] - num_full_subsets = 1
[2023-07-19 12:58:11,614][shap][INFO] - phi = [  1.697067   -15.95572939 -16.08281046]
[2023-07-19 12:58:11,620][shap][INFO] - num_full_subsets = 1
[2023-07-19 12:58:11,622][shap][INFO] - phi = [  1.18352415   1.94073835 -11.1534952 ]
[2023-07-19 12:58:11,627][shap][INFO] - num_full_subsets = 1
[2023-07-19 12:58:11,631][shap][INFO] - phi = [ 1.42007716 19.17869588 -6.90173945]
[2023-07-19 12:58:11,638][shap][INFO] - num_full_subsets = 1
[2023-07-19 12:58:11,642][shap][INFO] - phi = [ 1.44567084 37.67152612 -2.2989029 ]
[2023-07-19 12:58:11,650][shap][INFO] - num_full_subsets = 1
[2023-07-19 12:58:11,652][shap][INFO] - phi = [ 1.16165463 92.84045256 11.13392386]
[2023-07-19 12:58:11,657][shap][INFO] - num_full_subsets = 1
[2023-07-19 12:58:11,660][shap][INFO] - phi = [  1.14406392 171.37310433  29.06076092]
[2023-07-19 12:58:11,668][shap][INFO] - num_full_subsets = 1
[2023-07-19 12:58:11,671][shap][INFO] - phi = [  2.23767264 -56.71194776 -40.67794002]
[2023-07-19 12:58:11,678][shap][INFO] - num_full_subsets = 1
[2023-07-19 12:58:11,680][shap][INFO] - phi = [  1.20254113 -71.03386066 -30.53385959]
[2023-07-19 12:58:11,685][shap][INFO] - num_full_subsets = 1
[2023-07-19 12:58:11,688][shap][INFO] - phi = [  1.18804069 -15.90188757 -15.75633174]
[2023-07-19 12:58:11,695][shap][INFO] - num_full_subsets = 1
[2023-07-19 12:58:11,698][shap][INFO] - phi = [-2.70874944 -4.06413889 45.07414349]
[2023-07-19 12:58:11,704][shap][INFO] - num_full_subsets = 1
[2023-07-19 12:58:11,707][shap][INFO] - phi = [-17.57199178 -30.43115001 239.63090305]
[2023-07-19 12:58:11,711][shap][INFO] - num_full_subsets = 1
[2023-07-19 12:58:11,713][shap][INFO] - phi = [ -1.60195781 -17.8132064  -16.04747826]
[2023-07-19 12:58:11,720][shap][INFO] - num_full_subsets = 1
[2023-07-19 12:58:11,724][shap][INFO] - phi = [  1.73187799 -32.6975901  -20.55221869]
[2023-07-19 12:58:11,729][shap][INFO] - num_full_subsets = 1
[2023-07-19 12:58:11,732][shap][INFO] - phi = [  1.15285927 131.50300261  20.09734239]
[2023-07-19 12:58:11,737][shap][INFO] - num_full_subsets = 1
[2023-07-19 12:58:11,739][shap][INFO] - phi = [  1.51516868 -67.01788611 -30.38624716]
[2023-07-19 12:58:11,744][shap][INFO] - num_full_subsets = 1
[2023-07-19 12:58:11,748][shap][INFO] - phi = [ -1.10917692  -9.13417748 -47.65411797]
[2023-07-19 12:58:11,754][shap][INFO] - num_full_subsets = 1
[2023-07-19 12:58:11,758][shap][INFO] - phi = [  0.29146433 -33.60994877 -44.19410372]
[2023-07-19 12:58:11,762][shap][INFO] - num_full_subsets = 1
[2023-07-19 12:58:11,764][shap][INFO] - phi = [  1.98590307 -17.1216222  -16.61524966]
[2023-07-19 12:58:11,778][shap][INFO] - num_full_subsets = 1
[2023-07-19 12:58:11,782][shap][INFO] - phi = [ -1.65528818 -54.21457453 -18.05036985]
[2023-07-19 12:58:11,788][shap][INFO] - num_full_subsets = 1
[2023-07-19 12:58:11,790][shap][INFO] - phi = [ -1.70785234 -36.29779964 -15.28738607]
[2023-07-19 12:58:11,794][shap][INFO] - num_full_subsets = 1
[2023-07-19 12:58:11,797][shap][INFO] - phi = [ -1.41444388 -18.20983655 -12.55025954]
[2023-07-19 12:58:11,803][shap][INFO] - num_full_subsets = 1
[2023-07-19 12:58:11,806][shap][INFO] - phi = [-0.56851057  1.81093542 -9.47467117]
[2023-07-19 12:58:11,812][shap][INFO] - num_full_subsets = 1
[2023-07-19 12:58:11,814][shap][INFO] - phi = [-0.74465875 21.38282676 -7.04613558]
[2023-07-19 12:58:11,819][shap][INFO] - num_full_subsets = 1
[2023-07-19 12:58:11,821][shap][INFO] - phi = [-0.62404948 42.49009149 -4.32641907]
[2023-07-19 12:58:11,828][shap][INFO] - num_full_subsets = 1
[2023-07-19 12:58:11,830][shap][INFO] - phi = [4.11546608e-03 1.04220041e+02 3.50698340e+00]
[2023-07-19 12:58:11,837][shap][INFO] - num_full_subsets = 1
[2023-07-19 12:58:11,839][shap][INFO] - phi = [  0.42641094 181.57844092  12.63097494]
[2023-07-19 12:58:11,843][shap][INFO] - num_full_subsets = 1
[2023-07-19 12:58:11,846][shap][INFO] - phi = [  2.52289693 -69.06170608 -26.40561683]
[2023-07-19 12:58:11,850][shap][INFO] - num_full_subsets = 1
[2023-07-19 12:58:11,852][shap][INFO] - phi = [ -1.01447581 -75.90286392 -20.1169338 ]
[2023-07-19 12:58:11,857][shap][INFO] - num_full_subsets = 1
[2023-07-19 12:58:11,860][shap][INFO] - phi = [ -0.68225278 -18.21278738 -12.13743742]
[2023-07-19 12:58:11,868][shap][INFO] - num_full_subsets = 1
[2023-07-19 12:58:11,871][shap][INFO] - phi = [  2.41598463 -16.86542092  57.42722613]
[2023-07-19 12:58:11,877][shap][INFO] - num_full_subsets = 1
[2023-07-19 12:58:11,879][shap][INFO] - phi = [ 10.8275799   13.47440641 162.63547747]
[2023-07-19 12:58:11,883][shap][INFO] - num_full_subsets = 1
[2023-07-19 12:58:11,885][shap][INFO] - phi = [ -1.12680028 -30.72978802  -4.23173458]
[2023-07-19 12:58:11,889][shap][INFO] - num_full_subsets = 1
[2023-07-19 12:58:11,891][shap][INFO] - phi = [ -1.62976546 -36.34676134 -15.15125561]
[2023-07-19 12:58:11,897][shap][INFO] - num_full_subsets = 1
[2023-07-19 12:58:11,899][shap][INFO] - phi = [  0.22436773 144.32941156   8.31851021]
[2023-07-19 12:58:11,904][shap][INFO] - num_full_subsets = 1
[2023-07-19 12:58:11,907][shap][INFO] - phi = [-5.18677556e-02 -6.90465068e+01 -2.08392392e+01]
[2023-07-19 12:58:11,913][shap][INFO] - num_full_subsets = 1
[2023-07-19 12:58:11,915][shap][INFO] - phi = [ -2.40877273 -12.0064471  -40.44362504]
[2023-07-19 12:58:11,919][shap][INFO] - num_full_subsets = 1
[2023-07-19 12:58:11,921][shap][INFO] - phi = [ -2.18904429 -43.9408221  -35.41719756]
[2023-07-19 12:58:11,925][shap][INFO] - num_full_subsets = 1
[2023-07-19 12:58:11,928][shap][INFO] - phi = [ -0.60357327 -28.45083941  -3.04089083]
[2023-07-19 12:58:12,941][shap][INFO] - num_full_subsets = 1
[2023-07-19 12:58:12,949][shap][INFO] - phi = [ 11.04532495 -79.36310196 -10.7335155 ]
[2023-07-19 12:58:12,961][shap][INFO] - num_full_subsets = 1
[2023-07-19 12:58:12,971][shap][INFO] - phi = [  2.85855395 -37.97337149 -10.73352354]
[2023-07-19 12:58:12,981][shap][INFO] - num_full_subsets = 1
[2023-07-19 12:58:12,990][shap][INFO] - phi = [  3.57197361 -22.16713517 -10.73352621]
[2023-07-19 12:58:12,999][shap][INFO] - num_full_subsets = 1
[2023-07-19 12:58:13,008][shap][INFO] - phi = [  2.56730818   3.62781562 -10.73354362]
[2023-07-19 12:58:13,021][shap][INFO] - num_full_subsets = 1
[2023-07-19 12:58:13,029][shap][INFO] - phi = [-57.26705704  74.00879794 -10.73354512]
[2023-07-19 12:58:13,039][shap][INFO] - num_full_subsets = 1
[2023-07-19 12:58:13,048][shap][INFO] - phi = [-57.26693096 101.09952613 -10.73351041]
[2023-07-19 12:58:13,059][shap][INFO] - num_full_subsets = 1
[2023-07-19 12:58:13,067][shap][INFO] - phi = [  2.56721453 126.40332793 -10.73347247]
[2023-07-19 12:58:13,079][shap][INFO] - num_full_subsets = 1
[2023-07-19 12:58:13,088][shap][INFO] - phi = [  2.56728383 180.26046434 -10.73350045]
[2023-07-19 12:58:13,101][shap][INFO] - num_full_subsets = 1
[2023-07-19 12:58:13,109][shap][INFO] - phi = [ 10.33844442 -90.66874096 -10.51939494]
[2023-07-19 12:58:13,119][shap][INFO] - num_full_subsets = 1
[2023-07-19 12:58:13,128][shap][INFO] - phi = [  2.56731146 -90.66873086 -10.73351112]
[2023-07-19 12:58:13,138][shap][INFO] - num_full_subsets = 1
[2023-07-19 12:58:13,147][shap][INFO] - phi = [  2.56729995 -22.16713394 -10.73353058]
[2023-07-19 12:58:13,157][shap][INFO] - num_full_subsets = 1
[2023-07-19 12:58:13,167][shap][INFO] - phi = [ 14.60911471 -27.98319472  50.053426  ]
[2023-07-19 12:58:13,177][shap][INFO] - num_full_subsets = 1
[2023-07-19 12:58:13,186][shap][INFO] - phi = [ 14.60909494 127.36966141  50.05302189]
[2023-07-19 12:58:13,196][shap][INFO] - num_full_subsets = 1
[2023-07-19 12:58:13,204][shap][INFO] - phi = [ 14.60904129 -81.56202926  35.493746  ]
[2023-07-19 12:58:13,215][shap][INFO] - num_full_subsets = 1
[2023-07-19 12:58:13,224][shap][INFO] - phi = [  1.41993358 -37.97340372 -10.73353061]
[2023-07-19 12:58:13,235][shap][INFO] - num_full_subsets = 1
[2023-07-19 12:58:13,244][shap][INFO] - phi = [  2.56728383 180.26046434 -10.73350045]
[2023-07-19 12:58:13,254][shap][INFO] - num_full_subsets = 1
[2023-07-19 12:58:13,263][shap][INFO] - phi = [ 11.04531785 -92.36753419 -10.73351267]
[2023-07-19 12:58:13,273][shap][INFO] - num_full_subsets = 1
[2023-07-19 12:58:13,281][shap][INFO] - phi = [ 14.60905166 -55.24122901 -10.51940546]
[2023-07-19 12:58:13,293][shap][INFO] - num_full_subsets = 1
[2023-07-19 12:58:13,302][shap][INFO] - phi = [  0.89165425 -84.79109681 -10.51940176]
[2023-07-19 12:58:13,313][shap][INFO] - num_full_subsets = 1
[2023-07-19 12:58:13,322][shap][INFO] - phi = [ -0.47721897 -70.10335564  35.49373103]
[2023-07-19 12:58:13,927][shap][INFO] - num_full_subsets = 1
[2023-07-19 12:58:13,929][shap][INFO] - phi = [  3.93454846 -62.89523049 -18.14039932]
[2023-07-19 12:58:13,933][shap][INFO] - num_full_subsets = 1
[2023-07-19 12:58:13,935][shap][INFO] - phi = [  3.72142755 -36.58881168 -14.24496404]
[2023-07-19 12:58:13,939][shap][INFO] - num_full_subsets = 1
[2023-07-19 12:58:13,941][shap][INFO] - phi = [  0.81627274 -14.94008639 -11.86770419]
[2023-07-19 12:58:13,945][shap][INFO] - num_full_subsets = 1
[2023-07-19 12:58:13,947][shap][INFO] - phi = [ -1.21928803   5.26471171 -10.71948389]
[2023-07-19 12:58:13,950][shap][INFO] - num_full_subsets = 1
[2023-07-19 12:58:13,952][shap][INFO] - phi = [-0.57749008 24.48976875 -8.37221118]
[2023-07-19 12:58:13,956][shap][INFO] - num_full_subsets = 1
[2023-07-19 12:58:13,958][shap][INFO] - phi = [-0.48799804 44.85510008 -6.45392533]
[2023-07-19 12:58:13,962][shap][INFO] - num_full_subsets = 1
[2023-07-19 12:58:13,964][shap][INFO] - phi = [ -1.09304811 110.19958323  -0.19847436]
[2023-07-19 12:58:13,969][shap][INFO] - num_full_subsets = 1
[2023-07-19 12:58:13,971][shap][INFO] - phi = [ -0.65471963 178.90446147   3.54832246]
[2023-07-19 12:58:13,975][shap][INFO] - num_full_subsets = 1
[2023-07-19 12:58:13,977][shap][INFO] - phi = [ -0.98922348 -52.24283967 -35.25569523]
[2023-07-19 12:58:13,980][shap][INFO] - num_full_subsets = 1
[2023-07-19 12:58:13,982][shap][INFO] - phi = [ -1.00945697 -73.20337104 -20.2776332 ]
[2023-07-19 12:58:13,986][shap][INFO] - num_full_subsets = 1
[2023-07-19 12:58:13,988][shap][INFO] - phi = [ -1.23766619 -14.96520758 -12.84429566]
[2023-07-19 12:58:13,992][shap][INFO] - num_full_subsets = 1
[2023-07-19 12:58:13,994][shap][INFO] - phi = [ -1.71455303 -22.20390181  67.11793714]
[2023-07-19 12:58:13,998][shap][INFO] - num_full_subsets = 1
[2023-07-19 12:58:14,000][shap][INFO] - phi = [ -3.69781695  14.0198026  171.58493152]
[2023-07-19 12:58:14,004][shap][INFO] - num_full_subsets = 1
[2023-07-19 12:58:14,006][shap][INFO] - phi = [ -0.91995393 -38.36633376   6.69624958]
[2023-07-19 12:58:14,010][shap][INFO] - num_full_subsets = 1
[2023-07-19 12:58:14,012][shap][INFO] - phi = [  2.81495506 -36.87383874 -14.55895333]
[2023-07-19 12:58:14,016][shap][INFO] - num_full_subsets = 1
[2023-07-19 12:58:14,018][shap][INFO] - phi = [ -0.83482532 151.1631088    3.17432523]
[2023-07-19 12:58:14,022][shap][INFO] - num_full_subsets = 1
[2023-07-19 12:58:14,024][shap][INFO] - phi = [  2.14234395 -77.92427648 -19.06780777]
[2023-07-19 12:58:14,028][shap][INFO] - num_full_subsets = 1
[2023-07-19 12:58:14,030][shap][INFO] - phi = [  3.87383593 -12.80611569 -43.73439614]
[2023-07-19 12:58:14,034][shap][INFO] - num_full_subsets = 1
[2023-07-19 12:58:14,036][shap][INFO] - phi = [ -1.69678789 -51.38934378 -38.14915586]
[2023-07-19 12:58:14,040][shap][INFO] - num_full_subsets = 1
[2023-07-19 12:58:14,042][shap][INFO] - phi = [ -1.17055605 -34.49717951   1.76333359]
[2023-07-19 12:58:15,593][shap][INFO] - num_full_subsets = 1
[2023-07-19 12:58:15,606][shap][INFO] - phi = [  3.78085245 -61.68580466 -18.10145466]
[2023-07-19 12:58:15,621][shap][INFO] - num_full_subsets = 1
[2023-07-19 12:58:15,633][shap][INFO] - phi = [  1.67689876 -35.90101141 -15.23172965]
[2023-07-19 12:58:15,648][shap][INFO] - num_full_subsets = 1
[2023-07-19 12:58:15,660][shap][INFO] - phi = [  1.16771737 -17.81819687 -12.8085751 ]
[2023-07-19 12:58:15,675][shap][INFO] - num_full_subsets = 1
[2023-07-19 12:58:15,686][shap][INFO] - phi = [  0.49075843   3.16105027 -10.52029847]
[2023-07-19 12:58:15,701][shap][INFO] - num_full_subsets = 1
[2023-07-19 12:58:15,714][shap][INFO] - phi = [-14.29228218  34.76502233  -8.26340783]
[2023-07-19 12:58:15,727][shap][INFO] - num_full_subsets = 1
[2023-07-19 12:58:15,738][shap][INFO] - phi = [-14.23332691  56.52906095  -5.95318943]
[2023-07-19 12:58:15,753][shap][INFO] - num_full_subsets = 1
[2023-07-19 12:58:15,764][shap][INFO] - phi = [  0.65998413 108.41585124   0.9272401 ]
[2023-07-19 12:58:15,781][shap][INFO] - num_full_subsets = 1
[2023-07-19 12:58:15,793][shap][INFO] - phi = [  0.87075976 178.02911777   8.62663947]
[2023-07-19 12:58:15,806][shap][INFO] - num_full_subsets = 1
[2023-07-19 12:58:15,818][shap][INFO] - phi = [  3.52744763 -67.17130862 -28.21466176]
[2023-07-19 12:58:15,833][shap][INFO] - num_full_subsets = 1
[2023-07-19 12:58:15,844][shap][INFO] - phi = [  0.43647995 -77.70220662 -20.41548443]
[2023-07-19 12:58:15,857][shap][INFO] - num_full_subsets = 1
[2023-07-19 12:58:15,869][shap][INFO] - phi = [  0.45885542 -17.81175412 -12.86789885]
[2023-07-19 12:58:15,883][shap][INFO] - num_full_subsets = 1
[2023-07-19 12:58:15,895][shap][INFO] - phi = [  3.15044922 -17.77916408  54.91818319]
[2023-07-19 12:58:15,908][shap][INFO] - num_full_subsets = 1
[2023-07-19 12:58:15,921][shap][INFO] - phi = [  1.04171653  31.1081801  155.97608348]
[2023-07-19 12:58:15,934][shap][INFO] - num_full_subsets = 1
[2023-07-19 12:58:15,946][shap][INFO] - phi = [  2.74008232 -42.11783936   5.47769569]
[2023-07-19 12:58:15,960][shap][INFO] - num_full_subsets = 1
[2023-07-19 12:58:15,976][shap][INFO] - phi = [  1.0842503  -35.97289847 -15.24898956]
[2023-07-19 12:58:15,989][shap][INFO] - num_full_subsets = 1
[2023-07-19 12:58:16,001][shap][INFO] - phi = [  0.77742138 151.81399683   5.21416935]
[2023-07-19 12:58:16,014][shap][INFO] - num_full_subsets = 1
[2023-07-19 12:58:16,026][shap][INFO] - phi = [  3.66274068 -76.58905091 -20.2567017 ]
[2023-07-19 12:58:16,039][shap][INFO] - num_full_subsets = 1
[2023-07-19 12:58:16,051][shap][INFO] - phi = [  3.74123448 -22.29699232 -35.58788615]
[2023-07-19 12:58:16,064][shap][INFO] - num_full_subsets = 1
[2023-07-19 12:58:16,078][shap][INFO] - phi = [ -0.6756784  -53.43280286 -32.06996472]
[2023-07-19 12:58:16,092][shap][INFO] - num_full_subsets = 1
[2023-07-19 12:58:16,104][shap][INFO] - phi = [ -0.0663613  -37.54324919   4.40023103]
