[2023-07-18 23:33:51,492][shap][INFO] - num_full_subsets = 1
[2023-07-18 23:33:51,494][shap][INFO] - phi = [  1.79882456 -50.27031168 -25.48153396]
[2023-07-18 23:33:51,502][shap][INFO] - num_full_subsets = 1
[2023-07-18 23:33:51,506][shap][INFO] - phi = [  1.83546588 -32.74406285 -20.66104493]
[2023-07-18 23:33:51,514][shap][INFO] - num_full_subsets = 1
[2023-07-18 23:33:51,518][shap][INFO] - phi = [  1.697067   -15.95572939 -16.08281046]
[2023-07-18 23:33:51,525][shap][INFO] - num_full_subsets = 1
[2023-07-18 23:33:51,529][shap][INFO] - phi = [  1.18352415   1.94073835 -11.1534952 ]
[2023-07-18 23:33:51,535][shap][INFO] - num_full_subsets = 1
[2023-07-18 23:33:51,537][shap][INFO] - phi = [ 1.42007716 19.17869588 -6.90173945]
[2023-07-18 23:33:51,541][shap][INFO] - num_full_subsets = 1
[2023-07-18 23:33:51,543][shap][INFO] - phi = [ 1.44567084 37.67152612 -2.2989029 ]
[2023-07-18 23:33:51,547][shap][INFO] - num_full_subsets = 1
[2023-07-18 23:33:51,548][shap][INFO] - phi = [ 1.16165463 92.84045256 11.13392386]
[2023-07-18 23:33:51,552][shap][INFO] - num_full_subsets = 1
[2023-07-18 23:33:51,554][shap][INFO] - phi = [  1.14406392 171.37310433  29.06076092]
[2023-07-18 23:33:51,558][shap][INFO] - num_full_subsets = 1
[2023-07-18 23:33:51,560][shap][INFO] - phi = [  2.23767264 -56.71194776 -40.67794002]
[2023-07-18 23:33:51,565][shap][INFO] - num_full_subsets = 1
[2023-07-18 23:33:51,566][shap][INFO] - phi = [  1.20254113 -71.03386066 -30.53385959]
[2023-07-18 23:33:51,570][shap][INFO] - num_full_subsets = 1
[2023-07-18 23:33:51,572][shap][INFO] - phi = [  1.18804069 -15.90188757 -15.75633174]
[2023-07-18 23:33:51,576][shap][INFO] - num_full_subsets = 1
[2023-07-18 23:33:51,578][shap][INFO] - phi = [-2.70874944 -4.06413889 45.07414349]
[2023-07-18 23:33:51,582][shap][INFO] - num_full_subsets = 1
[2023-07-18 23:33:51,584][shap][INFO] - phi = [-17.57199178 -30.43115001 239.63090305]
[2023-07-18 23:33:51,588][shap][INFO] - num_full_subsets = 1
[2023-07-18 23:33:51,590][shap][INFO] - phi = [ -1.60195781 -17.8132064  -16.04747826]
[2023-07-18 23:33:51,594][shap][INFO] - num_full_subsets = 1
[2023-07-18 23:33:51,596][shap][INFO] - phi = [  1.73187799 -32.6975901  -20.55221869]
[2023-07-18 23:33:51,599][shap][INFO] - num_full_subsets = 1
[2023-07-18 23:33:51,601][shap][INFO] - phi = [  1.15285927 131.50300261  20.09734239]
[2023-07-18 23:33:51,605][shap][INFO] - num_full_subsets = 1
[2023-07-18 23:33:51,607][shap][INFO] - phi = [  1.51516868 -67.01788611 -30.38624716]
[2023-07-18 23:33:51,611][shap][INFO] - num_full_subsets = 1
[2023-07-18 23:33:51,613][shap][INFO] - phi = [ -1.10917692  -9.13417748 -47.65411797]
[2023-07-18 23:33:51,617][shap][INFO] - num_full_subsets = 1
[2023-07-18 23:33:51,619][shap][INFO] - phi = [  0.29146433 -33.60994877 -44.19410372]
[2023-07-18 23:33:51,623][shap][INFO] - num_full_subsets = 1
[2023-07-18 23:33:51,625][shap][INFO] - phi = [  1.98590307 -17.1216222  -16.61524966]
[2023-07-18 23:33:51,635][shap][INFO] - num_full_subsets = 1
[2023-07-18 23:33:51,637][shap][INFO] - phi = [ -1.65528818 -54.21457453 -18.05036985]
[2023-07-18 23:33:51,641][shap][INFO] - num_full_subsets = 1
[2023-07-18 23:33:51,643][shap][INFO] - phi = [ -1.70785234 -36.29779964 -15.28738607]
[2023-07-18 23:33:51,646][shap][INFO] - num_full_subsets = 1
[2023-07-18 23:33:51,648][shap][INFO] - phi = [ -1.41444388 -18.20983655 -12.55025954]
[2023-07-18 23:33:51,652][shap][INFO] - num_full_subsets = 1
[2023-07-18 23:33:51,654][shap][INFO] - phi = [-0.56851057  1.81093542 -9.47467117]
[2023-07-18 23:33:51,658][shap][INFO] - num_full_subsets = 1
[2023-07-18 23:33:51,660][shap][INFO] - phi = [-0.74465875 21.38282676 -7.04613558]
[2023-07-18 23:33:51,664][shap][INFO] - num_full_subsets = 1
[2023-07-18 23:33:51,666][shap][INFO] - phi = [-0.62404948 42.49009149 -4.32641907]
[2023-07-18 23:33:51,670][shap][INFO] - num_full_subsets = 1
[2023-07-18 23:33:51,672][shap][INFO] - phi = [4.11546608e-03 1.04220041e+02 3.50698340e+00]
[2023-07-18 23:33:51,676][shap][INFO] - num_full_subsets = 1
[2023-07-18 23:33:51,678][shap][INFO] - phi = [  0.42641094 181.57844092  12.63097494]
[2023-07-18 23:33:51,681][shap][INFO] - num_full_subsets = 1
[2023-07-18 23:33:51,683][shap][INFO] - phi = [  2.52289693 -69.06170608 -26.40561683]
[2023-07-18 23:33:51,687][shap][INFO] - num_full_subsets = 1
[2023-07-18 23:33:51,689][shap][INFO] - phi = [ -1.01447581 -75.90286392 -20.1169338 ]
[2023-07-18 23:33:51,693][shap][INFO] - num_full_subsets = 1
[2023-07-18 23:33:51,695][shap][INFO] - phi = [ -0.68225278 -18.21278738 -12.13743742]
[2023-07-18 23:33:51,699][shap][INFO] - num_full_subsets = 1
[2023-07-18 23:33:51,701][shap][INFO] - phi = [  2.41598463 -16.86542092  57.42722613]
[2023-07-18 23:33:51,705][shap][INFO] - num_full_subsets = 1
[2023-07-18 23:33:51,707][shap][INFO] - phi = [ 10.8275799   13.47440641 162.63547747]
[2023-07-18 23:33:51,710][shap][INFO] - num_full_subsets = 1
[2023-07-18 23:33:51,712][shap][INFO] - phi = [ -1.12680028 -30.72978802  -4.23173458]
[2023-07-18 23:33:51,716][shap][INFO] - num_full_subsets = 1
[2023-07-18 23:33:51,718][shap][INFO] - phi = [ -1.62976546 -36.34676134 -15.15125561]
[2023-07-18 23:33:51,722][shap][INFO] - num_full_subsets = 1
[2023-07-18 23:33:51,724][shap][INFO] - phi = [  0.22436773 144.32941156   8.31851021]
[2023-07-18 23:33:51,728][shap][INFO] - num_full_subsets = 1
[2023-07-18 23:33:51,730][shap][INFO] - phi = [-5.18677556e-02 -6.90465068e+01 -2.08392392e+01]
[2023-07-18 23:33:51,733][shap][INFO] - num_full_subsets = 1
[2023-07-18 23:33:51,736][shap][INFO] - phi = [ -2.40877273 -12.0064471  -40.44362504]
[2023-07-18 23:33:51,740][shap][INFO] - num_full_subsets = 1
[2023-07-18 23:33:51,742][shap][INFO] - phi = [ -2.18904429 -43.9408221  -35.41719756]
[2023-07-18 23:33:51,745][shap][INFO] - num_full_subsets = 1
[2023-07-18 23:33:51,747][shap][INFO] - phi = [ -0.60357327 -28.45083941  -3.04089083]
[2023-07-18 23:33:52,479][shap][INFO] - num_full_subsets = 1
[2023-07-18 23:33:52,489][shap][INFO] - phi = [ 11.04532495 -79.36310196 -10.7335155 ]
[2023-07-18 23:33:52,499][shap][INFO] - num_full_subsets = 1
[2023-07-18 23:33:52,508][shap][INFO] - phi = [  2.85855395 -37.97337149 -10.73352354]
[2023-07-18 23:33:52,519][shap][INFO] - num_full_subsets = 1
[2023-07-18 23:33:52,527][shap][INFO] - phi = [  3.57197361 -22.16713517 -10.73352621]
[2023-07-18 23:33:52,538][shap][INFO] - num_full_subsets = 1
[2023-07-18 23:33:52,547][shap][INFO] - phi = [  2.56730818   3.62781562 -10.73354362]
[2023-07-18 23:33:52,559][shap][INFO] - num_full_subsets = 1
[2023-07-18 23:33:52,567][shap][INFO] - phi = [-57.26705704  74.00879794 -10.73354512]
[2023-07-18 23:33:52,577][shap][INFO] - num_full_subsets = 1
[2023-07-18 23:33:52,586][shap][INFO] - phi = [-57.26693096 101.09952613 -10.73351041]
[2023-07-18 23:33:52,599][shap][INFO] - num_full_subsets = 1
[2023-07-18 23:33:52,606][shap][INFO] - phi = [  2.56721453 126.40332793 -10.73347247]
[2023-07-18 23:33:52,617][shap][INFO] - num_full_subsets = 1
[2023-07-18 23:33:52,626][shap][INFO] - phi = [  2.56728383 180.26046434 -10.73350045]
[2023-07-18 23:33:52,635][shap][INFO] - num_full_subsets = 1
[2023-07-18 23:33:52,645][shap][INFO] - phi = [ 10.33844442 -90.66874096 -10.51939494]
[2023-07-18 23:33:52,654][shap][INFO] - num_full_subsets = 1
[2023-07-18 23:33:52,664][shap][INFO] - phi = [  2.56731146 -90.66873086 -10.73351112]
[2023-07-18 23:33:52,674][shap][INFO] - num_full_subsets = 1
[2023-07-18 23:33:52,682][shap][INFO] - phi = [  2.56729995 -22.16713394 -10.73353058]
[2023-07-18 23:33:52,694][shap][INFO] - num_full_subsets = 1
[2023-07-18 23:33:52,703][shap][INFO] - phi = [ 14.60911471 -27.98319472  50.053426  ]
[2023-07-18 23:33:52,716][shap][INFO] - num_full_subsets = 1
[2023-07-18 23:33:52,724][shap][INFO] - phi = [ 14.60909494 127.36966141  50.05302189]
[2023-07-18 23:33:52,734][shap][INFO] - num_full_subsets = 1
[2023-07-18 23:33:52,744][shap][INFO] - phi = [ 14.60904129 -81.56202926  35.493746  ]
[2023-07-18 23:33:52,754][shap][INFO] - num_full_subsets = 1
[2023-07-18 23:33:52,763][shap][INFO] - phi = [  1.41993358 -37.97340372 -10.73353061]
[2023-07-18 23:33:52,773][shap][INFO] - num_full_subsets = 1
[2023-07-18 23:33:52,784][shap][INFO] - phi = [  2.56728383 180.26046434 -10.73350045]
[2023-07-18 23:33:52,794][shap][INFO] - num_full_subsets = 1
[2023-07-18 23:33:52,802][shap][INFO] - phi = [ 11.04531785 -92.36753419 -10.73351267]
[2023-07-18 23:33:52,812][shap][INFO] - num_full_subsets = 1
[2023-07-18 23:33:52,822][shap][INFO] - phi = [ 14.60905166 -55.24122901 -10.51940546]
[2023-07-18 23:33:52,833][shap][INFO] - num_full_subsets = 1
[2023-07-18 23:33:52,841][shap][INFO] - phi = [  0.89165425 -84.79109681 -10.51940176]
[2023-07-18 23:33:52,852][shap][INFO] - num_full_subsets = 1
[2023-07-18 23:33:52,865][shap][INFO] - phi = [ -0.47721897 -70.10335564  35.49373103]
[2023-07-18 23:33:53,455][shap][INFO] - num_full_subsets = 1
[2023-07-18 23:33:53,457][shap][INFO] - phi = [  3.93454846 -62.89523049 -18.14039932]
[2023-07-18 23:33:53,461][shap][INFO] - num_full_subsets = 1
[2023-07-18 23:33:53,463][shap][INFO] - phi = [  3.72142755 -36.58881168 -14.24496404]
[2023-07-18 23:33:53,467][shap][INFO] - num_full_subsets = 1
[2023-07-18 23:33:53,469][shap][INFO] - phi = [  0.81627274 -14.94008639 -11.86770419]
[2023-07-18 23:33:53,473][shap][INFO] - num_full_subsets = 1
[2023-07-18 23:33:53,475][shap][INFO] - phi = [ -1.21928803   5.26471171 -10.71948389]
[2023-07-18 23:33:53,479][shap][INFO] - num_full_subsets = 1
[2023-07-18 23:33:53,481][shap][INFO] - phi = [-0.57749008 24.48976875 -8.37221118]
[2023-07-18 23:33:53,485][shap][INFO] - num_full_subsets = 1
[2023-07-18 23:33:53,487][shap][INFO] - phi = [-0.48799804 44.85510008 -6.45392533]
[2023-07-18 23:33:53,490][shap][INFO] - num_full_subsets = 1
[2023-07-18 23:33:53,492][shap][INFO] - phi = [ -1.09304811 110.19958323  -0.19847436]
[2023-07-18 23:33:53,496][shap][INFO] - num_full_subsets = 1
[2023-07-18 23:33:53,498][shap][INFO] - phi = [ -0.65471963 178.90446147   3.54832246]
[2023-07-18 23:33:53,502][shap][INFO] - num_full_subsets = 1
[2023-07-18 23:33:53,504][shap][INFO] - phi = [ -0.98922348 -52.24283967 -35.25569523]
[2023-07-18 23:33:53,508][shap][INFO] - num_full_subsets = 1
[2023-07-18 23:33:53,510][shap][INFO] - phi = [ -1.00945697 -73.20337104 -20.2776332 ]
[2023-07-18 23:33:53,514][shap][INFO] - num_full_subsets = 1
[2023-07-18 23:33:53,516][shap][INFO] - phi = [ -1.23766619 -14.96520758 -12.84429566]
[2023-07-18 23:33:53,520][shap][INFO] - num_full_subsets = 1
[2023-07-18 23:33:53,523][shap][INFO] - phi = [ -1.71455303 -22.20390181  67.11793714]
[2023-07-18 23:33:53,529][shap][INFO] - num_full_subsets = 1
[2023-07-18 23:33:53,532][shap][INFO] - phi = [ -3.69781695  14.0198026  171.58493152]
[2023-07-18 23:33:53,539][shap][INFO] - num_full_subsets = 1
[2023-07-18 23:33:53,542][shap][INFO] - phi = [ -0.91995393 -38.36633376   6.69624958]
[2023-07-18 23:33:53,547][shap][INFO] - num_full_subsets = 1
[2023-07-18 23:33:53,550][shap][INFO] - phi = [  2.81495506 -36.87383874 -14.55895333]
[2023-07-18 23:33:53,555][shap][INFO] - num_full_subsets = 1
[2023-07-18 23:33:53,557][shap][INFO] - phi = [ -0.83482532 151.1631088    3.17432523]
[2023-07-18 23:33:53,561][shap][INFO] - num_full_subsets = 1
[2023-07-18 23:33:53,563][shap][INFO] - phi = [  2.14234395 -77.92427648 -19.06780777]
[2023-07-18 23:33:53,567][shap][INFO] - num_full_subsets = 1
[2023-07-18 23:33:53,570][shap][INFO] - phi = [  3.87383593 -12.80611569 -43.73439614]
[2023-07-18 23:33:53,574][shap][INFO] - num_full_subsets = 1
[2023-07-18 23:33:53,576][shap][INFO] - phi = [ -1.69678789 -51.38934378 -38.14915586]
[2023-07-18 23:33:53,580][shap][INFO] - num_full_subsets = 1
[2023-07-18 23:33:53,582][shap][INFO] - phi = [ -1.17055605 -34.49717951   1.76333359]
[2023-07-18 23:33:54,692][shap][INFO] - num_full_subsets = 1
[2023-07-18 23:33:54,706][shap][INFO] - phi = [  3.78085245 -61.68580466 -18.10145466]
[2023-07-18 23:33:54,720][shap][INFO] - num_full_subsets = 1
[2023-07-18 23:33:54,732][shap][INFO] - phi = [  1.67689876 -35.90101141 -15.23172965]
[2023-07-18 23:33:54,745][shap][INFO] - num_full_subsets = 1
[2023-07-18 23:33:54,757][shap][INFO] - phi = [  1.16771737 -17.81819687 -12.8085751 ]
[2023-07-18 23:33:54,772][shap][INFO] - num_full_subsets = 1
[2023-07-18 23:33:54,783][shap][INFO] - phi = [  0.49075843   3.16105027 -10.52029847]
[2023-07-18 23:33:54,796][shap][INFO] - num_full_subsets = 1
[2023-07-18 23:33:54,807][shap][INFO] - phi = [-14.29228218  34.76502233  -8.26340783]
[2023-07-18 23:33:54,820][shap][INFO] - num_full_subsets = 1
[2023-07-18 23:33:54,832][shap][INFO] - phi = [-14.23332691  56.52906095  -5.95318943]
[2023-07-18 23:33:54,846][shap][INFO] - num_full_subsets = 1
[2023-07-18 23:33:54,857][shap][INFO] - phi = [  0.65998413 108.41585124   0.9272401 ]
[2023-07-18 23:33:54,870][shap][INFO] - num_full_subsets = 1
[2023-07-18 23:33:54,881][shap][INFO] - phi = [  0.87075976 178.02911777   8.62663947]
[2023-07-18 23:33:54,894][shap][INFO] - num_full_subsets = 1
[2023-07-18 23:33:54,907][shap][INFO] - phi = [  3.52744763 -67.17130862 -28.21466176]
[2023-07-18 23:33:54,920][shap][INFO] - num_full_subsets = 1
[2023-07-18 23:33:54,931][shap][INFO] - phi = [  0.43647995 -77.70220662 -20.41548443]
[2023-07-18 23:33:54,944][shap][INFO] - num_full_subsets = 1
[2023-07-18 23:33:54,956][shap][INFO] - phi = [  0.45885542 -17.81175412 -12.86789885]
[2023-07-18 23:33:54,968][shap][INFO] - num_full_subsets = 1
[2023-07-18 23:33:54,980][shap][INFO] - phi = [  3.15044922 -17.77916408  54.91818319]
[2023-07-18 23:33:54,995][shap][INFO] - num_full_subsets = 1
[2023-07-18 23:33:55,007][shap][INFO] - phi = [  1.04171653  31.1081801  155.97608348]
[2023-07-18 23:33:55,020][shap][INFO] - num_full_subsets = 1
[2023-07-18 23:33:55,031][shap][INFO] - phi = [  2.74008232 -42.11783936   5.47769569]
[2023-07-18 23:33:55,043][shap][INFO] - num_full_subsets = 1
[2023-07-18 23:33:55,056][shap][INFO] - phi = [  1.0842503  -35.97289847 -15.24898956]
[2023-07-18 23:33:55,069][shap][INFO] - num_full_subsets = 1
[2023-07-18 23:33:55,080][shap][INFO] - phi = [  0.77742138 151.81399683   5.21416935]
[2023-07-18 23:33:55,093][shap][INFO] - num_full_subsets = 1
[2023-07-18 23:33:55,105][shap][INFO] - phi = [  3.66274068 -76.58905091 -20.2567017 ]
[2023-07-18 23:33:55,118][shap][INFO] - num_full_subsets = 1
[2023-07-18 23:33:55,129][shap][INFO] - phi = [  3.74123448 -22.29699232 -35.58788615]
[2023-07-18 23:33:55,142][shap][INFO] - num_full_subsets = 1
[2023-07-18 23:33:55,153][shap][INFO] - phi = [ -0.6756784  -53.43280286 -32.06996472]
[2023-07-18 23:33:55,167][shap][INFO] - num_full_subsets = 1
[2023-07-18 23:33:55,179][shap][INFO] - phi = [ -0.0663613  -37.54324919   4.40023103]
[2023-07-18 23:33:57,977][shap][INFO] - num_full_subsets = 1
[2023-07-18 23:33:57,982][shap][INFO] - phi = [ -1.23783802 -58.64471875]
[2023-07-18 23:33:57,989][shap][INFO] - num_full_subsets = 1
[2023-07-18 23:33:57,994][shap][INFO] - phi = [ -0.58532217 -35.35273134]
[2023-07-18 23:33:58,002][shap][INFO] - num_full_subsets = 1
[2023-07-18 23:33:58,005][shap][INFO] - phi = [ -0.1224989  -13.45242513]
[2023-07-18 23:33:58,011][shap][INFO] - num_full_subsets = 1
[2023-07-18 23:33:58,014][shap][INFO] - phi = [0.24984803 9.46023726]
[2023-07-18 23:33:58,019][shap][INFO] - num_full_subsets = 1
[2023-07-18 23:33:58,021][shap][INFO] - phi = [ 0.20596381 31.15130425]
[2023-07-18 23:33:58,025][shap][INFO] - num_full_subsets = 1
[2023-07-18 23:33:58,027][shap][INFO] - phi = [ 0.24481651 54.02794069]
[2023-07-18 23:33:58,031][shap][INFO] - num_full_subsets = 1
[2023-07-18 23:33:58,033][shap][INFO] - phi = [  0.21664882 120.0099909 ]
[2023-07-18 23:33:58,036][shap][INFO] - num_full_subsets = 1
[2023-07-18 23:33:58,038][shap][INFO] - phi = [1.89945111e-01 2.08930445e+02]
[2023-07-18 23:33:58,042][shap][INFO] - num_full_subsets = 1
[2023-07-18 23:33:58,043][shap][INFO] - phi = [  -1.57129408 -105.954887  ]
[2023-07-18 23:33:58,048][shap][INFO] - num_full_subsets = 1
[2023-07-18 23:33:58,050][shap][INFO] - phi = [  0.27871691 -86.6699833 ]
[2023-07-18 23:33:58,054][shap][INFO] - num_full_subsets = 1
[2023-07-18 23:33:58,056][shap][INFO] - phi = [  0.25670439 -13.37069012]
[2023-07-18 23:33:58,060][shap][INFO] - num_full_subsets = 1
[2023-07-18 23:33:58,063][shap][INFO] - phi = [  1.22224515 -29.82792656]
[2023-07-18 23:33:58,069][shap][INFO] - num_full_subsets = 1
[2023-07-18 23:33:58,072][shap][INFO] - phi = [ 0.42511803 42.80752361]
[2023-07-18 23:33:58,077][shap][INFO] - num_full_subsets = 1
[2023-07-18 23:33:58,079][shap][INFO] - phi = [  1.54774174 -55.94617957]
[2023-07-18 23:33:58,082][shap][INFO] - num_full_subsets = 1
[2023-07-18 23:33:58,084][shap][INFO] - phi = [ -0.41561776 -35.28218302]
[2023-07-18 23:33:58,088][shap][INFO] - num_full_subsets = 1
[2023-07-18 23:33:58,090][shap][INFO] - phi = [  0.20329697 164.4702179 ]
[2023-07-18 23:33:58,094][shap][INFO] - num_full_subsets = 1
[2023-07-18 23:33:58,096][shap][INFO] - phi = [ -2.82804964 -81.37494503]
[2023-07-18 23:33:58,101][shap][INFO] - num_full_subsets = 1
[2023-07-18 23:33:58,102][shap][INFO] - phi = [ 0.94113446 -7.27125351]
[2023-07-18 23:33:58,106][shap][INFO] - num_full_subsets = 1
[2023-07-18 23:33:58,108][shap][INFO] - phi = [  0.9125076  -56.88493974]
[2023-07-18 23:33:58,113][shap][INFO] - num_full_subsets = 1
[2023-07-18 23:33:58,115][shap][INFO] - phi = [ -0.13406698 -50.82479646]
[2023-07-18 23:33:58,126][shap][INFO] - num_full_subsets = 1
[2023-07-18 23:33:58,127][shap][INFO] - phi = [-21.40594386 -51.11245642]
[2023-07-18 23:33:58,132][shap][INFO] - num_full_subsets = 1
[2023-07-18 23:33:58,134][shap][INFO] - phi = [-16.3920135  -33.53696853]
[2023-07-18 23:33:58,139][shap][INFO] - num_full_subsets = 1
[2023-07-18 23:33:58,141][shap][INFO] - phi = [-10.81913158 -16.09179194]
[2023-07-18 23:33:58,146][shap][INFO] - num_full_subsets = 1
[2023-07-18 23:33:58,147][shap][INFO] - phi = [-1.43951507  3.18550845]
[2023-07-18 23:33:58,151][shap][INFO] - num_full_subsets = 1
[2023-07-18 23:33:58,153][shap][INFO] - phi = [-4.73272989 22.11966741]
[2023-07-18 23:33:58,156][shap][INFO] - num_full_subsets = 1
[2023-07-18 23:33:58,158][shap][INFO] - phi = [-4.76463092 42.81690562]
[2023-07-18 23:33:58,161][shap][INFO] - num_full_subsets = 1
[2023-07-18 23:33:58,162][shap][INFO] - phi = [ -1.41225599 106.951571  ]
[2023-07-18 23:33:58,165][shap][INFO] - num_full_subsets = 1
[2023-07-18 23:33:58,167][shap][INFO] - phi = [ -1.39033021 202.56291405]
[2023-07-18 23:33:58,170][shap][INFO] - num_full_subsets = 1
[2023-07-18 23:33:58,172][shap][INFO] - phi = [-18.40770317 -85.3619157 ]
[2023-07-18 23:33:58,175][shap][INFO] - num_full_subsets = 1
[2023-07-18 23:33:58,177][shap][INFO] - phi = [ -1.46321862 -73.43893507]
[2023-07-18 23:33:58,183][shap][INFO] - num_full_subsets = 1
[2023-07-18 23:33:58,185][shap][INFO] - phi = [ -1.44514467 -16.15890261]
[2023-07-18 23:33:58,190][shap][INFO] - num_full_subsets = 1
[2023-07-18 23:33:58,192][shap][INFO] - phi = [ 19.85435287 -30.25596526]
[2023-07-18 23:33:58,196][shap][INFO] - num_full_subsets = 1
[2023-07-18 23:33:58,198][shap][INFO] - phi = [70.43615685 35.31924945]
[2023-07-18 23:33:58,203][shap][INFO] - num_full_subsets = 1
[2023-07-18 23:33:58,205][shap][INFO] - phi = [ 19.58709537 -51.41438431]
[2023-07-18 23:33:58,208][shap][INFO] - num_full_subsets = 1
[2023-07-18 23:33:58,210][shap][INFO] - phi = [-13.60530615 -33.59489407]
[2023-07-18 23:33:58,213][shap][INFO] - num_full_subsets = 1
[2023-07-18 23:33:58,214][shap][INFO] - phi = [ -1.4012931  153.40347312]
[2023-07-18 23:33:58,217][shap][INFO] - num_full_subsets = 1
[2023-07-18 23:33:58,219][shap][INFO] - phi = [-32.21050009 -66.55902436]
[2023-07-18 23:33:58,223][shap][INFO] - num_full_subsets = 1
[2023-07-18 23:33:58,225][shap][INFO] - phi = [ 20.08516617 -11.21245181]
[2023-07-18 23:33:58,230][shap][INFO] - num_full_subsets = 1
[2023-07-18 23:33:58,231][shap][INFO] - phi = [  8.60893152 -51.60072709]
[2023-07-18 23:33:58,236][shap][INFO] - num_full_subsets = 1
[2023-07-18 23:33:58,238][shap][INFO] - phi = [ -7.68198595 -46.02087195]
[2023-07-18 23:33:59,324][shap][INFO] - num_full_subsets = 1
[2023-07-18 23:33:59,334][shap][INFO] - phi = [  2.49852474 -78.91406629]
[2023-07-18 23:33:59,343][shap][INFO] - num_full_subsets = 1
[2023-07-18 23:33:59,352][shap][INFO] - phi = [ -0.19024024 -47.52209239]
[2023-07-18 23:33:59,361][shap][INFO] - num_full_subsets = 1
[2023-07-18 23:33:59,369][shap][INFO] - phi = [  1.73515732 -28.19550631]
[2023-07-18 23:33:59,373][shap][INFO] - num_full_subsets = 1
[2023-07-18 23:33:59,375][shap][INFO] - phi = [  1.80618556 -10.41762707]
[2023-07-18 23:33:59,382][shap][INFO] - num_full_subsets = 1
[2023-07-18 23:33:59,384][shap][INFO] - phi = [-87.74397895  91.52875478]
[2023-07-18 23:33:59,392][shap][INFO] - num_full_subsets = 1
[2023-07-18 23:33:59,394][shap][INFO] - phi = [-87.74384124 122.41984479]
[2023-07-18 23:33:59,401][shap][INFO] - num_full_subsets = 1
[2023-07-18 23:33:59,403][shap][INFO] - phi = [  1.80621998 151.36046045]
[2023-07-18 23:33:59,412][shap][INFO] - num_full_subsets = 1
[2023-07-18 23:33:59,418][shap][INFO] - phi = [  1.80621998 151.36046045]
[2023-07-18 23:33:59,425][shap][INFO] - num_full_subsets = 1
[2023-07-18 23:33:59,427][shap][INFO] - phi = [  2.49854167 -96.09300587]
[2023-07-18 23:33:59,432][shap][INFO] - num_full_subsets = 1
[2023-07-18 23:33:59,434][shap][INFO] - phi = [  1.80622528 -96.09303224]
[2023-07-18 23:33:59,442][shap][INFO] - num_full_subsets = 1
[2023-07-18 23:33:59,449][shap][INFO] - phi = [  1.80623136 -28.19546676]
[2023-07-18 23:33:59,454][shap][INFO] - num_full_subsets = 1
[2023-07-18 23:33:59,456][shap][INFO] - phi = [41.71327567 -0.49866738]
[2023-07-18 23:33:59,462][shap][INFO] - num_full_subsets = 1
[2023-07-18 23:33:59,464][shap][INFO] - phi = [ 41.7133368  149.67349744]
[2023-07-18 23:33:59,470][shap][INFO] - num_full_subsets = 1
[2023-07-18 23:33:59,472][shap][INFO] - phi = [ 41.71336522 -71.09054618]
[2023-07-18 23:33:59,478][shap][INFO] - num_full_subsets = 1
[2023-07-18 23:33:59,480][shap][INFO] - phi = [ -4.0040061  -47.52212353]
[2023-07-18 23:33:59,489][shap][INFO] - num_full_subsets = 1
[2023-07-18 23:33:59,494][shap][INFO] - phi = [  1.80621998 151.36046045]
[2023-07-18 23:33:59,501][shap][INFO] - num_full_subsets = 1
[2023-07-18 23:33:59,508][shap][INFO] - phi = [  2.49854167 -96.09300587]
[2023-07-18 23:33:59,517][shap][INFO] - num_full_subsets = 1
[2023-07-18 23:33:59,520][shap][INFO] - phi = [ 41.71339872 -96.86964386]
[2023-07-18 23:33:59,528][shap][INFO] - num_full_subsets = 1
[2023-07-18 23:33:59,531][shap][INFO] - phi = [ -3.526372  -89.3082541]
[2023-07-18 23:33:59,540][shap][INFO] - num_full_subsets = 1
[2023-07-18 23:33:59,547][shap][INFO] - phi = [ -3.7130054  -30.89044051]
[2023-07-18 23:33:59,732][shap][INFO] - num_full_subsets = 1
[2023-07-18 23:33:59,734][shap][INFO] - phi = [-17.22430275 -50.64631589]
[2023-07-18 23:33:59,737][shap][INFO] - num_full_subsets = 1
[2023-07-18 23:33:59,738][shap][INFO] - phi = [-12.95022807 -33.40297079]
[2023-07-18 23:33:59,741][shap][INFO] - num_full_subsets = 1
[2023-07-18 23:33:59,742][shap][INFO] - phi = [-10.93877421 -15.07966323]
[2023-07-18 23:33:59,745][shap][INFO] - num_full_subsets = 1
[2023-07-18 23:33:59,747][shap][INFO] - phi = [-11.56027369   7.38203462]
[2023-07-18 23:33:59,749][shap][INFO] - num_full_subsets = 1
[2023-07-18 23:33:59,751][shap][INFO] - phi = [-9.73184403 28.21926071]
[2023-07-18 23:33:59,754][shap][INFO] - num_full_subsets = 1
[2023-07-18 23:33:59,755][shap][INFO] - phi = [-8.31319968 50.98736456]
[2023-07-18 23:33:59,758][shap][INFO] - num_full_subsets = 1
[2023-07-18 23:33:59,759][shap][INFO] - phi = [ -4.07266904 116.21345496]
[2023-07-18 23:33:59,762][shap][INFO] - num_full_subsets = 1
[2023-07-18 23:33:59,764][shap][INFO] - phi = [ -0.93827164 183.68608913]
[2023-07-18 23:33:59,767][shap][INFO] - num_full_subsets = 1
[2023-07-18 23:33:59,768][shap][INFO] - phi = [ -6.75212273 -89.02425952]
[2023-07-18 23:33:59,771][shap][INFO] - num_full_subsets = 1
[2023-07-18 23:33:59,772][shap][INFO] - phi = [-15.7023294  -85.62750799]
[2023-07-18 23:33:59,775][shap][INFO] - num_full_subsets = 1
[2023-07-18 23:33:59,777][shap][INFO] - phi = [-12.87296985 -14.90792158]
[2023-07-18 23:33:59,780][shap][INFO] - num_full_subsets = 1
[2023-07-18 23:33:59,781][shap][INFO] - phi = [ 12.92772478 -27.16370939]
[2023-07-18 23:33:59,784][shap][INFO] - num_full_subsets = 1
[2023-07-18 23:33:59,785][shap][INFO] - phi = [146.8291868   39.09558341]
[2023-07-18 23:33:59,788][shap][INFO] - num_full_subsets = 1
[2023-07-18 23:33:59,790][shap][INFO] - phi = [ 11.34178946 -53.05257294]
[2023-07-18 23:33:59,793][shap][INFO] - num_full_subsets = 1
[2023-07-18 23:33:59,794][shap][INFO] - phi = [-11.07563843 -33.91875186]
[2023-07-18 23:33:59,797][shap][INFO] - num_full_subsets = 1
[2023-07-18 23:33:59,798][shap][INFO] - phi = [ -2.09324287 153.39894908]
[2023-07-18 23:33:59,801][shap][INFO] - num_full_subsets = 1
[2023-07-18 23:33:59,803][shap][INFO] - phi = [-37.64904181 -64.4767253 ]
[2023-07-18 23:33:59,805][shap][INFO] - num_full_subsets = 1
[2023-07-18 23:33:59,807][shap][INFO] - phi = [13.49463385 -5.70987735]
[2023-07-18 23:33:59,810][shap][INFO] - num_full_subsets = 1
[2023-07-18 23:33:59,811][shap][INFO] - phi = [-11.59092527 -56.69200763]
[2023-07-18 23:33:59,814][shap][INFO] - num_full_subsets = 1
[2023-07-18 23:33:59,815][shap][INFO] - phi = [-11.12750143 -49.280453  ]
[2023-07-18 23:34:00,805][shap][INFO] - num_full_subsets = 1
[2023-07-18 23:34:00,816][shap][INFO] - phi = [ -9.34238997 -59.82938934]
[2023-07-18 23:34:00,832][shap][INFO] - num_full_subsets = 1
[2023-07-18 23:34:00,840][shap][INFO] - phi = [ -7.529451   -37.45369076]
[2023-07-18 23:34:00,849][shap][INFO] - num_full_subsets = 1
[2023-07-18 23:34:00,857][shap][INFO] - phi = [ -5.03631184 -18.20484665]
[2023-07-18 23:34:00,870][shap][INFO] - num_full_subsets = 1
[2023-07-18 23:34:00,878][shap][INFO] - phi = [-2.73593879  2.40253831]
[2023-07-18 23:34:00,889][shap][INFO] - num_full_subsets = 1
[2023-07-18 23:34:00,898][shap][INFO] - phi = [-25.50064727  43.25474679]
[2023-07-18 23:34:00,908][shap][INFO] - num_full_subsets = 1
[2023-07-18 23:34:00,919][shap][INFO] - phi = [-25.14421383  67.56301391]
[2023-07-18 23:34:00,930][shap][INFO] - num_full_subsets = 1
[2023-07-18 23:34:00,941][shap][INFO] - phi = [ -0.86551406 123.63386933]
[2023-07-18 23:34:00,949][shap][INFO] - num_full_subsets = 1
[2023-07-18 23:34:00,954][shap][INFO] - phi = [-8.31091903e-02  1.86634977e+02]
[2023-07-18 23:34:00,961][shap][INFO] - num_full_subsets = 1
[2023-07-18 23:34:00,971][shap][INFO] - phi = [ -6.05814458 -94.10851702]
[2023-07-18 23:34:00,982][shap][INFO] - num_full_subsets = 1
[2023-07-18 23:34:00,990][shap][INFO] - phi = [ -3.77015146 -85.45736465]
[2023-07-18 23:34:01,002][shap][INFO] - num_full_subsets = 1
[2023-07-18 23:34:01,007][shap][INFO] - phi = [ -3.06379469 -18.15824527]
[2023-07-18 23:34:01,019][shap][INFO] - num_full_subsets = 1
[2023-07-18 23:34:01,030][shap][INFO] - phi = [ 18.92939962 -21.93656715]
[2023-07-18 23:34:01,041][shap][INFO] - num_full_subsets = 1
[2023-07-18 23:34:01,051][shap][INFO] - phi = [64.85094962 66.72396348]
[2023-07-18 23:34:01,063][shap][INFO] - num_full_subsets = 1
[2023-07-18 23:34:01,073][shap][INFO] - phi = [ 18.54749795 -57.87592075]
[2023-07-18 23:34:01,085][shap][INFO] - num_full_subsets = 1
[2023-07-18 23:34:01,098][shap][INFO] - phi = [ -7.27514211 -37.57948812]
[2023-07-18 23:34:01,111][shap][INFO] - num_full_subsets = 1
[2023-07-18 23:34:01,125][shap][INFO] - phi = [ -0.37125476 155.65827514]
[2023-07-18 23:34:01,135][shap][INFO] - num_full_subsets = 1
[2023-07-18 23:34:01,142][shap][INFO] - phi = [-17.54726247 -77.12592514]
[2023-07-18 23:34:01,154][shap][INFO] - num_full_subsets = 1
[2023-07-18 23:34:01,166][shap][INFO] - phi = [ 19.0585833  -30.26580663]
[2023-07-18 23:34:01,178][shap][INFO] - num_full_subsets = 1
[2023-07-18 23:34:01,189][shap][INFO] - phi = [ -1.39896454 -63.62148214]
[2023-07-18 23:34:01,201][shap][INFO] - num_full_subsets = 1
[2023-07-18 23:34:01,212][shap][INFO] - phi = [ -5.66413994 -44.25414048]
[2023-07-18 23:34:03,353][shap][INFO] - num_full_subsets = 1
[2023-07-18 23:34:03,358][shap][INFO] - phi = [-47.34506868  -1.3895927 ]
[2023-07-18 23:34:03,366][shap][INFO] - num_full_subsets = 1
[2023-07-18 23:34:03,372][shap][INFO] - phi = [-25.98463497   1.97530108]
[2023-07-18 23:34:03,379][shap][INFO] - num_full_subsets = 1
[2023-07-18 23:34:03,383][shap][INFO] - phi = [-6.13274188  5.34019486]
[2023-07-18 23:34:03,390][shap][INFO] - num_full_subsets = 1
[2023-07-18 23:34:03,394][shap][INFO] - phi = [20.81658409 10.38753553]
[2023-07-18 23:34:03,398][shap][INFO] - num_full_subsets = 1
[2023-07-18 23:34:03,401][shap][INFO] - phi = [12.21061058  8.70508864]
[2023-07-18 23:34:03,405][shap][INFO] - num_full_subsets = 1
[2023-07-18 23:34:03,408][shap][INFO] - phi = [12.21061058  8.70508864]
[2023-07-18 23:34:03,413][shap][INFO] - num_full_subsets = 1
[2023-07-18 23:34:03,415][shap][INFO] - phi = [20.81658409 10.38753553]
[2023-07-18 23:34:03,421][shap][INFO] - num_full_subsets = 1
[2023-07-18 23:34:03,423][shap][INFO] - phi = [20.81658409 10.38753553]
[2023-07-18 23:34:03,427][shap][INFO] - num_full_subsets = 1
[2023-07-18 23:34:03,429][shap][INFO] - phi = [-23.35319851 -66.41181917]
[2023-07-18 23:34:03,434][shap][INFO] - num_full_subsets = 1
[2023-07-18 23:34:03,437][shap][INFO] - phi = [20.81658409 10.38753553]
[2023-07-18 23:34:03,442][shap][INFO] - num_full_subsets = 1
[2023-07-18 23:34:03,444][shap][INFO] - phi = [20.81658409 10.38753553]
[2023-07-18 23:34:03,448][shap][INFO] - num_full_subsets = 1
[2023-07-18 23:34:03,450][shap][INFO] - phi = [23.14439335 -9.29079701]
[2023-07-18 23:34:03,455][shap][INFO] - num_full_subsets = 1
[2023-07-18 23:34:03,458][shap][INFO] - phi = [-82.94330617 284.48543247]
[2023-07-18 23:34:03,462][shap][INFO] - num_full_subsets = 1
[2023-07-18 23:34:03,465][shap][INFO] - phi = [ 36.94045785 -83.06594469]
[2023-07-18 23:34:03,470][shap][INFO] - num_full_subsets = 1
[2023-07-18 23:34:03,473][shap][INFO] - phi = [-15.87012085   3.65774797]
[2023-07-18 23:34:03,478][shap][INFO] - num_full_subsets = 1
[2023-07-18 23:34:03,480][shap][INFO] - phi = [20.81658409 10.38753553]
[2023-07-18 23:34:03,483][shap][INFO] - num_full_subsets = 1
[2023-07-18 23:34:03,485][shap][INFO] - phi = [-107.34601816   -9.80182715]
[2023-07-18 23:34:03,489][shap][INFO] - num_full_subsets = 1
[2023-07-18 23:34:03,491][shap][INFO] - phi = [ 50.73652235 -73.14160673]
[2023-07-18 23:34:03,496][shap][INFO] - num_full_subsets = 1
[2023-07-18 23:34:03,498][shap][INFO] - phi = [ 37.30541672 -71.45915984]
[2023-07-18 23:34:03,504][shap][INFO] - num_full_subsets = 1
[2023-07-18 23:34:03,506][shap][INFO] - phi = [ 11.52757325 -60.63331949]
[2023-07-18 23:34:03,519][shap][INFO] - num_full_subsets = 1
[2023-07-18 23:34:03,521][shap][INFO] - phi = [-46.75455045   0.23517053]
[2023-07-18 23:34:03,524][shap][INFO] - num_full_subsets = 1
[2023-07-18 23:34:03,526][shap][INFO] - phi = [-32.13155088   3.02749453]
[2023-07-18 23:34:03,529][shap][INFO] - num_full_subsets = 1
[2023-07-18 23:34:03,531][shap][INFO] - phi = [-16.74226985   5.8775251 ]
[2023-07-18 23:34:03,535][shap][INFO] - num_full_subsets = 1
[2023-07-18 23:34:03,536][shap][INFO] - phi = [ 7.29814512 10.17066734]
[2023-07-18 23:34:03,541][shap][INFO] - num_full_subsets = 1
[2023-07-18 23:34:03,544][shap][INFO] - phi = [-0.80498087  8.74412662]
[2023-07-18 23:34:03,549][shap][INFO] - num_full_subsets = 1
[2023-07-18 23:34:03,551][shap][INFO] - phi = [-0.80498087  8.74412662]
[2023-07-18 23:34:03,557][shap][INFO] - num_full_subsets = 1
[2023-07-18 23:34:03,560][shap][INFO] - phi = [ 7.29814512 10.17066734]
[2023-07-18 23:34:03,563][shap][INFO] - num_full_subsets = 1
[2023-07-18 23:34:03,565][shap][INFO] - phi = [ 7.29814512 10.17066734]
[2023-07-18 23:34:03,568][shap][INFO] - num_full_subsets = 1
[2023-07-18 23:34:03,570][shap][INFO] - phi = [-21.38633798 -53.79239617]
[2023-07-18 23:34:03,573][shap][INFO] - num_full_subsets = 1
[2023-07-18 23:34:03,576][shap][INFO] - phi = [ 7.29814512 10.17066734]
[2023-07-18 23:34:03,580][shap][INFO] - num_full_subsets = 1
[2023-07-18 23:34:03,583][shap][INFO] - phi = [ 7.29814512 10.17066734]
[2023-07-18 23:34:03,587][shap][INFO] - num_full_subsets = 1
[2023-07-18 23:34:03,588][shap][INFO] - phi = [26.54157992 34.56581888]
[2023-07-18 23:34:03,593][shap][INFO] - num_full_subsets = 1
[2023-07-18 23:34:03,596][shap][INFO] - phi = [ 70.10748073 134.77178192]
[2023-07-18 23:34:03,602][shap][INFO] - num_full_subsets = 1
[2023-07-18 23:34:03,604][shap][INFO] - phi = [ 24.50791819 -42.658493  ]
[2023-07-18 23:34:03,608][shap][INFO] - num_full_subsets = 1
[2023-07-18 23:34:03,610][shap][INFO] - phi = [-24.51934394   4.44784789]
[2023-07-18 23:34:03,613][shap][INFO] - num_full_subsets = 1
[2023-07-18 23:34:03,615][shap][INFO] - phi = [ 7.29814512 10.17066734]
[2023-07-18 23:34:03,618][shap][INFO] - num_full_subsets = 1
[2023-07-18 23:34:03,621][shap][INFO] - phi = [-78.67417328  -6.23769472]
[2023-07-18 23:34:03,626][shap][INFO] - num_full_subsets = 1
[2023-07-18 23:34:03,628][shap][INFO] - phi = [ 36.52917498 -74.707976  ]
[2023-07-18 23:34:03,633][shap][INFO] - num_full_subsets = 1
[2023-07-18 23:34:03,635][shap][INFO] - phi = [ 20.70697348 -70.3080569 ]
[2023-07-18 23:34:03,640][shap][INFO] - num_full_subsets = 1
[2023-07-18 23:34:03,642][shap][INFO] - phi = [ -0.36380988 -13.73327935]
[2023-07-18 23:34:04,494][shap][INFO] - num_full_subsets = 1
[2023-07-18 23:34:04,502][shap][INFO] - phi = [-68.1268836   7.2893919]
[2023-07-18 23:34:04,507][shap][INFO] - num_full_subsets = 1
[2023-07-18 23:34:04,509][shap][INFO] - phi = [-54.861707     7.28939016]
[2023-07-18 23:34:04,513][shap][INFO] - num_full_subsets = 1
[2023-07-18 23:34:04,515][shap][INFO] - phi = [-49.63785388   7.28939111]
[2023-07-18 23:34:04,520][shap][INFO] - num_full_subsets = 1
[2023-07-18 23:34:04,522][shap][INFO] - phi = [46.32335944  7.28937469]
[2023-07-18 23:34:04,530][shap][INFO] - num_full_subsets = 1
[2023-07-18 23:34:04,532][shap][INFO] - phi = [6.50744452 7.28934875]
[2023-07-18 23:34:04,537][shap][INFO] - num_full_subsets = 1
[2023-07-18 23:34:04,539][shap][INFO] - phi = [6.50744452 7.28934875]
[2023-07-18 23:34:04,546][shap][INFO] - num_full_subsets = 1
[2023-07-18 23:34:04,548][shap][INFO] - phi = [46.32335944  7.28937469]
[2023-07-18 23:34:04,555][shap][INFO] - num_full_subsets = 1
[2023-07-18 23:34:04,557][shap][INFO] - phi = [46.32335944  7.28937469]
[2023-07-18 23:34:04,562][shap][INFO] - num_full_subsets = 1
[2023-07-18 23:34:04,564][shap][INFO] - phi = [-61.10033217 -61.80931072]
[2023-07-18 23:34:04,568][shap][INFO] - num_full_subsets = 1
[2023-07-18 23:34:04,570][shap][INFO] - phi = [46.32335944  7.28937469]
[2023-07-18 23:34:04,577][shap][INFO] - num_full_subsets = 1
[2023-07-18 23:34:04,580][shap][INFO] - phi = [46.32335944  7.28937469]
[2023-07-18 23:34:04,589][shap][INFO] - num_full_subsets = 1
[2023-07-18 23:34:04,591][shap][INFO] - phi = [16.39946895 60.49536967]
[2023-07-18 23:34:04,601][shap][INFO] - num_full_subsets = 1
[2023-07-18 23:34:04,603][shap][INFO] - phi = [16.39946895 60.49536967]
[2023-07-18 23:34:04,608][shap][INFO] - num_full_subsets = 1
[2023-07-18 23:34:04,612][shap][INFO] - phi = [ 16.39953728 -15.16227617]
[2023-07-18 23:34:04,617][shap][INFO] - num_full_subsets = 1
[2023-07-18 23:34:04,619][shap][INFO] - phi = [-43.98738936   7.2893935 ]
[2023-07-18 23:34:04,629][shap][INFO] - num_full_subsets = 1
[2023-07-18 23:34:04,633][shap][INFO] - phi = [46.32335944  7.28937469]
[2023-07-18 23:34:04,637][shap][INFO] - num_full_subsets = 1
[2023-07-18 23:34:04,639][shap][INFO] - phi = [-68.1268836   7.2893919]
[2023-07-18 23:34:04,644][shap][INFO] - num_full_subsets = 1
[2023-07-18 23:34:04,646][shap][INFO] - phi = [ 16.39947471 -61.80934648]
[2023-07-18 23:34:04,654][shap][INFO] - num_full_subsets = 1
[2023-07-18 23:34:04,656][shap][INFO] - phi = [-23.65814539 -61.80934929]
[2023-07-18 23:34:04,665][shap][INFO] - num_full_subsets = 1
[2023-07-18 23:34:04,673][shap][INFO] - phi = [ 12.94619942 -15.16236086]
[2023-07-18 23:34:05,276][shap][INFO] - num_full_subsets = 1
[2023-07-18 23:34:05,278][shap][INFO] - phi = [-81.73872947  -1.52120507]
[2023-07-18 23:34:05,280][shap][INFO] - num_full_subsets = 1
[2023-07-18 23:34:05,282][shap][INFO] - phi = [-56.28850954   3.34393407]
[2023-07-18 23:34:05,285][shap][INFO] - num_full_subsets = 1
[2023-07-18 23:34:05,287][shap][INFO] - phi = [-28.48386966   8.40847932]
[2023-07-18 23:34:05,290][shap][INFO] - num_full_subsets = 1
[2023-07-18 23:34:05,293][shap][INFO] - phi = [32.9971351  20.30210241]
[2023-07-18 23:34:05,297][shap][INFO] - num_full_subsets = 1
[2023-07-18 23:34:05,299][shap][INFO] - phi = [12.54983784 16.13105513]
[2023-07-18 23:34:05,303][shap][INFO] - num_full_subsets = 1
[2023-07-18 23:34:05,306][shap][INFO] - phi = [12.54983784 16.13105513]
[2023-07-18 23:34:05,311][shap][INFO] - num_full_subsets = 1
[2023-07-18 23:34:05,313][shap][INFO] - phi = [32.9971351  20.30210241]
[2023-07-18 23:34:05,316][shap][INFO] - num_full_subsets = 1
[2023-07-18 23:34:05,318][shap][INFO] - phi = [32.9971351  20.30210241]
[2023-07-18 23:34:05,321][shap][INFO] - num_full_subsets = 1
[2023-07-18 23:34:05,323][shap][INFO] - phi = [-31.85110078 -53.85805354]
[2023-07-18 23:34:05,326][shap][INFO] - num_full_subsets = 1
[2023-07-18 23:34:05,327][shap][INFO] - phi = [32.9971351  20.30210241]
[2023-07-18 23:34:05,330][shap][INFO] - num_full_subsets = 1
[2023-07-18 23:34:05,332][shap][INFO] - phi = [32.9971351  20.30210241]
[2023-07-18 23:34:05,334][shap][INFO] - num_full_subsets = 1
[2023-07-18 23:34:05,336][shap][INFO] - phi = [16.97603706 25.79181386]
[2023-07-18 23:34:05,339][shap][INFO] - num_full_subsets = 1
[2023-07-18 23:34:05,340][shap][INFO] - phi = [ 32.34849844 129.34023486]
[2023-07-18 23:34:05,343][shap][INFO] - num_full_subsets = 1
[2023-07-18 23:34:05,345][shap][INFO] - phi = [ 23.49677541 -52.4773818 ]
[2023-07-18 23:34:05,348][shap][INFO] - num_full_subsets = 1
[2023-07-18 23:34:05,349][shap][INFO] - phi = [-43.52366189   5.73676596]
[2023-07-18 23:34:05,354][shap][INFO] - num_full_subsets = 1
[2023-07-18 23:34:05,356][shap][INFO] - phi = [32.9971351  20.30210241]
[2023-07-18 23:34:05,360][shap][INFO] - num_full_subsets = 1
[2023-07-18 23:34:05,362][shap][INFO] - phi = [-96.48724131  -2.47973351]
[2023-07-18 23:34:05,367][shap][INFO] - num_full_subsets = 1
[2023-07-18 23:34:05,368][shap][INFO] - phi = [ 31.10774376 -84.31952072]
[2023-07-18 23:34:05,372][shap][INFO] - num_full_subsets = 1
[2023-07-18 23:34:05,374][shap][INFO] - phi = [ 11.6218221  -99.60887419]
[2023-07-18 23:34:05,377][shap][INFO] - num_full_subsets = 1
[2023-07-18 23:34:05,379][shap][INFO] - phi = [ -0.26025043 -32.43118398]
[2023-07-18 23:34:06,517][shap][INFO] - num_full_subsets = 1
[2023-07-18 23:34:06,528][shap][INFO] - phi = [-60.99130805   1.15344116]
[2023-07-18 23:34:06,542][shap][INFO] - num_full_subsets = 1
[2023-07-18 23:34:06,553][shap][INFO] - phi = [-42.3166006    3.90902996]
[2023-07-18 23:34:06,565][shap][INFO] - num_full_subsets = 1
[2023-07-18 23:34:06,578][shap][INFO] - phi = [-25.24918382   6.7288976 ]
[2023-07-18 23:34:06,590][shap][INFO] - num_full_subsets = 1
[2023-07-18 23:34:06,601][shap][INFO] - phi = [26.85880594 12.03741999]
[2023-07-18 23:34:06,613][shap][INFO] - num_full_subsets = 1
[2023-07-18 23:34:06,624][shap][INFO] - phi = [ 7.61572802 10.21740478]
[2023-07-18 23:34:06,637][shap][INFO] - num_full_subsets = 1
[2023-07-18 23:34:06,647][shap][INFO] - phi = [ 7.61572802 10.21740478]
[2023-07-18 23:34:06,657][shap][INFO] - num_full_subsets = 1
[2023-07-18 23:34:06,663][shap][INFO] - phi = [26.85880594 12.03741999]
[2023-07-18 23:34:06,671][shap][INFO] - num_full_subsets = 1
[2023-07-18 23:34:06,682][shap][INFO] - phi = [26.85880594 12.03741999]
[2023-07-18 23:34:06,694][shap][INFO] - num_full_subsets = 1
[2023-07-18 23:34:06,702][shap][INFO] - phi = [-34.42274236 -58.9678949 ]
[2023-07-18 23:34:06,714][shap][INFO] - num_full_subsets = 1
[2023-07-18 23:34:06,722][shap][INFO] - phi = [26.85880594 12.03741999]
[2023-07-18 23:34:06,736][shap][INFO] - num_full_subsets = 1
[2023-07-18 23:34:06,744][shap][INFO] - phi = [26.85880594 12.03741999]
[2023-07-18 23:34:06,756][shap][INFO] - num_full_subsets = 1
[2023-07-18 23:34:06,768][shap][INFO] - phi = [20.76536982 27.89055135]
[2023-07-18 23:34:06,780][shap][INFO] - num_full_subsets = 1
[2023-07-18 23:34:06,791][shap][INFO] - phi = [  8.97803549 152.27320473]
[2023-07-18 23:34:06,804][shap][INFO] - num_full_subsets = 1
[2023-07-18 23:34:06,815][shap][INFO] - phi = [ 25.33617218 -48.34102392]
[2023-07-18 23:34:06,827][shap][INFO] - num_full_subsets = 1
[2023-07-18 23:34:06,839][shap][INFO] - phi = [-31.97512901   5.28293883]
[2023-07-18 23:34:06,853][shap][INFO] - num_full_subsets = 1
[2023-07-18 23:34:06,861][shap][INFO] - phi = [26.85880594 12.03741999]
[2023-07-18 23:34:06,875][shap][INFO] - num_full_subsets = 1
[2023-07-18 23:34:06,883][shap][INFO] - phi = [-87.65857909  -2.80746587]
[2023-07-18 23:34:06,896][shap][INFO] - num_full_subsets = 1
[2023-07-18 23:34:06,902][shap][INFO] - phi = [ 33.69322895 -73.49461248]
[2023-07-18 23:34:06,916][shap][INFO] - num_full_subsets = 1
[2023-07-18 23:34:06,926][shap][INFO] - phi = [ 11.49401673 -75.79636006]
[2023-07-18 23:34:06,938][shap][INFO] - num_full_subsets = 1
[2023-07-18 23:34:06,948][shap][INFO] - phi = [  5.96242809 -30.49003592]
[2023-07-18 23:34:08,767][shap][INFO] - num_full_subsets = 1
[2023-07-18 23:34:08,772][shap][INFO] - phi = [-55.55795375 -12.79702159]
[2023-07-18 23:34:08,779][shap][INFO] - num_full_subsets = 1
[2023-07-18 23:34:08,783][shap][INFO] - phi = [-33.2695841  -14.30734442]
[2023-07-18 23:34:08,788][shap][INFO] - num_full_subsets = 1
[2023-07-18 23:34:08,791][shap][INFO] - phi = [-12.15428653 -15.73817658]
[2023-07-18 23:34:08,797][shap][INFO] - num_full_subsets = 1
[2023-07-18 23:34:08,799][shap][INFO] - phi = [ 10.13408313 -17.24849942]
[2023-07-18 23:34:08,804][shap][INFO] - num_full_subsets = 1
[2023-07-18 23:34:08,807][shap][INFO] - phi = [ 31.2493807  -18.67933158]
[2023-07-18 23:34:08,812][shap][INFO] - num_full_subsets = 1
[2023-07-18 23:34:08,814][shap][INFO] - phi = [ 53.53775035 -20.18965441]
[2023-07-18 23:34:08,818][shap][INFO] - num_full_subsets = 1
[2023-07-18 23:34:08,820][shap][INFO] - phi = [118.05671514 -24.56164157]
[2023-07-18 23:34:08,824][shap][INFO] - num_full_subsets = 1
[2023-07-18 23:34:08,826][shap][INFO] - phi = [204.86404959 -30.44395156]
[2023-07-18 23:34:08,830][shap][INFO] - num_full_subsets = 1
[2023-07-18 23:34:08,832][shap][INFO] - phi = [-110.56312947    4.73996823]
[2023-07-18 23:34:08,837][shap][INFO] - num_full_subsets = 1
[2023-07-18 23:34:08,839][shap][INFO] - phi = [-83.71168384 -10.88924538]
[2023-07-18 23:34:08,843][shap][INFO] - num_full_subsets = 1
[2023-07-18 23:34:08,846][shap][INFO] - phi = [-12.15428653 -15.73817658]
[2023-07-18 23:34:08,851][shap][INFO] - num_full_subsets = 1
[2023-07-18 23:34:08,853][shap][INFO] - phi = [-36.62970118  48.39894082]
[2023-07-18 23:34:08,857][shap][INFO] - num_full_subsets = 1
[2023-07-18 23:34:08,860][shap][INFO] - phi = [ 63.58864382 118.34283012]
[2023-07-18 23:34:08,864][shap][INFO] - num_full_subsets = 1
[2023-07-18 23:34:08,866][shap][INFO] - phi = [-64.41660492  24.47620007]
[2023-07-18 23:34:08,871][shap][INFO] - num_full_subsets = 1
[2023-07-18 23:34:08,873][shap][INFO] - phi = [-33.2695841  -14.30734442]
[2023-07-18 23:34:08,876][shap][INFO] - num_full_subsets = 1
[2023-07-18 23:34:08,878][shap][INFO] - phi = [161.46038237 -27.50279656]
[2023-07-18 23:34:08,883][shap][INFO] - num_full_subsets = 1
[2023-07-18 23:34:08,885][shap][INFO] - phi = [-76.67325132 -11.36618943]
[2023-07-18 23:34:08,890][shap][INFO] - num_full_subsets = 1
[2023-07-18 23:34:08,893][shap][INFO] - phi = [-6.95929746  6.88621647]
[2023-07-18 23:34:08,897][shap][INFO] - num_full_subsets = 1
[2023-07-18 23:34:08,900][shap][INFO] - phi = [-60.04027312   5.78659545]
[2023-07-18 23:34:08,904][shap][INFO] - num_full_subsets = 1
[2023-07-18 23:34:08,907][shap][INFO] - phi = [-57.49136881  25.13862236]
[2023-07-18 23:34:08,918][shap][INFO] - num_full_subsets = 1
[2023-07-18 23:34:08,920][shap][INFO] - phi = [-54.81513218 -18.47312875]
[2023-07-18 23:34:08,923][shap][INFO] - num_full_subsets = 1
[2023-07-18 23:34:08,925][shap][INFO] - phi = [-36.85226949 -15.61057487]
[2023-07-18 23:34:08,929][shap][INFO] - num_full_subsets = 1
[2023-07-18 23:34:08,931][shap][INFO] - phi = [-18.63372727 -12.78059257]
[2023-07-18 23:34:08,935][shap][INFO] - num_full_subsets = 1
[2023-07-18 23:34:08,938][shap][INFO] - phi = [ 1.59125575 -9.71150815]
[2023-07-18 23:34:08,943][shap][INFO] - num_full_subsets = 1
[2023-07-18 23:34:08,946][shap][INFO] - phi = [21.41889782 -6.76797847]
[2023-07-18 23:34:08,950][shap][INFO] - num_full_subsets = 1
[2023-07-18 23:34:08,953][shap][INFO] - phi = [42.74216322 -3.66850977]
[2023-07-18 23:34:08,957][shap][INFO] - num_full_subsets = 1
[2023-07-18 23:34:08,959][shap][INFO] - phi = [103.74053052   4.83571407]
[2023-07-18 23:34:08,962][shap][INFO] - num_full_subsets = 1
[2023-07-18 23:34:08,964][shap][INFO] - phi = [173.62838894  13.79573369]
[2023-07-18 23:34:08,967][shap][INFO] - num_full_subsets = 1
[2023-07-18 23:34:08,969][shap][INFO] - phi = [-61.74846376 -29.69090787]
[2023-07-18 23:34:08,973][shap][INFO] - num_full_subsets = 1
[2023-07-18 23:34:08,975][shap][INFO] - phi = [-75.2559578  -21.84279493]
[2023-07-18 23:34:08,978][shap][INFO] - num_full_subsets = 1
[2023-07-18 23:34:08,980][shap][INFO] - phi = [-18.63372727 -12.78059257]
[2023-07-18 23:34:08,985][shap][INFO] - num_full_subsets = 1
[2023-07-18 23:34:08,988][shap][INFO] - phi = [-17.29582412  55.93700378]
[2023-07-18 23:34:08,992][shap][INFO] - num_full_subsets = 1
[2023-07-18 23:34:08,993][shap][INFO] - phi = [ 14.46180267 174.18532846]
[2023-07-18 23:34:08,998][shap][INFO] - num_full_subsets = 1
[2023-07-18 23:34:09,000][shap][INFO] - phi = [-28.44372926  -5.56131698]
[2023-07-18 23:34:09,005][shap][INFO] - num_full_subsets = 1
[2023-07-18 23:34:09,006][shap][INFO] - phi = [-36.85226949 -15.61057487]
[2023-07-18 23:34:09,011][shap][INFO] - num_full_subsets = 1
[2023-07-18 23:34:09,012][shap][INFO] - phi = [141.26688718   9.77631381]
[2023-07-18 23:34:09,016][shap][INFO] - num_full_subsets = 1
[2023-07-18 23:34:09,018][shap][INFO] - phi = [-70.40325261 -21.02987254]
[2023-07-18 23:34:09,021][shap][INFO] - num_full_subsets = 1
[2023-07-18 23:34:09,023][shap][INFO] - phi = [-12.53947988 -41.86158922]
[2023-07-18 23:34:09,026][shap][INFO] - num_full_subsets = 1
[2023-07-18 23:34:09,028][shap][INFO] - phi = [-40.87423717 -35.65418666]
[2023-07-18 23:34:09,032][shap][INFO] - num_full_subsets = 1
[2023-07-18 23:34:09,035][shap][INFO] - phi = [-26.50185579  -7.48596559]
[2023-07-18 23:34:09,694][shap][INFO] - num_full_subsets = 1
[2023-07-18 23:34:09,702][shap][INFO] - phi = [-3.405111    0.03004344]
[2023-07-18 23:34:09,712][shap][INFO] - num_full_subsets = 1
[2023-07-18 23:34:09,721][shap][INFO] - phi = [-2.92601347  0.03004327]
[2023-07-18 23:34:09,732][shap][INFO] - num_full_subsets = 1
[2023-07-18 23:34:09,737][shap][INFO] - phi = [0.07498312 0.03004327]
[2023-07-18 23:34:09,746][shap][INFO] - num_full_subsets = 1
[2023-07-18 23:34:09,754][shap][INFO] - phi = [2.70341775 0.03004377]
[2023-07-18 23:34:09,765][shap][INFO] - num_full_subsets = 1
[2023-07-18 23:34:09,771][shap][INFO] - phi = [4.38156984 0.03004377]
[2023-07-18 23:34:09,780][shap][INFO] - num_full_subsets = 1
[2023-07-18 23:34:09,791][shap][INFO] - phi = [4.38156984 0.03004377]
[2023-07-18 23:34:09,798][shap][INFO] - num_full_subsets = 1
[2023-07-18 23:34:09,800][shap][INFO] - phi = [4.38156984 0.03004377]
[2023-07-18 23:34:09,803][shap][INFO] - num_full_subsets = 1
[2023-07-18 23:34:09,805][shap][INFO] - phi = [4.38156984 0.03004377]
[2023-07-18 23:34:09,808][shap][INFO] - num_full_subsets = 1
[2023-07-18 23:34:09,810][shap][INFO] - phi = [-3.40511079 -0.0557951 ]
[2023-07-18 23:34:09,814][shap][INFO] - num_full_subsets = 1
[2023-07-18 23:34:09,816][shap][INFO] - phi = [-3.405111    0.03004344]
[2023-07-18 23:34:09,825][shap][INFO] - num_full_subsets = 1
[2023-07-18 23:34:09,833][shap][INFO] - phi = [0.07498312 0.03004327]
[2023-07-18 23:34:09,842][shap][INFO] - num_full_subsets = 1
[2023-07-18 23:34:09,848][shap][INFO] - phi = [-0.33471215 -0.05579541]
[2023-07-18 23:34:09,852][shap][INFO] - num_full_subsets = 1
[2023-07-18 23:34:09,854][shap][INFO] - phi = [ 4.3815691  -0.05579572]
[2023-07-18 23:34:09,858][shap][INFO] - num_full_subsets = 1
[2023-07-18 23:34:09,861][shap][INFO] - phi = [-3.40511079 -0.0557951 ]
[2023-07-18 23:34:09,870][shap][INFO] - num_full_subsets = 1
[2023-07-18 23:34:09,882][shap][INFO] - phi = [-2.92601347  0.03004327]
[2023-07-18 23:34:09,895][shap][INFO] - num_full_subsets = 1
[2023-07-18 23:34:09,904][shap][INFO] - phi = [4.38156984 0.03004377]
[2023-07-18 23:34:09,914][shap][INFO] - num_full_subsets = 1
[2023-07-18 23:34:09,924][shap][INFO] - phi = [-3.405111    0.03004344]
[2023-07-18 23:34:09,933][shap][INFO] - num_full_subsets = 1
[2023-07-18 23:34:09,941][shap][INFO] - phi = [ 0.67392275 -0.05579479]
[2023-07-18 23:34:09,947][shap][INFO] - num_full_subsets = 1
[2023-07-18 23:34:09,949][shap][INFO] - phi = [-3.40511079 -0.0557951 ]
[2023-07-18 23:34:09,959][shap][INFO] - num_full_subsets = 1
[2023-07-18 23:34:09,967][shap][INFO] - phi = [-3.19932058 -0.05579479]
[2023-07-18 23:34:09,990][shap][INFO] - num_full_subsets = 1
[2023-07-18 23:34:09,991][shap][INFO] - phi = [1.77635684e-15 1.77635684e-15]
[2023-07-18 23:34:09,994][shap][INFO] - num_full_subsets = 1
[2023-07-18 23:34:09,996][shap][INFO] - phi = [1.77635684e-15 1.77635684e-15]
[2023-07-18 23:34:09,999][shap][INFO] - num_full_subsets = 1
[2023-07-18 23:34:10,001][shap][INFO] - phi = [1.77635684e-15 1.77635684e-15]
[2023-07-18 23:34:10,004][shap][INFO] - num_full_subsets = 1
[2023-07-18 23:34:10,006][shap][INFO] - phi = [1.77635684e-15 1.77635684e-15]
[2023-07-18 23:34:10,009][shap][INFO] - num_full_subsets = 1
[2023-07-18 23:34:10,011][shap][INFO] - phi = [1.77635684e-15 1.77635684e-15]
[2023-07-18 23:34:10,014][shap][INFO] - num_full_subsets = 1
[2023-07-18 23:34:10,015][shap][INFO] - phi = [1.77635684e-15 1.77635684e-15]
[2023-07-18 23:34:10,018][shap][INFO] - num_full_subsets = 1
[2023-07-18 23:34:10,020][shap][INFO] - phi = [1.77635684e-15 1.77635684e-15]
[2023-07-18 23:34:10,023][shap][INFO] - num_full_subsets = 1
[2023-07-18 23:34:10,025][shap][INFO] - phi = [1.77635684e-15 1.77635684e-15]
[2023-07-18 23:34:10,028][shap][INFO] - num_full_subsets = 1
[2023-07-18 23:34:10,029][shap][INFO] - phi = [1.77635684e-15 1.77635684e-15]
[2023-07-18 23:34:10,032][shap][INFO] - num_full_subsets = 1
[2023-07-18 23:34:10,034][shap][INFO] - phi = [1.77635684e-15 1.77635684e-15]
[2023-07-18 23:34:10,037][shap][INFO] - num_full_subsets = 1
[2023-07-18 23:34:10,039][shap][INFO] - phi = [1.77635684e-15 1.77635684e-15]
[2023-07-18 23:34:10,042][shap][INFO] - num_full_subsets = 1
[2023-07-18 23:34:10,043][shap][INFO] - phi = [1.77635684e-15 1.77635684e-15]
[2023-07-18 23:34:10,046][shap][INFO] - num_full_subsets = 1
[2023-07-18 23:34:10,048][shap][INFO] - phi = [1.77635684e-15 1.77635684e-15]
[2023-07-18 23:34:10,051][shap][INFO] - num_full_subsets = 1
[2023-07-18 23:34:10,052][shap][INFO] - phi = [1.77635684e-15 1.77635684e-15]
[2023-07-18 23:34:10,055][shap][INFO] - num_full_subsets = 1
[2023-07-18 23:34:10,057][shap][INFO] - phi = [1.77635684e-15 1.77635684e-15]
[2023-07-18 23:34:10,060][shap][INFO] - num_full_subsets = 1
[2023-07-18 23:34:10,062][shap][INFO] - phi = [1.77635684e-15 1.77635684e-15]
[2023-07-18 23:34:10,065][shap][INFO] - num_full_subsets = 1
[2023-07-18 23:34:10,066][shap][INFO] - phi = [1.77635684e-15 1.77635684e-15]
[2023-07-18 23:34:10,069][shap][INFO] - num_full_subsets = 1
[2023-07-18 23:34:10,071][shap][INFO] - phi = [1.77635684e-15 1.77635684e-15]
[2023-07-18 23:34:10,074][shap][INFO] - num_full_subsets = 1
[2023-07-18 23:34:10,075][shap][INFO] - phi = [1.77635684e-15 1.77635684e-15]
[2023-07-18 23:34:10,078][shap][INFO] - num_full_subsets = 1
[2023-07-18 23:34:10,080][shap][INFO] - phi = [1.77635684e-15 1.77635684e-15]
[2023-07-18 23:34:10,548][shap][INFO] - num_full_subsets = 1
[2023-07-18 23:34:10,554][shap][INFO] - phi = [-28.44454923  -7.81002672]
[2023-07-18 23:34:10,560][shap][INFO] - num_full_subsets = 1
[2023-07-18 23:34:10,571][shap][INFO] - phi = [-18.26196676  -7.47196901]
[2023-07-18 23:34:10,581][shap][INFO] - num_full_subsets = 1
[2023-07-18 23:34:10,593][shap][INFO] - phi = [-7.67825767 -7.12218147]
[2023-07-18 23:34:10,600][shap][INFO] - num_full_subsets = 1
[2023-07-18 23:34:10,613][shap][INFO] - phi = [ 3.60718916 -6.73249095]
[2023-07-18 23:34:10,622][shap][INFO] - num_full_subsets = 1
[2023-07-18 23:34:10,634][shap][INFO] - phi = [14.26246209 -6.35431657]
[2023-07-18 23:34:10,648][shap][INFO] - num_full_subsets = 1
[2023-07-18 23:34:10,659][shap][INFO] - phi = [25.16537085 -5.9570301 ]
[2023-07-18 23:34:10,671][shap][INFO] - num_full_subsets = 1
[2023-07-18 23:34:10,684][shap][INFO] - phi = [56.54470388 -4.92397093]
[2023-07-18 23:34:10,696][shap][INFO] - num_full_subsets = 1
[2023-07-18 23:34:10,707][shap][INFO] - phi = [95.71850209 -4.15454353]
[2023-07-18 23:34:10,721][shap][INFO] - num_full_subsets = 1
[2023-07-18 23:34:10,732][shap][INFO] - phi = [-43.929176    -6.25168369]
[2023-07-18 23:34:10,746][shap][INFO] - num_full_subsets = 1
[2023-07-18 23:34:10,754][shap][INFO] - phi = [-40.59318816  -8.17549922]
[2023-07-18 23:34:10,765][shap][INFO] - num_full_subsets = 1
[2023-07-18 23:34:10,776][shap][INFO] - phi = [-7.67825767 -7.12218147]
[2023-07-18 23:34:10,789][shap][INFO] - num_full_subsets = 1
[2023-07-18 23:34:10,800][shap][INFO] - phi = [-13.56505936  26.0700373 ]
[2023-07-18 23:34:10,813][shap][INFO] - num_full_subsets = 1
[2023-07-18 23:34:10,824][shap][INFO] - phi = [20.6080039  73.11809072]
[2023-07-18 23:34:10,836][shap][INFO] - num_full_subsets = 1
[2023-07-18 23:34:10,848][shap][INFO] - phi = [-24.06636124   4.714772  ]
[2023-07-18 23:34:10,860][shap][INFO] - num_full_subsets = 1
[2023-07-18 23:34:10,866][shap][INFO] - phi = [-18.26196676  -7.47196901]
[2023-07-18 23:34:10,880][shap][INFO] - num_full_subsets = 1
[2023-07-18 23:34:10,892][shap][INFO] - phi = [76.77720985 -4.42410975]
[2023-07-18 23:34:10,904][shap][INFO] - num_full_subsets = 1
[2023-07-18 23:34:10,915][shap][INFO] - phi = [-37.62040373  -8.09150463]
[2023-07-18 23:34:10,928][shap][INFO] - num_full_subsets = 1
[2023-07-18 23:34:10,936][shap][INFO] - phi = [-4.70621365 -8.75779189]
[2023-07-18 23:34:10,950][shap][INFO] - num_full_subsets = 1
[2023-07-18 23:34:10,958][shap][INFO] - phi = [-26.07990527  -7.48084657]
[2023-07-18 23:34:10,966][shap][INFO] - num_full_subsets = 1
[2023-07-18 23:34:10,977][shap][INFO] - phi = [-21.79813629   4.3992155 ]
