[2023-07-19 13:12:00,567][shap][INFO] - num_full_subsets = 1
[2023-07-19 13:12:00,570][shap][INFO] - phi = [  1.79882456 -50.27031168 -25.48153396]
[2023-07-19 13:12:00,578][shap][INFO] - num_full_subsets = 1
[2023-07-19 13:12:00,582][shap][INFO] - phi = [  1.83546588 -32.74406285 -20.66104493]
[2023-07-19 13:12:00,590][shap][INFO] - num_full_subsets = 1
[2023-07-19 13:12:00,594][shap][INFO] - phi = [  1.697067   -15.95572939 -16.08281046]
[2023-07-19 13:12:00,601][shap][INFO] - num_full_subsets = 1
[2023-07-19 13:12:00,605][shap][INFO] - phi = [  1.18352415   1.94073835 -11.1534952 ]
[2023-07-19 13:12:00,613][shap][INFO] - num_full_subsets = 1
[2023-07-19 13:12:00,617][shap][INFO] - phi = [ 1.42007716 19.17869588 -6.90173945]
[2023-07-19 13:12:00,625][shap][INFO] - num_full_subsets = 1
[2023-07-19 13:12:00,629][shap][INFO] - phi = [ 1.44567084 37.67152612 -2.2989029 ]
[2023-07-19 13:12:00,637][shap][INFO] - num_full_subsets = 1
[2023-07-19 13:12:00,641][shap][INFO] - phi = [ 1.16165463 92.84045256 11.13392386]
[2023-07-19 13:12:00,649][shap][INFO] - num_full_subsets = 1
[2023-07-19 13:12:00,653][shap][INFO] - phi = [  1.14406392 171.37310433  29.06076092]
[2023-07-19 13:12:00,661][shap][INFO] - num_full_subsets = 1
[2023-07-19 13:12:00,665][shap][INFO] - phi = [  2.23767264 -56.71194776 -40.67794002]
[2023-07-19 13:12:00,674][shap][INFO] - num_full_subsets = 1
[2023-07-19 13:12:00,678][shap][INFO] - phi = [  1.20254113 -71.03386066 -30.53385959]
[2023-07-19 13:12:00,686][shap][INFO] - num_full_subsets = 1
[2023-07-19 13:12:00,690][shap][INFO] - phi = [  1.18804069 -15.90188757 -15.75633174]
[2023-07-19 13:12:00,698][shap][INFO] - num_full_subsets = 1
[2023-07-19 13:12:00,700][shap][INFO] - phi = [-2.70874944 -4.06413889 45.07414349]
[2023-07-19 13:12:00,704][shap][INFO] - num_full_subsets = 1
[2023-07-19 13:12:00,706][shap][INFO] - phi = [-17.57199178 -30.43115001 239.63090305]
[2023-07-19 13:12:00,710][shap][INFO] - num_full_subsets = 1
[2023-07-19 13:12:00,712][shap][INFO] - phi = [ -1.60195781 -17.8132064  -16.04747826]
[2023-07-19 13:12:00,716][shap][INFO] - num_full_subsets = 1
[2023-07-19 13:12:00,718][shap][INFO] - phi = [  1.73187799 -32.6975901  -20.55221869]
[2023-07-19 13:12:00,722][shap][INFO] - num_full_subsets = 1
[2023-07-19 13:12:00,724][shap][INFO] - phi = [  1.15285927 131.50300261  20.09734239]
[2023-07-19 13:12:00,728][shap][INFO] - num_full_subsets = 1
[2023-07-19 13:12:00,730][shap][INFO] - phi = [  1.51516868 -67.01788611 -30.38624716]
[2023-07-19 13:12:00,734][shap][INFO] - num_full_subsets = 1
[2023-07-19 13:12:00,736][shap][INFO] - phi = [ -1.10917692  -9.13417748 -47.65411797]
[2023-07-19 13:12:00,740][shap][INFO] - num_full_subsets = 1
[2023-07-19 13:12:00,742][shap][INFO] - phi = [  0.29146433 -33.60994877 -44.19410372]
[2023-07-19 13:12:00,746][shap][INFO] - num_full_subsets = 1
[2023-07-19 13:12:00,748][shap][INFO] - phi = [  1.98590307 -17.1216222  -16.61524966]
[2023-07-19 13:12:00,758][shap][INFO] - num_full_subsets = 1
[2023-07-19 13:12:00,760][shap][INFO] - phi = [ -1.65528818 -54.21457453 -18.05036985]
[2023-07-19 13:12:00,764][shap][INFO] - num_full_subsets = 1
[2023-07-19 13:12:00,766][shap][INFO] - phi = [ -1.70785234 -36.29779964 -15.28738607]
[2023-07-19 13:12:00,770][shap][INFO] - num_full_subsets = 1
[2023-07-19 13:12:00,772][shap][INFO] - phi = [ -1.41444388 -18.20983655 -12.55025954]
[2023-07-19 13:12:00,776][shap][INFO] - num_full_subsets = 1
[2023-07-19 13:12:00,778][shap][INFO] - phi = [-0.56851057  1.81093542 -9.47467117]
[2023-07-19 13:12:00,782][shap][INFO] - num_full_subsets = 1
[2023-07-19 13:12:00,784][shap][INFO] - phi = [-0.74465875 21.38282676 -7.04613558]
[2023-07-19 13:12:00,788][shap][INFO] - num_full_subsets = 1
[2023-07-19 13:12:00,790][shap][INFO] - phi = [-0.62404948 42.49009149 -4.32641907]
[2023-07-19 13:12:00,794][shap][INFO] - num_full_subsets = 1
[2023-07-19 13:12:00,797][shap][INFO] - phi = [4.11546608e-03 1.04220041e+02 3.50698340e+00]
[2023-07-19 13:12:00,801][shap][INFO] - num_full_subsets = 1
[2023-07-19 13:12:00,803][shap][INFO] - phi = [  0.42641094 181.57844092  12.63097494]
[2023-07-19 13:12:00,807][shap][INFO] - num_full_subsets = 1
[2023-07-19 13:12:00,809][shap][INFO] - phi = [  2.52289693 -69.06170608 -26.40561683]
[2023-07-19 13:12:00,813][shap][INFO] - num_full_subsets = 1
[2023-07-19 13:12:00,815][shap][INFO] - phi = [ -1.01447581 -75.90286392 -20.1169338 ]
[2023-07-19 13:12:00,819][shap][INFO] - num_full_subsets = 1
[2023-07-19 13:12:00,821][shap][INFO] - phi = [ -0.68225278 -18.21278738 -12.13743742]
[2023-07-19 13:12:00,825][shap][INFO] - num_full_subsets = 1
[2023-07-19 13:12:00,827][shap][INFO] - phi = [  2.41598463 -16.86542092  57.42722613]
[2023-07-19 13:12:00,831][shap][INFO] - num_full_subsets = 1
[2023-07-19 13:12:00,833][shap][INFO] - phi = [ 10.8275799   13.47440641 162.63547747]
[2023-07-19 13:12:00,837][shap][INFO] - num_full_subsets = 1
[2023-07-19 13:12:00,839][shap][INFO] - phi = [ -1.12680028 -30.72978802  -4.23173458]
[2023-07-19 13:12:00,843][shap][INFO] - num_full_subsets = 1
[2023-07-19 13:12:00,845][shap][INFO] - phi = [ -1.62976546 -36.34676134 -15.15125561]
[2023-07-19 13:12:00,849][shap][INFO] - num_full_subsets = 1
[2023-07-19 13:12:00,851][shap][INFO] - phi = [  0.22436773 144.32941156   8.31851021]
[2023-07-19 13:12:00,855][shap][INFO] - num_full_subsets = 1
[2023-07-19 13:12:00,857][shap][INFO] - phi = [-5.18677556e-02 -6.90465068e+01 -2.08392392e+01]
[2023-07-19 13:12:00,861][shap][INFO] - num_full_subsets = 1
[2023-07-19 13:12:00,863][shap][INFO] - phi = [ -2.40877273 -12.0064471  -40.44362504]
[2023-07-19 13:12:00,867][shap][INFO] - num_full_subsets = 1
[2023-07-19 13:12:00,869][shap][INFO] - phi = [ -2.18904429 -43.9408221  -35.41719756]
[2023-07-19 13:12:00,873][shap][INFO] - num_full_subsets = 1
[2023-07-19 13:12:00,875][shap][INFO] - phi = [ -0.60357327 -28.45083941  -3.04089083]
[2023-07-19 13:12:01,634][shap][INFO] - num_full_subsets = 1
[2023-07-19 13:12:01,645][shap][INFO] - phi = [ 11.04532495 -79.36310196 -10.7335155 ]
[2023-07-19 13:12:01,657][shap][INFO] - num_full_subsets = 1
[2023-07-19 13:12:01,666][shap][INFO] - phi = [  2.85855395 -37.97337149 -10.73352354]
[2023-07-19 13:12:01,677][shap][INFO] - num_full_subsets = 1
[2023-07-19 13:12:01,688][shap][INFO] - phi = [  3.57197361 -22.16713517 -10.73352621]
[2023-07-19 13:12:01,702][shap][INFO] - num_full_subsets = 1
[2023-07-19 13:12:01,711][shap][INFO] - phi = [  2.56730818   3.62781562 -10.73354362]
[2023-07-19 13:12:01,722][shap][INFO] - num_full_subsets = 1
[2023-07-19 13:12:01,732][shap][INFO] - phi = [-57.26705704  74.00879794 -10.73354512]
[2023-07-19 13:12:01,743][shap][INFO] - num_full_subsets = 1
[2023-07-19 13:12:01,752][shap][INFO] - phi = [-57.26693096 101.09952613 -10.73351041]
[2023-07-19 13:12:01,762][shap][INFO] - num_full_subsets = 1
[2023-07-19 13:12:01,771][shap][INFO] - phi = [  2.56721453 126.40332793 -10.73347247]
[2023-07-19 13:12:01,783][shap][INFO] - num_full_subsets = 1
[2023-07-19 13:12:01,793][shap][INFO] - phi = [  2.56728383 180.26046434 -10.73350045]
[2023-07-19 13:12:01,803][shap][INFO] - num_full_subsets = 1
[2023-07-19 13:12:01,811][shap][INFO] - phi = [ 10.33844442 -90.66874096 -10.51939494]
[2023-07-19 13:12:01,821][shap][INFO] - num_full_subsets = 1
[2023-07-19 13:12:01,830][shap][INFO] - phi = [  2.56731146 -90.66873086 -10.73351112]
[2023-07-19 13:12:01,840][shap][INFO] - num_full_subsets = 1
[2023-07-19 13:12:01,848][shap][INFO] - phi = [  2.56729995 -22.16713394 -10.73353058]
[2023-07-19 13:12:01,858][shap][INFO] - num_full_subsets = 1
[2023-07-19 13:12:01,868][shap][INFO] - phi = [ 14.60911471 -27.98319472  50.053426  ]
[2023-07-19 13:12:01,878][shap][INFO] - num_full_subsets = 1
[2023-07-19 13:12:01,887][shap][INFO] - phi = [ 14.60909494 127.36966141  50.05302189]
[2023-07-19 13:12:01,897][shap][INFO] - num_full_subsets = 1
[2023-07-19 13:12:01,907][shap][INFO] - phi = [ 14.60904129 -81.56202926  35.493746  ]
[2023-07-19 13:12:01,918][shap][INFO] - num_full_subsets = 1
[2023-07-19 13:12:01,926][shap][INFO] - phi = [  1.41993358 -37.97340372 -10.73353061]
[2023-07-19 13:12:01,937][shap][INFO] - num_full_subsets = 1
[2023-07-19 13:12:01,947][shap][INFO] - phi = [  2.56728383 180.26046434 -10.73350045]
[2023-07-19 13:12:01,957][shap][INFO] - num_full_subsets = 1
[2023-07-19 13:12:01,968][shap][INFO] - phi = [ 11.04531785 -92.36753419 -10.73351267]
[2023-07-19 13:12:01,979][shap][INFO] - num_full_subsets = 1
[2023-07-19 13:12:01,990][shap][INFO] - phi = [ 14.60905166 -55.24122901 -10.51940546]
[2023-07-19 13:12:02,001][shap][INFO] - num_full_subsets = 1
[2023-07-19 13:12:02,010][shap][INFO] - phi = [  0.89165425 -84.79109681 -10.51940176]
[2023-07-19 13:12:02,020][shap][INFO] - num_full_subsets = 1
[2023-07-19 13:12:02,029][shap][INFO] - phi = [ -0.47721897 -70.10335564  35.49373103]
[2023-07-19 13:12:02,608][shap][INFO] - num_full_subsets = 1
[2023-07-19 13:12:02,611][shap][INFO] - phi = [  3.93454846 -62.89523049 -18.14039932]
[2023-07-19 13:12:02,615][shap][INFO] - num_full_subsets = 1
[2023-07-19 13:12:02,619][shap][INFO] - phi = [  3.72142755 -36.58881168 -14.24496404]
[2023-07-19 13:12:02,625][shap][INFO] - num_full_subsets = 1
[2023-07-19 13:12:02,628][shap][INFO] - phi = [  0.81627274 -14.94008639 -11.86770419]
[2023-07-19 13:12:02,634][shap][INFO] - num_full_subsets = 1
[2023-07-19 13:12:02,636][shap][INFO] - phi = [ -1.21928803   5.26471171 -10.71948389]
[2023-07-19 13:12:02,641][shap][INFO] - num_full_subsets = 1
[2023-07-19 13:12:02,643][shap][INFO] - phi = [-0.57749008 24.48976875 -8.37221118]
[2023-07-19 13:12:02,647][shap][INFO] - num_full_subsets = 1
[2023-07-19 13:12:02,649][shap][INFO] - phi = [-0.48799804 44.85510008 -6.45392533]
[2023-07-19 13:12:02,653][shap][INFO] - num_full_subsets = 1
[2023-07-19 13:12:02,655][shap][INFO] - phi = [ -1.09304811 110.19958323  -0.19847436]
[2023-07-19 13:12:02,660][shap][INFO] - num_full_subsets = 1
[2023-07-19 13:12:02,663][shap][INFO] - phi = [ -0.65471963 178.90446147   3.54832246]
[2023-07-19 13:12:02,669][shap][INFO] - num_full_subsets = 1
[2023-07-19 13:12:02,672][shap][INFO] - phi = [ -0.98922348 -52.24283967 -35.25569523]
[2023-07-19 13:12:02,678][shap][INFO] - num_full_subsets = 1
[2023-07-19 13:12:02,680][shap][INFO] - phi = [ -1.00945697 -73.20337104 -20.2776332 ]
[2023-07-19 13:12:02,684][shap][INFO] - num_full_subsets = 1
[2023-07-19 13:12:02,686][shap][INFO] - phi = [ -1.23766619 -14.96520758 -12.84429566]
[2023-07-19 13:12:02,691][shap][INFO] - num_full_subsets = 1
[2023-07-19 13:12:02,693][shap][INFO] - phi = [ -1.71455303 -22.20390181  67.11793714]
[2023-07-19 13:12:02,698][shap][INFO] - num_full_subsets = 1
[2023-07-19 13:12:02,700][shap][INFO] - phi = [ -3.69781695  14.0198026  171.58493152]
[2023-07-19 13:12:02,706][shap][INFO] - num_full_subsets = 1
[2023-07-19 13:12:02,707][shap][INFO] - phi = [ -0.91995393 -38.36633376   6.69624958]
[2023-07-19 13:12:02,711][shap][INFO] - num_full_subsets = 1
[2023-07-19 13:12:02,713][shap][INFO] - phi = [  2.81495506 -36.87383874 -14.55895333]
[2023-07-19 13:12:02,717][shap][INFO] - num_full_subsets = 1
[2023-07-19 13:12:02,720][shap][INFO] - phi = [ -0.83482532 151.1631088    3.17432523]
[2023-07-19 13:12:02,725][shap][INFO] - num_full_subsets = 1
[2023-07-19 13:12:02,728][shap][INFO] - phi = [  2.14234395 -77.92427648 -19.06780777]
[2023-07-19 13:12:02,734][shap][INFO] - num_full_subsets = 1
[2023-07-19 13:12:02,736][shap][INFO] - phi = [  3.87383593 -12.80611569 -43.73439614]
[2023-07-19 13:12:02,742][shap][INFO] - num_full_subsets = 1
[2023-07-19 13:12:02,744][shap][INFO] - phi = [ -1.69678789 -51.38934378 -38.14915586]
[2023-07-19 13:12:02,748][shap][INFO] - num_full_subsets = 1
[2023-07-19 13:12:02,749][shap][INFO] - phi = [ -1.17055605 -34.49717951   1.76333359]
[2023-07-19 13:12:03,834][shap][INFO] - num_full_subsets = 1
[2023-07-19 13:12:03,846][shap][INFO] - phi = [  3.78085245 -61.68580466 -18.10145466]
[2023-07-19 13:12:03,860][shap][INFO] - num_full_subsets = 1
[2023-07-19 13:12:03,871][shap][INFO] - phi = [  1.67689876 -35.90101141 -15.23172965]
[2023-07-19 13:12:03,886][shap][INFO] - num_full_subsets = 1
[2023-07-19 13:12:03,898][shap][INFO] - phi = [  1.16771737 -17.81819687 -12.8085751 ]
[2023-07-19 13:12:03,912][shap][INFO] - num_full_subsets = 1
[2023-07-19 13:12:03,924][shap][INFO] - phi = [  0.49075843   3.16105027 -10.52029847]
[2023-07-19 13:12:03,939][shap][INFO] - num_full_subsets = 1
[2023-07-19 13:12:03,951][shap][INFO] - phi = [-14.29228218  34.76502233  -8.26340783]
[2023-07-19 13:12:03,964][shap][INFO] - num_full_subsets = 1
[2023-07-19 13:12:03,976][shap][INFO] - phi = [-14.23332691  56.52906095  -5.95318943]
[2023-07-19 13:12:03,990][shap][INFO] - num_full_subsets = 1
[2023-07-19 13:12:04,002][shap][INFO] - phi = [  0.65998413 108.41585124   0.9272401 ]
[2023-07-19 13:12:04,016][shap][INFO] - num_full_subsets = 1
[2023-07-19 13:12:04,028][shap][INFO] - phi = [  0.87075976 178.02911777   8.62663947]
[2023-07-19 13:12:04,042][shap][INFO] - num_full_subsets = 1
[2023-07-19 13:12:04,055][shap][INFO] - phi = [  3.52744763 -67.17130862 -28.21466176]
[2023-07-19 13:12:04,071][shap][INFO] - num_full_subsets = 1
[2023-07-19 13:12:04,082][shap][INFO] - phi = [  0.43647995 -77.70220662 -20.41548443]
[2023-07-19 13:12:04,096][shap][INFO] - num_full_subsets = 1
[2023-07-19 13:12:04,109][shap][INFO] - phi = [  0.45885542 -17.81175412 -12.86789885]
[2023-07-19 13:12:04,121][shap][INFO] - num_full_subsets = 1
[2023-07-19 13:12:04,133][shap][INFO] - phi = [  3.15044922 -17.77916408  54.91818319]
[2023-07-19 13:12:04,146][shap][INFO] - num_full_subsets = 1
[2023-07-19 13:12:04,157][shap][INFO] - phi = [  1.04171653  31.1081801  155.97608348]
[2023-07-19 13:12:04,171][shap][INFO] - num_full_subsets = 1
[2023-07-19 13:12:04,182][shap][INFO] - phi = [  2.74008232 -42.11783936   5.47769569]
[2023-07-19 13:12:04,195][shap][INFO] - num_full_subsets = 1
[2023-07-19 13:12:04,206][shap][INFO] - phi = [  1.0842503  -35.97289847 -15.24898956]
[2023-07-19 13:12:04,220][shap][INFO] - num_full_subsets = 1
[2023-07-19 13:12:04,234][shap][INFO] - phi = [  0.77742138 151.81399683   5.21416935]
[2023-07-19 13:12:04,248][shap][INFO] - num_full_subsets = 1
[2023-07-19 13:12:04,260][shap][INFO] - phi = [  3.66274068 -76.58905091 -20.2567017 ]
[2023-07-19 13:12:04,275][shap][INFO] - num_full_subsets = 1
[2023-07-19 13:12:04,287][shap][INFO] - phi = [  3.74123448 -22.29699232 -35.58788615]
[2023-07-19 13:12:04,301][shap][INFO] - num_full_subsets = 1
[2023-07-19 13:12:04,312][shap][INFO] - phi = [ -0.6756784  -53.43280286 -32.06996472]
[2023-07-19 13:12:04,325][shap][INFO] - num_full_subsets = 1
[2023-07-19 13:12:04,337][shap][INFO] - phi = [ -0.0663613  -37.54324919   4.40023103]
[2023-07-19 13:12:04,967][shap][INFO] - num_full_subsets = 1
[2023-07-19 13:12:04,968][shap][INFO] - phi = [ -1.23783802 -58.64471875]
[2023-07-19 13:12:04,971][shap][INFO] - num_full_subsets = 1
[2023-07-19 13:12:04,973][shap][INFO] - phi = [ -0.58532217 -35.35273134]
[2023-07-19 13:12:04,977][shap][INFO] - num_full_subsets = 1
[2023-07-19 13:12:04,979][shap][INFO] - phi = [ -0.1224989  -13.45242513]
[2023-07-19 13:12:04,983][shap][INFO] - num_full_subsets = 1
[2023-07-19 13:12:04,986][shap][INFO] - phi = [0.24984803 9.46023726]
[2023-07-19 13:12:04,990][shap][INFO] - num_full_subsets = 1
[2023-07-19 13:12:04,992][shap][INFO] - phi = [ 0.20596381 31.15130425]
[2023-07-19 13:12:04,995][shap][INFO] - num_full_subsets = 1
[2023-07-19 13:12:04,996][shap][INFO] - phi = [ 0.24481651 54.02794069]
[2023-07-19 13:12:05,000][shap][INFO] - num_full_subsets = 1
[2023-07-19 13:12:05,001][shap][INFO] - phi = [  0.21664882 120.0099909 ]
[2023-07-19 13:12:05,004][shap][INFO] - num_full_subsets = 1
[2023-07-19 13:12:05,005][shap][INFO] - phi = [1.89945111e-01 2.08930445e+02]
[2023-07-19 13:12:05,008][shap][INFO] - num_full_subsets = 1
[2023-07-19 13:12:05,010][shap][INFO] - phi = [  -1.57129408 -105.954887  ]
[2023-07-19 13:12:05,015][shap][INFO] - num_full_subsets = 1
[2023-07-19 13:12:05,017][shap][INFO] - phi = [  0.27871691 -86.6699833 ]
[2023-07-19 13:12:05,021][shap][INFO] - num_full_subsets = 1
[2023-07-19 13:12:05,023][shap][INFO] - phi = [  0.25670439 -13.37069012]
[2023-07-19 13:12:05,026][shap][INFO] - num_full_subsets = 1
[2023-07-19 13:12:05,027][shap][INFO] - phi = [  1.22224515 -29.82792656]
[2023-07-19 13:12:05,030][shap][INFO] - num_full_subsets = 1
[2023-07-19 13:12:05,032][shap][INFO] - phi = [ 0.42511803 42.80752361]
[2023-07-19 13:12:05,035][shap][INFO] - num_full_subsets = 1
[2023-07-19 13:12:05,036][shap][INFO] - phi = [  1.54774174 -55.94617957]
[2023-07-19 13:12:05,040][shap][INFO] - num_full_subsets = 1
[2023-07-19 13:12:05,042][shap][INFO] - phi = [ -0.41561776 -35.28218302]
[2023-07-19 13:12:05,047][shap][INFO] - num_full_subsets = 1
[2023-07-19 13:12:05,049][shap][INFO] - phi = [  0.20329697 164.4702179 ]
[2023-07-19 13:12:05,052][shap][INFO] - num_full_subsets = 1
[2023-07-19 13:12:05,054][shap][INFO] - phi = [ -2.82804964 -81.37494503]
[2023-07-19 13:12:05,057][shap][INFO] - num_full_subsets = 1
[2023-07-19 13:12:05,060][shap][INFO] - phi = [ 0.94113446 -7.27125351]
[2023-07-19 13:12:05,065][shap][INFO] - num_full_subsets = 1
[2023-07-19 13:12:05,067][shap][INFO] - phi = [  0.9125076  -56.88493974]
[2023-07-19 13:12:05,071][shap][INFO] - num_full_subsets = 1
[2023-07-19 13:12:05,072][shap][INFO] - phi = [ -0.13406698 -50.82479646]
[2023-07-19 13:12:05,083][shap][INFO] - num_full_subsets = 1
[2023-07-19 13:12:05,084][shap][INFO] - phi = [-21.40594386 -51.11245642]
[2023-07-19 13:12:05,087][shap][INFO] - num_full_subsets = 1
[2023-07-19 13:12:05,089][shap][INFO] - phi = [-16.3920135  -33.53696853]
[2023-07-19 13:12:05,094][shap][INFO] - num_full_subsets = 1
[2023-07-19 13:12:05,096][shap][INFO] - phi = [-10.81913158 -16.09179194]
[2023-07-19 13:12:05,101][shap][INFO] - num_full_subsets = 1
[2023-07-19 13:12:05,103][shap][INFO] - phi = [-1.43951507  3.18550845]
[2023-07-19 13:12:05,108][shap][INFO] - num_full_subsets = 1
[2023-07-19 13:12:05,110][shap][INFO] - phi = [-4.73272989 22.11966741]
[2023-07-19 13:12:05,113][shap][INFO] - num_full_subsets = 1
[2023-07-19 13:12:05,115][shap][INFO] - phi = [-4.76463092 42.81690562]
[2023-07-19 13:12:05,120][shap][INFO] - num_full_subsets = 1
[2023-07-19 13:12:05,123][shap][INFO] - phi = [ -1.41225599 106.951571  ]
[2023-07-19 13:12:05,128][shap][INFO] - num_full_subsets = 1
[2023-07-19 13:12:05,130][shap][INFO] - phi = [ -1.39033021 202.56291405]
[2023-07-19 13:12:05,133][shap][INFO] - num_full_subsets = 1
[2023-07-19 13:12:05,135][shap][INFO] - phi = [-18.40770317 -85.3619157 ]
[2023-07-19 13:12:05,139][shap][INFO] - num_full_subsets = 1
[2023-07-19 13:12:05,141][shap][INFO] - phi = [ -1.46321862 -73.43893507]
[2023-07-19 13:12:05,146][shap][INFO] - num_full_subsets = 1
[2023-07-19 13:12:05,148][shap][INFO] - phi = [ -1.44514467 -16.15890261]
[2023-07-19 13:12:05,153][shap][INFO] - num_full_subsets = 1
[2023-07-19 13:12:05,155][shap][INFO] - phi = [ 19.85435287 -30.25596526]
[2023-07-19 13:12:05,158][shap][INFO] - num_full_subsets = 1
[2023-07-19 13:12:05,160][shap][INFO] - phi = [70.43615685 35.31924945]
[2023-07-19 13:12:05,165][shap][INFO] - num_full_subsets = 1
[2023-07-19 13:12:05,167][shap][INFO] - phi = [ 19.58709537 -51.41438431]
[2023-07-19 13:12:05,172][shap][INFO] - num_full_subsets = 1
[2023-07-19 13:12:05,174][shap][INFO] - phi = [-13.60530615 -33.59489407]
[2023-07-19 13:12:05,177][shap][INFO] - num_full_subsets = 1
[2023-07-19 13:12:05,178][shap][INFO] - phi = [ -1.4012931  153.40347312]
[2023-07-19 13:12:05,182][shap][INFO] - num_full_subsets = 1
[2023-07-19 13:12:05,183][shap][INFO] - phi = [-32.21050009 -66.55902436]
[2023-07-19 13:12:05,187][shap][INFO] - num_full_subsets = 1
[2023-07-19 13:12:05,189][shap][INFO] - phi = [ 20.08516617 -11.21245181]
[2023-07-19 13:12:05,193][shap][INFO] - num_full_subsets = 1
[2023-07-19 13:12:05,195][shap][INFO] - phi = [  8.60893152 -51.60072709]
[2023-07-19 13:12:05,200][shap][INFO] - num_full_subsets = 1
[2023-07-19 13:12:05,202][shap][INFO] - phi = [ -7.68198595 -46.02087195]
[2023-07-19 13:12:06,068][shap][INFO] - num_full_subsets = 1
[2023-07-19 13:12:06,078][shap][INFO] - phi = [  2.49852474 -78.91406629]
[2023-07-19 13:12:06,084][shap][INFO] - num_full_subsets = 1
[2023-07-19 13:12:06,088][shap][INFO] - phi = [ -0.19024024 -47.52209239]
[2023-07-19 13:12:06,094][shap][INFO] - num_full_subsets = 1
[2023-07-19 13:12:06,097][shap][INFO] - phi = [  1.73515732 -28.19550631]
[2023-07-19 13:12:06,102][shap][INFO] - num_full_subsets = 1
[2023-07-19 13:12:06,105][shap][INFO] - phi = [  1.80618556 -10.41762707]
[2023-07-19 13:12:06,110][shap][INFO] - num_full_subsets = 1
[2023-07-19 13:12:06,112][shap][INFO] - phi = [-87.74397895  91.52875478]
[2023-07-19 13:12:06,118][shap][INFO] - num_full_subsets = 1
[2023-07-19 13:12:06,120][shap][INFO] - phi = [-87.74384124 122.41984479]
[2023-07-19 13:12:06,127][shap][INFO] - num_full_subsets = 1
[2023-07-19 13:12:06,129][shap][INFO] - phi = [  1.80621998 151.36046045]
[2023-07-19 13:12:06,135][shap][INFO] - num_full_subsets = 1
[2023-07-19 13:12:06,137][shap][INFO] - phi = [  1.80621998 151.36046045]
[2023-07-19 13:12:06,143][shap][INFO] - num_full_subsets = 1
[2023-07-19 13:12:06,145][shap][INFO] - phi = [  2.49854167 -96.09300587]
[2023-07-19 13:12:06,155][shap][INFO] - num_full_subsets = 1
[2023-07-19 13:12:06,163][shap][INFO] - phi = [  1.80622528 -96.09303224]
[2023-07-19 13:12:06,172][shap][INFO] - num_full_subsets = 1
[2023-07-19 13:12:06,176][shap][INFO] - phi = [  1.80623136 -28.19546676]
[2023-07-19 13:12:06,185][shap][INFO] - num_full_subsets = 1
[2023-07-19 13:12:06,195][shap][INFO] - phi = [41.71327567 -0.49866738]
[2023-07-19 13:12:06,199][shap][INFO] - num_full_subsets = 1
[2023-07-19 13:12:06,201][shap][INFO] - phi = [ 41.7133368  149.67349744]
[2023-07-19 13:12:06,211][shap][INFO] - num_full_subsets = 1
[2023-07-19 13:12:06,219][shap][INFO] - phi = [ 41.71336522 -71.09054618]
[2023-07-19 13:12:06,224][shap][INFO] - num_full_subsets = 1
[2023-07-19 13:12:06,226][shap][INFO] - phi = [ -4.0040061  -47.52212353]
[2023-07-19 13:12:06,236][shap][INFO] - num_full_subsets = 1
[2023-07-19 13:12:06,244][shap][INFO] - phi = [  1.80621998 151.36046045]
[2023-07-19 13:12:06,249][shap][INFO] - num_full_subsets = 1
[2023-07-19 13:12:06,251][shap][INFO] - phi = [  2.49854167 -96.09300587]
[2023-07-19 13:12:06,260][shap][INFO] - num_full_subsets = 1
[2023-07-19 13:12:06,269][shap][INFO] - phi = [ 41.71339872 -96.86964386]
[2023-07-19 13:12:06,278][shap][INFO] - num_full_subsets = 1
[2023-07-19 13:12:06,280][shap][INFO] - phi = [ -3.526372  -89.3082541]
[2023-07-19 13:12:06,284][shap][INFO] - num_full_subsets = 1
[2023-07-19 13:12:06,287][shap][INFO] - phi = [ -3.7130054  -30.89044051]
[2023-07-19 13:12:06,480][shap][INFO] - num_full_subsets = 1
[2023-07-19 13:12:06,482][shap][INFO] - phi = [-17.22430275 -50.64631589]
[2023-07-19 13:12:06,485][shap][INFO] - num_full_subsets = 1
[2023-07-19 13:12:06,487][shap][INFO] - phi = [-12.95022807 -33.40297079]
[2023-07-19 13:12:06,490][shap][INFO] - num_full_subsets = 1
[2023-07-19 13:12:06,491][shap][INFO] - phi = [-10.93877421 -15.07966323]
[2023-07-19 13:12:06,494][shap][INFO] - num_full_subsets = 1
[2023-07-19 13:12:06,496][shap][INFO] - phi = [-11.56027369   7.38203462]
[2023-07-19 13:12:06,499][shap][INFO] - num_full_subsets = 1
[2023-07-19 13:12:06,500][shap][INFO] - phi = [-9.73184403 28.21926071]
[2023-07-19 13:12:06,503][shap][INFO] - num_full_subsets = 1
[2023-07-19 13:12:06,505][shap][INFO] - phi = [-8.31319968 50.98736456]
[2023-07-19 13:12:06,508][shap][INFO] - num_full_subsets = 1
[2023-07-19 13:12:06,509][shap][INFO] - phi = [ -4.07266904 116.21345496]
[2023-07-19 13:12:06,512][shap][INFO] - num_full_subsets = 1
[2023-07-19 13:12:06,514][shap][INFO] - phi = [ -0.93827164 183.68608913]
[2023-07-19 13:12:06,517][shap][INFO] - num_full_subsets = 1
[2023-07-19 13:12:06,518][shap][INFO] - phi = [ -6.75212273 -89.02425952]
[2023-07-19 13:12:06,521][shap][INFO] - num_full_subsets = 1
[2023-07-19 13:12:06,523][shap][INFO] - phi = [-15.7023294  -85.62750799]
[2023-07-19 13:12:06,526][shap][INFO] - num_full_subsets = 1
[2023-07-19 13:12:06,527][shap][INFO] - phi = [-12.87296985 -14.90792158]
[2023-07-19 13:12:06,530][shap][INFO] - num_full_subsets = 1
[2023-07-19 13:12:06,532][shap][INFO] - phi = [ 12.92772478 -27.16370939]
[2023-07-19 13:12:06,535][shap][INFO] - num_full_subsets = 1
[2023-07-19 13:12:06,536][shap][INFO] - phi = [146.8291868   39.09558341]
[2023-07-19 13:12:06,539][shap][INFO] - num_full_subsets = 1
[2023-07-19 13:12:06,541][shap][INFO] - phi = [ 11.34178946 -53.05257294]
[2023-07-19 13:12:06,545][shap][INFO] - num_full_subsets = 1
[2023-07-19 13:12:06,546][shap][INFO] - phi = [-11.07563843 -33.91875186]
[2023-07-19 13:12:06,549][shap][INFO] - num_full_subsets = 1
[2023-07-19 13:12:06,551][shap][INFO] - phi = [ -2.09324287 153.39894908]
[2023-07-19 13:12:06,554][shap][INFO] - num_full_subsets = 1
[2023-07-19 13:12:06,555][shap][INFO] - phi = [-37.64904181 -64.4767253 ]
[2023-07-19 13:12:06,558][shap][INFO] - num_full_subsets = 1
[2023-07-19 13:12:06,560][shap][INFO] - phi = [13.49463385 -5.70987735]
[2023-07-19 13:12:06,563][shap][INFO] - num_full_subsets = 1
[2023-07-19 13:12:06,564][shap][INFO] - phi = [-11.59092527 -56.69200763]
[2023-07-19 13:12:06,567][shap][INFO] - num_full_subsets = 1
[2023-07-19 13:12:06,569][shap][INFO] - phi = [-11.12750143 -49.280453  ]
[2023-07-19 13:12:07,483][shap][INFO] - num_full_subsets = 1
[2023-07-19 13:12:07,492][shap][INFO] - phi = [ -9.34238997 -59.82938934]
[2023-07-19 13:12:07,508][shap][INFO] - num_full_subsets = 1
[2023-07-19 13:12:07,518][shap][INFO] - phi = [ -7.529451   -37.45369076]
[2023-07-19 13:12:07,530][shap][INFO] - num_full_subsets = 1
[2023-07-19 13:12:07,537][shap][INFO] - phi = [ -5.03631184 -18.20484665]
[2023-07-19 13:12:07,545][shap][INFO] - num_full_subsets = 1
[2023-07-19 13:12:07,556][shap][INFO] - phi = [-2.73593879  2.40253831]
[2023-07-19 13:12:07,561][shap][INFO] - num_full_subsets = 1
[2023-07-19 13:12:07,566][shap][INFO] - phi = [-25.50064727  43.25474679]
[2023-07-19 13:12:07,571][shap][INFO] - num_full_subsets = 1
[2023-07-19 13:12:07,582][shap][INFO] - phi = [-25.14421383  67.56301391]
[2023-07-19 13:12:07,595][shap][INFO] - num_full_subsets = 1
[2023-07-19 13:12:07,607][shap][INFO] - phi = [ -0.86551406 123.63386933]
[2023-07-19 13:12:07,613][shap][INFO] - num_full_subsets = 1
[2023-07-19 13:12:07,618][shap][INFO] - phi = [-8.31091903e-02  1.86634977e+02]
[2023-07-19 13:12:07,625][shap][INFO] - num_full_subsets = 1
[2023-07-19 13:12:07,636][shap][INFO] - phi = [ -6.05814458 -94.10851702]
[2023-07-19 13:12:07,645][shap][INFO] - num_full_subsets = 1
[2023-07-19 13:12:07,655][shap][INFO] - phi = [ -3.77015146 -85.45736465]
[2023-07-19 13:12:07,669][shap][INFO] - num_full_subsets = 1
[2023-07-19 13:12:07,680][shap][INFO] - phi = [ -3.06379469 -18.15824527]
[2023-07-19 13:12:07,693][shap][INFO] - num_full_subsets = 1
[2023-07-19 13:12:07,703][shap][INFO] - phi = [ 18.92939962 -21.93656715]
[2023-07-19 13:12:07,712][shap][INFO] - num_full_subsets = 1
[2023-07-19 13:12:07,717][shap][INFO] - phi = [64.85094962 66.72396348]
[2023-07-19 13:12:07,723][shap][INFO] - num_full_subsets = 1
[2023-07-19 13:12:07,733][shap][INFO] - phi = [ 18.54749795 -57.87592075]
[2023-07-19 13:12:07,742][shap][INFO] - num_full_subsets = 1
[2023-07-19 13:12:07,746][shap][INFO] - phi = [ -7.27514211 -37.57948812]
[2023-07-19 13:12:07,752][shap][INFO] - num_full_subsets = 1
[2023-07-19 13:12:07,756][shap][INFO] - phi = [ -0.37125476 155.65827514]
[2023-07-19 13:12:07,769][shap][INFO] - num_full_subsets = 1
[2023-07-19 13:12:07,776][shap][INFO] - phi = [-17.54726247 -77.12592514]
[2023-07-19 13:12:07,783][shap][INFO] - num_full_subsets = 1
[2023-07-19 13:12:07,788][shap][INFO] - phi = [ 19.0585833  -30.26580663]
[2023-07-19 13:12:07,799][shap][INFO] - num_full_subsets = 1
[2023-07-19 13:12:07,810][shap][INFO] - phi = [ -1.39896454 -63.62148214]
[2023-07-19 13:12:07,817][shap][INFO] - num_full_subsets = 1
[2023-07-19 13:12:07,821][shap][INFO] - phi = [ -5.66413994 -44.25414048]
[2023-07-19 13:12:08,094][shap][INFO] - num_full_subsets = 1
[2023-07-19 13:12:08,096][shap][INFO] - phi = [-47.34506868  -1.3895927 ]
[2023-07-19 13:12:08,099][shap][INFO] - num_full_subsets = 1
[2023-07-19 13:12:08,101][shap][INFO] - phi = [-25.98463497   1.97530108]
[2023-07-19 13:12:08,106][shap][INFO] - num_full_subsets = 1
[2023-07-19 13:12:08,108][shap][INFO] - phi = [-6.13274188  5.34019486]
[2023-07-19 13:12:08,113][shap][INFO] - num_full_subsets = 1
[2023-07-19 13:12:08,115][shap][INFO] - phi = [20.81658409 10.38753553]
[2023-07-19 13:12:08,119][shap][INFO] - num_full_subsets = 1
[2023-07-19 13:12:08,121][shap][INFO] - phi = [12.21061058  8.70508864]
[2023-07-19 13:12:08,125][shap][INFO] - num_full_subsets = 1
[2023-07-19 13:12:08,127][shap][INFO] - phi = [12.21061058  8.70508864]
[2023-07-19 13:12:08,131][shap][INFO] - num_full_subsets = 1
[2023-07-19 13:12:08,132][shap][INFO] - phi = [20.81658409 10.38753553]
[2023-07-19 13:12:08,135][shap][INFO] - num_full_subsets = 1
[2023-07-19 13:12:08,137][shap][INFO] - phi = [20.81658409 10.38753553]
[2023-07-19 13:12:08,140][shap][INFO] - num_full_subsets = 1
[2023-07-19 13:12:08,142][shap][INFO] - phi = [-23.35319851 -66.41181917]
[2023-07-19 13:12:08,145][shap][INFO] - num_full_subsets = 1
[2023-07-19 13:12:08,147][shap][INFO] - phi = [20.81658409 10.38753553]
[2023-07-19 13:12:08,152][shap][INFO] - num_full_subsets = 1
[2023-07-19 13:12:08,154][shap][INFO] - phi = [20.81658409 10.38753553]
[2023-07-19 13:12:08,157][shap][INFO] - num_full_subsets = 1
[2023-07-19 13:12:08,159][shap][INFO] - phi = [23.14439335 -9.29079701]
[2023-07-19 13:12:08,163][shap][INFO] - num_full_subsets = 1
[2023-07-19 13:12:08,165][shap][INFO] - phi = [-82.94330617 284.48543247]
[2023-07-19 13:12:08,168][shap][INFO] - num_full_subsets = 1
[2023-07-19 13:12:08,169][shap][INFO] - phi = [ 36.94045785 -83.06594469]
[2023-07-19 13:12:08,173][shap][INFO] - num_full_subsets = 1
[2023-07-19 13:12:08,175][shap][INFO] - phi = [-15.87012085   3.65774797]
[2023-07-19 13:12:08,179][shap][INFO] - num_full_subsets = 1
[2023-07-19 13:12:08,182][shap][INFO] - phi = [20.81658409 10.38753553]
[2023-07-19 13:12:08,187][shap][INFO] - num_full_subsets = 1
[2023-07-19 13:12:08,189][shap][INFO] - phi = [-107.34601816   -9.80182715]
[2023-07-19 13:12:08,193][shap][INFO] - num_full_subsets = 1
[2023-07-19 13:12:08,194][shap][INFO] - phi = [ 50.73652235 -73.14160673]
[2023-07-19 13:12:08,198][shap][INFO] - num_full_subsets = 1
[2023-07-19 13:12:08,199][shap][INFO] - phi = [ 37.30541672 -71.45915984]
[2023-07-19 13:12:08,202][shap][INFO] - num_full_subsets = 1
[2023-07-19 13:12:08,204][shap][INFO] - phi = [ 11.52757325 -60.63331949]
[2023-07-19 13:12:08,215][shap][INFO] - num_full_subsets = 1
[2023-07-19 13:12:08,218][shap][INFO] - phi = [-46.75455045   0.23517053]
[2023-07-19 13:12:08,222][shap][INFO] - num_full_subsets = 1
[2023-07-19 13:12:08,223][shap][INFO] - phi = [-32.13155088   3.02749453]
[2023-07-19 13:12:08,227][shap][INFO] - num_full_subsets = 1
[2023-07-19 13:12:08,229][shap][INFO] - phi = [-16.74226985   5.8775251 ]
[2023-07-19 13:12:08,232][shap][INFO] - num_full_subsets = 1
[2023-07-19 13:12:08,233][shap][INFO] - phi = [ 7.29814512 10.17066734]
[2023-07-19 13:12:08,236][shap][INFO] - num_full_subsets = 1
[2023-07-19 13:12:08,238][shap][INFO] - phi = [-0.80498087  8.74412662]
[2023-07-19 13:12:08,240][shap][INFO] - num_full_subsets = 1
[2023-07-19 13:12:08,243][shap][INFO] - phi = [-0.80498087  8.74412662]
[2023-07-19 13:12:08,248][shap][INFO] - num_full_subsets = 1
[2023-07-19 13:12:08,250][shap][INFO] - phi = [ 7.29814512 10.17066734]
[2023-07-19 13:12:08,255][shap][INFO] - num_full_subsets = 1
[2023-07-19 13:12:08,257][shap][INFO] - phi = [ 7.29814512 10.17066734]
[2023-07-19 13:12:08,261][shap][INFO] - num_full_subsets = 1
[2023-07-19 13:12:08,263][shap][INFO] - phi = [-21.38633798 -53.79239617]
[2023-07-19 13:12:08,266][shap][INFO] - num_full_subsets = 1
[2023-07-19 13:12:08,267][shap][INFO] - phi = [ 7.29814512 10.17066734]
[2023-07-19 13:12:08,270][shap][INFO] - num_full_subsets = 1
[2023-07-19 13:12:08,272][shap][INFO] - phi = [ 7.29814512 10.17066734]
[2023-07-19 13:12:08,275][shap][INFO] - num_full_subsets = 1
[2023-07-19 13:12:08,276][shap][INFO] - phi = [26.54157992 34.56581888]
[2023-07-19 13:12:08,281][shap][INFO] - num_full_subsets = 1
[2023-07-19 13:12:08,283][shap][INFO] - phi = [ 70.10748073 134.77178192]
[2023-07-19 13:12:08,288][shap][INFO] - num_full_subsets = 1
[2023-07-19 13:12:08,290][shap][INFO] - phi = [ 24.50791819 -42.658493  ]
[2023-07-19 13:12:08,295][shap][INFO] - num_full_subsets = 1
[2023-07-19 13:12:08,296][shap][INFO] - phi = [-24.51934394   4.44784789]
[2023-07-19 13:12:08,299][shap][INFO] - num_full_subsets = 1
[2023-07-19 13:12:08,301][shap][INFO] - phi = [ 7.29814512 10.17066734]
[2023-07-19 13:12:08,304][shap][INFO] - num_full_subsets = 1
[2023-07-19 13:12:08,305][shap][INFO] - phi = [-78.67417328  -6.23769472]
[2023-07-19 13:12:08,309][shap][INFO] - num_full_subsets = 1
[2023-07-19 13:12:08,312][shap][INFO] - phi = [ 36.52917498 -74.707976  ]
[2023-07-19 13:12:08,316][shap][INFO] - num_full_subsets = 1
[2023-07-19 13:12:08,317][shap][INFO] - phi = [ 20.70697348 -70.3080569 ]
[2023-07-19 13:12:08,322][shap][INFO] - num_full_subsets = 1
[2023-07-19 13:12:08,325][shap][INFO] - phi = [ -0.36380988 -13.73327935]
[2023-07-19 13:12:09,043][shap][INFO] - num_full_subsets = 1
[2023-07-19 13:12:09,053][shap][INFO] - phi = [-68.1268836   7.2893919]
[2023-07-19 13:12:09,063][shap][INFO] - num_full_subsets = 1
[2023-07-19 13:12:09,072][shap][INFO] - phi = [-54.861707     7.28939016]
[2023-07-19 13:12:09,079][shap][INFO] - num_full_subsets = 1
[2023-07-19 13:12:09,082][shap][INFO] - phi = [-49.63785388   7.28939111]
[2023-07-19 13:12:09,085][shap][INFO] - num_full_subsets = 1
[2023-07-19 13:12:09,088][shap][INFO] - phi = [46.32335944  7.28937469]
[2023-07-19 13:12:09,094][shap][INFO] - num_full_subsets = 1
[2023-07-19 13:12:09,097][shap][INFO] - phi = [6.50744452 7.28934875]
[2023-07-19 13:12:09,102][shap][INFO] - num_full_subsets = 1
[2023-07-19 13:12:09,104][shap][INFO] - phi = [6.50744452 7.28934875]
[2023-07-19 13:12:09,111][shap][INFO] - num_full_subsets = 1
[2023-07-19 13:12:09,113][shap][INFO] - phi = [46.32335944  7.28937469]
[2023-07-19 13:12:09,121][shap][INFO] - num_full_subsets = 1
[2023-07-19 13:12:09,129][shap][INFO] - phi = [46.32335944  7.28937469]
[2023-07-19 13:12:09,134][shap][INFO] - num_full_subsets = 1
[2023-07-19 13:12:09,136][shap][INFO] - phi = [-61.10033217 -61.80931072]
[2023-07-19 13:12:09,145][shap][INFO] - num_full_subsets = 1
[2023-07-19 13:12:09,155][shap][INFO] - phi = [46.32335944  7.28937469]
[2023-07-19 13:12:09,163][shap][INFO] - num_full_subsets = 1
[2023-07-19 13:12:09,166][shap][INFO] - phi = [46.32335944  7.28937469]
[2023-07-19 13:12:09,170][shap][INFO] - num_full_subsets = 1
[2023-07-19 13:12:09,172][shap][INFO] - phi = [16.39946895 60.49536967]
[2023-07-19 13:12:09,180][shap][INFO] - num_full_subsets = 1
[2023-07-19 13:12:09,182][shap][INFO] - phi = [16.39946895 60.49536967]
[2023-07-19 13:12:09,188][shap][INFO] - num_full_subsets = 1
[2023-07-19 13:12:09,190][shap][INFO] - phi = [ 16.39953728 -15.16227617]
[2023-07-19 13:12:09,200][shap][INFO] - num_full_subsets = 1
[2023-07-19 13:12:09,207][shap][INFO] - phi = [-43.98738936   7.2893935 ]
[2023-07-19 13:12:09,212][shap][INFO] - num_full_subsets = 1
[2023-07-19 13:12:09,214][shap][INFO] - phi = [46.32335944  7.28937469]
[2023-07-19 13:12:09,218][shap][INFO] - num_full_subsets = 1
[2023-07-19 13:12:09,220][shap][INFO] - phi = [-68.1268836   7.2893919]
[2023-07-19 13:12:09,229][shap][INFO] - num_full_subsets = 1
[2023-07-19 13:12:09,232][shap][INFO] - phi = [ 16.39947471 -61.80934648]
[2023-07-19 13:12:09,241][shap][INFO] - num_full_subsets = 1
[2023-07-19 13:12:09,243][shap][INFO] - phi = [-23.65814539 -61.80934929]
[2023-07-19 13:12:09,253][shap][INFO] - num_full_subsets = 1
[2023-07-19 13:12:09,261][shap][INFO] - phi = [ 12.94619942 -15.16236086]
[2023-07-19 13:12:09,885][shap][INFO] - num_full_subsets = 1
[2023-07-19 13:12:09,887][shap][INFO] - phi = [-81.73872947  -1.52120507]
[2023-07-19 13:12:09,890][shap][INFO] - num_full_subsets = 1
[2023-07-19 13:12:09,891][shap][INFO] - phi = [-56.28850954   3.34393407]
[2023-07-19 13:12:09,895][shap][INFO] - num_full_subsets = 1
[2023-07-19 13:12:09,897][shap][INFO] - phi = [-28.48386966   8.40847932]
[2023-07-19 13:12:09,902][shap][INFO] - num_full_subsets = 1
[2023-07-19 13:12:09,904][shap][INFO] - phi = [32.9971351  20.30210241]
[2023-07-19 13:12:09,909][shap][INFO] - num_full_subsets = 1
[2023-07-19 13:12:09,911][shap][INFO] - phi = [12.54983784 16.13105513]
[2023-07-19 13:12:09,916][shap][INFO] - num_full_subsets = 1
[2023-07-19 13:12:09,917][shap][INFO] - phi = [12.54983784 16.13105513]
[2023-07-19 13:12:09,921][shap][INFO] - num_full_subsets = 1
[2023-07-19 13:12:09,923][shap][INFO] - phi = [32.9971351  20.30210241]
[2023-07-19 13:12:09,926][shap][INFO] - num_full_subsets = 1
[2023-07-19 13:12:09,927][shap][INFO] - phi = [32.9971351  20.30210241]
[2023-07-19 13:12:09,930][shap][INFO] - num_full_subsets = 1
[2023-07-19 13:12:09,932][shap][INFO] - phi = [-31.85110078 -53.85805354]
[2023-07-19 13:12:09,937][shap][INFO] - num_full_subsets = 1
[2023-07-19 13:12:09,939][shap][INFO] - phi = [32.9971351  20.30210241]
[2023-07-19 13:12:09,943][shap][INFO] - num_full_subsets = 1
[2023-07-19 13:12:09,946][shap][INFO] - phi = [32.9971351  20.30210241]
[2023-07-19 13:12:09,950][shap][INFO] - num_full_subsets = 1
[2023-07-19 13:12:09,952][shap][INFO] - phi = [16.97603706 25.79181386]
[2023-07-19 13:12:09,955][shap][INFO] - num_full_subsets = 1
[2023-07-19 13:12:09,957][shap][INFO] - phi = [ 32.34849844 129.34023486]
[2023-07-19 13:12:09,960][shap][INFO] - num_full_subsets = 1
[2023-07-19 13:12:09,962][shap][INFO] - phi = [ 23.49677541 -52.4773818 ]
[2023-07-19 13:12:09,967][shap][INFO] - num_full_subsets = 1
[2023-07-19 13:12:09,969][shap][INFO] - phi = [-43.52366189   5.73676596]
[2023-07-19 13:12:09,974][shap][INFO] - num_full_subsets = 1
[2023-07-19 13:12:09,976][shap][INFO] - phi = [32.9971351  20.30210241]
[2023-07-19 13:12:09,979][shap][INFO] - num_full_subsets = 1
[2023-07-19 13:12:09,981][shap][INFO] - phi = [-96.48724131  -2.47973351]
[2023-07-19 13:12:09,984][shap][INFO] - num_full_subsets = 1
[2023-07-19 13:12:09,986][shap][INFO] - phi = [ 31.10774376 -84.31952072]
[2023-07-19 13:12:09,992][shap][INFO] - num_full_subsets = 1
[2023-07-19 13:12:09,994][shap][INFO] - phi = [ 11.6218221  -99.60887419]
[2023-07-19 13:12:09,999][shap][INFO] - num_full_subsets = 1
[2023-07-19 13:12:10,000][shap][INFO] - phi = [ -0.26025043 -32.43118398]
[2023-07-19 13:12:11,232][shap][INFO] - num_full_subsets = 1
[2023-07-19 13:12:11,244][shap][INFO] - phi = [-60.99130805   1.15344116]
[2023-07-19 13:12:11,255][shap][INFO] - num_full_subsets = 1
[2023-07-19 13:12:11,267][shap][INFO] - phi = [-42.3166006    3.90902996]
[2023-07-19 13:12:11,273][shap][INFO] - num_full_subsets = 1
[2023-07-19 13:12:11,285][shap][INFO] - phi = [-25.24918382   6.7288976 ]
[2023-07-19 13:12:11,299][shap][INFO] - num_full_subsets = 1
[2023-07-19 13:12:11,311][shap][INFO] - phi = [26.85880594 12.03741999]
[2023-07-19 13:12:11,319][shap][INFO] - num_full_subsets = 1
[2023-07-19 13:12:11,326][shap][INFO] - phi = [ 7.61572802 10.21740478]
[2023-07-19 13:12:11,339][shap][INFO] - num_full_subsets = 1
[2023-07-19 13:12:11,349][shap][INFO] - phi = [ 7.61572802 10.21740478]
[2023-07-19 13:12:11,355][shap][INFO] - num_full_subsets = 1
[2023-07-19 13:12:11,361][shap][INFO] - phi = [26.85880594 12.03741999]
[2023-07-19 13:12:11,373][shap][INFO] - num_full_subsets = 1
[2023-07-19 13:12:11,384][shap][INFO] - phi = [26.85880594 12.03741999]
[2023-07-19 13:12:11,391][shap][INFO] - num_full_subsets = 1
[2023-07-19 13:12:11,403][shap][INFO] - phi = [-34.42274236 -58.9678949 ]
[2023-07-19 13:12:11,417][shap][INFO] - num_full_subsets = 1
[2023-07-19 13:12:11,427][shap][INFO] - phi = [26.85880594 12.03741999]
[2023-07-19 13:12:11,440][shap][INFO] - num_full_subsets = 1
[2023-07-19 13:12:11,453][shap][INFO] - phi = [26.85880594 12.03741999]
[2023-07-19 13:12:11,465][shap][INFO] - num_full_subsets = 1
[2023-07-19 13:12:11,476][shap][INFO] - phi = [20.76536982 27.89055135]
[2023-07-19 13:12:11,488][shap][INFO] - num_full_subsets = 1
[2023-07-19 13:12:11,498][shap][INFO] - phi = [  8.97803549 152.27320473]
[2023-07-19 13:12:11,510][shap][INFO] - num_full_subsets = 1
[2023-07-19 13:12:11,521][shap][INFO] - phi = [ 25.33617218 -48.34102392]
[2023-07-19 13:12:11,532][shap][INFO] - num_full_subsets = 1
[2023-07-19 13:12:11,543][shap][INFO] - phi = [-31.97512901   5.28293883]
[2023-07-19 13:12:11,554][shap][INFO] - num_full_subsets = 1
[2023-07-19 13:12:11,561][shap][INFO] - phi = [26.85880594 12.03741999]
[2023-07-19 13:12:11,573][shap][INFO] - num_full_subsets = 1
[2023-07-19 13:12:11,580][shap][INFO] - phi = [-87.65857909  -2.80746587]
[2023-07-19 13:12:11,586][shap][INFO] - num_full_subsets = 1
[2023-07-19 13:12:11,591][shap][INFO] - phi = [ 33.69322895 -73.49461248]
[2023-07-19 13:12:11,605][shap][INFO] - num_full_subsets = 1
[2023-07-19 13:12:11,619][shap][INFO] - phi = [ 11.49401673 -75.79636006]
[2023-07-19 13:12:11,625][shap][INFO] - num_full_subsets = 1
[2023-07-19 13:12:11,637][shap][INFO] - phi = [  5.96242809 -30.49003592]
[2023-07-19 13:12:11,917][shap][INFO] - num_full_subsets = 1
[2023-07-19 13:12:11,919][shap][INFO] - phi = [-55.55795375 -12.79702159]
[2023-07-19 13:12:11,922][shap][INFO] - num_full_subsets = 1
[2023-07-19 13:12:11,924][shap][INFO] - phi = [-33.2695841  -14.30734442]
[2023-07-19 13:12:11,928][shap][INFO] - num_full_subsets = 1
[2023-07-19 13:12:11,930][shap][INFO] - phi = [-12.15428653 -15.73817658]
[2023-07-19 13:12:11,935][shap][INFO] - num_full_subsets = 1
[2023-07-19 13:12:11,936][shap][INFO] - phi = [ 10.13408313 -17.24849942]
[2023-07-19 13:12:11,941][shap][INFO] - num_full_subsets = 1
[2023-07-19 13:12:11,943][shap][INFO] - phi = [ 31.2493807  -18.67933158]
[2023-07-19 13:12:11,946][shap][INFO] - num_full_subsets = 1
[2023-07-19 13:12:11,948][shap][INFO] - phi = [ 53.53775035 -20.18965441]
[2023-07-19 13:12:11,951][shap][INFO] - num_full_subsets = 1
[2023-07-19 13:12:11,953][shap][INFO] - phi = [118.05671514 -24.56164157]
[2023-07-19 13:12:11,956][shap][INFO] - num_full_subsets = 1
[2023-07-19 13:12:11,957][shap][INFO] - phi = [204.86404959 -30.44395156]
[2023-07-19 13:12:11,961][shap][INFO] - num_full_subsets = 1
[2023-07-19 13:12:11,962][shap][INFO] - phi = [-110.56312947    4.73996823]
[2023-07-19 13:12:11,965][shap][INFO] - num_full_subsets = 1
[2023-07-19 13:12:11,968][shap][INFO] - phi = [-83.71168384 -10.88924538]
[2023-07-19 13:12:11,972][shap][INFO] - num_full_subsets = 1
[2023-07-19 13:12:11,974][shap][INFO] - phi = [-12.15428653 -15.73817658]
[2023-07-19 13:12:11,979][shap][INFO] - num_full_subsets = 1
[2023-07-19 13:12:11,981][shap][INFO] - phi = [-36.62970118  48.39894082]
[2023-07-19 13:12:11,985][shap][INFO] - num_full_subsets = 1
[2023-07-19 13:12:11,987][shap][INFO] - phi = [ 63.58864382 118.34283012]
[2023-07-19 13:12:11,990][shap][INFO] - num_full_subsets = 1
[2023-07-19 13:12:11,992][shap][INFO] - phi = [-64.41660492  24.47620007]
[2023-07-19 13:12:11,996][shap][INFO] - num_full_subsets = 1
[2023-07-19 13:12:11,998][shap][INFO] - phi = [-33.2695841  -14.30734442]
[2023-07-19 13:12:12,003][shap][INFO] - num_full_subsets = 1
[2023-07-19 13:12:12,005][shap][INFO] - phi = [161.46038237 -27.50279656]
[2023-07-19 13:12:12,010][shap][INFO] - num_full_subsets = 1
[2023-07-19 13:12:12,012][shap][INFO] - phi = [-76.67325132 -11.36618943]
[2023-07-19 13:12:12,016][shap][INFO] - num_full_subsets = 1
[2023-07-19 13:12:12,017][shap][INFO] - phi = [-6.95929746  6.88621647]
[2023-07-19 13:12:12,020][shap][INFO] - num_full_subsets = 1
[2023-07-19 13:12:12,022][shap][INFO] - phi = [-60.04027312   5.78659545]
[2023-07-19 13:12:12,025][shap][INFO] - num_full_subsets = 1
[2023-07-19 13:12:12,027][shap][INFO] - phi = [-57.49136881  25.13862236]
[2023-07-19 13:12:12,038][shap][INFO] - num_full_subsets = 1
[2023-07-19 13:12:12,039][shap][INFO] - phi = [-54.81513218 -18.47312875]
[2023-07-19 13:12:12,043][shap][INFO] - num_full_subsets = 1
[2023-07-19 13:12:12,046][shap][INFO] - phi = [-36.85226949 -15.61057487]
[2023-07-19 13:12:12,050][shap][INFO] - num_full_subsets = 1
[2023-07-19 13:12:12,052][shap][INFO] - phi = [-18.63372727 -12.78059257]
[2023-07-19 13:12:12,056][shap][INFO] - num_full_subsets = 1
[2023-07-19 13:12:12,057][shap][INFO] - phi = [ 1.59125575 -9.71150815]
[2023-07-19 13:12:12,060][shap][INFO] - num_full_subsets = 1
[2023-07-19 13:12:12,062][shap][INFO] - phi = [21.41889782 -6.76797847]
[2023-07-19 13:12:12,066][shap][INFO] - num_full_subsets = 1
[2023-07-19 13:12:12,068][shap][INFO] - phi = [42.74216322 -3.66850977]
[2023-07-19 13:12:12,072][shap][INFO] - num_full_subsets = 1
[2023-07-19 13:12:12,074][shap][INFO] - phi = [103.74053052   4.83571407]
[2023-07-19 13:12:12,079][shap][INFO] - num_full_subsets = 1
[2023-07-19 13:12:12,082][shap][INFO] - phi = [173.62838894  13.79573369]
[2023-07-19 13:12:12,085][shap][INFO] - num_full_subsets = 1
[2023-07-19 13:12:12,087][shap][INFO] - phi = [-61.74846376 -29.69090787]
[2023-07-19 13:12:12,090][shap][INFO] - num_full_subsets = 1
[2023-07-19 13:12:12,091][shap][INFO] - phi = [-75.2559578  -21.84279493]
[2023-07-19 13:12:12,095][shap][INFO] - num_full_subsets = 1
[2023-07-19 13:12:12,096][shap][INFO] - phi = [-18.63372727 -12.78059257]
[2023-07-19 13:12:12,100][shap][INFO] - num_full_subsets = 1
[2023-07-19 13:12:12,102][shap][INFO] - phi = [-17.29582412  55.93700378]
[2023-07-19 13:12:12,107][shap][INFO] - num_full_subsets = 1
[2023-07-19 13:12:12,109][shap][INFO] - phi = [ 14.46180267 174.18532846]
[2023-07-19 13:12:12,112][shap][INFO] - num_full_subsets = 1
[2023-07-19 13:12:12,113][shap][INFO] - phi = [-28.44372926  -5.56131698]
[2023-07-19 13:12:12,117][shap][INFO] - num_full_subsets = 1
[2023-07-19 13:12:12,119][shap][INFO] - phi = [-36.85226949 -15.61057487]
[2023-07-19 13:12:12,124][shap][INFO] - num_full_subsets = 1
[2023-07-19 13:12:12,126][shap][INFO] - phi = [141.26688718   9.77631381]
[2023-07-19 13:12:12,130][shap][INFO] - num_full_subsets = 1
[2023-07-19 13:12:12,133][shap][INFO] - phi = [-70.40325261 -21.02987254]
[2023-07-19 13:12:12,136][shap][INFO] - num_full_subsets = 1
[2023-07-19 13:12:12,138][shap][INFO] - phi = [-12.53947988 -41.86158922]
[2023-07-19 13:12:12,142][shap][INFO] - num_full_subsets = 1
[2023-07-19 13:12:12,144][shap][INFO] - phi = [-40.87423717 -35.65418666]
[2023-07-19 13:12:12,149][shap][INFO] - num_full_subsets = 1
[2023-07-19 13:12:12,151][shap][INFO] - phi = [-26.50185579  -7.48596559]
[2023-07-19 13:12:12,624][shap][INFO] - num_full_subsets = 1
[2023-07-19 13:12:12,633][shap][INFO] - phi = [-3.405111    0.03004344]
[2023-07-19 13:12:12,639][shap][INFO] - num_full_subsets = 1
[2023-07-19 13:12:12,640][shap][INFO] - phi = [-2.92601347  0.03004327]
[2023-07-19 13:12:12,650][shap][INFO] - num_full_subsets = 1
[2023-07-19 13:12:12,659][shap][INFO] - phi = [0.07498312 0.03004327]
[2023-07-19 13:12:12,664][shap][INFO] - num_full_subsets = 1
[2023-07-19 13:12:12,666][shap][INFO] - phi = [2.70341775 0.03004377]
[2023-07-19 13:12:12,669][shap][INFO] - num_full_subsets = 1
[2023-07-19 13:12:12,671][shap][INFO] - phi = [4.38156984 0.03004377]
[2023-07-19 13:12:12,675][shap][INFO] - num_full_subsets = 1
[2023-07-19 13:12:12,677][shap][INFO] - phi = [4.38156984 0.03004377]
[2023-07-19 13:12:12,683][shap][INFO] - num_full_subsets = 1
[2023-07-19 13:12:12,685][shap][INFO] - phi = [4.38156984 0.03004377]
[2023-07-19 13:12:12,696][shap][INFO] - num_full_subsets = 1
[2023-07-19 13:12:12,704][shap][INFO] - phi = [4.38156984 0.03004377]
[2023-07-19 13:12:12,717][shap][INFO] - num_full_subsets = 1
[2023-07-19 13:12:12,726][shap][INFO] - phi = [-3.40511079 -0.0557951 ]
[2023-07-19 13:12:12,736][shap][INFO] - num_full_subsets = 1
[2023-07-19 13:12:12,741][shap][INFO] - phi = [-3.405111    0.03004344]
[2023-07-19 13:12:12,744][shap][INFO] - num_full_subsets = 1
[2023-07-19 13:12:12,746][shap][INFO] - phi = [0.07498312 0.03004327]
[2023-07-19 13:12:12,754][shap][INFO] - num_full_subsets = 1
[2023-07-19 13:12:12,756][shap][INFO] - phi = [-0.33471215 -0.05579541]
[2023-07-19 13:12:12,760][shap][INFO] - num_full_subsets = 1
[2023-07-19 13:12:12,762][shap][INFO] - phi = [ 4.3815691  -0.05579572]
[2023-07-19 13:12:12,767][shap][INFO] - num_full_subsets = 1
[2023-07-19 13:12:12,769][shap][INFO] - phi = [-3.40511079 -0.0557951 ]
[2023-07-19 13:12:12,773][shap][INFO] - num_full_subsets = 1
[2023-07-19 13:12:12,775][shap][INFO] - phi = [-2.92601347  0.03004327]
[2023-07-19 13:12:12,779][shap][INFO] - num_full_subsets = 1
[2023-07-19 13:12:12,781][shap][INFO] - phi = [4.38156984 0.03004377]
[2023-07-19 13:12:12,784][shap][INFO] - num_full_subsets = 1
[2023-07-19 13:12:12,786][shap][INFO] - phi = [-3.405111    0.03004344]
[2023-07-19 13:12:12,789][shap][INFO] - num_full_subsets = 1
[2023-07-19 13:12:12,791][shap][INFO] - phi = [ 0.67392275 -0.05579479]
[2023-07-19 13:12:12,798][shap][INFO] - num_full_subsets = 1
[2023-07-19 13:12:12,800][shap][INFO] - phi = [-3.40511079 -0.0557951 ]
[2023-07-19 13:12:12,809][shap][INFO] - num_full_subsets = 1
[2023-07-19 13:12:12,810][shap][INFO] - phi = [-3.19932058 -0.05579479]
[2023-07-19 13:12:12,834][shap][INFO] - num_full_subsets = 1
[2023-07-19 13:12:12,835][shap][INFO] - phi = [1.77635684e-15 1.77635684e-15]
[2023-07-19 13:12:12,839][shap][INFO] - num_full_subsets = 1
[2023-07-19 13:12:12,840][shap][INFO] - phi = [1.77635684e-15 1.77635684e-15]
[2023-07-19 13:12:12,843][shap][INFO] - num_full_subsets = 1
[2023-07-19 13:12:12,845][shap][INFO] - phi = [1.77635684e-15 1.77635684e-15]
[2023-07-19 13:12:12,848][shap][INFO] - num_full_subsets = 1
[2023-07-19 13:12:12,850][shap][INFO] - phi = [1.77635684e-15 1.77635684e-15]
[2023-07-19 13:12:12,853][shap][INFO] - num_full_subsets = 1
[2023-07-19 13:12:12,854][shap][INFO] - phi = [1.77635684e-15 1.77635684e-15]
[2023-07-19 13:12:12,857][shap][INFO] - num_full_subsets = 1
[2023-07-19 13:12:12,859][shap][INFO] - phi = [1.77635684e-15 1.77635684e-15]
[2023-07-19 13:12:12,862][shap][INFO] - num_full_subsets = 1
[2023-07-19 13:12:12,865][shap][INFO] - phi = [1.77635684e-15 1.77635684e-15]
[2023-07-19 13:12:12,868][shap][INFO] - num_full_subsets = 1
[2023-07-19 13:12:12,870][shap][INFO] - phi = [1.77635684e-15 1.77635684e-15]
[2023-07-19 13:12:12,873][shap][INFO] - num_full_subsets = 1
[2023-07-19 13:12:12,874][shap][INFO] - phi = [1.77635684e-15 1.77635684e-15]
[2023-07-19 13:12:12,878][shap][INFO] - num_full_subsets = 1
[2023-07-19 13:12:12,879][shap][INFO] - phi = [1.77635684e-15 1.77635684e-15]
[2023-07-19 13:12:12,882][shap][INFO] - num_full_subsets = 1
[2023-07-19 13:12:12,884][shap][INFO] - phi = [1.77635684e-15 1.77635684e-15]
[2023-07-19 13:12:12,887][shap][INFO] - num_full_subsets = 1
[2023-07-19 13:12:12,889][shap][INFO] - phi = [1.77635684e-15 1.77635684e-15]
[2023-07-19 13:12:12,892][shap][INFO] - num_full_subsets = 1
[2023-07-19 13:12:12,894][shap][INFO] - phi = [1.77635684e-15 1.77635684e-15]
[2023-07-19 13:12:12,897][shap][INFO] - num_full_subsets = 1
[2023-07-19 13:12:12,899][shap][INFO] - phi = [1.77635684e-15 1.77635684e-15]
[2023-07-19 13:12:12,902][shap][INFO] - num_full_subsets = 1
[2023-07-19 13:12:12,903][shap][INFO] - phi = [1.77635684e-15 1.77635684e-15]
[2023-07-19 13:12:12,907][shap][INFO] - num_full_subsets = 1
[2023-07-19 13:12:12,908][shap][INFO] - phi = [1.77635684e-15 1.77635684e-15]
[2023-07-19 13:12:12,912][shap][INFO] - num_full_subsets = 1
[2023-07-19 13:12:12,913][shap][INFO] - phi = [1.77635684e-15 1.77635684e-15]
[2023-07-19 13:12:12,916][shap][INFO] - num_full_subsets = 1
[2023-07-19 13:12:12,918][shap][INFO] - phi = [1.77635684e-15 1.77635684e-15]
[2023-07-19 13:12:12,921][shap][INFO] - num_full_subsets = 1
[2023-07-19 13:12:12,923][shap][INFO] - phi = [1.77635684e-15 1.77635684e-15]
[2023-07-19 13:12:12,926][shap][INFO] - num_full_subsets = 1
[2023-07-19 13:12:12,928][shap][INFO] - phi = [1.77635684e-15 1.77635684e-15]
[2023-07-19 13:12:13,325][shap][INFO] - num_full_subsets = 1
[2023-07-19 13:12:13,337][shap][INFO] - phi = [-28.44454923  -7.81002672]
[2023-07-19 13:12:13,346][shap][INFO] - num_full_subsets = 1
[2023-07-19 13:12:13,351][shap][INFO] - phi = [-18.26196676  -7.47196901]
[2023-07-19 13:12:13,357][shap][INFO] - num_full_subsets = 1
[2023-07-19 13:12:13,366][shap][INFO] - phi = [-7.67825767 -7.12218147]
[2023-07-19 13:12:13,379][shap][INFO] - num_full_subsets = 1
[2023-07-19 13:12:13,388][shap][INFO] - phi = [ 3.60718916 -6.73249095]
[2023-07-19 13:12:13,399][shap][INFO] - num_full_subsets = 1
[2023-07-19 13:12:13,409][shap][INFO] - phi = [14.26246209 -6.35431657]
[2023-07-19 13:12:13,417][shap][INFO] - num_full_subsets = 1
[2023-07-19 13:12:13,422][shap][INFO] - phi = [25.16537085 -5.9570301 ]
[2023-07-19 13:12:13,434][shap][INFO] - num_full_subsets = 1
[2023-07-19 13:12:13,446][shap][INFO] - phi = [56.54470388 -4.92397093]
[2023-07-19 13:12:13,459][shap][INFO] - num_full_subsets = 1
[2023-07-19 13:12:13,466][shap][INFO] - phi = [95.71850209 -4.15454353]
[2023-07-19 13:12:13,477][shap][INFO] - num_full_subsets = 1
[2023-07-19 13:12:13,488][shap][INFO] - phi = [-43.929176    -6.25168369]
[2023-07-19 13:12:13,499][shap][INFO] - num_full_subsets = 1
[2023-07-19 13:12:13,508][shap][INFO] - phi = [-40.59318816  -8.17549922]
[2023-07-19 13:12:13,518][shap][INFO] - num_full_subsets = 1
[2023-07-19 13:12:13,529][shap][INFO] - phi = [-7.67825767 -7.12218147]
[2023-07-19 13:12:13,540][shap][INFO] - num_full_subsets = 1
[2023-07-19 13:12:13,551][shap][INFO] - phi = [-13.56505936  26.0700373 ]
[2023-07-19 13:12:13,560][shap][INFO] - num_full_subsets = 1
[2023-07-19 13:12:13,570][shap][INFO] - phi = [20.6080039  73.11809072]
[2023-07-19 13:12:13,582][shap][INFO] - num_full_subsets = 1
[2023-07-19 13:12:13,593][shap][INFO] - phi = [-24.06636124   4.714772  ]
[2023-07-19 13:12:13,606][shap][INFO] - num_full_subsets = 1
[2023-07-19 13:12:13,615][shap][INFO] - phi = [-18.26196676  -7.47196901]
[2023-07-19 13:12:13,621][shap][INFO] - num_full_subsets = 1
[2023-07-19 13:12:13,625][shap][INFO] - phi = [76.77720985 -4.42410975]
[2023-07-19 13:12:13,633][shap][INFO] - num_full_subsets = 1
[2023-07-19 13:12:13,644][shap][INFO] - phi = [-37.62040373  -8.09150463]
[2023-07-19 13:12:13,651][shap][INFO] - num_full_subsets = 1
[2023-07-19 13:12:13,656][shap][INFO] - phi = [-4.70621365 -8.75779189]
[2023-07-19 13:12:13,665][shap][INFO] - num_full_subsets = 1
[2023-07-19 13:12:13,672][shap][INFO] - phi = [-26.07990527  -7.48084657]
[2023-07-19 13:12:13,684][shap][INFO] - num_full_subsets = 1
[2023-07-19 13:12:13,689][shap][INFO] - phi = [-21.79813629   4.3992155 ]
