[2023-07-18 23:42:27,327][shap][INFO] - num_full_subsets = 1
[2023-07-18 23:42:27,330][shap][INFO] - phi = [-55.55795375 -12.79702159]
[2023-07-18 23:42:27,333][shap][INFO] - num_full_subsets = 1
[2023-07-18 23:42:27,335][shap][INFO] - phi = [-33.2695841  -14.30734442]
[2023-07-18 23:42:27,340][shap][INFO] - num_full_subsets = 1
[2023-07-18 23:42:27,342][shap][INFO] - phi = [-12.15428653 -15.73817658]
[2023-07-18 23:42:27,346][shap][INFO] - num_full_subsets = 1
[2023-07-18 23:42:27,348][shap][INFO] - phi = [ 10.13408313 -17.24849942]
[2023-07-18 23:42:27,352][shap][INFO] - num_full_subsets = 1
[2023-07-18 23:42:27,354][shap][INFO] - phi = [ 31.2493807  -18.67933158]
[2023-07-18 23:42:27,358][shap][INFO] - num_full_subsets = 1
[2023-07-18 23:42:27,359][shap][INFO] - phi = [ 53.53775035 -20.18965441]
[2023-07-18 23:42:27,362][shap][INFO] - num_full_subsets = 1
[2023-07-18 23:42:27,364][shap][INFO] - phi = [118.05671514 -24.56164157]
[2023-07-18 23:42:27,367][shap][INFO] - num_full_subsets = 1
[2023-07-18 23:42:27,368][shap][INFO] - phi = [204.86404959 -30.44395156]
[2023-07-18 23:42:27,371][shap][INFO] - num_full_subsets = 1
[2023-07-18 23:42:27,373][shap][INFO] - phi = [-110.56312947    4.73996823]
[2023-07-18 23:42:27,377][shap][INFO] - num_full_subsets = 1
[2023-07-18 23:42:27,380][shap][INFO] - phi = [-83.71168384 -10.88924538]
[2023-07-18 23:42:27,383][shap][INFO] - num_full_subsets = 1
[2023-07-18 23:42:27,386][shap][INFO] - phi = [-12.15428653 -15.73817658]
[2023-07-18 23:42:27,390][shap][INFO] - num_full_subsets = 1
[2023-07-18 23:42:27,392][shap][INFO] - phi = [-36.62970118  48.39894082]
[2023-07-18 23:42:27,397][shap][INFO] - num_full_subsets = 1
[2023-07-18 23:42:27,399][shap][INFO] - phi = [ 63.58864382 118.34283012]
[2023-07-18 23:42:27,402][shap][INFO] - num_full_subsets = 1
[2023-07-18 23:42:27,404][shap][INFO] - phi = [-64.41660492  24.47620007]
[2023-07-18 23:42:27,406][shap][INFO] - num_full_subsets = 1
[2023-07-18 23:42:27,408][shap][INFO] - phi = [-33.2695841  -14.30734442]
[2023-07-18 23:42:27,412][shap][INFO] - num_full_subsets = 1
[2023-07-18 23:42:27,414][shap][INFO] - phi = [161.46038237 -27.50279656]
[2023-07-18 23:42:27,418][shap][INFO] - num_full_subsets = 1
[2023-07-18 23:42:27,421][shap][INFO] - phi = [-76.67325132 -11.36618943]
[2023-07-18 23:42:27,425][shap][INFO] - num_full_subsets = 1
[2023-07-18 23:42:27,427][shap][INFO] - phi = [-6.95929746  6.88621647]
[2023-07-18 23:42:27,432][shap][INFO] - num_full_subsets = 1
[2023-07-18 23:42:27,434][shap][INFO] - phi = [-60.04027312   5.78659545]
[2023-07-18 23:42:27,437][shap][INFO] - num_full_subsets = 1
[2023-07-18 23:42:27,439][shap][INFO] - phi = [-57.49136881  25.13862236]
[2023-07-18 23:42:27,449][shap][INFO] - num_full_subsets = 1
[2023-07-18 23:42:27,452][shap][INFO] - phi = [-54.81513218 -18.47312875]
[2023-07-18 23:42:27,455][shap][INFO] - num_full_subsets = 1
[2023-07-18 23:42:27,456][shap][INFO] - phi = [-36.85226949 -15.61057487]
[2023-07-18 23:42:27,459][shap][INFO] - num_full_subsets = 1
[2023-07-18 23:42:27,461][shap][INFO] - phi = [-18.63372727 -12.78059257]
[2023-07-18 23:42:27,463][shap][INFO] - num_full_subsets = 1
[2023-07-18 23:42:27,465][shap][INFO] - phi = [ 1.59125575 -9.71150815]
[2023-07-18 23:42:27,468][shap][INFO] - num_full_subsets = 1
[2023-07-18 23:42:27,469][shap][INFO] - phi = [21.41889782 -6.76797847]
[2023-07-18 23:42:27,472][shap][INFO] - num_full_subsets = 1
[2023-07-18 23:42:27,474][shap][INFO] - phi = [42.74216322 -3.66850977]
[2023-07-18 23:42:27,477][shap][INFO] - num_full_subsets = 1
[2023-07-18 23:42:27,478][shap][INFO] - phi = [103.74053052   4.83571407]
[2023-07-18 23:42:27,481][shap][INFO] - num_full_subsets = 1
[2023-07-18 23:42:27,482][shap][INFO] - phi = [173.62838894  13.79573369]
[2023-07-18 23:42:27,485][shap][INFO] - num_full_subsets = 1
[2023-07-18 23:42:27,487][shap][INFO] - phi = [-61.74846376 -29.69090787]
[2023-07-18 23:42:27,489][shap][INFO] - num_full_subsets = 1
[2023-07-18 23:42:27,491][shap][INFO] - phi = [-75.2559578  -21.84279493]
[2023-07-18 23:42:27,494][shap][INFO] - num_full_subsets = 1
[2023-07-18 23:42:27,495][shap][INFO] - phi = [-18.63372727 -12.78059257]
[2023-07-18 23:42:27,498][shap][INFO] - num_full_subsets = 1
[2023-07-18 23:42:27,500][shap][INFO] - phi = [-17.29582412  55.93700378]
[2023-07-18 23:42:27,502][shap][INFO] - num_full_subsets = 1
[2023-07-18 23:42:27,504][shap][INFO] - phi = [ 14.46180267 174.18532846]
[2023-07-18 23:42:27,507][shap][INFO] - num_full_subsets = 1
[2023-07-18 23:42:27,508][shap][INFO] - phi = [-28.44372926  -5.56131698]
[2023-07-18 23:42:27,511][shap][INFO] - num_full_subsets = 1
[2023-07-18 23:42:27,512][shap][INFO] - phi = [-36.85226949 -15.61057487]
[2023-07-18 23:42:27,515][shap][INFO] - num_full_subsets = 1
[2023-07-18 23:42:27,517][shap][INFO] - phi = [141.26688718   9.77631381]
[2023-07-18 23:42:27,520][shap][INFO] - num_full_subsets = 1
[2023-07-18 23:42:27,521][shap][INFO] - phi = [-70.40325261 -21.02987254]
[2023-07-18 23:42:27,524][shap][INFO] - num_full_subsets = 1
[2023-07-18 23:42:27,526][shap][INFO] - phi = [-12.53947988 -41.86158922]
[2023-07-18 23:42:27,528][shap][INFO] - num_full_subsets = 1
[2023-07-18 23:42:27,530][shap][INFO] - phi = [-40.87423717 -35.65418666]
[2023-07-18 23:42:27,532][shap][INFO] - num_full_subsets = 1
[2023-07-18 23:42:27,534][shap][INFO] - phi = [-26.50185579  -7.48596559]
[2023-07-18 23:42:28,210][shap][INFO] - num_full_subsets = 1
[2023-07-18 23:42:28,221][shap][INFO] - phi = [-3.405111    0.03004344]
[2023-07-18 23:42:28,233][shap][INFO] - num_full_subsets = 1
[2023-07-18 23:42:28,238][shap][INFO] - phi = [-2.92601347  0.03004327]
[2023-07-18 23:42:28,245][shap][INFO] - num_full_subsets = 1
[2023-07-18 23:42:28,247][shap][INFO] - phi = [0.07498312 0.03004327]
[2023-07-18 23:42:28,256][shap][INFO] - num_full_subsets = 1
[2023-07-18 23:42:28,263][shap][INFO] - phi = [2.70341775 0.03004377]
[2023-07-18 23:42:28,272][shap][INFO] - num_full_subsets = 1
[2023-07-18 23:42:28,275][shap][INFO] - phi = [4.38156984 0.03004377]
[2023-07-18 23:42:28,282][shap][INFO] - num_full_subsets = 1
[2023-07-18 23:42:28,284][shap][INFO] - phi = [4.38156984 0.03004377]
[2023-07-18 23:42:28,289][shap][INFO] - num_full_subsets = 1
[2023-07-18 23:42:28,291][shap][INFO] - phi = [4.38156984 0.03004377]
[2023-07-18 23:42:28,300][shap][INFO] - num_full_subsets = 1
[2023-07-18 23:42:28,303][shap][INFO] - phi = [4.38156984 0.03004377]
[2023-07-18 23:42:28,313][shap][INFO] - num_full_subsets = 1
[2023-07-18 23:42:28,318][shap][INFO] - phi = [-3.40511079 -0.0557951 ]
[2023-07-18 23:42:28,327][shap][INFO] - num_full_subsets = 1
[2023-07-18 23:42:28,329][shap][INFO] - phi = [-3.405111    0.03004344]
[2023-07-18 23:42:28,334][shap][INFO] - num_full_subsets = 1
[2023-07-18 23:42:28,336][shap][INFO] - phi = [0.07498312 0.03004327]
[2023-07-18 23:42:28,345][shap][INFO] - num_full_subsets = 1
[2023-07-18 23:42:28,353][shap][INFO] - phi = [-0.33471215 -0.05579541]
[2023-07-18 23:42:28,359][shap][INFO] - num_full_subsets = 1
[2023-07-18 23:42:28,361][shap][INFO] - phi = [ 4.3815691  -0.05579572]
[2023-07-18 23:42:28,370][shap][INFO] - num_full_subsets = 1
[2023-07-18 23:42:28,371][shap][INFO] - phi = [-3.40511079 -0.0557951 ]
[2023-07-18 23:42:28,382][shap][INFO] - num_full_subsets = 1
[2023-07-18 23:42:28,385][shap][INFO] - phi = [-2.92601347  0.03004327]
[2023-07-18 23:42:28,396][shap][INFO] - num_full_subsets = 1
[2023-07-18 23:42:28,401][shap][INFO] - phi = [4.38156984 0.03004377]
[2023-07-18 23:42:28,411][shap][INFO] - num_full_subsets = 1
[2023-07-18 23:42:28,418][shap][INFO] - phi = [-3.405111    0.03004344]
[2023-07-18 23:42:28,423][shap][INFO] - num_full_subsets = 1
[2023-07-18 23:42:28,425][shap][INFO] - phi = [ 0.67392275 -0.05579479]
[2023-07-18 23:42:28,431][shap][INFO] - num_full_subsets = 1
[2023-07-18 23:42:28,432][shap][INFO] - phi = [-3.40511079 -0.0557951 ]
[2023-07-18 23:42:28,442][shap][INFO] - num_full_subsets = 1
[2023-07-18 23:42:28,450][shap][INFO] - phi = [-3.19932058 -0.05579479]
[2023-07-18 23:42:28,471][shap][INFO] - num_full_subsets = 1
[2023-07-18 23:42:28,473][shap][INFO] - phi = [1.77635684e-15 1.77635684e-15]
[2023-07-18 23:42:28,476][shap][INFO] - num_full_subsets = 1
[2023-07-18 23:42:28,478][shap][INFO] - phi = [1.77635684e-15 1.77635684e-15]
[2023-07-18 23:42:28,481][shap][INFO] - num_full_subsets = 1
[2023-07-18 23:42:28,482][shap][INFO] - phi = [1.77635684e-15 1.77635684e-15]
[2023-07-18 23:42:28,485][shap][INFO] - num_full_subsets = 1
[2023-07-18 23:42:28,487][shap][INFO] - phi = [1.77635684e-15 1.77635684e-15]
[2023-07-18 23:42:28,490][shap][INFO] - num_full_subsets = 1
[2023-07-18 23:42:28,492][shap][INFO] - phi = [1.77635684e-15 1.77635684e-15]
[2023-07-18 23:42:28,495][shap][INFO] - num_full_subsets = 1
[2023-07-18 23:42:28,496][shap][INFO] - phi = [1.77635684e-15 1.77635684e-15]
[2023-07-18 23:42:28,499][shap][INFO] - num_full_subsets = 1
[2023-07-18 23:42:28,501][shap][INFO] - phi = [1.77635684e-15 1.77635684e-15]
[2023-07-18 23:42:28,504][shap][INFO] - num_full_subsets = 1
[2023-07-18 23:42:28,506][shap][INFO] - phi = [1.77635684e-15 1.77635684e-15]
[2023-07-18 23:42:28,509][shap][INFO] - num_full_subsets = 1
[2023-07-18 23:42:28,510][shap][INFO] - phi = [1.77635684e-15 1.77635684e-15]
[2023-07-18 23:42:28,513][shap][INFO] - num_full_subsets = 1
[2023-07-18 23:42:28,515][shap][INFO] - phi = [1.77635684e-15 1.77635684e-15]
[2023-07-18 23:42:28,518][shap][INFO] - num_full_subsets = 1
[2023-07-18 23:42:28,520][shap][INFO] - phi = [1.77635684e-15 1.77635684e-15]
[2023-07-18 23:42:28,522][shap][INFO] - num_full_subsets = 1
[2023-07-18 23:42:28,524][shap][INFO] - phi = [1.77635684e-15 1.77635684e-15]
[2023-07-18 23:42:28,527][shap][INFO] - num_full_subsets = 1
[2023-07-18 23:42:28,529][shap][INFO] - phi = [1.77635684e-15 1.77635684e-15]
[2023-07-18 23:42:28,532][shap][INFO] - num_full_subsets = 1
[2023-07-18 23:42:28,533][shap][INFO] - phi = [1.77635684e-15 1.77635684e-15]
[2023-07-18 23:42:28,536][shap][INFO] - num_full_subsets = 1
[2023-07-18 23:42:28,538][shap][INFO] - phi = [1.77635684e-15 1.77635684e-15]
[2023-07-18 23:42:28,541][shap][INFO] - num_full_subsets = 1
[2023-07-18 23:42:28,543][shap][INFO] - phi = [1.77635684e-15 1.77635684e-15]
[2023-07-18 23:42:28,546][shap][INFO] - num_full_subsets = 1
[2023-07-18 23:42:28,548][shap][INFO] - phi = [1.77635684e-15 1.77635684e-15]
[2023-07-18 23:42:28,551][shap][INFO] - num_full_subsets = 1
[2023-07-18 23:42:28,552][shap][INFO] - phi = [1.77635684e-15 1.77635684e-15]
[2023-07-18 23:42:28,555][shap][INFO] - num_full_subsets = 1
[2023-07-18 23:42:28,557][shap][INFO] - phi = [1.77635684e-15 1.77635684e-15]
[2023-07-18 23:42:28,560][shap][INFO] - num_full_subsets = 1
[2023-07-18 23:42:28,562][shap][INFO] - phi = [1.77635684e-15 1.77635684e-15]
[2023-07-18 23:42:29,047][shap][INFO] - num_full_subsets = 1
[2023-07-18 23:42:29,054][shap][INFO] - phi = [-28.44454923  -7.81002672]
[2023-07-18 23:42:29,067][shap][INFO] - num_full_subsets = 1
[2023-07-18 23:42:29,078][shap][INFO] - phi = [-18.26196676  -7.47196901]
[2023-07-18 23:42:29,084][shap][INFO] - num_full_subsets = 1
[2023-07-18 23:42:29,095][shap][INFO] - phi = [-7.67825767 -7.12218147]
[2023-07-18 23:42:29,106][shap][INFO] - num_full_subsets = 1
[2023-07-18 23:42:29,118][shap][INFO] - phi = [ 3.60718916 -6.73249095]
[2023-07-18 23:42:29,128][shap][INFO] - num_full_subsets = 1
[2023-07-18 23:42:29,132][shap][INFO] - phi = [14.26246209 -6.35431657]
[2023-07-18 23:42:29,140][shap][INFO] - num_full_subsets = 1
[2023-07-18 23:42:29,147][shap][INFO] - phi = [25.16537085 -5.9570301 ]
[2023-07-18 23:42:29,161][shap][INFO] - num_full_subsets = 1
[2023-07-18 23:42:29,172][shap][INFO] - phi = [56.54470388 -4.92397093]
[2023-07-18 23:42:29,180][shap][INFO] - num_full_subsets = 1
[2023-07-18 23:42:29,191][shap][INFO] - phi = [95.71850209 -4.15454353]
[2023-07-18 23:42:29,199][shap][INFO] - num_full_subsets = 1
[2023-07-18 23:42:29,209][shap][INFO] - phi = [-43.929176    -6.25168369]
[2023-07-18 23:42:29,221][shap][INFO] - num_full_subsets = 1
[2023-07-18 23:42:29,234][shap][INFO] - phi = [-40.59318816  -8.17549922]
[2023-07-18 23:42:29,241][shap][INFO] - num_full_subsets = 1
[2023-07-18 23:42:29,247][shap][INFO] - phi = [-7.67825767 -7.12218147]
[2023-07-18 23:42:29,261][shap][INFO] - num_full_subsets = 1
[2023-07-18 23:42:29,271][shap][INFO] - phi = [-13.56505936  26.0700373 ]
[2023-07-18 23:42:29,283][shap][INFO] - num_full_subsets = 1
[2023-07-18 23:42:29,291][shap][INFO] - phi = [20.6080039  73.11809072]
[2023-07-18 23:42:29,304][shap][INFO] - num_full_subsets = 1
[2023-07-18 23:42:29,314][shap][INFO] - phi = [-24.06636124   4.714772  ]
[2023-07-18 23:42:29,327][shap][INFO] - num_full_subsets = 1
[2023-07-18 23:42:29,339][shap][INFO] - phi = [-18.26196676  -7.47196901]
[2023-07-18 23:42:29,350][shap][INFO] - num_full_subsets = 1
[2023-07-18 23:42:29,362][shap][INFO] - phi = [76.77720985 -4.42410975]
[2023-07-18 23:42:29,374][shap][INFO] - num_full_subsets = 1
[2023-07-18 23:42:29,382][shap][INFO] - phi = [-37.62040373  -8.09150463]
[2023-07-18 23:42:29,389][shap][INFO] - num_full_subsets = 1
[2023-07-18 23:42:29,400][shap][INFO] - phi = [-4.70621365 -8.75779189]
[2023-07-18 23:42:29,415][shap][INFO] - num_full_subsets = 1
[2023-07-18 23:42:29,425][shap][INFO] - phi = [-26.07990527  -7.48084657]
[2023-07-18 23:42:29,443][shap][INFO] - num_full_subsets = 1
[2023-07-18 23:42:29,455][shap][INFO] - phi = [-21.79813629   4.3992155 ]
