[2023-07-18 23:31:17,368][shap][INFO] - num_full_subsets = 1
[2023-07-18 23:31:17,371][shap][INFO] - phi = [  1.79882456 -50.27031168 -25.48153396]
[2023-07-18 23:31:17,376][shap][INFO] - num_full_subsets = 1
[2023-07-18 23:31:17,380][shap][INFO] - phi = [  1.83546588 -32.74406285 -20.66104493]
[2023-07-18 23:31:17,386][shap][INFO] - num_full_subsets = 1
[2023-07-18 23:31:17,390][shap][INFO] - phi = [  1.697067   -15.95572939 -16.08281046]
[2023-07-18 23:31:17,396][shap][INFO] - num_full_subsets = 1
[2023-07-18 23:31:17,399][shap][INFO] - phi = [  1.18352415   1.94073835 -11.1534952 ]
[2023-07-18 23:31:17,405][shap][INFO] - num_full_subsets = 1
[2023-07-18 23:31:17,408][shap][INFO] - phi = [ 1.42007716 19.17869588 -6.90173945]
[2023-07-18 23:31:17,413][shap][INFO] - num_full_subsets = 1
[2023-07-18 23:31:17,416][shap][INFO] - phi = [ 1.44567084 37.67152612 -2.2989029 ]
[2023-07-18 23:31:17,420][shap][INFO] - num_full_subsets = 1
[2023-07-18 23:31:17,423][shap][INFO] - phi = [ 1.16165463 92.84045256 11.13392386]
[2023-07-18 23:31:17,427][shap][INFO] - num_full_subsets = 1
[2023-07-18 23:31:17,429][shap][INFO] - phi = [  1.14406392 171.37310433  29.06076092]
[2023-07-18 23:31:17,434][shap][INFO] - num_full_subsets = 1
[2023-07-18 23:31:17,436][shap][INFO] - phi = [  2.23767264 -56.71194776 -40.67794002]
[2023-07-18 23:31:17,441][shap][INFO] - num_full_subsets = 1
[2023-07-18 23:31:17,445][shap][INFO] - phi = [  1.20254113 -71.03386066 -30.53385959]
[2023-07-18 23:31:17,453][shap][INFO] - num_full_subsets = 1
[2023-07-18 23:31:17,457][shap][INFO] - phi = [  1.18804069 -15.90188757 -15.75633174]
[2023-07-18 23:31:17,463][shap][INFO] - num_full_subsets = 1
[2023-07-18 23:31:17,465][shap][INFO] - phi = [-2.70874944 -4.06413889 45.07414349]
[2023-07-18 23:31:17,471][shap][INFO] - num_full_subsets = 1
[2023-07-18 23:31:17,475][shap][INFO] - phi = [-17.57199178 -30.43115001 239.63090305]
[2023-07-18 23:31:17,480][shap][INFO] - num_full_subsets = 1
[2023-07-18 23:31:17,483][shap][INFO] - phi = [ -1.60195781 -17.8132064  -16.04747826]
[2023-07-18 23:31:17,488][shap][INFO] - num_full_subsets = 1
[2023-07-18 23:31:17,492][shap][INFO] - phi = [  1.73187799 -32.6975901  -20.55221869]
[2023-07-18 23:31:17,499][shap][INFO] - num_full_subsets = 1
[2023-07-18 23:31:17,502][shap][INFO] - phi = [  1.15285927 131.50300261  20.09734239]
[2023-07-18 23:31:17,510][shap][INFO] - num_full_subsets = 1
[2023-07-18 23:31:17,513][shap][INFO] - phi = [  1.51516868 -67.01788611 -30.38624716]
[2023-07-18 23:31:17,518][shap][INFO] - num_full_subsets = 1
[2023-07-18 23:31:17,520][shap][INFO] - phi = [ -1.10917692  -9.13417748 -47.65411797]
[2023-07-18 23:31:17,525][shap][INFO] - num_full_subsets = 1
[2023-07-18 23:31:17,529][shap][INFO] - phi = [  0.29146433 -33.60994877 -44.19410372]
[2023-07-18 23:31:17,535][shap][INFO] - num_full_subsets = 1
[2023-07-18 23:31:17,538][shap][INFO] - phi = [  1.98590307 -17.1216222  -16.61524966]
[2023-07-18 23:31:17,553][shap][INFO] - num_full_subsets = 1
[2023-07-18 23:31:17,555][shap][INFO] - phi = [ -1.65528818 -54.21457453 -18.05036985]
[2023-07-18 23:31:17,560][shap][INFO] - num_full_subsets = 1
[2023-07-18 23:31:17,562][shap][INFO] - phi = [ -1.70785234 -36.29779964 -15.28738607]
[2023-07-18 23:31:17,566][shap][INFO] - num_full_subsets = 1
[2023-07-18 23:31:17,568][shap][INFO] - phi = [ -1.41444388 -18.20983655 -12.55025954]
[2023-07-18 23:31:17,573][shap][INFO] - num_full_subsets = 1
[2023-07-18 23:31:17,575][shap][INFO] - phi = [-0.56851057  1.81093542 -9.47467117]
[2023-07-18 23:31:17,580][shap][INFO] - num_full_subsets = 1
[2023-07-18 23:31:17,582][shap][INFO] - phi = [-0.74465875 21.38282676 -7.04613558]
[2023-07-18 23:31:17,587][shap][INFO] - num_full_subsets = 1
[2023-07-18 23:31:17,589][shap][INFO] - phi = [-0.62404948 42.49009149 -4.32641907]
[2023-07-18 23:31:17,595][shap][INFO] - num_full_subsets = 1
[2023-07-18 23:31:17,598][shap][INFO] - phi = [4.11546608e-03 1.04220041e+02 3.50698340e+00]
[2023-07-18 23:31:17,604][shap][INFO] - num_full_subsets = 1
[2023-07-18 23:31:17,607][shap][INFO] - phi = [  0.42641094 181.57844092  12.63097494]
[2023-07-18 23:31:17,614][shap][INFO] - num_full_subsets = 1
[2023-07-18 23:31:17,617][shap][INFO] - phi = [  2.52289693 -69.06170608 -26.40561683]
[2023-07-18 23:31:17,622][shap][INFO] - num_full_subsets = 1
[2023-07-18 23:31:17,624][shap][INFO] - phi = [ -1.01447581 -75.90286392 -20.1169338 ]
[2023-07-18 23:31:17,628][shap][INFO] - num_full_subsets = 1
[2023-07-18 23:31:17,630][shap][INFO] - phi = [ -0.68225278 -18.21278738 -12.13743742]
[2023-07-18 23:31:17,634][shap][INFO] - num_full_subsets = 1
[2023-07-18 23:31:17,637][shap][INFO] - phi = [  2.41598463 -16.86542092  57.42722613]
[2023-07-18 23:31:17,642][shap][INFO] - num_full_subsets = 1
[2023-07-18 23:31:17,645][shap][INFO] - phi = [ 10.8275799   13.47440641 162.63547747]
[2023-07-18 23:31:17,649][shap][INFO] - num_full_subsets = 1
[2023-07-18 23:31:17,651][shap][INFO] - phi = [ -1.12680028 -30.72978802  -4.23173458]
[2023-07-18 23:31:17,658][shap][INFO] - num_full_subsets = 1
[2023-07-18 23:31:17,661][shap][INFO] - phi = [ -1.62976546 -36.34676134 -15.15125561]
[2023-07-18 23:31:17,667][shap][INFO] - num_full_subsets = 1
[2023-07-18 23:31:17,670][shap][INFO] - phi = [  0.22436773 144.32941156   8.31851021]
[2023-07-18 23:31:17,674][shap][INFO] - num_full_subsets = 1
[2023-07-18 23:31:17,677][shap][INFO] - phi = [-5.18677556e-02 -6.90465068e+01 -2.08392392e+01]
[2023-07-18 23:31:17,683][shap][INFO] - num_full_subsets = 1
[2023-07-18 23:31:17,686][shap][INFO] - phi = [ -2.40877273 -12.0064471  -40.44362504]
[2023-07-18 23:31:17,692][shap][INFO] - num_full_subsets = 1
[2023-07-18 23:31:17,694][shap][INFO] - phi = [ -2.18904429 -43.9408221  -35.41719756]
[2023-07-18 23:31:17,698][shap][INFO] - num_full_subsets = 1
[2023-07-18 23:31:17,700][shap][INFO] - phi = [ -0.60357327 -28.45083941  -3.04089083]
[2023-07-18 23:31:18,535][shap][INFO] - num_full_subsets = 1
[2023-07-18 23:31:18,544][shap][INFO] - phi = [ 11.04532495 -79.36310196 -10.7335155 ]
[2023-07-18 23:31:18,554][shap][INFO] - num_full_subsets = 1
[2023-07-18 23:31:18,562][shap][INFO] - phi = [  2.85855395 -37.97337149 -10.73352354]
[2023-07-18 23:31:18,572][shap][INFO] - num_full_subsets = 1
[2023-07-18 23:31:18,581][shap][INFO] - phi = [  3.57197361 -22.16713517 -10.73352621]
[2023-07-18 23:31:18,590][shap][INFO] - num_full_subsets = 1
[2023-07-18 23:31:18,599][shap][INFO] - phi = [  2.56730818   3.62781562 -10.73354362]
[2023-07-18 23:31:18,609][shap][INFO] - num_full_subsets = 1
[2023-07-18 23:31:18,618][shap][INFO] - phi = [-57.26705704  74.00879794 -10.73354512]
[2023-07-18 23:31:18,628][shap][INFO] - num_full_subsets = 1
[2023-07-18 23:31:18,638][shap][INFO] - phi = [-57.26693096 101.09952613 -10.73351041]
[2023-07-18 23:31:18,648][shap][INFO] - num_full_subsets = 1
[2023-07-18 23:31:18,657][shap][INFO] - phi = [  2.56721453 126.40332793 -10.73347247]
[2023-07-18 23:31:18,669][shap][INFO] - num_full_subsets = 1
[2023-07-18 23:31:18,677][shap][INFO] - phi = [  2.56728383 180.26046434 -10.73350045]
[2023-07-18 23:31:18,689][shap][INFO] - num_full_subsets = 1
[2023-07-18 23:31:18,698][shap][INFO] - phi = [ 10.33844442 -90.66874096 -10.51939494]
[2023-07-18 23:31:18,709][shap][INFO] - num_full_subsets = 1
[2023-07-18 23:31:18,717][shap][INFO] - phi = [  2.56731146 -90.66873086 -10.73351112]
[2023-07-18 23:31:18,728][shap][INFO] - num_full_subsets = 1
[2023-07-18 23:31:18,736][shap][INFO] - phi = [  2.56729995 -22.16713394 -10.73353058]
[2023-07-18 23:31:18,746][shap][INFO] - num_full_subsets = 1
[2023-07-18 23:31:18,754][shap][INFO] - phi = [ 14.60911471 -27.98319472  50.053426  ]
[2023-07-18 23:31:18,764][shap][INFO] - num_full_subsets = 1
[2023-07-18 23:31:18,772][shap][INFO] - phi = [ 14.60909494 127.36966141  50.05302189]
[2023-07-18 23:31:18,784][shap][INFO] - num_full_subsets = 1
[2023-07-18 23:31:18,794][shap][INFO] - phi = [ 14.60904129 -81.56202926  35.493746  ]
[2023-07-18 23:31:18,806][shap][INFO] - num_full_subsets = 1
[2023-07-18 23:31:18,815][shap][INFO] - phi = [  1.41993358 -37.97340372 -10.73353061]
[2023-07-18 23:31:18,826][shap][INFO] - num_full_subsets = 1
[2023-07-18 23:31:18,834][shap][INFO] - phi = [  2.56728383 180.26046434 -10.73350045]
[2023-07-18 23:31:18,845][shap][INFO] - num_full_subsets = 1
[2023-07-18 23:31:18,854][shap][INFO] - phi = [ 11.04531785 -92.36753419 -10.73351267]
[2023-07-18 23:31:18,865][shap][INFO] - num_full_subsets = 1
[2023-07-18 23:31:18,874][shap][INFO] - phi = [ 14.60905166 -55.24122901 -10.51940546]
[2023-07-18 23:31:18,886][shap][INFO] - num_full_subsets = 1
[2023-07-18 23:31:18,895][shap][INFO] - phi = [  0.89165425 -84.79109681 -10.51940176]
[2023-07-18 23:31:18,907][shap][INFO] - num_full_subsets = 1
[2023-07-18 23:31:18,915][shap][INFO] - phi = [ -0.47721897 -70.10335564  35.49373103]
[2023-07-18 23:31:19,543][shap][INFO] - num_full_subsets = 1
[2023-07-18 23:31:19,545][shap][INFO] - phi = [  3.93454846 -62.89523049 -18.14039932]
[2023-07-18 23:31:19,549][shap][INFO] - num_full_subsets = 1
[2023-07-18 23:31:19,552][shap][INFO] - phi = [  3.72142755 -36.58881168 -14.24496404]
[2023-07-18 23:31:19,558][shap][INFO] - num_full_subsets = 1
[2023-07-18 23:31:19,561][shap][INFO] - phi = [  0.81627274 -14.94008639 -11.86770419]
[2023-07-18 23:31:19,567][shap][INFO] - num_full_subsets = 1
[2023-07-18 23:31:19,570][shap][INFO] - phi = [ -1.21928803   5.26471171 -10.71948389]
[2023-07-18 23:31:19,576][shap][INFO] - num_full_subsets = 1
[2023-07-18 23:31:19,579][shap][INFO] - phi = [-0.57749008 24.48976875 -8.37221118]
[2023-07-18 23:31:19,583][shap][INFO] - num_full_subsets = 1
[2023-07-18 23:31:19,585][shap][INFO] - phi = [-0.48799804 44.85510008 -6.45392533]
[2023-07-18 23:31:19,588][shap][INFO] - num_full_subsets = 1
[2023-07-18 23:31:19,590][shap][INFO] - phi = [ -1.09304811 110.19958323  -0.19847436]
[2023-07-18 23:31:19,594][shap][INFO] - num_full_subsets = 1
[2023-07-18 23:31:19,596][shap][INFO] - phi = [ -0.65471963 178.90446147   3.54832246]
[2023-07-18 23:31:19,600][shap][INFO] - num_full_subsets = 1
[2023-07-18 23:31:19,602][shap][INFO] - phi = [ -0.98922348 -52.24283967 -35.25569523]
[2023-07-18 23:31:19,606][shap][INFO] - num_full_subsets = 1
[2023-07-18 23:31:19,608][shap][INFO] - phi = [ -1.00945697 -73.20337104 -20.2776332 ]
[2023-07-18 23:31:19,615][shap][INFO] - num_full_subsets = 1
[2023-07-18 23:31:19,617][shap][INFO] - phi = [ -1.23766619 -14.96520758 -12.84429566]
[2023-07-18 23:31:19,623][shap][INFO] - num_full_subsets = 1
[2023-07-18 23:31:19,625][shap][INFO] - phi = [ -1.71455303 -22.20390181  67.11793714]
[2023-07-18 23:31:19,631][shap][INFO] - num_full_subsets = 1
[2023-07-18 23:31:19,634][shap][INFO] - phi = [ -3.69781695  14.0198026  171.58493152]
[2023-07-18 23:31:19,639][shap][INFO] - num_full_subsets = 1
[2023-07-18 23:31:19,642][shap][INFO] - phi = [ -0.91995393 -38.36633376   6.69624958]
[2023-07-18 23:31:19,646][shap][INFO] - num_full_subsets = 1
[2023-07-18 23:31:19,648][shap][INFO] - phi = [  2.81495506 -36.87383874 -14.55895333]
[2023-07-18 23:31:19,652][shap][INFO] - num_full_subsets = 1
[2023-07-18 23:31:19,653][shap][INFO] - phi = [ -0.83482532 151.1631088    3.17432523]
[2023-07-18 23:31:19,660][shap][INFO] - num_full_subsets = 1
[2023-07-18 23:31:19,663][shap][INFO] - phi = [  2.14234395 -77.92427648 -19.06780777]
[2023-07-18 23:31:19,669][shap][INFO] - num_full_subsets = 1
[2023-07-18 23:31:19,672][shap][INFO] - phi = [  3.87383593 -12.80611569 -43.73439614]
[2023-07-18 23:31:19,679][shap][INFO] - num_full_subsets = 1
[2023-07-18 23:31:19,682][shap][INFO] - phi = [ -1.69678789 -51.38934378 -38.14915586]
[2023-07-18 23:31:19,687][shap][INFO] - num_full_subsets = 1
[2023-07-18 23:31:19,689][shap][INFO] - phi = [ -1.17055605 -34.49717951   1.76333359]
[2023-07-18 23:31:21,078][shap][INFO] - num_full_subsets = 1
[2023-07-18 23:31:21,093][shap][INFO] - phi = [  3.78085245 -61.68580466 -18.10145466]
[2023-07-18 23:31:21,108][shap][INFO] - num_full_subsets = 1
[2023-07-18 23:31:21,120][shap][INFO] - phi = [  1.67689876 -35.90101141 -15.23172965]
[2023-07-18 23:31:21,132][shap][INFO] - num_full_subsets = 1
[2023-07-18 23:31:21,143][shap][INFO] - phi = [  1.16771737 -17.81819687 -12.8085751 ]
[2023-07-18 23:31:21,158][shap][INFO] - num_full_subsets = 1
[2023-07-18 23:31:21,171][shap][INFO] - phi = [  0.49075843   3.16105027 -10.52029847]
[2023-07-18 23:31:21,185][shap][INFO] - num_full_subsets = 1
[2023-07-18 23:31:21,198][shap][INFO] - phi = [-14.29228218  34.76502233  -8.26340783]
[2023-07-18 23:31:21,211][shap][INFO] - num_full_subsets = 1
[2023-07-18 23:31:21,222][shap][INFO] - phi = [-14.23332691  56.52906095  -5.95318943]
[2023-07-18 23:31:21,237][shap][INFO] - num_full_subsets = 1
[2023-07-18 23:31:21,249][shap][INFO] - phi = [  0.65998413 108.41585124   0.9272401 ]
[2023-07-18 23:31:21,264][shap][INFO] - num_full_subsets = 1
[2023-07-18 23:31:21,277][shap][INFO] - phi = [  0.87075976 178.02911777   8.62663947]
[2023-07-18 23:31:21,291][shap][INFO] - num_full_subsets = 1
[2023-07-18 23:31:21,303][shap][INFO] - phi = [  3.52744763 -67.17130862 -28.21466176]
[2023-07-18 23:31:21,316][shap][INFO] - num_full_subsets = 1
[2023-07-18 23:31:21,331][shap][INFO] - phi = [  0.43647995 -77.70220662 -20.41548443]
[2023-07-18 23:31:21,344][shap][INFO] - num_full_subsets = 1
[2023-07-18 23:31:21,355][shap][INFO] - phi = [  0.45885542 -17.81175412 -12.86789885]
[2023-07-18 23:31:21,370][shap][INFO] - num_full_subsets = 1
[2023-07-18 23:31:21,382][shap][INFO] - phi = [  3.15044922 -17.77916408  54.91818319]
[2023-07-18 23:31:21,396][shap][INFO] - num_full_subsets = 1
[2023-07-18 23:31:21,410][shap][INFO] - phi = [  1.04171653  31.1081801  155.97608348]
[2023-07-18 23:31:21,423][shap][INFO] - num_full_subsets = 1
[2023-07-18 23:31:21,434][shap][INFO] - phi = [  2.74008232 -42.11783936   5.47769569]
[2023-07-18 23:31:21,448][shap][INFO] - num_full_subsets = 1
[2023-07-18 23:31:21,459][shap][INFO] - phi = [  1.0842503  -35.97289847 -15.24898956]
[2023-07-18 23:31:21,475][shap][INFO] - num_full_subsets = 1
[2023-07-18 23:31:21,486][shap][INFO] - phi = [  0.77742138 151.81399683   5.21416935]
[2023-07-18 23:31:21,499][shap][INFO] - num_full_subsets = 1
[2023-07-18 23:31:21,512][shap][INFO] - phi = [  3.66274068 -76.58905091 -20.2567017 ]
[2023-07-18 23:31:21,526][shap][INFO] - num_full_subsets = 1
[2023-07-18 23:31:21,539][shap][INFO] - phi = [  3.74123448 -22.29699232 -35.58788615]
[2023-07-18 23:31:21,552][shap][INFO] - num_full_subsets = 1
[2023-07-18 23:31:21,565][shap][INFO] - phi = [ -0.6756784  -53.43280286 -32.06996472]
[2023-07-18 23:31:21,581][shap][INFO] - num_full_subsets = 1
[2023-07-18 23:31:21,594][shap][INFO] - phi = [ -0.0663613  -37.54324919   4.40023103]
[2023-07-18 23:31:44,607][shap][INFO] - num_full_subsets = 1
[2023-07-18 23:31:44,611][shap][INFO] - phi = [ -1.23783802 -58.64471875]
[2023-07-18 23:31:44,619][shap][INFO] - num_full_subsets = 1
[2023-07-18 23:31:44,623][shap][INFO] - phi = [ -0.58532217 -35.35273134]
[2023-07-18 23:31:44,630][shap][INFO] - num_full_subsets = 1
[2023-07-18 23:31:44,634][shap][INFO] - phi = [ -0.1224989  -13.45242513]
[2023-07-18 23:31:44,641][shap][INFO] - num_full_subsets = 1
[2023-07-18 23:31:44,644][shap][INFO] - phi = [0.24984803 9.46023726]
[2023-07-18 23:31:44,650][shap][INFO] - num_full_subsets = 1
[2023-07-18 23:31:44,654][shap][INFO] - phi = [ 0.20596381 31.15130425]
[2023-07-18 23:31:44,659][shap][INFO] - num_full_subsets = 1
[2023-07-18 23:31:44,662][shap][INFO] - phi = [ 0.24481651 54.02794069]
[2023-07-18 23:31:44,666][shap][INFO] - num_full_subsets = 1
[2023-07-18 23:31:44,668][shap][INFO] - phi = [  0.21664882 120.0099909 ]
[2023-07-18 23:31:44,671][shap][INFO] - num_full_subsets = 1
[2023-07-18 23:31:44,673][shap][INFO] - phi = [1.89945111e-01 2.08930445e+02]
[2023-07-18 23:31:44,677][shap][INFO] - num_full_subsets = 1
[2023-07-18 23:31:44,679][shap][INFO] - phi = [  -1.57129408 -105.954887  ]
[2023-07-18 23:31:44,683][shap][INFO] - num_full_subsets = 1
[2023-07-18 23:31:44,685][shap][INFO] - phi = [  0.27871691 -86.6699833 ]
[2023-07-18 23:31:44,691][shap][INFO] - num_full_subsets = 1
[2023-07-18 23:31:44,693][shap][INFO] - phi = [  0.25670439 -13.37069012]
[2023-07-18 23:31:44,696][shap][INFO] - num_full_subsets = 1
[2023-07-18 23:31:44,699][shap][INFO] - phi = [  1.22224515 -29.82792656]
[2023-07-18 23:31:44,704][shap][INFO] - num_full_subsets = 1
[2023-07-18 23:31:44,705][shap][INFO] - phi = [ 0.42511803 42.80752361]
[2023-07-18 23:31:44,711][shap][INFO] - num_full_subsets = 1
[2023-07-18 23:31:44,713][shap][INFO] - phi = [  1.54774174 -55.94617957]
[2023-07-18 23:31:44,717][shap][INFO] - num_full_subsets = 1
[2023-07-18 23:31:44,719][shap][INFO] - phi = [ -0.41561776 -35.28218302]
[2023-07-18 23:31:44,722][shap][INFO] - num_full_subsets = 1
[2023-07-18 23:31:44,724][shap][INFO] - phi = [  0.20329697 164.4702179 ]
[2023-07-18 23:31:44,728][shap][INFO] - num_full_subsets = 1
[2023-07-18 23:31:44,730][shap][INFO] - phi = [ -2.82804964 -81.37494503]
[2023-07-18 23:31:44,735][shap][INFO] - num_full_subsets = 1
[2023-07-18 23:31:44,737][shap][INFO] - phi = [ 0.94113446 -7.27125351]
[2023-07-18 23:31:44,742][shap][INFO] - num_full_subsets = 1
[2023-07-18 23:31:44,745][shap][INFO] - phi = [  0.9125076  -56.88493974]
[2023-07-18 23:31:44,750][shap][INFO] - num_full_subsets = 1
[2023-07-18 23:31:44,752][shap][INFO] - phi = [ -0.13406698 -50.82479646]
[2023-07-18 23:31:44,764][shap][INFO] - num_full_subsets = 1
[2023-07-18 23:31:44,767][shap][INFO] - phi = [-21.40594386 -51.11245642]
[2023-07-18 23:31:44,770][shap][INFO] - num_full_subsets = 1
[2023-07-18 23:31:44,772][shap][INFO] - phi = [-16.3920135  -33.53696853]
[2023-07-18 23:31:44,776][shap][INFO] - num_full_subsets = 1
[2023-07-18 23:31:44,778][shap][INFO] - phi = [-10.81913158 -16.09179194]
[2023-07-18 23:31:44,783][shap][INFO] - num_full_subsets = 1
[2023-07-18 23:31:44,785][shap][INFO] - phi = [-1.43951507  3.18550845]
[2023-07-18 23:31:44,790][shap][INFO] - num_full_subsets = 1
[2023-07-18 23:31:44,792][shap][INFO] - phi = [-4.73272989 22.11966741]
[2023-07-18 23:31:44,795][shap][INFO] - num_full_subsets = 1
[2023-07-18 23:31:44,797][shap][INFO] - phi = [-4.76463092 42.81690562]
[2023-07-18 23:31:44,800][shap][INFO] - num_full_subsets = 1
[2023-07-18 23:31:44,802][shap][INFO] - phi = [ -1.41225599 106.951571  ]
[2023-07-18 23:31:44,806][shap][INFO] - num_full_subsets = 1
[2023-07-18 23:31:44,809][shap][INFO] - phi = [ -1.39033021 202.56291405]
[2023-07-18 23:31:44,814][shap][INFO] - num_full_subsets = 1
[2023-07-18 23:31:44,816][shap][INFO] - phi = [-18.40770317 -85.3619157 ]
[2023-07-18 23:31:44,820][shap][INFO] - num_full_subsets = 1
[2023-07-18 23:31:44,822][shap][INFO] - phi = [ -1.46321862 -73.43893507]
[2023-07-18 23:31:44,827][shap][INFO] - num_full_subsets = 1
[2023-07-18 23:31:44,829][shap][INFO] - phi = [ -1.44514467 -16.15890261]
[2023-07-18 23:31:44,832][shap][INFO] - num_full_subsets = 1
[2023-07-18 23:31:44,833][shap][INFO] - phi = [ 19.85435287 -30.25596526]
[2023-07-18 23:31:44,837][shap][INFO] - num_full_subsets = 1
[2023-07-18 23:31:44,838][shap][INFO] - phi = [70.43615685 35.31924945]
[2023-07-18 23:31:44,842][shap][INFO] - num_full_subsets = 1
[2023-07-18 23:31:44,843][shap][INFO] - phi = [ 19.58709537 -51.41438431]
[2023-07-18 23:31:44,847][shap][INFO] - num_full_subsets = 1
[2023-07-18 23:31:44,850][shap][INFO] - phi = [-13.60530615 -33.59489407]
[2023-07-18 23:31:44,854][shap][INFO] - num_full_subsets = 1
[2023-07-18 23:31:44,857][shap][INFO] - phi = [ -1.4012931  153.40347312]
[2023-07-18 23:31:44,861][shap][INFO] - num_full_subsets = 1
[2023-07-18 23:31:44,862][shap][INFO] - phi = [-32.21050009 -66.55902436]
[2023-07-18 23:31:44,867][shap][INFO] - num_full_subsets = 1
[2023-07-18 23:31:44,869][shap][INFO] - phi = [ 20.08516617 -11.21245181]
[2023-07-18 23:31:44,873][shap][INFO] - num_full_subsets = 1
[2023-07-18 23:31:44,874][shap][INFO] - phi = [  8.60893152 -51.60072709]
[2023-07-18 23:31:44,877][shap][INFO] - num_full_subsets = 1
[2023-07-18 23:31:44,879][shap][INFO] - phi = [ -7.68198595 -46.02087195]
[2023-07-18 23:31:45,939][shap][INFO] - num_full_subsets = 1
[2023-07-18 23:31:45,947][shap][INFO] - phi = [  2.49852474 -78.91406629]
[2023-07-18 23:31:45,956][shap][INFO] - num_full_subsets = 1
[2023-07-18 23:31:45,965][shap][INFO] - phi = [ -0.19024024 -47.52209239]
[2023-07-18 23:31:45,971][shap][INFO] - num_full_subsets = 1
[2023-07-18 23:31:45,973][shap][INFO] - phi = [  1.73515732 -28.19550631]
[2023-07-18 23:31:45,980][shap][INFO] - num_full_subsets = 1
[2023-07-18 23:31:45,982][shap][INFO] - phi = [  1.80618556 -10.41762707]
[2023-07-18 23:31:45,989][shap][INFO] - num_full_subsets = 1
[2023-07-18 23:31:45,991][shap][INFO] - phi = [-87.74397895  91.52875478]
[2023-07-18 23:31:46,001][shap][INFO] - num_full_subsets = 1
[2023-07-18 23:31:46,009][shap][INFO] - phi = [-87.74384124 122.41984479]
[2023-07-18 23:31:46,015][shap][INFO] - num_full_subsets = 1
[2023-07-18 23:31:46,018][shap][INFO] - phi = [  1.80621998 151.36046045]
[2023-07-18 23:31:46,027][shap][INFO] - num_full_subsets = 1
[2023-07-18 23:31:46,037][shap][INFO] - phi = [  1.80621998 151.36046045]
[2023-07-18 23:31:46,046][shap][INFO] - num_full_subsets = 1
[2023-07-18 23:31:46,055][shap][INFO] - phi = [  2.49854167 -96.09300587]
[2023-07-18 23:31:46,060][shap][INFO] - num_full_subsets = 1
[2023-07-18 23:31:46,063][shap][INFO] - phi = [  1.80622528 -96.09303224]
[2023-07-18 23:31:46,069][shap][INFO] - num_full_subsets = 1
[2023-07-18 23:31:46,071][shap][INFO] - phi = [  1.80623136 -28.19546676]
[2023-07-18 23:31:46,078][shap][INFO] - num_full_subsets = 1
[2023-07-18 23:31:46,081][shap][INFO] - phi = [41.71327567 -0.49866738]
[2023-07-18 23:31:46,085][shap][INFO] - num_full_subsets = 1
[2023-07-18 23:31:46,087][shap][INFO] - phi = [ 41.7133368  149.67349744]
[2023-07-18 23:31:46,094][shap][INFO] - num_full_subsets = 1
[2023-07-18 23:31:46,097][shap][INFO] - phi = [ 41.71336522 -71.09054618]
[2023-07-18 23:31:46,106][shap][INFO] - num_full_subsets = 1
[2023-07-18 23:31:46,109][shap][INFO] - phi = [ -4.0040061  -47.52212353]
[2023-07-18 23:31:46,114][shap][INFO] - num_full_subsets = 1
[2023-07-18 23:31:46,116][shap][INFO] - phi = [  1.80621998 151.36046045]
[2023-07-18 23:31:46,125][shap][INFO] - num_full_subsets = 1
[2023-07-18 23:31:46,133][shap][INFO] - phi = [  2.49854167 -96.09300587]
[2023-07-18 23:31:46,140][shap][INFO] - num_full_subsets = 1
[2023-07-18 23:31:46,145][shap][INFO] - phi = [ 41.71339872 -96.86964386]
[2023-07-18 23:31:46,156][shap][INFO] - num_full_subsets = 1
[2023-07-18 23:31:46,158][shap][INFO] - phi = [ -3.526372  -89.3082541]
[2023-07-18 23:31:46,167][shap][INFO] - num_full_subsets = 1
[2023-07-18 23:31:46,175][shap][INFO] - phi = [ -3.7130054  -30.89044051]
[2023-07-18 23:31:46,394][shap][INFO] - num_full_subsets = 1
[2023-07-18 23:31:46,395][shap][INFO] - phi = [-17.22430275 -50.64631589]
[2023-07-18 23:31:46,398][shap][INFO] - num_full_subsets = 1
[2023-07-18 23:31:46,399][shap][INFO] - phi = [-12.95022807 -33.40297079]
[2023-07-18 23:31:46,402][shap][INFO] - num_full_subsets = 1
[2023-07-18 23:31:46,404][shap][INFO] - phi = [-10.93877421 -15.07966323]
[2023-07-18 23:31:46,408][shap][INFO] - num_full_subsets = 1
[2023-07-18 23:31:46,409][shap][INFO] - phi = [-11.56027369   7.38203462]
[2023-07-18 23:31:46,413][shap][INFO] - num_full_subsets = 1
[2023-07-18 23:31:46,415][shap][INFO] - phi = [-9.73184403 28.21926071]
[2023-07-18 23:31:46,419][shap][INFO] - num_full_subsets = 1
[2023-07-18 23:31:46,421][shap][INFO] - phi = [-8.31319968 50.98736456]
[2023-07-18 23:31:46,426][shap][INFO] - num_full_subsets = 1
[2023-07-18 23:31:46,428][shap][INFO] - phi = [ -4.07266904 116.21345496]
[2023-07-18 23:31:46,432][shap][INFO] - num_full_subsets = 1
[2023-07-18 23:31:46,434][shap][INFO] - phi = [ -0.93827164 183.68608913]
[2023-07-18 23:31:46,438][shap][INFO] - num_full_subsets = 1
[2023-07-18 23:31:46,440][shap][INFO] - phi = [ -6.75212273 -89.02425952]
[2023-07-18 23:31:46,443][shap][INFO] - num_full_subsets = 1
[2023-07-18 23:31:46,445][shap][INFO] - phi = [-15.7023294  -85.62750799]
[2023-07-18 23:31:46,448][shap][INFO] - num_full_subsets = 1
[2023-07-18 23:31:46,449][shap][INFO] - phi = [-12.87296985 -14.90792158]
[2023-07-18 23:31:46,452][shap][INFO] - num_full_subsets = 1
[2023-07-18 23:31:46,453][shap][INFO] - phi = [ 12.92772478 -27.16370939]
[2023-07-18 23:31:46,456][shap][INFO] - num_full_subsets = 1
[2023-07-18 23:31:46,458][shap][INFO] - phi = [146.8291868   39.09558341]
[2023-07-18 23:31:46,461][shap][INFO] - num_full_subsets = 1
[2023-07-18 23:31:46,462][shap][INFO] - phi = [ 11.34178946 -53.05257294]
[2023-07-18 23:31:46,465][shap][INFO] - num_full_subsets = 1
[2023-07-18 23:31:46,466][shap][INFO] - phi = [-11.07563843 -33.91875186]
[2023-07-18 23:31:46,471][shap][INFO] - num_full_subsets = 1
[2023-07-18 23:31:46,473][shap][INFO] - phi = [ -2.09324287 153.39894908]
[2023-07-18 23:31:46,476][shap][INFO] - num_full_subsets = 1
[2023-07-18 23:31:46,478][shap][INFO] - phi = [-37.64904181 -64.4767253 ]
[2023-07-18 23:31:46,482][shap][INFO] - num_full_subsets = 1
[2023-07-18 23:31:46,484][shap][INFO] - phi = [13.49463385 -5.70987735]
[2023-07-18 23:31:46,488][shap][INFO] - num_full_subsets = 1
[2023-07-18 23:31:46,490][shap][INFO] - phi = [-11.59092527 -56.69200763]
[2023-07-18 23:31:46,494][shap][INFO] - num_full_subsets = 1
[2023-07-18 23:31:46,496][shap][INFO] - phi = [-11.12750143 -49.280453  ]
[2023-07-18 23:31:47,704][shap][INFO] - num_full_subsets = 1
[2023-07-18 23:31:47,718][shap][INFO] - phi = [ -9.34238997 -59.82938934]
[2023-07-18 23:31:47,725][shap][INFO] - num_full_subsets = 1
[2023-07-18 23:31:47,739][shap][INFO] - phi = [ -7.529451   -37.45369076]
[2023-07-18 23:31:47,746][shap][INFO] - num_full_subsets = 1
[2023-07-18 23:31:47,751][shap][INFO] - phi = [ -5.03631184 -18.20484665]
[2023-07-18 23:31:47,763][shap][INFO] - num_full_subsets = 1
[2023-07-18 23:31:47,774][shap][INFO] - phi = [-2.73593879  2.40253831]
[2023-07-18 23:31:47,787][shap][INFO] - num_full_subsets = 1
[2023-07-18 23:31:47,797][shap][INFO] - phi = [-25.50064727  43.25474679]
[2023-07-18 23:31:47,809][shap][INFO] - num_full_subsets = 1
[2023-07-18 23:31:47,819][shap][INFO] - phi = [-25.14421383  67.56301391]
[2023-07-18 23:31:47,830][shap][INFO] - num_full_subsets = 1
[2023-07-18 23:31:47,840][shap][INFO] - phi = [ -0.86551406 123.63386933]
[2023-07-18 23:31:47,848][shap][INFO] - num_full_subsets = 1
[2023-07-18 23:31:47,858][shap][INFO] - phi = [-8.31091903e-02  1.86634977e+02]
[2023-07-18 23:31:47,870][shap][INFO] - num_full_subsets = 1
[2023-07-18 23:31:47,881][shap][INFO] - phi = [ -6.05814458 -94.10851702]
[2023-07-18 23:31:47,892][shap][INFO] - num_full_subsets = 1
[2023-07-18 23:31:47,902][shap][INFO] - phi = [ -3.77015146 -85.45736465]
[2023-07-18 23:31:47,914][shap][INFO] - num_full_subsets = 1
[2023-07-18 23:31:47,925][shap][INFO] - phi = [ -3.06379469 -18.15824527]
[2023-07-18 23:31:47,936][shap][INFO] - num_full_subsets = 1
[2023-07-18 23:31:47,946][shap][INFO] - phi = [ 18.92939962 -21.93656715]
[2023-07-18 23:31:47,958][shap][INFO] - num_full_subsets = 1
[2023-07-18 23:31:47,970][shap][INFO] - phi = [64.85094962 66.72396348]
[2023-07-18 23:31:47,981][shap][INFO] - num_full_subsets = 1
[2023-07-18 23:31:47,991][shap][INFO] - phi = [ 18.54749795 -57.87592075]
[2023-07-18 23:31:48,002][shap][INFO] - num_full_subsets = 1
[2023-07-18 23:31:48,012][shap][INFO] - phi = [ -7.27514211 -37.57948812]
[2023-07-18 23:31:48,024][shap][INFO] - num_full_subsets = 1
[2023-07-18 23:31:48,031][shap][INFO] - phi = [ -0.37125476 155.65827514]
[2023-07-18 23:31:48,044][shap][INFO] - num_full_subsets = 1
[2023-07-18 23:31:48,056][shap][INFO] - phi = [-17.54726247 -77.12592514]
[2023-07-18 23:31:48,067][shap][INFO] - num_full_subsets = 1
[2023-07-18 23:31:48,078][shap][INFO] - phi = [ 19.0585833  -30.26580663]
[2023-07-18 23:31:48,090][shap][INFO] - num_full_subsets = 1
[2023-07-18 23:31:48,098][shap][INFO] - phi = [ -1.39896454 -63.62148214]
[2023-07-18 23:31:48,109][shap][INFO] - num_full_subsets = 1
[2023-07-18 23:31:48,120][shap][INFO] - phi = [ -5.66413994 -44.25414048]
[2023-07-18 23:31:55,998][shap][INFO] - num_full_subsets = 1
[2023-07-18 23:31:56,002][shap][INFO] - phi = [-47.34506868  -1.3895927 ]
[2023-07-18 23:31:56,011][shap][INFO] - num_full_subsets = 1
[2023-07-18 23:31:56,016][shap][INFO] - phi = [-25.98463497   1.97530108]
[2023-07-18 23:31:56,022][shap][INFO] - num_full_subsets = 1
[2023-07-18 23:31:56,026][shap][INFO] - phi = [-6.13274188  5.34019486]
[2023-07-18 23:31:56,034][shap][INFO] - num_full_subsets = 1
[2023-07-18 23:31:56,037][shap][INFO] - phi = [20.81658409 10.38753553]
[2023-07-18 23:31:56,042][shap][INFO] - num_full_subsets = 1
[2023-07-18 23:31:56,045][shap][INFO] - phi = [12.21061058  8.70508864]
[2023-07-18 23:31:56,049][shap][INFO] - num_full_subsets = 1
[2023-07-18 23:31:56,051][shap][INFO] - phi = [12.21061058  8.70508864]
[2023-07-18 23:31:56,055][shap][INFO] - num_full_subsets = 1
[2023-07-18 23:31:56,057][shap][INFO] - phi = [20.81658409 10.38753553]
[2023-07-18 23:31:56,062][shap][INFO] - num_full_subsets = 1
[2023-07-18 23:31:56,065][shap][INFO] - phi = [20.81658409 10.38753553]
[2023-07-18 23:31:56,071][shap][INFO] - num_full_subsets = 1
[2023-07-18 23:31:56,074][shap][INFO] - phi = [-23.35319851 -66.41181917]
[2023-07-18 23:31:56,078][shap][INFO] - num_full_subsets = 1
[2023-07-18 23:31:56,081][shap][INFO] - phi = [20.81658409 10.38753553]
[2023-07-18 23:31:56,086][shap][INFO] - num_full_subsets = 1
[2023-07-18 23:31:56,088][shap][INFO] - phi = [20.81658409 10.38753553]
[2023-07-18 23:31:56,093][shap][INFO] - num_full_subsets = 1
[2023-07-18 23:31:56,096][shap][INFO] - phi = [23.14439335 -9.29079701]
[2023-07-18 23:31:56,100][shap][INFO] - num_full_subsets = 1
[2023-07-18 23:31:56,102][shap][INFO] - phi = [-82.94330617 284.48543247]
[2023-07-18 23:31:56,105][shap][INFO] - num_full_subsets = 1
[2023-07-18 23:31:56,107][shap][INFO] - phi = [ 36.94045785 -83.06594469]
[2023-07-18 23:31:56,111][shap][INFO] - num_full_subsets = 1
[2023-07-18 23:31:56,113][shap][INFO] - phi = [-15.87012085   3.65774797]
[2023-07-18 23:31:56,118][shap][INFO] - num_full_subsets = 1
[2023-07-18 23:31:56,120][shap][INFO] - phi = [20.81658409 10.38753553]
[2023-07-18 23:31:56,124][shap][INFO] - num_full_subsets = 1
[2023-07-18 23:31:56,127][shap][INFO] - phi = [-107.34601816   -9.80182715]
[2023-07-18 23:31:56,132][shap][INFO] - num_full_subsets = 1
[2023-07-18 23:31:56,134][shap][INFO] - phi = [ 50.73652235 -73.14160673]
[2023-07-18 23:31:56,138][shap][INFO] - num_full_subsets = 1
[2023-07-18 23:31:56,141][shap][INFO] - phi = [ 37.30541672 -71.45915984]
[2023-07-18 23:31:56,146][shap][INFO] - num_full_subsets = 1
[2023-07-18 23:31:56,148][shap][INFO] - phi = [ 11.52757325 -60.63331949]
[2023-07-18 23:31:56,159][shap][INFO] - num_full_subsets = 1
[2023-07-18 23:31:56,161][shap][INFO] - phi = [-46.75455045   0.23517053]
[2023-07-18 23:31:56,166][shap][INFO] - num_full_subsets = 1
[2023-07-18 23:31:56,169][shap][INFO] - phi = [-32.13155088   3.02749453]
[2023-07-18 23:31:56,173][shap][INFO] - num_full_subsets = 1
[2023-07-18 23:31:56,174][shap][INFO] - phi = [-16.74226985   5.8775251 ]
[2023-07-18 23:31:56,179][shap][INFO] - num_full_subsets = 1
[2023-07-18 23:31:56,181][shap][INFO] - phi = [ 7.29814512 10.17066734]
[2023-07-18 23:31:56,185][shap][INFO] - num_full_subsets = 1
[2023-07-18 23:31:56,188][shap][INFO] - phi = [-0.80498087  8.74412662]
[2023-07-18 23:31:56,192][shap][INFO] - num_full_subsets = 1
[2023-07-18 23:31:56,194][shap][INFO] - phi = [-0.80498087  8.74412662]
[2023-07-18 23:31:56,198][shap][INFO] - num_full_subsets = 1
[2023-07-18 23:31:56,199][shap][INFO] - phi = [ 7.29814512 10.17066734]
[2023-07-18 23:31:56,203][shap][INFO] - num_full_subsets = 1
[2023-07-18 23:31:56,205][shap][INFO] - phi = [ 7.29814512 10.17066734]
[2023-07-18 23:31:56,208][shap][INFO] - num_full_subsets = 1
[2023-07-18 23:31:56,210][shap][INFO] - phi = [-21.38633798 -53.79239617]
[2023-07-18 23:31:56,213][shap][INFO] - num_full_subsets = 1
[2023-07-18 23:31:56,216][shap][INFO] - phi = [ 7.29814512 10.17066734]
[2023-07-18 23:31:56,220][shap][INFO] - num_full_subsets = 1
[2023-07-18 23:31:56,223][shap][INFO] - phi = [ 7.29814512 10.17066734]
[2023-07-18 23:31:56,228][shap][INFO] - num_full_subsets = 1
[2023-07-18 23:31:56,230][shap][INFO] - phi = [26.54157992 34.56581888]
[2023-07-18 23:31:56,234][shap][INFO] - num_full_subsets = 1
[2023-07-18 23:31:56,236][shap][INFO] - phi = [ 70.10748073 134.77178192]
[2023-07-18 23:31:56,242][shap][INFO] - num_full_subsets = 1
[2023-07-18 23:31:56,244][shap][INFO] - phi = [ 24.50791819 -42.658493  ]
[2023-07-18 23:31:56,249][shap][INFO] - num_full_subsets = 1
[2023-07-18 23:31:56,251][shap][INFO] - phi = [-24.51934394   4.44784789]
[2023-07-18 23:31:56,254][shap][INFO] - num_full_subsets = 1
[2023-07-18 23:31:56,256][shap][INFO] - phi = [ 7.29814512 10.17066734]
[2023-07-18 23:31:56,260][shap][INFO] - num_full_subsets = 1
[2023-07-18 23:31:56,262][shap][INFO] - phi = [-78.67417328  -6.23769472]
[2023-07-18 23:31:56,265][shap][INFO] - num_full_subsets = 1
[2023-07-18 23:31:56,267][shap][INFO] - phi = [ 36.52917498 -74.707976  ]
[2023-07-18 23:31:56,270][shap][INFO] - num_full_subsets = 1
[2023-07-18 23:31:56,273][shap][INFO] - phi = [ 20.70697348 -70.3080569 ]
[2023-07-18 23:31:56,277][shap][INFO] - num_full_subsets = 1
[2023-07-18 23:31:56,280][shap][INFO] - phi = [ -0.36380988 -13.73327935]
[2023-07-18 23:31:57,237][shap][INFO] - num_full_subsets = 1
[2023-07-18 23:31:57,245][shap][INFO] - phi = [-68.1268836   7.2893919]
[2023-07-18 23:31:57,255][shap][INFO] - num_full_subsets = 1
[2023-07-18 23:31:57,264][shap][INFO] - phi = [-54.861707     7.28939016]
[2023-07-18 23:31:57,274][shap][INFO] - num_full_subsets = 1
[2023-07-18 23:31:57,284][shap][INFO] - phi = [-49.63785388   7.28939111]
[2023-07-18 23:31:57,289][shap][INFO] - num_full_subsets = 1
[2023-07-18 23:31:57,291][shap][INFO] - phi = [46.32335944  7.28937469]
[2023-07-18 23:31:57,299][shap][INFO] - num_full_subsets = 1
[2023-07-18 23:31:57,301][shap][INFO] - phi = [6.50744452 7.28934875]
[2023-07-18 23:31:57,310][shap][INFO] - num_full_subsets = 1
[2023-07-18 23:31:57,312][shap][INFO] - phi = [6.50744452 7.28934875]
[2023-07-18 23:31:57,319][shap][INFO] - num_full_subsets = 1
[2023-07-18 23:31:57,322][shap][INFO] - phi = [46.32335944  7.28937469]
[2023-07-18 23:31:57,327][shap][INFO] - num_full_subsets = 1
[2023-07-18 23:31:57,329][shap][INFO] - phi = [46.32335944  7.28937469]
[2023-07-18 23:31:57,338][shap][INFO] - num_full_subsets = 1
[2023-07-18 23:31:57,340][shap][INFO] - phi = [-61.10033217 -61.80931072]
[2023-07-18 23:31:57,344][shap][INFO] - num_full_subsets = 1
[2023-07-18 23:31:57,346][shap][INFO] - phi = [46.32335944  7.28937469]
[2023-07-18 23:31:57,354][shap][INFO] - num_full_subsets = 1
[2023-07-18 23:31:57,356][shap][INFO] - phi = [46.32335944  7.28937469]
[2023-07-18 23:31:57,365][shap][INFO] - num_full_subsets = 1
[2023-07-18 23:31:57,367][shap][INFO] - phi = [16.39946895 60.49536967]
[2023-07-18 23:31:57,376][shap][INFO] - num_full_subsets = 1
[2023-07-18 23:31:57,385][shap][INFO] - phi = [16.39946895 60.49536967]
[2023-07-18 23:31:57,395][shap][INFO] - num_full_subsets = 1
[2023-07-18 23:31:57,403][shap][INFO] - phi = [ 16.39953728 -15.16227617]
[2023-07-18 23:31:57,412][shap][INFO] - num_full_subsets = 1
[2023-07-18 23:31:57,416][shap][INFO] - phi = [-43.98738936   7.2893935 ]
[2023-07-18 23:31:57,428][shap][INFO] - num_full_subsets = 1
[2023-07-18 23:31:57,436][shap][INFO] - phi = [46.32335944  7.28937469]
[2023-07-18 23:31:57,442][shap][INFO] - num_full_subsets = 1
[2023-07-18 23:31:57,444][shap][INFO] - phi = [-68.1268836   7.2893919]
[2023-07-18 23:31:57,448][shap][INFO] - num_full_subsets = 1
[2023-07-18 23:31:57,451][shap][INFO] - phi = [ 16.39947471 -61.80934648]
[2023-07-18 23:31:57,458][shap][INFO] - num_full_subsets = 1
[2023-07-18 23:31:57,460][shap][INFO] - phi = [-23.65814539 -61.80934929]
[2023-07-18 23:31:57,464][shap][INFO] - num_full_subsets = 1
[2023-07-18 23:31:57,467][shap][INFO] - phi = [ 12.94619942 -15.16236086]
[2023-07-18 23:31:58,090][shap][INFO] - num_full_subsets = 1
[2023-07-18 23:31:58,092][shap][INFO] - phi = [-81.73872947  -1.52120507]
[2023-07-18 23:31:58,095][shap][INFO] - num_full_subsets = 1
[2023-07-18 23:31:58,097][shap][INFO] - phi = [-56.28850954   3.34393407]
[2023-07-18 23:31:58,100][shap][INFO] - num_full_subsets = 1
[2023-07-18 23:31:58,101][shap][INFO] - phi = [-28.48386966   8.40847932]
[2023-07-18 23:31:58,105][shap][INFO] - num_full_subsets = 1
[2023-07-18 23:31:58,106][shap][INFO] - phi = [32.9971351  20.30210241]
[2023-07-18 23:31:58,109][shap][INFO] - num_full_subsets = 1
[2023-07-18 23:31:58,111][shap][INFO] - phi = [12.54983784 16.13105513]
[2023-07-18 23:31:58,114][shap][INFO] - num_full_subsets = 1
[2023-07-18 23:31:58,116][shap][INFO] - phi = [12.54983784 16.13105513]
[2023-07-18 23:31:58,119][shap][INFO] - num_full_subsets = 1
[2023-07-18 23:31:58,120][shap][INFO] - phi = [32.9971351  20.30210241]
[2023-07-18 23:31:58,124][shap][INFO] - num_full_subsets = 1
[2023-07-18 23:31:58,125][shap][INFO] - phi = [32.9971351  20.30210241]
[2023-07-18 23:31:58,128][shap][INFO] - num_full_subsets = 1
[2023-07-18 23:31:58,130][shap][INFO] - phi = [-31.85110078 -53.85805354]
[2023-07-18 23:31:58,133][shap][INFO] - num_full_subsets = 1
[2023-07-18 23:31:58,135][shap][INFO] - phi = [32.9971351  20.30210241]
[2023-07-18 23:31:58,138][shap][INFO] - num_full_subsets = 1
[2023-07-18 23:31:58,139][shap][INFO] - phi = [32.9971351  20.30210241]
[2023-07-18 23:31:58,142][shap][INFO] - num_full_subsets = 1
[2023-07-18 23:31:58,144][shap][INFO] - phi = [16.97603706 25.79181386]
[2023-07-18 23:31:58,147][shap][INFO] - num_full_subsets = 1
[2023-07-18 23:31:58,149][shap][INFO] - phi = [ 32.34849844 129.34023486]
[2023-07-18 23:31:58,152][shap][INFO] - num_full_subsets = 1
[2023-07-18 23:31:58,154][shap][INFO] - phi = [ 23.49677541 -52.4773818 ]
[2023-07-18 23:31:58,157][shap][INFO] - num_full_subsets = 1
[2023-07-18 23:31:58,158][shap][INFO] - phi = [-43.52366189   5.73676596]
[2023-07-18 23:31:58,162][shap][INFO] - num_full_subsets = 1
[2023-07-18 23:31:58,163][shap][INFO] - phi = [32.9971351  20.30210241]
[2023-07-18 23:31:58,166][shap][INFO] - num_full_subsets = 1
[2023-07-18 23:31:58,168][shap][INFO] - phi = [-96.48724131  -2.47973351]
[2023-07-18 23:31:58,171][shap][INFO] - num_full_subsets = 1
[2023-07-18 23:31:58,173][shap][INFO] - phi = [ 31.10774376 -84.31952072]
[2023-07-18 23:31:58,176][shap][INFO] - num_full_subsets = 1
[2023-07-18 23:31:58,177][shap][INFO] - phi = [ 11.6218221  -99.60887419]
[2023-07-18 23:31:58,180][shap][INFO] - num_full_subsets = 1
[2023-07-18 23:31:58,182][shap][INFO] - phi = [ -0.26025043 -32.43118398]
[2023-07-18 23:31:59,482][shap][INFO] - num_full_subsets = 1
[2023-07-18 23:31:59,490][shap][INFO] - phi = [-60.99130805   1.15344116]
[2023-07-18 23:31:59,504][shap][INFO] - num_full_subsets = 1
[2023-07-18 23:31:59,512][shap][INFO] - phi = [-42.3166006    3.90902996]
[2023-07-18 23:31:59,526][shap][INFO] - num_full_subsets = 1
[2023-07-18 23:31:59,537][shap][INFO] - phi = [-25.24918382   6.7288976 ]
[2023-07-18 23:31:59,550][shap][INFO] - num_full_subsets = 1
[2023-07-18 23:31:59,561][shap][INFO] - phi = [26.85880594 12.03741999]
[2023-07-18 23:31:59,573][shap][INFO] - num_full_subsets = 1
[2023-07-18 23:31:59,583][shap][INFO] - phi = [ 7.61572802 10.21740478]
[2023-07-18 23:31:59,593][shap][INFO] - num_full_subsets = 1
[2023-07-18 23:31:59,600][shap][INFO] - phi = [ 7.61572802 10.21740478]
[2023-07-18 23:31:59,613][shap][INFO] - num_full_subsets = 1
[2023-07-18 23:31:59,623][shap][INFO] - phi = [26.85880594 12.03741999]
[2023-07-18 23:31:59,635][shap][INFO] - num_full_subsets = 1
[2023-07-18 23:31:59,644][shap][INFO] - phi = [26.85880594 12.03741999]
[2023-07-18 23:31:59,650][shap][INFO] - num_full_subsets = 1
[2023-07-18 23:31:59,662][shap][INFO] - phi = [-34.42274236 -58.9678949 ]
[2023-07-18 23:31:59,675][shap][INFO] - num_full_subsets = 1
[2023-07-18 23:31:59,681][shap][INFO] - phi = [26.85880594 12.03741999]
[2023-07-18 23:31:59,693][shap][INFO] - num_full_subsets = 1
[2023-07-18 23:31:59,704][shap][INFO] - phi = [26.85880594 12.03741999]
[2023-07-18 23:31:59,716][shap][INFO] - num_full_subsets = 1
[2023-07-18 23:31:59,726][shap][INFO] - phi = [20.76536982 27.89055135]
[2023-07-18 23:31:59,737][shap][INFO] - num_full_subsets = 1
[2023-07-18 23:31:59,748][shap][INFO] - phi = [  8.97803549 152.27320473]
[2023-07-18 23:31:59,760][shap][INFO] - num_full_subsets = 1
[2023-07-18 23:31:59,771][shap][INFO] - phi = [ 25.33617218 -48.34102392]
[2023-07-18 23:31:59,782][shap][INFO] - num_full_subsets = 1
[2023-07-18 23:31:59,791][shap][INFO] - phi = [-31.97512901   5.28293883]
[2023-07-18 23:31:59,797][shap][INFO] - num_full_subsets = 1
[2023-07-18 23:31:59,809][shap][INFO] - phi = [26.85880594 12.03741999]
[2023-07-18 23:31:59,823][shap][INFO] - num_full_subsets = 1
[2023-07-18 23:31:59,830][shap][INFO] - phi = [-87.65857909  -2.80746587]
[2023-07-18 23:31:59,839][shap][INFO] - num_full_subsets = 1
[2023-07-18 23:31:59,851][shap][INFO] - phi = [ 33.69322895 -73.49461248]
[2023-07-18 23:31:59,863][shap][INFO] - num_full_subsets = 1
[2023-07-18 23:31:59,874][shap][INFO] - phi = [ 11.49401673 -75.79636006]
[2023-07-18 23:31:59,886][shap][INFO] - num_full_subsets = 1
[2023-07-18 23:31:59,895][shap][INFO] - phi = [  5.96242809 -30.49003592]
[2023-07-18 23:32:41,115][shap][INFO] - num_full_subsets = 1
[2023-07-18 23:32:41,120][shap][INFO] - phi = [-55.55795375 -12.79702159]
[2023-07-18 23:32:41,128][shap][INFO] - num_full_subsets = 1
[2023-07-18 23:32:41,132][shap][INFO] - phi = [-33.2695841  -14.30734442]
[2023-07-18 23:32:41,137][shap][INFO] - num_full_subsets = 1
[2023-07-18 23:32:41,139][shap][INFO] - phi = [-12.15428653 -15.73817658]
[2023-07-18 23:32:41,144][shap][INFO] - num_full_subsets = 1
[2023-07-18 23:32:41,147][shap][INFO] - phi = [ 10.13408313 -17.24849942]
[2023-07-18 23:32:41,151][shap][INFO] - num_full_subsets = 1
[2023-07-18 23:32:41,153][shap][INFO] - phi = [ 31.2493807  -18.67933158]
[2023-07-18 23:32:41,157][shap][INFO] - num_full_subsets = 1
[2023-07-18 23:32:41,159][shap][INFO] - phi = [ 53.53775035 -20.18965441]
[2023-07-18 23:32:41,164][shap][INFO] - num_full_subsets = 1
[2023-07-18 23:32:41,166][shap][INFO] - phi = [118.05671514 -24.56164157]
[2023-07-18 23:32:41,171][shap][INFO] - num_full_subsets = 1
[2023-07-18 23:32:41,173][shap][INFO] - phi = [204.86404959 -30.44395156]
[2023-07-18 23:32:41,177][shap][INFO] - num_full_subsets = 1
[2023-07-18 23:32:41,179][shap][INFO] - phi = [-110.56312947    4.73996823]
[2023-07-18 23:32:41,183][shap][INFO] - num_full_subsets = 1
[2023-07-18 23:32:41,185][shap][INFO] - phi = [-83.71168384 -10.88924538]
[2023-07-18 23:32:41,189][shap][INFO] - num_full_subsets = 1
[2023-07-18 23:32:41,192][shap][INFO] - phi = [-12.15428653 -15.73817658]
[2023-07-18 23:32:41,197][shap][INFO] - num_full_subsets = 1
[2023-07-18 23:32:41,199][shap][INFO] - phi = [-36.62970118  48.39894082]
[2023-07-18 23:32:41,203][shap][INFO] - num_full_subsets = 1
[2023-07-18 23:32:41,205][shap][INFO] - phi = [ 63.58864382 118.34283012]
[2023-07-18 23:32:41,209][shap][INFO] - num_full_subsets = 1
[2023-07-18 23:32:41,211][shap][INFO] - phi = [-64.41660492  24.47620007]
[2023-07-18 23:32:41,215][shap][INFO] - num_full_subsets = 1
[2023-07-18 23:32:41,217][shap][INFO] - phi = [-33.2695841  -14.30734442]
[2023-07-18 23:32:41,220][shap][INFO] - num_full_subsets = 1
[2023-07-18 23:32:41,223][shap][INFO] - phi = [161.46038237 -27.50279656]
[2023-07-18 23:32:41,227][shap][INFO] - num_full_subsets = 1
[2023-07-18 23:32:41,228][shap][INFO] - phi = [-76.67325132 -11.36618943]
[2023-07-18 23:32:41,232][shap][INFO] - num_full_subsets = 1
[2023-07-18 23:32:41,234][shap][INFO] - phi = [-6.95929746  6.88621647]
[2023-07-18 23:32:41,238][shap][INFO] - num_full_subsets = 1
[2023-07-18 23:32:41,240][shap][INFO] - phi = [-60.04027312   5.78659545]
[2023-07-18 23:32:41,245][shap][INFO] - num_full_subsets = 1
[2023-07-18 23:32:41,247][shap][INFO] - phi = [-57.49136881  25.13862236]
[2023-07-18 23:32:41,258][shap][INFO] - num_full_subsets = 1
[2023-07-18 23:32:41,260][shap][INFO] - phi = [-54.81513218 -18.47312875]
[2023-07-18 23:32:41,263][shap][INFO] - num_full_subsets = 1
[2023-07-18 23:32:41,265][shap][INFO] - phi = [-36.85226949 -15.61057487]
[2023-07-18 23:32:41,269][shap][INFO] - num_full_subsets = 1
[2023-07-18 23:32:41,271][shap][INFO] - phi = [-18.63372727 -12.78059257]
[2023-07-18 23:32:41,275][shap][INFO] - num_full_subsets = 1
[2023-07-18 23:32:41,277][shap][INFO] - phi = [ 1.59125575 -9.71150815]
[2023-07-18 23:32:41,280][shap][INFO] - num_full_subsets = 1
[2023-07-18 23:32:41,282][shap][INFO] - phi = [21.41889782 -6.76797847]
[2023-07-18 23:32:41,286][shap][INFO] - num_full_subsets = 1
[2023-07-18 23:32:41,288][shap][INFO] - phi = [42.74216322 -3.66850977]
[2023-07-18 23:32:41,293][shap][INFO] - num_full_subsets = 1
[2023-07-18 23:32:41,296][shap][INFO] - phi = [103.74053052   4.83571407]
[2023-07-18 23:32:41,301][shap][INFO] - num_full_subsets = 1
[2023-07-18 23:32:41,304][shap][INFO] - phi = [173.62838894  13.79573369]
[2023-07-18 23:32:41,309][shap][INFO] - num_full_subsets = 1
[2023-07-18 23:32:41,312][shap][INFO] - phi = [-61.74846376 -29.69090787]
[2023-07-18 23:32:41,316][shap][INFO] - num_full_subsets = 1
[2023-07-18 23:32:41,318][shap][INFO] - phi = [-75.2559578  -21.84279493]
[2023-07-18 23:32:41,322][shap][INFO] - num_full_subsets = 1
[2023-07-18 23:32:41,324][shap][INFO] - phi = [-18.63372727 -12.78059257]
[2023-07-18 23:32:41,327][shap][INFO] - num_full_subsets = 1
[2023-07-18 23:32:41,329][shap][INFO] - phi = [-17.29582412  55.93700378]
[2023-07-18 23:32:41,333][shap][INFO] - num_full_subsets = 1
[2023-07-18 23:32:41,335][shap][INFO] - phi = [ 14.46180267 174.18532846]
[2023-07-18 23:32:41,338][shap][INFO] - num_full_subsets = 1
[2023-07-18 23:32:41,341][shap][INFO] - phi = [-28.44372926  -5.56131698]
[2023-07-18 23:32:41,348][shap][INFO] - num_full_subsets = 1
[2023-07-18 23:32:41,351][shap][INFO] - phi = [-36.85226949 -15.61057487]
[2023-07-18 23:32:41,357][shap][INFO] - num_full_subsets = 1
[2023-07-18 23:32:41,360][shap][INFO] - phi = [141.26688718   9.77631381]
[2023-07-18 23:32:41,366][shap][INFO] - num_full_subsets = 1
[2023-07-18 23:32:41,369][shap][INFO] - phi = [-70.40325261 -21.02987254]
[2023-07-18 23:32:41,375][shap][INFO] - num_full_subsets = 1
[2023-07-18 23:32:41,381][shap][INFO] - phi = [-12.53947988 -41.86158922]
[2023-07-18 23:32:41,385][shap][INFO] - num_full_subsets = 1
[2023-07-18 23:32:41,386][shap][INFO] - phi = [-40.87423717 -35.65418666]
[2023-07-18 23:32:41,391][shap][INFO] - num_full_subsets = 1
[2023-07-18 23:32:41,394][shap][INFO] - phi = [-26.50185579  -7.48596559]
[2023-07-18 23:32:41,905][shap][INFO] - num_full_subsets = 1
[2023-07-18 23:32:41,914][shap][INFO] - phi = [-3.405111    0.03004344]
[2023-07-18 23:32:41,920][shap][INFO] - num_full_subsets = 1
[2023-07-18 23:32:41,922][shap][INFO] - phi = [-2.92601347  0.03004327]
[2023-07-18 23:32:41,932][shap][INFO] - num_full_subsets = 1
[2023-07-18 23:32:41,939][shap][INFO] - phi = [0.07498312 0.03004327]
[2023-07-18 23:32:41,945][shap][INFO] - num_full_subsets = 1
[2023-07-18 23:32:41,947][shap][INFO] - phi = [2.70341775 0.03004377]
[2023-07-18 23:32:41,954][shap][INFO] - num_full_subsets = 1
[2023-07-18 23:32:41,962][shap][INFO] - phi = [4.38156984 0.03004377]
[2023-07-18 23:32:41,965][shap][INFO] - num_full_subsets = 1
[2023-07-18 23:32:41,967][shap][INFO] - phi = [4.38156984 0.03004377]
[2023-07-18 23:32:41,974][shap][INFO] - num_full_subsets = 1
[2023-07-18 23:32:41,976][shap][INFO] - phi = [4.38156984 0.03004377]
[2023-07-18 23:32:41,981][shap][INFO] - num_full_subsets = 1
[2023-07-18 23:32:41,984][shap][INFO] - phi = [4.38156984 0.03004377]
[2023-07-18 23:32:41,993][shap][INFO] - num_full_subsets = 1
[2023-07-18 23:32:41,996][shap][INFO] - phi = [-3.40511079 -0.0557951 ]
[2023-07-18 23:32:42,002][shap][INFO] - num_full_subsets = 1
[2023-07-18 23:32:42,004][shap][INFO] - phi = [-3.405111    0.03004344]
[2023-07-18 23:32:42,014][shap][INFO] - num_full_subsets = 1
[2023-07-18 23:32:42,018][shap][INFO] - phi = [0.07498312 0.03004327]
[2023-07-18 23:32:42,027][shap][INFO] - num_full_subsets = 1
[2023-07-18 23:32:42,033][shap][INFO] - phi = [-0.33471215 -0.05579541]
[2023-07-18 23:32:42,041][shap][INFO] - num_full_subsets = 1
[2023-07-18 23:32:42,049][shap][INFO] - phi = [ 4.3815691  -0.05579572]
[2023-07-18 23:32:42,059][shap][INFO] - num_full_subsets = 1
[2023-07-18 23:32:42,061][shap][INFO] - phi = [-3.40511079 -0.0557951 ]
[2023-07-18 23:32:42,068][shap][INFO] - num_full_subsets = 1
[2023-07-18 23:32:42,070][shap][INFO] - phi = [-2.92601347  0.03004327]
[2023-07-18 23:32:42,079][shap][INFO] - num_full_subsets = 1
[2023-07-18 23:32:42,081][shap][INFO] - phi = [4.38156984 0.03004377]
[2023-07-18 23:32:42,087][shap][INFO] - num_full_subsets = 1
[2023-07-18 23:32:42,089][shap][INFO] - phi = [-3.405111    0.03004344]
[2023-07-18 23:32:42,096][shap][INFO] - num_full_subsets = 1
[2023-07-18 23:32:42,099][shap][INFO] - phi = [ 0.67392275 -0.05579479]
[2023-07-18 23:32:42,104][shap][INFO] - num_full_subsets = 1
[2023-07-18 23:32:42,106][shap][INFO] - phi = [-3.40511079 -0.0557951 ]
[2023-07-18 23:32:42,116][shap][INFO] - num_full_subsets = 1
[2023-07-18 23:32:42,125][shap][INFO] - phi = [-3.19932058 -0.05579479]
[2023-07-18 23:32:42,151][shap][INFO] - num_full_subsets = 1
[2023-07-18 23:32:42,152][shap][INFO] - phi = [1.77635684e-15 1.77635684e-15]
[2023-07-18 23:32:42,155][shap][INFO] - num_full_subsets = 1
[2023-07-18 23:32:42,158][shap][INFO] - phi = [1.77635684e-15 1.77635684e-15]
[2023-07-18 23:32:42,161][shap][INFO] - num_full_subsets = 1
[2023-07-18 23:32:42,162][shap][INFO] - phi = [1.77635684e-15 1.77635684e-15]
[2023-07-18 23:32:42,165][shap][INFO] - num_full_subsets = 1
[2023-07-18 23:32:42,167][shap][INFO] - phi = [1.77635684e-15 1.77635684e-15]
[2023-07-18 23:32:42,170][shap][INFO] - num_full_subsets = 1
[2023-07-18 23:32:42,172][shap][INFO] - phi = [1.77635684e-15 1.77635684e-15]
[2023-07-18 23:32:42,176][shap][INFO] - num_full_subsets = 1
[2023-07-18 23:32:42,178][shap][INFO] - phi = [1.77635684e-15 1.77635684e-15]
[2023-07-18 23:32:42,181][shap][INFO] - num_full_subsets = 1
[2023-07-18 23:32:42,183][shap][INFO] - phi = [1.77635684e-15 1.77635684e-15]
[2023-07-18 23:32:42,186][shap][INFO] - num_full_subsets = 1
[2023-07-18 23:32:42,187][shap][INFO] - phi = [1.77635684e-15 1.77635684e-15]
[2023-07-18 23:32:42,191][shap][INFO] - num_full_subsets = 1
[2023-07-18 23:32:42,193][shap][INFO] - phi = [1.77635684e-15 1.77635684e-15]
[2023-07-18 23:32:42,196][shap][INFO] - num_full_subsets = 1
[2023-07-18 23:32:42,198][shap][INFO] - phi = [1.77635684e-15 1.77635684e-15]
[2023-07-18 23:32:42,201][shap][INFO] - num_full_subsets = 1
[2023-07-18 23:32:42,202][shap][INFO] - phi = [1.77635684e-15 1.77635684e-15]
[2023-07-18 23:32:42,205][shap][INFO] - num_full_subsets = 1
[2023-07-18 23:32:42,207][shap][INFO] - phi = [1.77635684e-15 1.77635684e-15]
[2023-07-18 23:32:42,210][shap][INFO] - num_full_subsets = 1
[2023-07-18 23:32:42,211][shap][INFO] - phi = [1.77635684e-15 1.77635684e-15]
[2023-07-18 23:32:42,214][shap][INFO] - num_full_subsets = 1
[2023-07-18 23:32:42,216][shap][INFO] - phi = [1.77635684e-15 1.77635684e-15]
[2023-07-18 23:32:42,219][shap][INFO] - num_full_subsets = 1
[2023-07-18 23:32:42,221][shap][INFO] - phi = [1.77635684e-15 1.77635684e-15]
[2023-07-18 23:32:42,224][shap][INFO] - num_full_subsets = 1
[2023-07-18 23:32:42,225][shap][INFO] - phi = [1.77635684e-15 1.77635684e-15]
[2023-07-18 23:32:42,228][shap][INFO] - num_full_subsets = 1
[2023-07-18 23:32:42,230][shap][INFO] - phi = [1.77635684e-15 1.77635684e-15]
[2023-07-18 23:32:42,233][shap][INFO] - num_full_subsets = 1
[2023-07-18 23:32:42,235][shap][INFO] - phi = [1.77635684e-15 1.77635684e-15]
[2023-07-18 23:32:42,238][shap][INFO] - num_full_subsets = 1
[2023-07-18 23:32:42,239][shap][INFO] - phi = [1.77635684e-15 1.77635684e-15]
[2023-07-18 23:32:42,242][shap][INFO] - num_full_subsets = 1
[2023-07-18 23:32:42,244][shap][INFO] - phi = [1.77635684e-15 1.77635684e-15]
[2023-07-18 23:32:42,809][shap][INFO] - num_full_subsets = 1
[2023-07-18 23:32:42,823][shap][INFO] - phi = [-28.44454923  -7.81002672]
[2023-07-18 23:32:42,837][shap][INFO] - num_full_subsets = 1
[2023-07-18 23:32:42,846][shap][INFO] - phi = [-18.26196676  -7.47196901]
[2023-07-18 23:32:42,851][shap][INFO] - num_full_subsets = 1
[2023-07-18 23:32:42,860][shap][INFO] - phi = [-7.67825767 -7.12218147]
[2023-07-18 23:32:42,871][shap][INFO] - num_full_subsets = 1
[2023-07-18 23:32:42,884][shap][INFO] - phi = [ 3.60718916 -6.73249095]
[2023-07-18 23:32:42,896][shap][INFO] - num_full_subsets = 1
[2023-07-18 23:32:42,905][shap][INFO] - phi = [14.26246209 -6.35431657]
[2023-07-18 23:32:42,917][shap][INFO] - num_full_subsets = 1
[2023-07-18 23:32:42,930][shap][INFO] - phi = [25.16537085 -5.9570301 ]
[2023-07-18 23:32:42,942][shap][INFO] - num_full_subsets = 1
[2023-07-18 23:32:42,951][shap][INFO] - phi = [56.54470388 -4.92397093]
[2023-07-18 23:32:42,962][shap][INFO] - num_full_subsets = 1
[2023-07-18 23:32:42,974][shap][INFO] - phi = [95.71850209 -4.15454353]
[2023-07-18 23:32:42,986][shap][INFO] - num_full_subsets = 1
[2023-07-18 23:32:42,991][shap][INFO] - phi = [-43.929176    -6.25168369]
[2023-07-18 23:32:42,999][shap][INFO] - num_full_subsets = 1
[2023-07-18 23:32:43,009][shap][INFO] - phi = [-40.59318816  -8.17549922]
[2023-07-18 23:32:43,025][shap][INFO] - num_full_subsets = 1
[2023-07-18 23:32:43,037][shap][INFO] - phi = [-7.67825767 -7.12218147]
[2023-07-18 23:32:43,049][shap][INFO] - num_full_subsets = 1
[2023-07-18 23:32:43,061][shap][INFO] - phi = [-13.56505936  26.0700373 ]
[2023-07-18 23:32:43,075][shap][INFO] - num_full_subsets = 1
[2023-07-18 23:32:43,087][shap][INFO] - phi = [20.6080039  73.11809072]
[2023-07-18 23:32:43,099][shap][INFO] - num_full_subsets = 1
[2023-07-18 23:32:43,111][shap][INFO] - phi = [-24.06636124   4.714772  ]
[2023-07-18 23:32:43,123][shap][INFO] - num_full_subsets = 1
[2023-07-18 23:32:43,134][shap][INFO] - phi = [-18.26196676  -7.47196901]
[2023-07-18 23:32:43,146][shap][INFO] - num_full_subsets = 1
[2023-07-18 23:32:43,157][shap][INFO] - phi = [76.77720985 -4.42410975]
[2023-07-18 23:32:43,171][shap][INFO] - num_full_subsets = 1
[2023-07-18 23:32:43,183][shap][INFO] - phi = [-37.62040373  -8.09150463]
[2023-07-18 23:32:43,195][shap][INFO] - num_full_subsets = 1
[2023-07-18 23:32:43,206][shap][INFO] - phi = [-4.70621365 -8.75779189]
[2023-07-18 23:32:43,218][shap][INFO] - num_full_subsets = 1
[2023-07-18 23:32:43,230][shap][INFO] - phi = [-26.07990527  -7.48084657]
[2023-07-18 23:32:43,245][shap][INFO] - num_full_subsets = 1
[2023-07-18 23:32:43,256][shap][INFO] - phi = [-21.79813629   4.3992155 ]
