[2023-07-18 23:36:42,048][shap][INFO] - num_full_subsets = 1
[2023-07-18 23:36:42,051][shap][INFO] - phi = [  1.79882456 -50.27031168 -25.48153396]
[2023-07-18 23:36:42,055][shap][INFO] - num_full_subsets = 1
[2023-07-18 23:36:42,057][shap][INFO] - phi = [  1.83546588 -32.74406285 -20.66104493]
[2023-07-18 23:36:42,061][shap][INFO] - num_full_subsets = 1
[2023-07-18 23:36:42,063][shap][INFO] - phi = [  1.697067   -15.95572939 -16.08281046]
[2023-07-18 23:36:42,067][shap][INFO] - num_full_subsets = 1
[2023-07-18 23:36:42,069][shap][INFO] - phi = [  1.18352415   1.94073835 -11.1534952 ]
[2023-07-18 23:36:42,073][shap][INFO] - num_full_subsets = 1
[2023-07-18 23:36:42,075][shap][INFO] - phi = [ 1.42007716 19.17869588 -6.90173945]
[2023-07-18 23:36:42,078][shap][INFO] - num_full_subsets = 1
[2023-07-18 23:36:42,080][shap][INFO] - phi = [ 1.44567084 37.67152612 -2.2989029 ]
[2023-07-18 23:36:42,084][shap][INFO] - num_full_subsets = 1
[2023-07-18 23:36:42,086][shap][INFO] - phi = [ 1.16165463 92.84045256 11.13392386]
[2023-07-18 23:36:42,090][shap][INFO] - num_full_subsets = 1
[2023-07-18 23:36:42,093][shap][INFO] - phi = [  1.14406392 171.37310433  29.06076092]
[2023-07-18 23:36:42,098][shap][INFO] - num_full_subsets = 1
[2023-07-18 23:36:42,100][shap][INFO] - phi = [  2.23767264 -56.71194776 -40.67794002]
[2023-07-18 23:36:42,105][shap][INFO] - num_full_subsets = 1
[2023-07-18 23:36:42,108][shap][INFO] - phi = [  1.20254113 -71.03386066 -30.53385959]
[2023-07-18 23:36:42,114][shap][INFO] - num_full_subsets = 1
[2023-07-18 23:36:42,116][shap][INFO] - phi = [  1.18804069 -15.90188757 -15.75633174]
[2023-07-18 23:36:42,120][shap][INFO] - num_full_subsets = 1
[2023-07-18 23:36:42,122][shap][INFO] - phi = [-2.70874944 -4.06413889 45.07414349]
[2023-07-18 23:36:42,126][shap][INFO] - num_full_subsets = 1
[2023-07-18 23:36:42,128][shap][INFO] - phi = [-17.57199178 -30.43115001 239.63090305]
[2023-07-18 23:36:42,132][shap][INFO] - num_full_subsets = 1
[2023-07-18 23:36:42,134][shap][INFO] - phi = [ -1.60195781 -17.8132064  -16.04747826]
[2023-07-18 23:36:42,138][shap][INFO] - num_full_subsets = 1
[2023-07-18 23:36:42,140][shap][INFO] - phi = [  1.73187799 -32.6975901  -20.55221869]
[2023-07-18 23:36:42,144][shap][INFO] - num_full_subsets = 1
[2023-07-18 23:36:42,146][shap][INFO] - phi = [  1.15285927 131.50300261  20.09734239]
[2023-07-18 23:36:42,150][shap][INFO] - num_full_subsets = 1
[2023-07-18 23:36:42,153][shap][INFO] - phi = [  1.51516868 -67.01788611 -30.38624716]
[2023-07-18 23:36:42,158][shap][INFO] - num_full_subsets = 1
[2023-07-18 23:36:42,161][shap][INFO] - phi = [ -1.10917692  -9.13417748 -47.65411797]
[2023-07-18 23:36:42,164][shap][INFO] - num_full_subsets = 1
[2023-07-18 23:36:42,166][shap][INFO] - phi = [  0.29146433 -33.60994877 -44.19410372]
[2023-07-18 23:36:42,170][shap][INFO] - num_full_subsets = 1
[2023-07-18 23:36:42,172][shap][INFO] - phi = [  1.98590307 -17.1216222  -16.61524966]
[2023-07-18 23:36:42,182][shap][INFO] - num_full_subsets = 1
[2023-07-18 23:36:42,184][shap][INFO] - phi = [ -1.65528818 -54.21457453 -18.05036985]
[2023-07-18 23:36:42,188][shap][INFO] - num_full_subsets = 1
[2023-07-18 23:36:42,190][shap][INFO] - phi = [ -1.70785234 -36.29779964 -15.28738607]
[2023-07-18 23:36:42,194][shap][INFO] - num_full_subsets = 1
[2023-07-18 23:36:42,197][shap][INFO] - phi = [ -1.41444388 -18.20983655 -12.55025954]
[2023-07-18 23:36:42,201][shap][INFO] - num_full_subsets = 1
[2023-07-18 23:36:42,203][shap][INFO] - phi = [-0.56851057  1.81093542 -9.47467117]
[2023-07-18 23:36:42,208][shap][INFO] - num_full_subsets = 1
[2023-07-18 23:36:42,210][shap][INFO] - phi = [-0.74465875 21.38282676 -7.04613558]
[2023-07-18 23:36:42,214][shap][INFO] - num_full_subsets = 1
[2023-07-18 23:36:42,216][shap][INFO] - phi = [-0.62404948 42.49009149 -4.32641907]
[2023-07-18 23:36:42,220][shap][INFO] - num_full_subsets = 1
[2023-07-18 23:36:42,222][shap][INFO] - phi = [4.11546608e-03 1.04220041e+02 3.50698340e+00]
[2023-07-18 23:36:42,225][shap][INFO] - num_full_subsets = 1
[2023-07-18 23:36:42,227][shap][INFO] - phi = [  0.42641094 181.57844092  12.63097494]
[2023-07-18 23:36:42,231][shap][INFO] - num_full_subsets = 1
[2023-07-18 23:36:42,233][shap][INFO] - phi = [  2.52289693 -69.06170608 -26.40561683]
[2023-07-18 23:36:42,237][shap][INFO] - num_full_subsets = 1
[2023-07-18 23:36:42,239][shap][INFO] - phi = [ -1.01447581 -75.90286392 -20.1169338 ]
[2023-07-18 23:36:42,242][shap][INFO] - num_full_subsets = 1
[2023-07-18 23:36:42,244][shap][INFO] - phi = [ -0.68225278 -18.21278738 -12.13743742]
[2023-07-18 23:36:42,248][shap][INFO] - num_full_subsets = 1
[2023-07-18 23:36:42,250][shap][INFO] - phi = [  2.41598463 -16.86542092  57.42722613]
[2023-07-18 23:36:42,254][shap][INFO] - num_full_subsets = 1
[2023-07-18 23:36:42,256][shap][INFO] - phi = [ 10.8275799   13.47440641 162.63547747]
[2023-07-18 23:36:42,260][shap][INFO] - num_full_subsets = 1
[2023-07-18 23:36:42,262][shap][INFO] - phi = [ -1.12680028 -30.72978802  -4.23173458]
[2023-07-18 23:36:42,266][shap][INFO] - num_full_subsets = 1
[2023-07-18 23:36:42,268][shap][INFO] - phi = [ -1.62976546 -36.34676134 -15.15125561]
[2023-07-18 23:36:42,272][shap][INFO] - num_full_subsets = 1
[2023-07-18 23:36:42,274][shap][INFO] - phi = [  0.22436773 144.32941156   8.31851021]
[2023-07-18 23:36:42,278][shap][INFO] - num_full_subsets = 1
[2023-07-18 23:36:42,280][shap][INFO] - phi = [-5.18677556e-02 -6.90465068e+01 -2.08392392e+01]
[2023-07-18 23:36:42,284][shap][INFO] - num_full_subsets = 1
[2023-07-18 23:36:42,286][shap][INFO] - phi = [ -2.40877273 -12.0064471  -40.44362504]
[2023-07-18 23:36:42,290][shap][INFO] - num_full_subsets = 1
[2023-07-18 23:36:42,292][shap][INFO] - phi = [ -2.18904429 -43.9408221  -35.41719756]
[2023-07-18 23:36:42,296][shap][INFO] - num_full_subsets = 1
[2023-07-18 23:36:42,298][shap][INFO] - phi = [ -0.60357327 -28.45083941  -3.04089083]
[2023-07-18 23:36:42,938][shap][INFO] - num_full_subsets = 1
[2023-07-18 23:36:42,945][shap][INFO] - phi = [ 11.04532495 -79.36310196 -10.7335155 ]
[2023-07-18 23:36:42,958][shap][INFO] - num_full_subsets = 1
[2023-07-18 23:36:42,970][shap][INFO] - phi = [  2.85855395 -37.97337149 -10.73352354]
[2023-07-18 23:36:42,980][shap][INFO] - num_full_subsets = 1
[2023-07-18 23:36:42,989][shap][INFO] - phi = [  3.57197361 -22.16713517 -10.73352621]
[2023-07-18 23:36:43,001][shap][INFO] - num_full_subsets = 1
[2023-07-18 23:36:43,012][shap][INFO] - phi = [  2.56730818   3.62781562 -10.73354362]
[2023-07-18 23:36:43,022][shap][INFO] - num_full_subsets = 1
[2023-07-18 23:36:43,033][shap][INFO] - phi = [-57.26705704  74.00879794 -10.73354512]
[2023-07-18 23:36:43,048][shap][INFO] - num_full_subsets = 1
[2023-07-18 23:36:43,060][shap][INFO] - phi = [-57.26693096 101.09952613 -10.73351041]
[2023-07-18 23:36:43,070][shap][INFO] - num_full_subsets = 1
[2023-07-18 23:36:43,079][shap][INFO] - phi = [  2.56721453 126.40332793 -10.73347247]
[2023-07-18 23:36:43,089][shap][INFO] - num_full_subsets = 1
[2023-07-18 23:36:43,098][shap][INFO] - phi = [  2.56728383 180.26046434 -10.73350045]
[2023-07-18 23:36:43,109][shap][INFO] - num_full_subsets = 1
[2023-07-18 23:36:43,117][shap][INFO] - phi = [ 10.33844442 -90.66874096 -10.51939494]
[2023-07-18 23:36:43,128][shap][INFO] - num_full_subsets = 1
[2023-07-18 23:36:43,140][shap][INFO] - phi = [  2.56731146 -90.66873086 -10.73351112]
[2023-07-18 23:36:43,151][shap][INFO] - num_full_subsets = 1
[2023-07-18 23:36:43,161][shap][INFO] - phi = [  2.56729995 -22.16713394 -10.73353058]
[2023-07-18 23:36:43,171][shap][INFO] - num_full_subsets = 1
[2023-07-18 23:36:43,180][shap][INFO] - phi = [ 14.60911471 -27.98319472  50.053426  ]
[2023-07-18 23:36:43,192][shap][INFO] - num_full_subsets = 1
[2023-07-18 23:36:43,203][shap][INFO] - phi = [ 14.60909494 127.36966141  50.05302189]
[2023-07-18 23:36:43,214][shap][INFO] - num_full_subsets = 1
[2023-07-18 23:36:43,223][shap][INFO] - phi = [ 14.60904129 -81.56202926  35.493746  ]
[2023-07-18 23:36:43,233][shap][INFO] - num_full_subsets = 1
[2023-07-18 23:36:43,242][shap][INFO] - phi = [  1.41993358 -37.97340372 -10.73353061]
[2023-07-18 23:36:43,252][shap][INFO] - num_full_subsets = 1
[2023-07-18 23:36:43,262][shap][INFO] - phi = [  2.56728383 180.26046434 -10.73350045]
[2023-07-18 23:36:43,274][shap][INFO] - num_full_subsets = 1
[2023-07-18 23:36:43,283][shap][INFO] - phi = [ 11.04531785 -92.36753419 -10.73351267]
[2023-07-18 23:36:43,293][shap][INFO] - num_full_subsets = 1
[2023-07-18 23:36:43,302][shap][INFO] - phi = [ 14.60905166 -55.24122901 -10.51940546]
[2023-07-18 23:36:43,312][shap][INFO] - num_full_subsets = 1
[2023-07-18 23:36:43,323][shap][INFO] - phi = [  0.89165425 -84.79109681 -10.51940176]
[2023-07-18 23:36:43,336][shap][INFO] - num_full_subsets = 1
[2023-07-18 23:36:43,347][shap][INFO] - phi = [ -0.47721897 -70.10335564  35.49373103]
[2023-07-18 23:36:43,914][shap][INFO] - num_full_subsets = 1
[2023-07-18 23:36:43,916][shap][INFO] - phi = [  3.93454846 -62.89523049 -18.14039932]
[2023-07-18 23:36:43,919][shap][INFO] - num_full_subsets = 1
[2023-07-18 23:36:43,921][shap][INFO] - phi = [  3.72142755 -36.58881168 -14.24496404]
[2023-07-18 23:36:43,925][shap][INFO] - num_full_subsets = 1
[2023-07-18 23:36:43,928][shap][INFO] - phi = [  0.81627274 -14.94008639 -11.86770419]
[2023-07-18 23:36:43,931][shap][INFO] - num_full_subsets = 1
[2023-07-18 23:36:43,933][shap][INFO] - phi = [ -1.21928803   5.26471171 -10.71948389]
[2023-07-18 23:36:43,937][shap][INFO] - num_full_subsets = 1
[2023-07-18 23:36:43,939][shap][INFO] - phi = [-0.57749008 24.48976875 -8.37221118]
[2023-07-18 23:36:43,943][shap][INFO] - num_full_subsets = 1
[2023-07-18 23:36:43,945][shap][INFO] - phi = [-0.48799804 44.85510008 -6.45392533]
[2023-07-18 23:36:43,949][shap][INFO] - num_full_subsets = 1
[2023-07-18 23:36:43,951][shap][INFO] - phi = [ -1.09304811 110.19958323  -0.19847436]
[2023-07-18 23:36:43,955][shap][INFO] - num_full_subsets = 1
[2023-07-18 23:36:43,957][shap][INFO] - phi = [ -0.65471963 178.90446147   3.54832246]
[2023-07-18 23:36:43,961][shap][INFO] - num_full_subsets = 1
[2023-07-18 23:36:43,963][shap][INFO] - phi = [ -0.98922348 -52.24283967 -35.25569523]
[2023-07-18 23:36:43,967][shap][INFO] - num_full_subsets = 1
[2023-07-18 23:36:43,969][shap][INFO] - phi = [ -1.00945697 -73.20337104 -20.2776332 ]
[2023-07-18 23:36:43,972][shap][INFO] - num_full_subsets = 1
[2023-07-18 23:36:43,974][shap][INFO] - phi = [ -1.23766619 -14.96520758 -12.84429566]
[2023-07-18 23:36:43,978][shap][INFO] - num_full_subsets = 1
[2023-07-18 23:36:43,980][shap][INFO] - phi = [ -1.71455303 -22.20390181  67.11793714]
[2023-07-18 23:36:43,984][shap][INFO] - num_full_subsets = 1
[2023-07-18 23:36:43,986][shap][INFO] - phi = [ -3.69781695  14.0198026  171.58493152]
[2023-07-18 23:36:43,990][shap][INFO] - num_full_subsets = 1
[2023-07-18 23:36:43,992][shap][INFO] - phi = [ -0.91995393 -38.36633376   6.69624958]
[2023-07-18 23:36:43,996][shap][INFO] - num_full_subsets = 1
[2023-07-18 23:36:43,998][shap][INFO] - phi = [  2.81495506 -36.87383874 -14.55895333]
[2023-07-18 23:36:44,002][shap][INFO] - num_full_subsets = 1
[2023-07-18 23:36:44,004][shap][INFO] - phi = [ -0.83482532 151.1631088    3.17432523]
[2023-07-18 23:36:44,008][shap][INFO] - num_full_subsets = 1
[2023-07-18 23:36:44,010][shap][INFO] - phi = [  2.14234395 -77.92427648 -19.06780777]
[2023-07-18 23:36:44,014][shap][INFO] - num_full_subsets = 1
[2023-07-18 23:36:44,016][shap][INFO] - phi = [  3.87383593 -12.80611569 -43.73439614]
[2023-07-18 23:36:44,020][shap][INFO] - num_full_subsets = 1
[2023-07-18 23:36:44,022][shap][INFO] - phi = [ -1.69678789 -51.38934378 -38.14915586]
[2023-07-18 23:36:44,026][shap][INFO] - num_full_subsets = 1
[2023-07-18 23:36:44,028][shap][INFO] - phi = [ -1.17055605 -34.49717951   1.76333359]
[2023-07-18 23:36:45,137][shap][INFO] - num_full_subsets = 1
[2023-07-18 23:36:45,149][shap][INFO] - phi = [  3.78085245 -61.68580466 -18.10145466]
[2023-07-18 23:36:45,164][shap][INFO] - num_full_subsets = 1
[2023-07-18 23:36:45,176][shap][INFO] - phi = [  1.67689876 -35.90101141 -15.23172965]
[2023-07-18 23:36:45,193][shap][INFO] - num_full_subsets = 1
[2023-07-18 23:36:45,205][shap][INFO] - phi = [  1.16771737 -17.81819687 -12.8085751 ]
[2023-07-18 23:36:45,221][shap][INFO] - num_full_subsets = 1
[2023-07-18 23:36:45,233][shap][INFO] - phi = [  0.49075843   3.16105027 -10.52029847]
[2023-07-18 23:36:45,248][shap][INFO] - num_full_subsets = 1
[2023-07-18 23:36:45,260][shap][INFO] - phi = [-14.29228218  34.76502233  -8.26340783]
[2023-07-18 23:36:45,276][shap][INFO] - num_full_subsets = 1
[2023-07-18 23:36:45,288][shap][INFO] - phi = [-14.23332691  56.52906095  -5.95318943]
[2023-07-18 23:36:45,304][shap][INFO] - num_full_subsets = 1
[2023-07-18 23:36:45,317][shap][INFO] - phi = [  0.65998413 108.41585124   0.9272401 ]
[2023-07-18 23:36:45,330][shap][INFO] - num_full_subsets = 1
[2023-07-18 23:36:45,342][shap][INFO] - phi = [  0.87075976 178.02911777   8.62663947]
[2023-07-18 23:36:45,356][shap][INFO] - num_full_subsets = 1
[2023-07-18 23:36:45,369][shap][INFO] - phi = [  3.52744763 -67.17130862 -28.21466176]
[2023-07-18 23:36:45,385][shap][INFO] - num_full_subsets = 1
[2023-07-18 23:36:45,397][shap][INFO] - phi = [  0.43647995 -77.70220662 -20.41548443]
[2023-07-18 23:36:45,410][shap][INFO] - num_full_subsets = 1
[2023-07-18 23:36:45,421][shap][INFO] - phi = [  0.45885542 -17.81175412 -12.86789885]
[2023-07-18 23:36:45,435][shap][INFO] - num_full_subsets = 1
[2023-07-18 23:36:45,447][shap][INFO] - phi = [  3.15044922 -17.77916408  54.91818319]
[2023-07-18 23:36:45,461][shap][INFO] - num_full_subsets = 1
[2023-07-18 23:36:45,473][shap][INFO] - phi = [  1.04171653  31.1081801  155.97608348]
[2023-07-18 23:36:45,487][shap][INFO] - num_full_subsets = 1
[2023-07-18 23:36:45,498][shap][INFO] - phi = [  2.74008232 -42.11783936   5.47769569]
[2023-07-18 23:36:45,512][shap][INFO] - num_full_subsets = 1
[2023-07-18 23:36:45,527][shap][INFO] - phi = [  1.0842503  -35.97289847 -15.24898956]
[2023-07-18 23:36:45,540][shap][INFO] - num_full_subsets = 1
[2023-07-18 23:36:45,552][shap][INFO] - phi = [  0.77742138 151.81399683   5.21416935]
[2023-07-18 23:36:45,565][shap][INFO] - num_full_subsets = 1
[2023-07-18 23:36:45,576][shap][INFO] - phi = [  3.66274068 -76.58905091 -20.2567017 ]
[2023-07-18 23:36:45,589][shap][INFO] - num_full_subsets = 1
[2023-07-18 23:36:45,600][shap][INFO] - phi = [  3.74123448 -22.29699232 -35.58788615]
[2023-07-18 23:36:45,612][shap][INFO] - num_full_subsets = 1
[2023-07-18 23:36:45,624][shap][INFO] - phi = [ -0.6756784  -53.43280286 -32.06996472]
[2023-07-18 23:36:45,636][shap][INFO] - num_full_subsets = 1
[2023-07-18 23:36:45,648][shap][INFO] - phi = [ -0.0663613  -37.54324919   4.40023103]
[2023-07-18 23:36:51,914][shap][INFO] - num_full_subsets = 1
[2023-07-18 23:36:51,918][shap][INFO] - phi = [ -1.23783802 -58.64471875]
[2023-07-18 23:36:51,925][shap][INFO] - num_full_subsets = 1
[2023-07-18 23:36:51,928][shap][INFO] - phi = [ -0.58532217 -35.35273134]
[2023-07-18 23:36:51,935][shap][INFO] - num_full_subsets = 1
[2023-07-18 23:36:51,938][shap][INFO] - phi = [ -0.1224989  -13.45242513]
[2023-07-18 23:36:51,944][shap][INFO] - num_full_subsets = 1
[2023-07-18 23:36:51,947][shap][INFO] - phi = [0.24984803 9.46023726]
[2023-07-18 23:36:51,952][shap][INFO] - num_full_subsets = 1
[2023-07-18 23:36:51,954][shap][INFO] - phi = [ 0.20596381 31.15130425]
[2023-07-18 23:36:51,959][shap][INFO] - num_full_subsets = 1
[2023-07-18 23:36:51,961][shap][INFO] - phi = [ 0.24481651 54.02794069]
[2023-07-18 23:36:51,965][shap][INFO] - num_full_subsets = 1
[2023-07-18 23:36:51,967][shap][INFO] - phi = [  0.21664882 120.0099909 ]
[2023-07-18 23:36:51,972][shap][INFO] - num_full_subsets = 1
[2023-07-18 23:36:51,974][shap][INFO] - phi = [1.89945111e-01 2.08930445e+02]
[2023-07-18 23:36:51,977][shap][INFO] - num_full_subsets = 1
[2023-07-18 23:36:51,979][shap][INFO] - phi = [  -1.57129408 -105.954887  ]
[2023-07-18 23:36:51,984][shap][INFO] - num_full_subsets = 1
[2023-07-18 23:36:51,985][shap][INFO] - phi = [  0.27871691 -86.6699833 ]
[2023-07-18 23:36:51,989][shap][INFO] - num_full_subsets = 1
[2023-07-18 23:36:51,991][shap][INFO] - phi = [  0.25670439 -13.37069012]
[2023-07-18 23:36:51,995][shap][INFO] - num_full_subsets = 1
[2023-07-18 23:36:51,997][shap][INFO] - phi = [  1.22224515 -29.82792656]
[2023-07-18 23:36:52,000][shap][INFO] - num_full_subsets = 1
[2023-07-18 23:36:52,002][shap][INFO] - phi = [ 0.42511803 42.80752361]
[2023-07-18 23:36:52,006][shap][INFO] - num_full_subsets = 1
[2023-07-18 23:36:52,008][shap][INFO] - phi = [  1.54774174 -55.94617957]
[2023-07-18 23:36:52,011][shap][INFO] - num_full_subsets = 1
[2023-07-18 23:36:52,013][shap][INFO] - phi = [ -0.41561776 -35.28218302]
[2023-07-18 23:36:52,017][shap][INFO] - num_full_subsets = 1
[2023-07-18 23:36:52,019][shap][INFO] - phi = [  0.20329697 164.4702179 ]
[2023-07-18 23:36:52,022][shap][INFO] - num_full_subsets = 1
[2023-07-18 23:36:52,024][shap][INFO] - phi = [ -2.82804964 -81.37494503]
[2023-07-18 23:36:52,028][shap][INFO] - num_full_subsets = 1
[2023-07-18 23:36:52,030][shap][INFO] - phi = [ 0.94113446 -7.27125351]
[2023-07-18 23:36:52,033][shap][INFO] - num_full_subsets = 1
[2023-07-18 23:36:52,035][shap][INFO] - phi = [  0.9125076  -56.88493974]
[2023-07-18 23:36:52,039][shap][INFO] - num_full_subsets = 1
[2023-07-18 23:36:52,040][shap][INFO] - phi = [ -0.13406698 -50.82479646]
[2023-07-18 23:36:52,051][shap][INFO] - num_full_subsets = 1
[2023-07-18 23:36:52,053][shap][INFO] - phi = [-21.40594386 -51.11245642]
[2023-07-18 23:36:52,056][shap][INFO] - num_full_subsets = 1
[2023-07-18 23:36:52,058][shap][INFO] - phi = [-16.3920135  -33.53696853]
[2023-07-18 23:36:52,061][shap][INFO] - num_full_subsets = 1
[2023-07-18 23:36:52,063][shap][INFO] - phi = [-10.81913158 -16.09179194]
[2023-07-18 23:36:52,066][shap][INFO] - num_full_subsets = 1
[2023-07-18 23:36:52,068][shap][INFO] - phi = [-1.43951507  3.18550845]
[2023-07-18 23:36:52,071][shap][INFO] - num_full_subsets = 1
[2023-07-18 23:36:52,073][shap][INFO] - phi = [-4.73272989 22.11966741]
[2023-07-18 23:36:52,076][shap][INFO] - num_full_subsets = 1
[2023-07-18 23:36:52,078][shap][INFO] - phi = [-4.76463092 42.81690562]
[2023-07-18 23:36:52,081][shap][INFO] - num_full_subsets = 1
[2023-07-18 23:36:52,083][shap][INFO] - phi = [ -1.41225599 106.951571  ]
[2023-07-18 23:36:52,086][shap][INFO] - num_full_subsets = 1
[2023-07-18 23:36:52,088][shap][INFO] - phi = [ -1.39033021 202.56291405]
[2023-07-18 23:36:52,091][shap][INFO] - num_full_subsets = 1
[2023-07-18 23:36:52,093][shap][INFO] - phi = [-18.40770317 -85.3619157 ]
[2023-07-18 23:36:52,096][shap][INFO] - num_full_subsets = 1
[2023-07-18 23:36:52,098][shap][INFO] - phi = [ -1.46321862 -73.43893507]
[2023-07-18 23:36:52,101][shap][INFO] - num_full_subsets = 1
[2023-07-18 23:36:52,103][shap][INFO] - phi = [ -1.44514467 -16.15890261]
[2023-07-18 23:36:52,106][shap][INFO] - num_full_subsets = 1
[2023-07-18 23:36:52,108][shap][INFO] - phi = [ 19.85435287 -30.25596526]
[2023-07-18 23:36:52,111][shap][INFO] - num_full_subsets = 1
[2023-07-18 23:36:52,113][shap][INFO] - phi = [70.43615685 35.31924945]
[2023-07-18 23:36:52,117][shap][INFO] - num_full_subsets = 1
[2023-07-18 23:36:52,118][shap][INFO] - phi = [ 19.58709537 -51.41438431]
[2023-07-18 23:36:52,122][shap][INFO] - num_full_subsets = 1
[2023-07-18 23:36:52,123][shap][INFO] - phi = [-13.60530615 -33.59489407]
[2023-07-18 23:36:52,127][shap][INFO] - num_full_subsets = 1
[2023-07-18 23:36:52,128][shap][INFO] - phi = [ -1.4012931  153.40347312]
[2023-07-18 23:36:52,132][shap][INFO] - num_full_subsets = 1
[2023-07-18 23:36:52,134][shap][INFO] - phi = [-32.21050009 -66.55902436]
[2023-07-18 23:36:52,137][shap][INFO] - num_full_subsets = 1
[2023-07-18 23:36:52,139][shap][INFO] - phi = [ 20.08516617 -11.21245181]
[2023-07-18 23:36:52,142][shap][INFO] - num_full_subsets = 1
[2023-07-18 23:36:52,144][shap][INFO] - phi = [  8.60893152 -51.60072709]
[2023-07-18 23:36:52,147][shap][INFO] - num_full_subsets = 1
[2023-07-18 23:36:52,149][shap][INFO] - phi = [ -7.68198595 -46.02087195]
[2023-07-18 23:36:53,174][shap][INFO] - num_full_subsets = 1
[2023-07-18 23:36:53,182][shap][INFO] - phi = [  2.49852474 -78.91406629]
[2023-07-18 23:36:53,189][shap][INFO] - num_full_subsets = 1
[2023-07-18 23:36:53,197][shap][INFO] - phi = [ -0.19024024 -47.52209239]
[2023-07-18 23:36:53,202][shap][INFO] - num_full_subsets = 1
[2023-07-18 23:36:53,205][shap][INFO] - phi = [  1.73515732 -28.19550631]
[2023-07-18 23:36:53,214][shap][INFO] - num_full_subsets = 1
[2023-07-18 23:36:53,222][shap][INFO] - phi = [  1.80618556 -10.41762707]
[2023-07-18 23:36:53,229][shap][INFO] - num_full_subsets = 1
[2023-07-18 23:36:53,231][shap][INFO] - phi = [-87.74397895  91.52875478]
[2023-07-18 23:36:53,235][shap][INFO] - num_full_subsets = 1
[2023-07-18 23:36:53,237][shap][INFO] - phi = [-87.74384124 122.41984479]
[2023-07-18 23:36:53,242][shap][INFO] - num_full_subsets = 1
[2023-07-18 23:36:53,244][shap][INFO] - phi = [  1.80621998 151.36046045]
[2023-07-18 23:36:53,255][shap][INFO] - num_full_subsets = 1
[2023-07-18 23:36:53,259][shap][INFO] - phi = [  1.80621998 151.36046045]
[2023-07-18 23:36:53,265][shap][INFO] - num_full_subsets = 1
[2023-07-18 23:36:53,268][shap][INFO] - phi = [  2.49854167 -96.09300587]
[2023-07-18 23:36:53,280][shap][INFO] - num_full_subsets = 1
[2023-07-18 23:36:53,284][shap][INFO] - phi = [  1.80622528 -96.09303224]
[2023-07-18 23:36:53,288][shap][INFO] - num_full_subsets = 1
[2023-07-18 23:36:53,290][shap][INFO] - phi = [  1.80623136 -28.19546676]
[2023-07-18 23:36:53,297][shap][INFO] - num_full_subsets = 1
[2023-07-18 23:36:53,305][shap][INFO] - phi = [41.71327567 -0.49866738]
[2023-07-18 23:36:53,313][shap][INFO] - num_full_subsets = 1
[2023-07-18 23:36:53,318][shap][INFO] - phi = [ 41.7133368  149.67349744]
[2023-07-18 23:36:53,326][shap][INFO] - num_full_subsets = 1
[2023-07-18 23:36:53,329][shap][INFO] - phi = [ 41.71336522 -71.09054618]
[2023-07-18 23:36:53,333][shap][INFO] - num_full_subsets = 1
[2023-07-18 23:36:53,335][shap][INFO] - phi = [ -4.0040061  -47.52212353]
[2023-07-18 23:36:53,339][shap][INFO] - num_full_subsets = 1
[2023-07-18 23:36:53,342][shap][INFO] - phi = [  1.80621998 151.36046045]
[2023-07-18 23:36:53,347][shap][INFO] - num_full_subsets = 1
[2023-07-18 23:36:53,349][shap][INFO] - phi = [  2.49854167 -96.09300587]
[2023-07-18 23:36:53,358][shap][INFO] - num_full_subsets = 1
[2023-07-18 23:36:53,367][shap][INFO] - phi = [ 41.71339872 -96.86964386]
[2023-07-18 23:36:53,373][shap][INFO] - num_full_subsets = 1
[2023-07-18 23:36:53,375][shap][INFO] - phi = [ -3.526372  -89.3082541]
[2023-07-18 23:36:53,382][shap][INFO] - num_full_subsets = 1
[2023-07-18 23:36:53,385][shap][INFO] - phi = [ -3.7130054  -30.89044051]
[2023-07-18 23:36:53,571][shap][INFO] - num_full_subsets = 1
[2023-07-18 23:36:53,573][shap][INFO] - phi = [-17.22430275 -50.64631589]
[2023-07-18 23:36:53,576][shap][INFO] - num_full_subsets = 1
[2023-07-18 23:36:53,578][shap][INFO] - phi = [-12.95022807 -33.40297079]
[2023-07-18 23:36:53,580][shap][INFO] - num_full_subsets = 1
[2023-07-18 23:36:53,582][shap][INFO] - phi = [-10.93877421 -15.07966323]
[2023-07-18 23:36:53,585][shap][INFO] - num_full_subsets = 1
[2023-07-18 23:36:53,586][shap][INFO] - phi = [-11.56027369   7.38203462]
[2023-07-18 23:36:53,589][shap][INFO] - num_full_subsets = 1
[2023-07-18 23:36:53,591][shap][INFO] - phi = [-9.73184403 28.21926071]
[2023-07-18 23:36:53,594][shap][INFO] - num_full_subsets = 1
[2023-07-18 23:36:53,595][shap][INFO] - phi = [-8.31319968 50.98736456]
[2023-07-18 23:36:53,598][shap][INFO] - num_full_subsets = 1
[2023-07-18 23:36:53,600][shap][INFO] - phi = [ -4.07266904 116.21345496]
[2023-07-18 23:36:53,602][shap][INFO] - num_full_subsets = 1
[2023-07-18 23:36:53,604][shap][INFO] - phi = [ -0.93827164 183.68608913]
[2023-07-18 23:36:53,607][shap][INFO] - num_full_subsets = 1
[2023-07-18 23:36:53,608][shap][INFO] - phi = [ -6.75212273 -89.02425952]
[2023-07-18 23:36:53,611][shap][INFO] - num_full_subsets = 1
[2023-07-18 23:36:53,613][shap][INFO] - phi = [-15.7023294  -85.62750799]
[2023-07-18 23:36:53,615][shap][INFO] - num_full_subsets = 1
[2023-07-18 23:36:53,617][shap][INFO] - phi = [-12.87296985 -14.90792158]
[2023-07-18 23:36:53,620][shap][INFO] - num_full_subsets = 1
[2023-07-18 23:36:53,621][shap][INFO] - phi = [ 12.92772478 -27.16370939]
[2023-07-18 23:36:53,624][shap][INFO] - num_full_subsets = 1
[2023-07-18 23:36:53,626][shap][INFO] - phi = [146.8291868   39.09558341]
[2023-07-18 23:36:53,629][shap][INFO] - num_full_subsets = 1
[2023-07-18 23:36:53,630][shap][INFO] - phi = [ 11.34178946 -53.05257294]
[2023-07-18 23:36:53,633][shap][INFO] - num_full_subsets = 1
[2023-07-18 23:36:53,635][shap][INFO] - phi = [-11.07563843 -33.91875186]
[2023-07-18 23:36:53,638][shap][INFO] - num_full_subsets = 1
[2023-07-18 23:36:53,639][shap][INFO] - phi = [ -2.09324287 153.39894908]
[2023-07-18 23:36:53,642][shap][INFO] - num_full_subsets = 1
[2023-07-18 23:36:53,644][shap][INFO] - phi = [-37.64904181 -64.4767253 ]
[2023-07-18 23:36:53,646][shap][INFO] - num_full_subsets = 1
[2023-07-18 23:36:53,648][shap][INFO] - phi = [13.49463385 -5.70987735]
[2023-07-18 23:36:53,651][shap][INFO] - num_full_subsets = 1
[2023-07-18 23:36:53,652][shap][INFO] - phi = [-11.59092527 -56.69200763]
[2023-07-18 23:36:53,655][shap][INFO] - num_full_subsets = 1
[2023-07-18 23:36:53,657][shap][INFO] - phi = [-11.12750143 -49.280453  ]
[2023-07-18 23:36:54,710][shap][INFO] - num_full_subsets = 1
[2023-07-18 23:36:54,721][shap][INFO] - phi = [ -9.34238997 -59.82938934]
[2023-07-18 23:36:54,733][shap][INFO] - num_full_subsets = 1
[2023-07-18 23:36:54,744][shap][INFO] - phi = [ -7.529451   -37.45369076]
[2023-07-18 23:36:54,750][shap][INFO] - num_full_subsets = 1
[2023-07-18 23:36:54,763][shap][INFO] - phi = [ -5.03631184 -18.20484665]
[2023-07-18 23:36:54,776][shap][INFO] - num_full_subsets = 1
[2023-07-18 23:36:54,787][shap][INFO] - phi = [-2.73593879  2.40253831]
[2023-07-18 23:36:54,797][shap][INFO] - num_full_subsets = 1
[2023-07-18 23:36:54,802][shap][INFO] - phi = [-25.50064727  43.25474679]
[2023-07-18 23:36:54,814][shap][INFO] - num_full_subsets = 1
[2023-07-18 23:36:54,823][shap][INFO] - phi = [-25.14421383  67.56301391]
[2023-07-18 23:36:54,834][shap][INFO] - num_full_subsets = 1
[2023-07-18 23:36:54,846][shap][INFO] - phi = [ -0.86551406 123.63386933]
[2023-07-18 23:36:54,851][shap][INFO] - num_full_subsets = 1
[2023-07-18 23:36:54,856][shap][INFO] - phi = [-8.31091903e-02  1.86634977e+02]
[2023-07-18 23:36:54,869][shap][INFO] - num_full_subsets = 1
[2023-07-18 23:36:54,880][shap][INFO] - phi = [ -6.05814458 -94.10851702]
[2023-07-18 23:36:54,888][shap][INFO] - num_full_subsets = 1
[2023-07-18 23:36:54,898][shap][INFO] - phi = [ -3.77015146 -85.45736465]
[2023-07-18 23:36:54,910][shap][INFO] - num_full_subsets = 1
[2023-07-18 23:36:54,920][shap][INFO] - phi = [ -3.06379469 -18.15824527]
[2023-07-18 23:36:54,932][shap][INFO] - num_full_subsets = 1
[2023-07-18 23:36:54,942][shap][INFO] - phi = [ 18.92939962 -21.93656715]
[2023-07-18 23:36:54,950][shap][INFO] - num_full_subsets = 1
[2023-07-18 23:36:54,959][shap][INFO] - phi = [64.85094962 66.72396348]
[2023-07-18 23:36:54,973][shap][INFO] - num_full_subsets = 1
[2023-07-18 23:36:54,983][shap][INFO] - phi = [ 18.54749795 -57.87592075]
[2023-07-18 23:36:54,991][shap][INFO] - num_full_subsets = 1
[2023-07-18 23:36:55,002][shap][INFO] - phi = [ -7.27514211 -37.57948812]
[2023-07-18 23:36:55,017][shap][INFO] - num_full_subsets = 1
[2023-07-18 23:36:55,026][shap][INFO] - phi = [ -0.37125476 155.65827514]
[2023-07-18 23:36:55,039][shap][INFO] - num_full_subsets = 1
[2023-07-18 23:36:55,049][shap][INFO] - phi = [-17.54726247 -77.12592514]
[2023-07-18 23:36:55,057][shap][INFO] - num_full_subsets = 1
[2023-07-18 23:36:55,069][shap][INFO] - phi = [ 19.0585833  -30.26580663]
[2023-07-18 23:36:55,081][shap][INFO] - num_full_subsets = 1
[2023-07-18 23:36:55,091][shap][INFO] - phi = [ -1.39896454 -63.62148214]
[2023-07-18 23:36:55,100][shap][INFO] - num_full_subsets = 1
[2023-07-18 23:36:55,110][shap][INFO] - phi = [ -5.66413994 -44.25414048]
[2023-07-18 23:36:58,459][shap][INFO] - num_full_subsets = 1
[2023-07-18 23:36:58,464][shap][INFO] - phi = [-47.34506868  -1.3895927 ]
[2023-07-18 23:36:58,472][shap][INFO] - num_full_subsets = 1
[2023-07-18 23:36:58,475][shap][INFO] - phi = [-25.98463497   1.97530108]
[2023-07-18 23:36:58,480][shap][INFO] - num_full_subsets = 1
[2023-07-18 23:36:58,483][shap][INFO] - phi = [-6.13274188  5.34019486]
[2023-07-18 23:36:58,488][shap][INFO] - num_full_subsets = 1
[2023-07-18 23:36:58,490][shap][INFO] - phi = [20.81658409 10.38753553]
[2023-07-18 23:36:58,494][shap][INFO] - num_full_subsets = 1
[2023-07-18 23:36:58,496][shap][INFO] - phi = [12.21061058  8.70508864]
[2023-07-18 23:36:58,501][shap][INFO] - num_full_subsets = 1
[2023-07-18 23:36:58,504][shap][INFO] - phi = [12.21061058  8.70508864]
[2023-07-18 23:36:58,508][shap][INFO] - num_full_subsets = 1
[2023-07-18 23:36:58,510][shap][INFO] - phi = [20.81658409 10.38753553]
[2023-07-18 23:36:58,513][shap][INFO] - num_full_subsets = 1
[2023-07-18 23:36:58,516][shap][INFO] - phi = [20.81658409 10.38753553]
[2023-07-18 23:36:58,519][shap][INFO] - num_full_subsets = 1
[2023-07-18 23:36:58,521][shap][INFO] - phi = [-23.35319851 -66.41181917]
[2023-07-18 23:36:58,525][shap][INFO] - num_full_subsets = 1
[2023-07-18 23:36:58,527][shap][INFO] - phi = [20.81658409 10.38753553]
[2023-07-18 23:36:58,531][shap][INFO] - num_full_subsets = 1
[2023-07-18 23:36:58,533][shap][INFO] - phi = [20.81658409 10.38753553]
[2023-07-18 23:36:58,536][shap][INFO] - num_full_subsets = 1
[2023-07-18 23:36:58,538][shap][INFO] - phi = [23.14439335 -9.29079701]
[2023-07-18 23:36:58,542][shap][INFO] - num_full_subsets = 1
[2023-07-18 23:36:58,544][shap][INFO] - phi = [-82.94330617 284.48543247]
[2023-07-18 23:36:58,547][shap][INFO] - num_full_subsets = 1
[2023-07-18 23:36:58,550][shap][INFO] - phi = [ 36.94045785 -83.06594469]
[2023-07-18 23:36:58,554][shap][INFO] - num_full_subsets = 1
[2023-07-18 23:36:58,556][shap][INFO] - phi = [-15.87012085   3.65774797]
[2023-07-18 23:36:58,560][shap][INFO] - num_full_subsets = 1
[2023-07-18 23:36:58,562][shap][INFO] - phi = [20.81658409 10.38753553]
[2023-07-18 23:36:58,567][shap][INFO] - num_full_subsets = 1
[2023-07-18 23:36:58,569][shap][INFO] - phi = [-107.34601816   -9.80182715]
[2023-07-18 23:36:58,572][shap][INFO] - num_full_subsets = 1
[2023-07-18 23:36:58,575][shap][INFO] - phi = [ 50.73652235 -73.14160673]
[2023-07-18 23:36:58,580][shap][INFO] - num_full_subsets = 1
[2023-07-18 23:36:58,583][shap][INFO] - phi = [ 37.30541672 -71.45915984]
[2023-07-18 23:36:58,586][shap][INFO] - num_full_subsets = 1
[2023-07-18 23:36:58,588][shap][INFO] - phi = [ 11.52757325 -60.63331949]
[2023-07-18 23:36:58,599][shap][INFO] - num_full_subsets = 1
[2023-07-18 23:36:58,601][shap][INFO] - phi = [-46.75455045   0.23517053]
[2023-07-18 23:36:58,604][shap][INFO] - num_full_subsets = 1
[2023-07-18 23:36:58,606][shap][INFO] - phi = [-32.13155088   3.02749453]
[2023-07-18 23:36:58,610][shap][INFO] - num_full_subsets = 1
[2023-07-18 23:36:58,612][shap][INFO] - phi = [-16.74226985   5.8775251 ]
[2023-07-18 23:36:58,616][shap][INFO] - num_full_subsets = 1
[2023-07-18 23:36:58,618][shap][INFO] - phi = [ 7.29814512 10.17066734]
[2023-07-18 23:36:58,621][shap][INFO] - num_full_subsets = 1
[2023-07-18 23:36:58,623][shap][INFO] - phi = [-0.80498087  8.74412662]
[2023-07-18 23:36:58,626][shap][INFO] - num_full_subsets = 1
[2023-07-18 23:36:58,628][shap][INFO] - phi = [-0.80498087  8.74412662]
[2023-07-18 23:36:58,632][shap][INFO] - num_full_subsets = 1
[2023-07-18 23:36:58,634][shap][INFO] - phi = [ 7.29814512 10.17066734]
[2023-07-18 23:36:58,638][shap][INFO] - num_full_subsets = 1
[2023-07-18 23:36:58,639][shap][INFO] - phi = [ 7.29814512 10.17066734]
[2023-07-18 23:36:58,643][shap][INFO] - num_full_subsets = 1
[2023-07-18 23:36:58,644][shap][INFO] - phi = [-21.38633798 -53.79239617]
[2023-07-18 23:36:58,648][shap][INFO] - num_full_subsets = 1
[2023-07-18 23:36:58,650][shap][INFO] - phi = [ 7.29814512 10.17066734]
[2023-07-18 23:36:58,654][shap][INFO] - num_full_subsets = 1
[2023-07-18 23:36:58,656][shap][INFO] - phi = [ 7.29814512 10.17066734]
[2023-07-18 23:36:58,659][shap][INFO] - num_full_subsets = 1
[2023-07-18 23:36:58,661][shap][INFO] - phi = [26.54157992 34.56581888]
[2023-07-18 23:36:58,665][shap][INFO] - num_full_subsets = 1
[2023-07-18 23:36:58,667][shap][INFO] - phi = [ 70.10748073 134.77178192]
[2023-07-18 23:36:58,670][shap][INFO] - num_full_subsets = 1
[2023-07-18 23:36:58,672][shap][INFO] - phi = [ 24.50791819 -42.658493  ]
[2023-07-18 23:36:58,675][shap][INFO] - num_full_subsets = 1
[2023-07-18 23:36:58,677][shap][INFO] - phi = [-24.51934394   4.44784789]
[2023-07-18 23:36:58,681][shap][INFO] - num_full_subsets = 1
[2023-07-18 23:36:58,682][shap][INFO] - phi = [ 7.29814512 10.17066734]
[2023-07-18 23:36:58,687][shap][INFO] - num_full_subsets = 1
[2023-07-18 23:36:58,689][shap][INFO] - phi = [-78.67417328  -6.23769472]
[2023-07-18 23:36:58,693][shap][INFO] - num_full_subsets = 1
[2023-07-18 23:36:58,695][shap][INFO] - phi = [ 36.52917498 -74.707976  ]
[2023-07-18 23:36:58,700][shap][INFO] - num_full_subsets = 1
[2023-07-18 23:36:58,703][shap][INFO] - phi = [ 20.70697348 -70.3080569 ]
[2023-07-18 23:36:58,708][shap][INFO] - num_full_subsets = 1
[2023-07-18 23:36:58,710][shap][INFO] - phi = [ -0.36380988 -13.73327935]
[2023-07-18 23:36:59,377][shap][INFO] - num_full_subsets = 1
[2023-07-18 23:36:59,386][shap][INFO] - phi = [-68.1268836   7.2893919]
[2023-07-18 23:36:59,393][shap][INFO] - num_full_subsets = 1
[2023-07-18 23:36:59,400][shap][INFO] - phi = [-54.861707     7.28939016]
[2023-07-18 23:36:59,410][shap][INFO] - num_full_subsets = 1
[2023-07-18 23:36:59,412][shap][INFO] - phi = [-49.63785388   7.28939111]
[2023-07-18 23:36:59,421][shap][INFO] - num_full_subsets = 1
[2023-07-18 23:36:59,423][shap][INFO] - phi = [46.32335944  7.28937469]
[2023-07-18 23:36:59,432][shap][INFO] - num_full_subsets = 1
[2023-07-18 23:36:59,434][shap][INFO] - phi = [6.50744452 7.28934875]
[2023-07-18 23:36:59,440][shap][INFO] - num_full_subsets = 1
[2023-07-18 23:36:59,445][shap][INFO] - phi = [6.50744452 7.28934875]
[2023-07-18 23:36:59,451][shap][INFO] - num_full_subsets = 1
[2023-07-18 23:36:59,453][shap][INFO] - phi = [46.32335944  7.28937469]
[2023-07-18 23:36:59,462][shap][INFO] - num_full_subsets = 1
[2023-07-18 23:36:59,470][shap][INFO] - phi = [46.32335944  7.28937469]
[2023-07-18 23:36:59,476][shap][INFO] - num_full_subsets = 1
[2023-07-18 23:36:59,478][shap][INFO] - phi = [-61.10033217 -61.80931072]
[2023-07-18 23:36:59,484][shap][INFO] - num_full_subsets = 1
[2023-07-18 23:36:59,488][shap][INFO] - phi = [46.32335944  7.28937469]
[2023-07-18 23:36:59,492][shap][INFO] - num_full_subsets = 1
[2023-07-18 23:36:59,494][shap][INFO] - phi = [46.32335944  7.28937469]
[2023-07-18 23:36:59,505][shap][INFO] - num_full_subsets = 1
[2023-07-18 23:36:59,508][shap][INFO] - phi = [16.39946895 60.49536967]
[2023-07-18 23:36:59,517][shap][INFO] - num_full_subsets = 1
[2023-07-18 23:36:59,519][shap][INFO] - phi = [16.39946895 60.49536967]
[2023-07-18 23:36:59,524][shap][INFO] - num_full_subsets = 1
[2023-07-18 23:36:59,526][shap][INFO] - phi = [ 16.39953728 -15.16227617]
[2023-07-18 23:36:59,535][shap][INFO] - num_full_subsets = 1
[2023-07-18 23:36:59,538][shap][INFO] - phi = [-43.98738936   7.2893935 ]
[2023-07-18 23:36:59,543][shap][INFO] - num_full_subsets = 1
[2023-07-18 23:36:59,545][shap][INFO] - phi = [46.32335944  7.28937469]
[2023-07-18 23:36:59,551][shap][INFO] - num_full_subsets = 1
[2023-07-18 23:36:59,553][shap][INFO] - phi = [-68.1268836   7.2893919]
[2023-07-18 23:36:59,562][shap][INFO] - num_full_subsets = 1
[2023-07-18 23:36:59,564][shap][INFO] - phi = [ 16.39947471 -61.80934648]
[2023-07-18 23:36:59,573][shap][INFO] - num_full_subsets = 1
[2023-07-18 23:36:59,575][shap][INFO] - phi = [-23.65814539 -61.80934929]
[2023-07-18 23:36:59,579][shap][INFO] - num_full_subsets = 1
[2023-07-18 23:36:59,581][shap][INFO] - phi = [ 12.94619942 -15.16236086]
[2023-07-18 23:37:00,183][shap][INFO] - num_full_subsets = 1
[2023-07-18 23:37:00,185][shap][INFO] - phi = [-81.73872947  -1.52120507]
[2023-07-18 23:37:00,188][shap][INFO] - num_full_subsets = 1
[2023-07-18 23:37:00,189][shap][INFO] - phi = [-56.28850954   3.34393407]
[2023-07-18 23:37:00,192][shap][INFO] - num_full_subsets = 1
[2023-07-18 23:37:00,194][shap][INFO] - phi = [-28.48386966   8.40847932]
[2023-07-18 23:37:00,197][shap][INFO] - num_full_subsets = 1
[2023-07-18 23:37:00,199][shap][INFO] - phi = [32.9971351  20.30210241]
[2023-07-18 23:37:00,202][shap][INFO] - num_full_subsets = 1
[2023-07-18 23:37:00,203][shap][INFO] - phi = [12.54983784 16.13105513]
[2023-07-18 23:37:00,206][shap][INFO] - num_full_subsets = 1
[2023-07-18 23:37:00,208][shap][INFO] - phi = [12.54983784 16.13105513]
[2023-07-18 23:37:00,211][shap][INFO] - num_full_subsets = 1
[2023-07-18 23:37:00,212][shap][INFO] - phi = [32.9971351  20.30210241]
[2023-07-18 23:37:00,215][shap][INFO] - num_full_subsets = 1
[2023-07-18 23:37:00,217][shap][INFO] - phi = [32.9971351  20.30210241]
[2023-07-18 23:37:00,220][shap][INFO] - num_full_subsets = 1
[2023-07-18 23:37:00,221][shap][INFO] - phi = [-31.85110078 -53.85805354]
[2023-07-18 23:37:00,224][shap][INFO] - num_full_subsets = 1
[2023-07-18 23:37:00,226][shap][INFO] - phi = [32.9971351  20.30210241]
[2023-07-18 23:37:00,229][shap][INFO] - num_full_subsets = 1
[2023-07-18 23:37:00,231][shap][INFO] - phi = [32.9971351  20.30210241]
[2023-07-18 23:37:00,234][shap][INFO] - num_full_subsets = 1
[2023-07-18 23:37:00,235][shap][INFO] - phi = [16.97603706 25.79181386]
[2023-07-18 23:37:00,238][shap][INFO] - num_full_subsets = 1
[2023-07-18 23:37:00,240][shap][INFO] - phi = [ 32.34849844 129.34023486]
[2023-07-18 23:37:00,243][shap][INFO] - num_full_subsets = 1
[2023-07-18 23:37:00,244][shap][INFO] - phi = [ 23.49677541 -52.4773818 ]
[2023-07-18 23:37:00,248][shap][INFO] - num_full_subsets = 1
[2023-07-18 23:37:00,249][shap][INFO] - phi = [-43.52366189   5.73676596]
[2023-07-18 23:37:00,252][shap][INFO] - num_full_subsets = 1
[2023-07-18 23:37:00,254][shap][INFO] - phi = [32.9971351  20.30210241]
[2023-07-18 23:37:00,257][shap][INFO] - num_full_subsets = 1
[2023-07-18 23:37:00,258][shap][INFO] - phi = [-96.48724131  -2.47973351]
[2023-07-18 23:37:00,261][shap][INFO] - num_full_subsets = 1
[2023-07-18 23:37:00,263][shap][INFO] - phi = [ 31.10774376 -84.31952072]
[2023-07-18 23:37:00,266][shap][INFO] - num_full_subsets = 1
[2023-07-18 23:37:00,267][shap][INFO] - phi = [ 11.6218221  -99.60887419]
[2023-07-18 23:37:00,270][shap][INFO] - num_full_subsets = 1
[2023-07-18 23:37:00,272][shap][INFO] - phi = [ -0.26025043 -32.43118398]
[2023-07-18 23:37:01,480][shap][INFO] - num_full_subsets = 1
[2023-07-18 23:37:01,491][shap][INFO] - phi = [-60.99130805   1.15344116]
[2023-07-18 23:37:01,507][shap][INFO] - num_full_subsets = 1
[2023-07-18 23:37:01,518][shap][INFO] - phi = [-42.3166006    3.90902996]
[2023-07-18 23:37:01,530][shap][INFO] - num_full_subsets = 1
[2023-07-18 23:37:01,543][shap][INFO] - phi = [-25.24918382   6.7288976 ]
[2023-07-18 23:37:01,558][shap][INFO] - num_full_subsets = 1
[2023-07-18 23:37:01,567][shap][INFO] - phi = [26.85880594 12.03741999]
[2023-07-18 23:37:01,572][shap][INFO] - num_full_subsets = 1
[2023-07-18 23:37:01,578][shap][INFO] - phi = [ 7.61572802 10.21740478]
[2023-07-18 23:37:01,591][shap][INFO] - num_full_subsets = 1
[2023-07-18 23:37:01,602][shap][INFO] - phi = [ 7.61572802 10.21740478]
[2023-07-18 23:37:01,610][shap][INFO] - num_full_subsets = 1
[2023-07-18 23:37:01,615][shap][INFO] - phi = [26.85880594 12.03741999]
[2023-07-18 23:37:01,621][shap][INFO] - num_full_subsets = 1
[2023-07-18 23:37:01,626][shap][INFO] - phi = [26.85880594 12.03741999]
[2023-07-18 23:37:01,639][shap][INFO] - num_full_subsets = 1
[2023-07-18 23:37:01,657][shap][INFO] - phi = [-34.42274236 -58.9678949 ]
[2023-07-18 23:37:01,669][shap][INFO] - num_full_subsets = 1
[2023-07-18 23:37:01,677][shap][INFO] - phi = [26.85880594 12.03741999]
[2023-07-18 23:37:01,689][shap][INFO] - num_full_subsets = 1
[2023-07-18 23:37:01,699][shap][INFO] - phi = [26.85880594 12.03741999]
[2023-07-18 23:37:01,711][shap][INFO] - num_full_subsets = 1
[2023-07-18 23:37:01,719][shap][INFO] - phi = [20.76536982 27.89055135]
[2023-07-18 23:37:01,730][shap][INFO] - num_full_subsets = 1
[2023-07-18 23:37:01,739][shap][INFO] - phi = [  8.97803549 152.27320473]
[2023-07-18 23:37:01,752][shap][INFO] - num_full_subsets = 1
[2023-07-18 23:37:01,761][shap][INFO] - phi = [ 25.33617218 -48.34102392]
[2023-07-18 23:37:01,772][shap][INFO] - num_full_subsets = 1
[2023-07-18 23:37:01,777][shap][INFO] - phi = [-31.97512901   5.28293883]
[2023-07-18 23:37:01,786][shap][INFO] - num_full_subsets = 1
[2023-07-18 23:37:01,798][shap][INFO] - phi = [26.85880594 12.03741999]
[2023-07-18 23:37:01,809][shap][INFO] - num_full_subsets = 1
[2023-07-18 23:37:01,814][shap][INFO] - phi = [-87.65857909  -2.80746587]
[2023-07-18 23:37:01,828][shap][INFO] - num_full_subsets = 1
[2023-07-18 23:37:01,839][shap][INFO] - phi = [ 33.69322895 -73.49461248]
[2023-07-18 23:37:01,851][shap][INFO] - num_full_subsets = 1
[2023-07-18 23:37:01,862][shap][INFO] - phi = [ 11.49401673 -75.79636006]
[2023-07-18 23:37:01,874][shap][INFO] - num_full_subsets = 1
[2023-07-18 23:37:01,885][shap][INFO] - phi = [  5.96242809 -30.49003592]
[2023-07-18 23:37:04,562][shap][INFO] - num_full_subsets = 1
[2023-07-18 23:37:04,568][shap][INFO] - phi = [-55.55795375 -12.79702159]
[2023-07-18 23:37:04,577][shap][INFO] - num_full_subsets = 1
[2023-07-18 23:37:04,579][shap][INFO] - phi = [-33.2695841  -14.30734442]
[2023-07-18 23:37:04,584][shap][INFO] - num_full_subsets = 1
[2023-07-18 23:37:04,587][shap][INFO] - phi = [-12.15428653 -15.73817658]
[2023-07-18 23:37:04,592][shap][INFO] - num_full_subsets = 1
[2023-07-18 23:37:04,594][shap][INFO] - phi = [ 10.13408313 -17.24849942]
[2023-07-18 23:37:04,598][shap][INFO] - num_full_subsets = 1
[2023-07-18 23:37:04,600][shap][INFO] - phi = [ 31.2493807  -18.67933158]
[2023-07-18 23:37:04,604][shap][INFO] - num_full_subsets = 1
[2023-07-18 23:37:04,606][shap][INFO] - phi = [ 53.53775035 -20.18965441]
[2023-07-18 23:37:04,610][shap][INFO] - num_full_subsets = 1
[2023-07-18 23:37:04,612][shap][INFO] - phi = [118.05671514 -24.56164157]
[2023-07-18 23:37:04,616][shap][INFO] - num_full_subsets = 1
[2023-07-18 23:37:04,619][shap][INFO] - phi = [204.86404959 -30.44395156]
[2023-07-18 23:37:04,622][shap][INFO] - num_full_subsets = 1
[2023-07-18 23:37:04,624][shap][INFO] - phi = [-110.56312947    4.73996823]
[2023-07-18 23:37:04,628][shap][INFO] - num_full_subsets = 1
[2023-07-18 23:37:04,631][shap][INFO] - phi = [-83.71168384 -10.88924538]
[2023-07-18 23:37:04,634][shap][INFO] - num_full_subsets = 1
[2023-07-18 23:37:04,637][shap][INFO] - phi = [-12.15428653 -15.73817658]
[2023-07-18 23:37:04,640][shap][INFO] - num_full_subsets = 1
[2023-07-18 23:37:04,642][shap][INFO] - phi = [-36.62970118  48.39894082]
[2023-07-18 23:37:04,646][shap][INFO] - num_full_subsets = 1
[2023-07-18 23:37:04,648][shap][INFO] - phi = [ 63.58864382 118.34283012]
[2023-07-18 23:37:04,651][shap][INFO] - num_full_subsets = 1
[2023-07-18 23:37:04,653][shap][INFO] - phi = [-64.41660492  24.47620007]
[2023-07-18 23:37:04,657][shap][INFO] - num_full_subsets = 1
[2023-07-18 23:37:04,659][shap][INFO] - phi = [-33.2695841  -14.30734442]
[2023-07-18 23:37:04,663][shap][INFO] - num_full_subsets = 1
[2023-07-18 23:37:04,665][shap][INFO] - phi = [161.46038237 -27.50279656]
[2023-07-18 23:37:04,668][shap][INFO] - num_full_subsets = 1
[2023-07-18 23:37:04,670][shap][INFO] - phi = [-76.67325132 -11.36618943]
[2023-07-18 23:37:04,674][shap][INFO] - num_full_subsets = 1
[2023-07-18 23:37:04,676][shap][INFO] - phi = [-6.95929746  6.88621647]
[2023-07-18 23:37:04,679][shap][INFO] - num_full_subsets = 1
[2023-07-18 23:37:04,681][shap][INFO] - phi = [-60.04027312   5.78659545]
[2023-07-18 23:37:04,685][shap][INFO] - num_full_subsets = 1
[2023-07-18 23:37:04,687][shap][INFO] - phi = [-57.49136881  25.13862236]
[2023-07-18 23:37:04,697][shap][INFO] - num_full_subsets = 1
[2023-07-18 23:37:04,699][shap][INFO] - phi = [-54.81513218 -18.47312875]
[2023-07-18 23:37:04,703][shap][INFO] - num_full_subsets = 1
[2023-07-18 23:37:04,704][shap][INFO] - phi = [-36.85226949 -15.61057487]
[2023-07-18 23:37:04,708][shap][INFO] - num_full_subsets = 1
[2023-07-18 23:37:04,710][shap][INFO] - phi = [-18.63372727 -12.78059257]
[2023-07-18 23:37:04,713][shap][INFO] - num_full_subsets = 1
[2023-07-18 23:37:04,715][shap][INFO] - phi = [ 1.59125575 -9.71150815]
[2023-07-18 23:37:04,718][shap][INFO] - num_full_subsets = 1
[2023-07-18 23:37:04,720][shap][INFO] - phi = [21.41889782 -6.76797847]
[2023-07-18 23:37:04,723][shap][INFO] - num_full_subsets = 1
[2023-07-18 23:37:04,725][shap][INFO] - phi = [42.74216322 -3.66850977]
[2023-07-18 23:37:04,729][shap][INFO] - num_full_subsets = 1
[2023-07-18 23:37:04,730][shap][INFO] - phi = [103.74053052   4.83571407]
[2023-07-18 23:37:04,734][shap][INFO] - num_full_subsets = 1
[2023-07-18 23:37:04,736][shap][INFO] - phi = [173.62838894  13.79573369]
[2023-07-18 23:37:04,739][shap][INFO] - num_full_subsets = 1
[2023-07-18 23:37:04,741][shap][INFO] - phi = [-61.74846376 -29.69090787]
[2023-07-18 23:37:04,744][shap][INFO] - num_full_subsets = 1
[2023-07-18 23:37:04,746][shap][INFO] - phi = [-75.2559578  -21.84279493]
[2023-07-18 23:37:04,749][shap][INFO] - num_full_subsets = 1
[2023-07-18 23:37:04,751][shap][INFO] - phi = [-18.63372727 -12.78059257]
[2023-07-18 23:37:04,754][shap][INFO] - num_full_subsets = 1
[2023-07-18 23:37:04,756][shap][INFO] - phi = [-17.29582412  55.93700378]
[2023-07-18 23:37:04,759][shap][INFO] - num_full_subsets = 1
[2023-07-18 23:37:04,761][shap][INFO] - phi = [ 14.46180267 174.18532846]
[2023-07-18 23:37:04,764][shap][INFO] - num_full_subsets = 1
[2023-07-18 23:37:04,766][shap][INFO] - phi = [-28.44372926  -5.56131698]
[2023-07-18 23:37:04,770][shap][INFO] - num_full_subsets = 1
[2023-07-18 23:37:04,772][shap][INFO] - phi = [-36.85226949 -15.61057487]
[2023-07-18 23:37:04,775][shap][INFO] - num_full_subsets = 1
[2023-07-18 23:37:04,777][shap][INFO] - phi = [141.26688718   9.77631381]
[2023-07-18 23:37:04,780][shap][INFO] - num_full_subsets = 1
[2023-07-18 23:37:04,782][shap][INFO] - phi = [-70.40325261 -21.02987254]
[2023-07-18 23:37:04,785][shap][INFO] - num_full_subsets = 1
[2023-07-18 23:37:04,787][shap][INFO] - phi = [-12.53947988 -41.86158922]
[2023-07-18 23:37:04,790][shap][INFO] - num_full_subsets = 1
[2023-07-18 23:37:04,792][shap][INFO] - phi = [-40.87423717 -35.65418666]
[2023-07-18 23:37:04,796][shap][INFO] - num_full_subsets = 1
[2023-07-18 23:37:04,797][shap][INFO] - phi = [-26.50185579  -7.48596559]
[2023-07-18 23:37:05,471][shap][INFO] - num_full_subsets = 1
[2023-07-18 23:37:05,479][shap][INFO] - phi = [-3.405111    0.03004344]
[2023-07-18 23:37:05,487][shap][INFO] - num_full_subsets = 1
[2023-07-18 23:37:05,489][shap][INFO] - phi = [-2.92601347  0.03004327]
[2023-07-18 23:37:05,494][shap][INFO] - num_full_subsets = 1
[2023-07-18 23:37:05,496][shap][INFO] - phi = [0.07498312 0.03004327]
[2023-07-18 23:37:05,506][shap][INFO] - num_full_subsets = 1
[2023-07-18 23:37:05,508][shap][INFO] - phi = [2.70341775 0.03004377]
[2023-07-18 23:37:05,518][shap][INFO] - num_full_subsets = 1
[2023-07-18 23:37:05,523][shap][INFO] - phi = [4.38156984 0.03004377]
[2023-07-18 23:37:05,532][shap][INFO] - num_full_subsets = 1
[2023-07-18 23:37:05,540][shap][INFO] - phi = [4.38156984 0.03004377]
[2023-07-18 23:37:05,547][shap][INFO] - num_full_subsets = 1
[2023-07-18 23:37:05,550][shap][INFO] - phi = [4.38156984 0.03004377]
[2023-07-18 23:37:05,559][shap][INFO] - num_full_subsets = 1
[2023-07-18 23:37:05,566][shap][INFO] - phi = [4.38156984 0.03004377]
[2023-07-18 23:37:05,572][shap][INFO] - num_full_subsets = 1
[2023-07-18 23:37:05,576][shap][INFO] - phi = [-3.40511079 -0.0557951 ]
[2023-07-18 23:37:05,585][shap][INFO] - num_full_subsets = 1
[2023-07-18 23:37:05,588][shap][INFO] - phi = [-3.405111    0.03004344]
[2023-07-18 23:37:05,592][shap][INFO] - num_full_subsets = 1
[2023-07-18 23:37:05,594][shap][INFO] - phi = [0.07498312 0.03004327]
[2023-07-18 23:37:05,601][shap][INFO] - num_full_subsets = 1
[2023-07-18 23:37:05,603][shap][INFO] - phi = [-0.33471215 -0.05579541]
[2023-07-18 23:37:05,609][shap][INFO] - num_full_subsets = 1
[2023-07-18 23:37:05,617][shap][INFO] - phi = [ 4.3815691  -0.05579572]
[2023-07-18 23:37:05,624][shap][INFO] - num_full_subsets = 1
[2023-07-18 23:37:05,625][shap][INFO] - phi = [-3.40511079 -0.0557951 ]
[2023-07-18 23:37:05,635][shap][INFO] - num_full_subsets = 1
[2023-07-18 23:37:05,642][shap][INFO] - phi = [-2.92601347  0.03004327]
[2023-07-18 23:37:05,648][shap][INFO] - num_full_subsets = 1
[2023-07-18 23:37:05,650][shap][INFO] - phi = [4.38156984 0.03004377]
[2023-07-18 23:37:05,654][shap][INFO] - num_full_subsets = 1
[2023-07-18 23:37:05,656][shap][INFO] - phi = [-3.405111    0.03004344]
[2023-07-18 23:37:05,659][shap][INFO] - num_full_subsets = 1
[2023-07-18 23:37:05,661][shap][INFO] - phi = [ 0.67392275 -0.05579479]
[2023-07-18 23:37:05,664][shap][INFO] - num_full_subsets = 1
[2023-07-18 23:37:05,666][shap][INFO] - phi = [-3.40511079 -0.0557951 ]
[2023-07-18 23:37:05,677][shap][INFO] - num_full_subsets = 1
[2023-07-18 23:37:05,685][shap][INFO] - phi = [-3.19932058 -0.05579479]
[2023-07-18 23:37:05,708][shap][INFO] - num_full_subsets = 1
[2023-07-18 23:37:05,710][shap][INFO] - phi = [1.77635684e-15 1.77635684e-15]
[2023-07-18 23:37:05,713][shap][INFO] - num_full_subsets = 1
[2023-07-18 23:37:05,715][shap][INFO] - phi = [1.77635684e-15 1.77635684e-15]
[2023-07-18 23:37:05,719][shap][INFO] - num_full_subsets = 1
[2023-07-18 23:37:05,721][shap][INFO] - phi = [1.77635684e-15 1.77635684e-15]
[2023-07-18 23:37:05,724][shap][INFO] - num_full_subsets = 1
[2023-07-18 23:37:05,726][shap][INFO] - phi = [1.77635684e-15 1.77635684e-15]
[2023-07-18 23:37:05,729][shap][INFO] - num_full_subsets = 1
[2023-07-18 23:37:05,731][shap][INFO] - phi = [1.77635684e-15 1.77635684e-15]
[2023-07-18 23:37:05,735][shap][INFO] - num_full_subsets = 1
[2023-07-18 23:37:05,737][shap][INFO] - phi = [1.77635684e-15 1.77635684e-15]
[2023-07-18 23:37:05,739][shap][INFO] - num_full_subsets = 1
[2023-07-18 23:37:05,741][shap][INFO] - phi = [1.77635684e-15 1.77635684e-15]
[2023-07-18 23:37:05,744][shap][INFO] - num_full_subsets = 1
[2023-07-18 23:37:05,746][shap][INFO] - phi = [1.77635684e-15 1.77635684e-15]
[2023-07-18 23:37:05,750][shap][INFO] - num_full_subsets = 1
[2023-07-18 23:37:05,752][shap][INFO] - phi = [1.77635684e-15 1.77635684e-15]
[2023-07-18 23:37:05,755][shap][INFO] - num_full_subsets = 1
[2023-07-18 23:37:05,756][shap][INFO] - phi = [1.77635684e-15 1.77635684e-15]
[2023-07-18 23:37:05,761][shap][INFO] - num_full_subsets = 1
[2023-07-18 23:37:05,763][shap][INFO] - phi = [1.77635684e-15 1.77635684e-15]
[2023-07-18 23:37:05,765][shap][INFO] - num_full_subsets = 1
[2023-07-18 23:37:05,767][shap][INFO] - phi = [1.77635684e-15 1.77635684e-15]
[2023-07-18 23:37:05,770][shap][INFO] - num_full_subsets = 1
[2023-07-18 23:37:05,772][shap][INFO] - phi = [1.77635684e-15 1.77635684e-15]
[2023-07-18 23:37:05,774][shap][INFO] - num_full_subsets = 1
[2023-07-18 23:37:05,776][shap][INFO] - phi = [1.77635684e-15 1.77635684e-15]
[2023-07-18 23:37:05,779][shap][INFO] - num_full_subsets = 1
[2023-07-18 23:37:05,781][shap][INFO] - phi = [1.77635684e-15 1.77635684e-15]
[2023-07-18 23:37:05,785][shap][INFO] - num_full_subsets = 1
[2023-07-18 23:37:05,787][shap][INFO] - phi = [1.77635684e-15 1.77635684e-15]
[2023-07-18 23:37:05,792][shap][INFO] - num_full_subsets = 1
[2023-07-18 23:37:05,794][shap][INFO] - phi = [1.77635684e-15 1.77635684e-15]
[2023-07-18 23:37:05,798][shap][INFO] - num_full_subsets = 1
[2023-07-18 23:37:05,800][shap][INFO] - phi = [1.77635684e-15 1.77635684e-15]
[2023-07-18 23:37:05,802][shap][INFO] - num_full_subsets = 1
[2023-07-18 23:37:05,804][shap][INFO] - phi = [1.77635684e-15 1.77635684e-15]
[2023-07-18 23:37:05,807][shap][INFO] - num_full_subsets = 1
[2023-07-18 23:37:05,808][shap][INFO] - phi = [1.77635684e-15 1.77635684e-15]
[2023-07-18 23:37:06,234][shap][INFO] - num_full_subsets = 1
[2023-07-18 23:37:06,246][shap][INFO] - phi = [-28.44454923  -7.81002672]
[2023-07-18 23:37:06,257][shap][INFO] - num_full_subsets = 1
[2023-07-18 23:37:06,269][shap][INFO] - phi = [-18.26196676  -7.47196901]
[2023-07-18 23:37:06,275][shap][INFO] - num_full_subsets = 1
[2023-07-18 23:37:06,284][shap][INFO] - phi = [-7.67825767 -7.12218147]
[2023-07-18 23:37:06,297][shap][INFO] - num_full_subsets = 1
[2023-07-18 23:37:06,305][shap][INFO] - phi = [ 3.60718916 -6.73249095]
[2023-07-18 23:37:06,317][shap][INFO] - num_full_subsets = 1
[2023-07-18 23:37:06,325][shap][INFO] - phi = [14.26246209 -6.35431657]
[2023-07-18 23:37:06,333][shap][INFO] - num_full_subsets = 1
[2023-07-18 23:37:06,344][shap][INFO] - phi = [25.16537085 -5.9570301 ]
[2023-07-18 23:37:06,356][shap][INFO] - num_full_subsets = 1
[2023-07-18 23:37:06,367][shap][INFO] - phi = [56.54470388 -4.92397093]
[2023-07-18 23:37:06,380][shap][INFO] - num_full_subsets = 1
[2023-07-18 23:37:06,392][shap][INFO] - phi = [95.71850209 -4.15454353]
[2023-07-18 23:37:06,406][shap][INFO] - num_full_subsets = 1
[2023-07-18 23:37:06,417][shap][INFO] - phi = [-43.929176    -6.25168369]
[2023-07-18 23:37:06,426][shap][INFO] - num_full_subsets = 1
[2023-07-18 23:37:06,437][shap][INFO] - phi = [-40.59318816  -8.17549922]
[2023-07-18 23:37:06,449][shap][INFO] - num_full_subsets = 1
[2023-07-18 23:37:06,462][shap][INFO] - phi = [-7.67825767 -7.12218147]
[2023-07-18 23:37:06,476][shap][INFO] - num_full_subsets = 1
[2023-07-18 23:37:06,484][shap][INFO] - phi = [-13.56505936  26.0700373 ]
[2023-07-18 23:37:06,493][shap][INFO] - num_full_subsets = 1
[2023-07-18 23:37:06,504][shap][INFO] - phi = [20.6080039  73.11809072]
[2023-07-18 23:37:06,517][shap][INFO] - num_full_subsets = 1
[2023-07-18 23:37:06,528][shap][INFO] - phi = [-24.06636124   4.714772  ]
[2023-07-18 23:37:06,538][shap][INFO] - num_full_subsets = 1
[2023-07-18 23:37:06,549][shap][INFO] - phi = [-18.26196676  -7.47196901]
[2023-07-18 23:37:06,562][shap][INFO] - num_full_subsets = 1
[2023-07-18 23:37:06,574][shap][INFO] - phi = [76.77720985 -4.42410975]
[2023-07-18 23:37:06,588][shap][INFO] - num_full_subsets = 1
[2023-07-18 23:37:06,597][shap][INFO] - phi = [-37.62040373  -8.09150463]
[2023-07-18 23:37:06,610][shap][INFO] - num_full_subsets = 1
[2023-07-18 23:37:06,622][shap][INFO] - phi = [-4.70621365 -8.75779189]
[2023-07-18 23:37:06,634][shap][INFO] - num_full_subsets = 1
[2023-07-18 23:37:06,644][shap][INFO] - phi = [-26.07990527  -7.48084657]
[2023-07-18 23:37:06,656][shap][INFO] - num_full_subsets = 1
[2023-07-18 23:37:06,668][shap][INFO] - phi = [-21.79813629   4.3992155 ]
