[2023-07-19 13:40:26,483][shap][INFO] - num_full_subsets = 2
[2023-07-19 13:40:26,492][shap][INFO] - phi = [  8.23156859 -16.53351788 -34.91340047 -17.01498542]
[2023-07-19 13:40:26,514][shap][INFO] - num_full_subsets = 2
[2023-07-19 13:40:26,527][shap][INFO] - phi = [  8.85840262   4.32794277 -35.35157908 -16.41670086]
[2023-07-19 13:40:26,550][shap][INFO] - num_full_subsets = 2
[2023-07-19 13:40:26,562][shap][INFO] - phi = [  6.97190924  23.13201059 -35.8120848  -15.84822191]
[2023-07-19 13:40:26,584][shap][INFO] - num_full_subsets = 2
[2023-07-19 13:40:26,595][shap][INFO] - phi = [  0.38172194  40.86800346 -36.68146027 -15.23394848]
[2023-07-19 13:40:26,617][shap][INFO] - num_full_subsets = 2
[2023-07-19 13:40:26,634][shap][INFO] - phi = [  1.41314936  62.30882841 -35.8483754  -14.71343614]
[2023-07-19 13:40:26,656][shap][INFO] - num_full_subsets = 2
[2023-07-19 13:40:26,672][shap][INFO] - phi = [  0.15075524  84.84190559 -35.42416029 -14.14712931]
[2023-07-19 13:40:26,694][shap][INFO] - num_full_subsets = 2
[2023-07-19 13:40:26,708][shap][INFO] - phi = [ -8.33600799 152.96245028 -34.62736602 -12.49183119]
[2023-07-19 13:40:26,730][shap][INFO] - num_full_subsets = 2
[2023-07-19 13:40:26,741][shap][INFO] - phi = [-15.3480951  263.30520077 -32.97515977 -10.28621511]
[2023-07-19 13:40:26,763][shap][INFO] - num_full_subsets = 2
[2023-07-19 13:40:26,787][shap][INFO] - phi = [  5.28402546 -52.18128422 -45.18517551  -7.08303807]
[2023-07-19 13:40:26,808][shap][INFO] - num_full_subsets = 2
[2023-07-19 13:40:26,819][shap][INFO] - phi = [  7.96235665 -34.00086946 -38.46762919 -17.61839829]
[2023-07-19 13:40:26,842][shap][INFO] - num_full_subsets = 2
[2023-07-19 13:40:26,857][shap][INFO] - phi = [  2.18212268  21.18267201 -37.10567539 -15.80025531]
[2023-07-19 13:40:26,885][shap][INFO] - num_full_subsets = 2
[2023-07-19 13:40:26,895][shap][INFO] - phi = [ -6.91458536   4.63646428 -66.91489862 103.51806106]
[2023-07-19 13:40:26,917][shap][INFO] - num_full_subsets = 2
[2023-07-19 13:40:26,933][shap][INFO] - phi = [-70.98907443  22.13152249 -88.21342486 329.43712033]
[2023-07-19 13:40:26,956][shap][INFO] - num_full_subsets = 2
[2023-07-19 13:40:26,967][shap][INFO] - phi = [ -0.85307847  -9.40061283 -58.43627424  33.01555235]
[2023-07-19 13:40:26,991][shap][INFO] - num_full_subsets = 2
[2023-07-19 13:40:27,014][shap][INFO] - phi = [  8.0498304    4.18785373 -35.78277594 -16.40071199]
[2023-07-19 13:40:27,049][shap][INFO] - num_full_subsets = 2
[2023-07-19 13:40:27,060][shap][INFO] - phi = [-11.84205154 205.88486903 -33.80126289 -11.38902315]
[2023-07-19 13:40:27,083][shap][INFO] - num_full_subsets = 2
[2023-07-19 13:40:27,101][shap][INFO] - phi = [  2.85431337 -40.00639221 -33.15930416 -17.63143097]
[2023-07-19 13:40:27,123][shap][INFO] - num_full_subsets = 2
[2023-07-19 13:40:27,140][shap][INFO] - phi = [-11.46482167  20.16708726 -48.55104185  -8.64671118]
[2023-07-19 13:40:27,162][shap][INFO] - num_full_subsets = 2
[2023-07-19 13:40:27,173][shap][INFO] - phi = [  2.95426388 -11.50844578 -48.18402638  -7.87577121]
[2023-07-19 13:40:27,195][shap][INFO] - num_full_subsets = 2
[2023-07-19 13:40:27,205][shap][INFO] - phi = [  6.58109753  -8.07719511 -54.87506378  32.96909457]
[2023-07-19 13:40:27,231][shap][INFO] - num_full_subsets = 2
[2023-07-19 13:40:27,243][shap][INFO] - phi = [  9.67893248  19.00724066 -20.56727569 -19.5875266 ]
[2023-07-19 13:40:27,264][shap][INFO] - num_full_subsets = 2
[2023-07-19 13:40:27,276][shap][INFO] - phi = [ 6.40990364 -4.43866728 75.93869835 -0.3107489 ]
[2023-07-19 13:40:27,300][shap][INFO] - num_full_subsets = 2
[2023-07-19 13:40:27,313][shap][INFO] - phi = [ 7.39761218 -8.16023863 17.05589956 -2.9477391 ]
[2023-07-19 13:40:27,335][shap][INFO] - num_full_subsets = 2
[2023-07-19 13:40:27,353][shap][INFO] - phi = [  7.13170436  -9.83744874  -4.26487646 -22.98641453]
[2023-07-19 13:40:27,376][shap][INFO] - num_full_subsets = 2
[2023-07-19 13:40:27,392][shap][INFO] - phi = [  2.21999452 -18.19575254 -15.22372132 -21.51763924]
[2023-07-19 13:40:27,416][shap][INFO] - num_full_subsets = 2
[2023-07-19 13:40:27,430][shap][INFO] - phi = [  8.49221369 -12.62205457  45.82401191  -1.35399841]
[2023-07-19 13:40:27,453][shap][INFO] - num_full_subsets = 2
[2023-07-19 13:40:27,465][shap][INFO] - phi = [ -7.07570651 -18.17014696 131.78001095  70.22416211]
[2023-07-19 13:40:27,487][shap][INFO] - num_full_subsets = 2
[2023-07-19 13:40:27,500][shap][INFO] - phi = [  7.5026102  -20.7130364  -35.82006293  -6.60540121]
[2023-07-19 13:40:27,523][shap][INFO] - num_full_subsets = 2
[2023-07-19 13:40:27,533][shap][INFO] - phi = [  4.5125184  -27.39248806  20.34828944  -2.31091556]
[2023-07-19 13:40:27,559][shap][INFO] - num_full_subsets = 2
[2023-07-19 13:40:27,570][shap][INFO] - phi = [  7.38611984 -25.34841786  10.0973873   -2.98982703]
[2023-07-19 13:40:27,592][shap][INFO] - num_full_subsets = 2
[2023-07-19 13:40:27,604][shap][INFO] - phi = [  7.76917903 -26.59985078  -2.86236386 -23.7377259 ]
[2023-07-19 13:40:27,627][shap][INFO] - num_full_subsets = 2
[2023-07-19 13:40:27,648][shap][INFO] - phi = [  7.74310143 -27.19105264  -1.39953963 -23.95218004]
[2023-07-19 13:40:27,673][shap][INFO] - num_full_subsets = 2
[2023-07-19 13:40:27,691][shap][INFO] - phi = [ 11.85669098 -24.60527622  65.80639752  -0.15466821]
[2023-07-19 13:40:27,715][shap][INFO] - num_full_subsets = 2
[2023-07-19 13:40:27,730][shap][INFO] - phi = [  9.81546684 -27.31583953  49.06847614  -0.85144431]
[2023-07-19 13:40:27,753][shap][INFO] - num_full_subsets = 2
[2023-07-19 13:40:27,791][shap][INFO] - phi = [-26.55392484 -42.90194059 126.14839831  71.34360687]
[2023-07-19 13:40:27,837][shap][INFO] - num_full_subsets = 2
[2023-07-19 13:40:27,858][shap][INFO] - phi = [ -6.44888956 -43.27967033   8.50892465 -25.79783655]
[2023-07-19 13:40:27,886][shap][INFO] - num_full_subsets = 2
[2023-07-19 13:40:27,898][shap][INFO] - phi = [  8.25349206 -36.42544294  25.36616485 -27.36932215]
[2023-07-19 13:40:27,920][shap][INFO] - num_full_subsets = 2
[2023-07-19 13:40:27,935][shap][INFO] - phi = [  3.9135486  -43.89002593   7.45898846 -25.6117528 ]
[2023-07-19 13:40:27,957][shap][INFO] - num_full_subsets = 2
[2023-07-19 13:40:27,969][shap][INFO] - phi = [ -0.66153644 -47.91938476   9.68876349  -2.58614075]
[2023-07-19 13:40:27,991][shap][INFO] - num_full_subsets = 2
[2023-07-19 13:40:28,005][shap][INFO] - phi = [  5.28155046 -45.56131596  -0.64177847 -24.6337143 ]
[2023-07-19 13:40:28,028][shap][INFO] - num_full_subsets = 2
[2023-07-19 13:40:28,037][shap][INFO] - phi = [  7.5409573  -43.49109635  53.60672542  -0.25879709]
[2023-07-19 13:40:28,059][shap][INFO] - num_full_subsets = 2
[2023-07-19 13:40:28,072][shap][INFO] - phi = [-46.83501035 -69.43549113 117.19968425  71.70687743]
[2023-07-19 13:40:28,094][shap][INFO] - num_full_subsets = 2
[2023-07-19 13:40:28,107][shap][INFO] - phi = [-10.05854021 -62.95164249   8.53213773 -26.28553284]
[2023-07-19 13:40:28,128][shap][INFO] - num_full_subsets = 2
[2023-07-19 13:40:28,140][shap][INFO] - phi = [ -3.70397937 -69.08617032  -2.3270484  -25.04835799]
[2023-07-19 13:40:28,163][shap][INFO] - num_full_subsets = 2
[2023-07-19 13:40:28,176][shap][INFO] - phi = [  5.60223484 -18.65660748 -35.15959911 -18.05756496]
[2023-07-19 13:40:28,198][shap][INFO] - num_full_subsets = 2
[2023-07-19 13:40:28,210][shap][INFO] - phi = [  8.85220001 -11.66105513  58.02500157  -0.85924124]
[2023-07-19 13:40:28,232][shap][INFO] - num_full_subsets = 2
[2023-07-19 13:40:28,248][shap][INFO] - phi = [ 6.70896711 -9.12376983 25.21518109 -2.36426744]
[2023-07-19 13:40:28,270][shap][INFO] - num_full_subsets = 2
[2023-07-19 13:40:28,280][shap][INFO] - phi = [  7.42040408 -16.5630425   12.99648789 -25.40242668]
[2023-07-19 13:40:28,302][shap][INFO] - num_full_subsets = 2
[2023-07-19 13:40:28,316][shap][INFO] - phi = [  4.07002774  18.16401659  15.52702734 -24.46962943]
[2023-07-19 13:40:28,339][shap][INFO] - num_full_subsets = 2
[2023-07-19 13:40:28,350][shap][INFO] - phi = [ -7.81129523  72.13230861  15.68803823 -22.79997119]
[2023-07-19 13:40:28,366][shap][INFO] - num_full_subsets = 2
[2023-07-19 13:40:28,370][shap][INFO] - phi = [  8.11751884  43.39711704  25.46953449 -25.17380468]
[2023-07-19 13:40:28,382][shap][INFO] - num_full_subsets = 2
[2023-07-19 13:40:28,395][shap][INFO] - phi = [ -5.80731251 -40.36877228   6.66009511 -25.48867927]
[2023-07-19 13:40:28,418][shap][INFO] - num_full_subsets = 2
[2023-07-19 13:40:28,429][shap][INFO] - phi = [  7.70056137 -12.1325305   25.0724807   -2.46733115]
[2023-07-19 13:40:28,451][shap][INFO] - num_full_subsets = 2
[2023-07-19 13:40:28,467][shap][INFO] - phi = [ -0.48621555   4.20993832 -19.75968886  -5.68218214]
[2023-07-19 13:40:28,488][shap][INFO] - num_full_subsets = 2
[2023-07-19 13:40:28,499][shap][INFO] - phi = [  3.90580255 -15.59010648  25.05003813 -26.92004955]
[2023-07-19 13:40:28,521][shap][INFO] - num_full_subsets = 2
[2023-07-19 13:40:28,545][shap][INFO] - phi = [  4.03129561 -15.51077917  26.20325076 -27.03383491]
[2023-07-19 13:40:28,575][shap][INFO] - num_full_subsets = 2
[2023-07-19 13:40:28,588][shap][INFO] - phi = [ -3.30133365 -16.69085975 -39.46230475 -12.09407252]
[2023-07-19 13:40:28,609][shap][INFO] - num_full_subsets = 2
[2023-07-19 13:40:28,620][shap][INFO] - phi = [ -1.22826733   2.01001563 -39.83387015 -10.21079686]
[2023-07-19 13:40:28,639][shap][INFO] - num_full_subsets = 2
[2023-07-19 13:40:28,648][shap][INFO] - phi = [  0.85684129  20.40426229 -40.12270144  -8.35289264]
[2023-07-19 13:40:28,661][shap][INFO] - num_full_subsets = 2
[2023-07-19 13:40:28,667][shap][INFO] - phi = [  3.92739817  40.31305756 -40.50324004  -6.18013531]
[2023-07-19 13:40:28,677][shap][INFO] - num_full_subsets = 2
[2023-07-19 13:40:28,683][shap][INFO] - phi = [  2.9194979   59.8352147  -40.04214959  -4.84211286]
[2023-07-19 13:40:28,692][shap][INFO] - num_full_subsets = 2
[2023-07-19 13:40:28,698][shap][INFO] - phi = [  2.92437219  80.76053854 -39.70027375  -3.20756195]
[2023-07-19 13:40:28,707][shap][INFO] - num_full_subsets = 2
[2023-07-19 13:40:28,713][shap][INFO] - phi = [  3.79925139 142.00115827 -38.5753076    1.70275087]
[2023-07-19 13:40:28,722][shap][INFO] - num_full_subsets = 2
[2023-07-19 13:40:28,728][shap][INFO] - phi = [  3.68246388 221.54156094 -36.19435947   7.64504449]
[2023-07-19 13:40:28,737][shap][INFO] - num_full_subsets = 2
[2023-07-19 13:40:28,743][shap][INFO] - phi = [ -1.32531517 -45.99233354 -52.38345121 -14.66654287]
[2023-07-19 13:40:28,753][shap][INFO] - num_full_subsets = 2
[2023-07-19 13:40:28,758][shap][INFO] - phi = [  4.00969921 -38.74310032 -41.00641255 -12.54683385]
[2023-07-19 13:40:28,768][shap][INFO] - num_full_subsets = 2
[2023-07-19 13:40:28,773][shap][INFO] - phi = [  3.95000194  20.31865054 -40.72687186  -7.76744253]
[2023-07-19 13:40:28,783][shap][INFO] - num_full_subsets = 2
[2023-07-19 13:40:28,789][shap][INFO] - phi = [  5.00517258   2.91468136 -46.49659358  84.35391325]
[2023-07-19 13:40:28,798][shap][INFO] - num_full_subsets = 2
[2023-07-19 13:40:28,804][shap][INFO] - phi = [ 13.10002002  33.32696265 -25.24863541 168.62916274]
[2023-07-19 13:40:28,813][shap][INFO] - num_full_subsets = 2
[2023-07-19 13:40:28,819][shap][INFO] - phi = [  4.74526033 -10.76651478 -57.56720255  30.65182279]
[2023-07-19 13:40:28,828][shap][INFO] - num_full_subsets = 2
[2023-07-19 13:40:28,834][shap][INFO] - phi = [ -0.21981681   2.00667226 -40.05542242 -10.01727079]
[2023-07-19 13:40:28,843][shap][INFO] - num_full_subsets = 2
[2023-07-19 13:40:28,849][shap][INFO] - phi = [  3.74182338 182.64622693 -37.45926596   4.76668145]
[2023-07-19 13:40:28,858][shap][INFO] - num_full_subsets = 2
[2023-07-19 13:40:28,864][shap][INFO] - phi = [ -7.96394011 -33.56670308 -38.23534447 -14.36572321]
[2023-07-19 13:40:28,873][shap][INFO] - num_full_subsets = 2
[2023-07-19 13:40:28,883][shap][INFO] - phi = [  6.59606222  22.02521393 -55.58199804 -20.20405704]
[2023-07-19 13:40:28,900][shap][INFO] - num_full_subsets = 2
[2023-07-19 13:40:28,910][shap][INFO] - phi = [  4.84133228 -14.33222368 -55.01971131 -18.0497331 ]
[2023-07-19 13:40:28,922][shap][INFO] - num_full_subsets = 2
[2023-07-19 13:40:28,930][shap][INFO] - phi = [  1.08975568  -7.64387906 -56.13947945  33.27606683]
[2023-07-19 13:40:28,941][shap][INFO] - num_full_subsets = 2
[2023-07-19 13:40:28,948][shap][INFO] - phi = [ -2.21789205  15.59284297 -19.42839308 -12.58035463]
[2023-07-19 13:40:28,960][shap][INFO] - num_full_subsets = 2
[2023-07-19 13:40:28,968][shap][INFO] - phi = [12.47950962 -6.47110251 72.88694959  0.81025013]
[2023-07-19 13:40:28,979][shap][INFO] - num_full_subsets = 2
[2023-07-19 13:40:28,987][shap][INFO] - phi = [ 3.115182   -9.50246953 21.47121238 -5.21130666]
[2023-07-19 13:40:28,998][shap][INFO] - num_full_subsets = 2
[2023-07-19 13:40:29,005][shap][INFO] - phi = [  3.75455302 -12.15417028  -1.47073016 -16.41213835]
[2023-07-19 13:40:29,017][shap][INFO] - num_full_subsets = 2
[2023-07-19 13:40:29,025][shap][INFO] - phi = [-12.19343024 -15.72839311 -13.74768654 -17.33929052]
[2023-07-19 13:40:29,036][shap][INFO] - num_full_subsets = 2
[2023-07-19 13:40:29,045][shap][INFO] - phi = [  5.38063244 -14.59245135  48.55923055  -1.35757714]
[2023-07-19 13:40:29,057][shap][INFO] - num_full_subsets = 2
[2023-07-19 13:40:29,064][shap][INFO] - phi = [-10.26695494 -11.23674726 105.958191    67.86338766]
[2023-07-19 13:40:29,075][shap][INFO] - num_full_subsets = 2
[2023-07-19 13:40:29,084][shap][INFO] - phi = [  0.0491684  -20.45875443 -39.86566656 -13.95656062]
[2023-07-19 13:40:29,096][shap][INFO] - num_full_subsets = 2
[2023-07-19 13:40:29,104][shap][INFO] - phi = [ -3.12861607 -24.86105722  24.99774765  -3.02571914]
[2023-07-19 13:40:29,117][shap][INFO] - num_full_subsets = 2
[2023-07-19 13:40:29,126][shap][INFO] - phi = [  0.58422948 -25.3881433   14.1886454   -5.26824504]
[2023-07-19 13:40:29,138][shap][INFO] - num_full_subsets = 2
[2023-07-19 13:40:29,146][shap][INFO] - phi = [  1.37352507 -29.02016123  -0.21801975 -18.22516082]
[2023-07-19 13:40:29,158][shap][INFO] - num_full_subsets = 2
[2023-07-19 13:40:29,167][shap][INFO] - phi = [  1.2494862  -29.560219     1.2368899  -18.47199495]
[2023-07-19 13:40:29,180][shap][INFO] - num_full_subsets = 2
[2023-07-19 13:40:29,189][shap][INFO] - phi = [  7.39928923 -29.16739585  65.19112919   1.21521729]
[2023-07-19 13:40:29,202][shap][INFO] - num_full_subsets = 2
[2023-07-19 13:40:29,211][shap][INFO] - phi = [  4.077843   -29.71142988  51.26214365  -0.25081464]
[2023-07-19 13:40:29,224][shap][INFO] - num_full_subsets = 2
[2023-07-19 13:40:29,231][shap][INFO] - phi = [-16.33080005 -22.85677513 101.64539291  72.3910149 ]
[2023-07-19 13:40:29,245][shap][INFO] - num_full_subsets = 2
[2023-07-19 13:40:29,251][shap][INFO] - phi = [-13.14459432 -35.17359809  11.47130155 -22.06018717]
[2023-07-19 13:40:29,267][shap][INFO] - num_full_subsets = 2
[2023-07-19 13:40:29,272][shap][INFO] - phi = [  1.65899155 -39.41283154  25.68637794 -22.08767244]
[2023-07-19 13:40:29,285][shap][INFO] - num_full_subsets = 2
[2023-07-19 13:40:29,291][shap][INFO] - phi = [ -3.61214966 -42.70077207   9.84069545 -21.19033272]
[2023-07-19 13:40:29,305][shap][INFO] - num_full_subsets = 2
[2023-07-19 13:40:29,311][shap][INFO] - phi = [ -5.31330516 -40.20891857  13.80324268  -3.70504364]
[2023-07-19 13:40:29,325][shap][INFO] - num_full_subsets = 2
[2023-07-19 13:40:29,335][shap][INFO] - phi = [ -2.11219674 -45.57852391   1.86520258 -20.23820497]
[2023-07-19 13:40:29,346][shap][INFO] - num_full_subsets = 2
[2023-07-19 13:40:29,356][shap][INFO] - phi = [  0.89640333 -43.43257887  55.21303694   1.22561418]
[2023-07-19 13:40:29,369][shap][INFO] - num_full_subsets = 2
[2023-07-19 13:40:29,377][shap][INFO] - phi = [-19.95868662 -33.93976442  95.13003083  75.66391298]
[2023-07-19 13:40:29,388][shap][INFO] - num_full_subsets = 2
[2023-07-19 13:40:29,396][shap][INFO] - phi = [-12.27814011 -51.25281607  11.17395797 -23.09317867]
[2023-07-19 13:40:29,411][shap][INFO] - num_full_subsets = 2
[2023-07-19 13:40:29,418][shap][INFO] - phi = [ -7.47973798 -61.28267597   0.08616753 -21.9288663 ]
[2023-07-19 13:40:29,430][shap][INFO] - num_full_subsets = 2
[2023-07-19 13:40:29,438][shap][INFO] - phi = [  6.48223291 -23.25679722 -36.16830693 -11.75319929]
[2023-07-19 13:40:29,450][shap][INFO] - num_full_subsets = 2
[2023-07-19 13:40:29,458][shap][INFO] - phi = [  9.24679596 -14.88620347  58.6387682   -0.48399204]
[2023-07-19 13:40:29,471][shap][INFO] - num_full_subsets = 2
[2023-07-19 13:40:29,480][shap][INFO] - phi = [-2.14579629 -9.30247322 30.12043488 -2.98133146]
[2023-07-19 13:40:29,493][shap][INFO] - num_full_subsets = 2
[2023-07-19 13:40:29,501][shap][INFO] - phi = [  0.40457776 -18.166096    15.14529676 -19.45875386]
[2023-07-19 13:40:29,514][shap][INFO] - num_full_subsets = 2
[2023-07-19 13:40:29,523][shap][INFO] - phi = [  5.90955594  18.4384211   17.4490523  -16.21017148]
[2023-07-19 13:40:29,535][shap][INFO] - num_full_subsets = 2
[2023-07-19 13:40:29,544][shap][INFO] - phi = [  8.34083251  77.41394806  17.73193517 -11.3418665 ]
[2023-07-19 13:40:29,555][shap][INFO] - num_full_subsets = 2
[2023-07-19 13:40:29,563][shap][INFO] - phi = [  0.09110652  39.79214512  26.63062258 -16.60570745]
[2023-07-19 13:40:29,576][shap][INFO] - num_full_subsets = 2
[2023-07-19 13:40:29,584][shap][INFO] - phi = [-13.26965818 -32.79781733   9.71693574 -21.7017087 ]
[2023-07-19 13:40:29,596][shap][INFO] - num_full_subsets = 2
[2023-07-19 13:40:29,604][shap][INFO] - phi = [  6.95043061 -14.92084396  28.92782225  -4.54859616]
[2023-07-19 13:40:29,617][shap][INFO] - num_full_subsets = 2
[2023-07-19 13:40:29,625][shap][INFO] - phi = [  7.2420253    3.55544477 -18.70150465 -13.00677541]
[2023-07-19 13:40:29,639][shap][INFO] - num_full_subsets = 2
[2023-07-19 13:40:29,647][shap][INFO] - phi = [ -7.31822478 -15.07726082  26.47589726 -21.55944584]
[2023-07-19 13:40:29,661][shap][INFO] - num_full_subsets = 2
[2023-07-19 13:40:29,671][shap][INFO] - phi = [ -7.06646701 -15.06216182  27.45059243 -21.6354674 ]
